[0.019s] Invoking command in '/home/awasch/work/src/create3_examples/build/create3_coverage': AMENT_PREFIX_PATH=/home/awasch/work/src/create3_examples/install/create3_examples_msgs:${AMENT_PREFIX_PATH} CMAKE_PREFIX_PATH=/home/awasch/work/src/create3_examples/install/create3_examples_msgs:/opt/ros/galactic LD_LIBRARY_PATH=/home/awasch/work/src/create3_examples/install/create3_examples_msgs/lib:${LD_LIBRARY_PATH} PYTHONPATH=/home/awasch/work/src/create3_examples/install/create3_examples_msgs/lib/python3.8/site-packages:${PYTHONPATH} /usr/bin/cmake --build /home/awasch/work/src/create3_examples/build/create3_coverage -- -j8 -l8
[0.151s] [ 83%] Built target create3_coverage_core
[0.192s] [100%] Built target create3_coverage
[0.208s] Invoked command in '/home/awasch/work/src/create3_examples/build/create3_coverage' returned '0': AMENT_PREFIX_PATH=/home/awasch/work/src/create3_examples/install/create3_examples_msgs:${AMENT_PREFIX_PATH} CMAKE_PREFIX_PATH=/home/awasch/work/src/create3_examples/install/create3_examples_msgs:/opt/ros/galactic LD_LIBRARY_PATH=/home/awasch/work/src/create3_examples/install/create3_examples_msgs/lib:${LD_LIBRARY_PATH} PYTHONPATH=/home/awasch/work/src/create3_examples/install/create3_examples_msgs/lib/python3.8/site-packages:${PYTHONPATH} /usr/bin/cmake --build /home/awasch/work/src/create3_examples/build/create3_coverage -- -j8 -l8
[0.275s] Invoking command in '/home/awasch/work/src/create3_examples/build/create3_coverage': AMENT_PREFIX_PATH=/home/awasch/work/src/create3_examples/install/create3_examples_msgs:${AMENT_PREFIX_PATH} CMAKE_PREFIX_PATH=/home/awasch/work/src/create3_examples/install/create3_examples_msgs:/opt/ros/galactic LD_LIBRARY_PATH=/home/awasch/work/src/create3_examples/install/create3_examples_msgs/lib:${LD_LIBRARY_PATH} PYTHONPATH=/home/awasch/work/src/create3_examples/install/create3_examples_msgs/lib/python3.8/site-packages:${PYTHONPATH} /usr/bin/cmake --install /home/awasch/work/src/create3_examples/build/create3_coverage
[0.285s] -- Install configuration: ""
[0.285s] -- Up-to-date: /home/awasch/work/src/create3_examples/install/create3_coverage/lib/libcreate3_coverage_core.so
[0.286s] -- Up-to-date: /home/awasch/work/src/create3_examples/install/create3_coverage/lib/create3_coverage/create3_coverage
[0.287s] -- Up-to-date: /home/awasch/work/src/create3_examples/install/create3_coverage/include/
[0.287s] -- Up-to-date: /home/awasch/work/src/create3_examples/install/create3_coverage/include//create3_coverage
[0.287s] -- Up-to-date: /home/awasch/work/src/create3_examples/install/create3_coverage/include//create3_coverage/behaviors
[0.288s] -- Up-to-date: /home/awasch/work/src/create3_examples/install/create3_coverage/include//create3_coverage/behaviors/behavior.hpp
[0.288s] -- Up-to-date: /home/awasch/work/src/create3_examples/install/create3_coverage/include//create3_coverage/behaviors/dock-behavior.hpp
[0.288s] -- Up-to-date: /home/awasch/work/src/create3_examples/install/create3_coverage/include//create3_coverage/behaviors/undock-behavior.hpp
[0.288s] -- Up-to-date: /home/awasch/work/src/create3_examples/install/create3_coverage/include//create3_coverage/behaviors/rotate-behavior.hpp
[0.289s] -- Up-to-date: /home/awasch/work/src/create3_examples/install/create3_coverage/include//create3_coverage/behaviors/spiral-behavior.hpp
[0.289s] -- Up-to-date: /home/awasch/work/src/create3_examples/install/create3_coverage/include//create3_coverage/behaviors/reflex-behavior.hpp
[0.289s] -- Up-to-date: /home/awasch/work/src/create3_examples/install/create3_coverage/include//create3_coverage/behaviors/drive-straight-behavior.hpp
[0.289s] -- Up-to-date: /home/awasch/work/src/create3_examples/install/create3_coverage/include//create3_coverage/create3_coverage_node.hpp
[0.290s] -- Up-to-date: /home/awasch/work/src/create3_examples/install/create3_coverage/include//create3_coverage/state.hpp
[0.290s] -- Up-to-date: /home/awasch/work/src/create3_examples/install/create3_coverage/include//create3_coverage/coverage_state_machine.hpp
[0.290s] -- Up-to-date: /home/awasch/work/src/create3_examples/install/create3_coverage/share/create3_coverage/environment/library_path.sh
[0.290s] -- Up-to-date: /home/awasch/work/src/create3_examples/install/create3_coverage/share/create3_coverage/environment/library_path.dsv
[0.290s] -- Up-to-date: /home/awasch/work/src/create3_examples/install/create3_coverage/share/ament_index/resource_index/package_run_dependencies/create3_coverage
[0.291s] -- Up-to-date: /home/awasch/work/src/create3_examples/install/create3_coverage/share/ament_index/resource_index/parent_prefix_path/create3_coverage
[0.291s] -- Up-to-date: /home/awasch/work/src/create3_examples/install/create3_coverage/share/create3_coverage/environment/ament_prefix_path.sh
[0.291s] -- Up-to-date: /home/awasch/work/src/create3_examples/install/create3_coverage/share/create3_coverage/environment/ament_prefix_path.dsv
[0.291s] -- Up-to-date: /home/awasch/work/src/create3_examples/install/create3_coverage/share/create3_coverage/environment/path.sh
[0.291s] -- Up-to-date: /home/awasch/work/src/create3_examples/install/create3_coverage/share/create3_coverage/environment/path.dsv
[0.291s] -- Up-to-date: /home/awasch/work/src/create3_examples/install/create3_coverage/share/create3_coverage/local_setup.bash
[0.291s] -- Up-to-date: /home/awasch/work/src/create3_examples/install/create3_coverage/share/create3_coverage/local_setup.sh
[0.292s] -- Up-to-date: /home/awasch/work/src/create3_examples/install/create3_coverage/share/create3_coverage/local_setup.zsh
[0.292s] -- Up-to-date: /home/awasch/work/src/create3_examples/install/create3_coverage/share/create3_coverage/local_setup.dsv
[0.292s] -- Installing: /home/awasch/work/src/create3_examples/install/create3_coverage/share/create3_coverage/package.dsv
[0.293s] -- Up-to-date: /home/awasch/work/src/create3_examples/install/create3_coverage/share/ament_index/resource_index/packages/create3_coverage
[0.293s] -- Up-to-date: /home/awasch/work/src/create3_examples/install/create3_coverage/share/create3_coverage/cmake/ament_cmake_export_include_directories-extras.cmake
[0.296s] -- Up-to-date: /home/awasch/work/src/create3_examples/install/create3_coverage/share/create3_coverage/cmake/ament_cmake_export_libraries-extras.cmake
[0.297s] -- Up-to-date: /home/awasch/work/src/create3_examples/install/create3_coverage/share/create3_coverage/cmake/ament_cmake_export_dependencies-extras.cmake
[0.297s] -- Up-to-date: /home/awasch/work/src/create3_examples/install/create3_coverage/share/create3_coverage/cmake/create3_coverageConfig.cmake
[0.298s] -- Up-to-date: /home/awasch/work/src/create3_examples/install/create3_coverage/share/create3_coverage/cmake/create3_coverageConfig-version.cmake
[0.298s] -- Up-to-date: /home/awasch/work/src/create3_examples/install/create3_coverage/share/create3_coverage/package.xml
[0.298s] Invoked command in '/home/awasch/work/src/create3_examples/build/create3_coverage' returned '0': AMENT_PREFIX_PATH=/home/awasch/work/src/create3_examples/install/create3_examples_msgs:${AMENT_PREFIX_PATH} CMAKE_PREFIX_PATH=/home/awasch/work/src/create3_examples/install/create3_examples_msgs:/opt/ros/galactic LD_LIBRARY_PATH=/home/awasch/work/src/create3_examples/install/create3_examples_msgs/lib:${LD_LIBRARY_PATH} PYTHONPATH=/home/awasch/work/src/create3_examples/install/create3_examples_msgs/lib/python3.8/site-packages:${PYTHONPATH} /usr/bin/cmake --install /home/awasch/work/src/create3_examples/build/create3_coverage
