[0.441s] Invoking command in '/home/awasch/work/src/create3_examples/build/create3_lidar': CMAKE_PREFIX_PATH=/opt/ros/galactic /usr/bin/cmake --build /home/awasch/work/src/create3_examples/build/create3_lidar -- -j8 -l8
[0.775s] Invoked command in '/home/awasch/work/src/create3_examples/build/create3_lidar' returned '0': CMAKE_PREFIX_PATH=/opt/ros/galactic /usr/bin/cmake --build /home/awasch/work/src/create3_examples/build/create3_lidar -- -j8 -l8
[0.843s] Invoking command in '/home/awasch/work/src/create3_examples/build/create3_lidar': CMAKE_PREFIX_PATH=/opt/ros/galactic /usr/bin/cmake --install /home/awasch/work/src/create3_examples/build/create3_lidar
[0.863s] -- Install configuration: ""
[0.863s] -- Up-to-date: /home/awasch/work/src/create3_examples/install/create3_lidar/share/create3_lidar/launch
[0.864s] -- Up-to-date: /home/awasch/work/src/create3_examples/install/create3_lidar/share/create3_lidar/launch/sensors_launch.py
[0.864s] -- Up-to-date: /home/awasch/work/src/create3_examples/install/create3_lidar/share/create3_lidar/launch/slam_toolbox_launch.py
[0.865s] -- Up-to-date: /home/awasch/work/src/create3_examples/install/create3_lidar/share/create3_lidar/config
[0.865s] -- Up-to-date: /home/awasch/work/src/create3_examples/install/create3_lidar/share/create3_lidar/config/mapper_params_online_async.yaml
[0.865s] -- Up-to-date: /home/awasch/work/src/create3_examples/install/create3_lidar/share/create3_lidar/config/rplidar_node.yaml
[0.866s] -- Up-to-date: /home/awasch/work/src/create3_examples/install/create3_lidar/share/create3_lidar/rviz
[0.866s] -- Up-to-date: /home/awasch/work/src/create3_examples/install/create3_lidar/share/create3_lidar/rviz/create3_lidar.rviz
[0.867s] -- Up-to-date: /home/awasch/work/src/create3_examples/install/create3_lidar/share/ament_index/resource_index/package_run_dependencies/create3_lidar
[0.867s] -- Up-to-date: /home/awasch/work/src/create3_examples/install/create3_lidar/share/ament_index/resource_index/parent_prefix_path/create3_lidar
[0.868s] -- Up-to-date: /home/awasch/work/src/create3_examples/install/create3_lidar/share/create3_lidar/environment/ament_prefix_path.sh
[0.868s] -- Up-to-date: /home/awasch/work/src/create3_examples/install/create3_lidar/share/create3_lidar/environment/ament_prefix_path.dsv
[0.869s] -- Up-to-date: /home/awasch/work/src/create3_examples/install/create3_lidar/share/create3_lidar/environment/path.sh
[0.869s] -- Up-to-date: /home/awasch/work/src/create3_examples/install/create3_lidar/share/create3_lidar/environment/path.dsv
[0.870s] -- Up-to-date: /home/awasch/work/src/create3_examples/install/create3_lidar/share/create3_lidar/local_setup.bash
[0.870s] -- Up-to-date: /home/awasch/work/src/create3_examples/install/create3_lidar/share/create3_lidar/local_setup.sh
[0.871s] -- Up-to-date: /home/awasch/work/src/create3_examples/install/create3_lidar/share/create3_lidar/local_setup.zsh
[0.871s] -- Up-to-date: /home/awasch/work/src/create3_examples/install/create3_lidar/share/create3_lidar/local_setup.dsv
[0.872s] -- Installing: /home/awasch/work/src/create3_examples/install/create3_lidar/share/create3_lidar/package.dsv
[0.876s] -- Up-to-date: /home/awasch/work/src/create3_examples/install/create3_lidar/share/ament_index/resource_index/packages/create3_lidar
[0.877s] -- Up-to-date: /home/awasch/work/src/create3_examples/install/create3_lidar/share/create3_lidar/cmake/create3_lidarConfig.cmake
[0.877s] -- Up-to-date: /home/awasch/work/src/create3_examples/install/create3_lidar/share/create3_lidar/cmake/create3_lidarConfig-version.cmake
[0.878s] -- Up-to-date: /home/awasch/work/src/create3_examples/install/create3_lidar/share/create3_lidar/package.xml
[0.883s] Invoked command in '/home/awasch/work/src/create3_examples/build/create3_lidar' returned '0': CMAKE_PREFIX_PATH=/opt/ros/galactic /usr/bin/cmake --install /home/awasch/work/src/create3_examples/build/create3_lidar
