[0.570s] Invoking command in '/home/awasch/work/src/create3_examples/build/create3_lidar': CMAKE_PREFIX_PATH=/opt/ros/galactic /usr/bin/cmake --build /home/awasch/work/src/create3_examples/build/create3_lidar -- -j8 -l8
[0.942s] Invoked command in '/home/awasch/work/src/create3_examples/build/create3_lidar' returned '0': CMAKE_PREFIX_PATH=/opt/ros/galactic /usr/bin/cmake --build /home/awasch/work/src/create3_examples/build/create3_lidar -- -j8 -l8
[0.982s] Invoking command in '/home/awasch/work/src/create3_examples/build/create3_lidar': CMAKE_PREFIX_PATH=/opt/ros/galactic /usr/bin/cmake --install /home/awasch/work/src/create3_examples/build/create3_lidar
[1.008s] -- Install configuration: ""
[1.008s] -- Up-to-date: /home/awasch/work/src/create3_examples/install/create3_lidar/share/create3_lidar/launch
[1.008s] -- Up-to-date: /home/awasch/work/src/create3_examples/install/create3_lidar/share/create3_lidar/launch/sensors_launch.py
[1.008s] -- Up-to-date: /home/awasch/work/src/create3_examples/install/create3_lidar/share/create3_lidar/launch/slam_toolbox_launch.py
[1.009s] -- Up-to-date: /home/awasch/work/src/create3_examples/install/create3_lidar/share/create3_lidar/config
[1.009s] -- Up-to-date: /home/awasch/work/src/create3_examples/install/create3_lidar/share/create3_lidar/config/mapper_params_online_async.yaml
[1.009s] -- Up-to-date: /home/awasch/work/src/create3_examples/install/create3_lidar/share/create3_lidar/config/rplidar_node.yaml
[1.009s] -- Up-to-date: /home/awasch/work/src/create3_examples/install/create3_lidar/share/create3_lidar/rviz
[1.009s] -- Up-to-date: /home/awasch/work/src/create3_examples/install/create3_lidar/share/create3_lidar/rviz/create3_lidar.rviz
[1.010s] -- Up-to-date: /home/awasch/work/src/create3_examples/install/create3_lidar/share/ament_index/resource_index/package_run_dependencies/create3_lidar
[1.010s] -- Up-to-date: /home/awasch/work/src/create3_examples/install/create3_lidar/share/ament_index/resource_index/parent_prefix_path/create3_lidar
[1.010s] -- Up-to-date: /home/awasch/work/src/create3_examples/install/create3_lidar/share/create3_lidar/environment/ament_prefix_path.sh
[1.010s] -- Up-to-date: /home/awasch/work/src/create3_examples/install/create3_lidar/share/create3_lidar/environment/ament_prefix_path.dsv
[1.010s] -- Up-to-date: /home/awasch/work/src/create3_examples/install/create3_lidar/share/create3_lidar/environment/path.sh
[1.011s] -- Up-to-date: /home/awasch/work/src/create3_examples/install/create3_lidar/share/create3_lidar/environment/path.dsv
[1.014s] -- Up-to-date: /home/awasch/work/src/create3_examples/install/create3_lidar/share/create3_lidar/local_setup.bash
[1.015s] -- Up-to-date: /home/awasch/work/src/create3_examples/install/create3_lidar/share/create3_lidar/local_setup.sh
[1.017s] -- Up-to-date: /home/awasch/work/src/create3_examples/install/create3_lidar/share/create3_lidar/local_setup.zsh
[1.017s] -- Up-to-date: /home/awasch/work/src/create3_examples/install/create3_lidar/share/create3_lidar/local_setup.dsv
[1.018s] -- Installing: /home/awasch/work/src/create3_examples/install/create3_lidar/share/create3_lidar/package.dsv
[1.018s] -- Up-to-date: /home/awasch/work/src/create3_examples/install/create3_lidar/share/ament_index/resource_index/packages/create3_lidar
[1.018s] -- Up-to-date: /home/awasch/work/src/create3_examples/install/create3_lidar/share/create3_lidar/cmake/create3_lidarConfig.cmake
[1.018s] -- Up-to-date: /home/awasch/work/src/create3_examples/install/create3_lidar/share/create3_lidar/cmake/create3_lidarConfig-version.cmake
[1.020s] -- Up-to-date: /home/awasch/work/src/create3_examples/install/create3_lidar/share/create3_lidar/package.xml
[1.020s] Invoked command in '/home/awasch/work/src/create3_examples/build/create3_lidar' returned '0': CMAKE_PREFIX_PATH=/opt/ros/galactic /usr/bin/cmake --install /home/awasch/work/src/create3_examples/build/create3_lidar
