[1.585s] Invoking command in '/home/awasch/work/src/create3_examples/create3_examples_py': PYTHONPATH=/home/awasch/work/src/create3_examples/install/create3_examples_py/lib/python3.8/site-packages:${PYTHONPATH} /usr/bin/python3 setup.py egg_info --egg-base ../build/create3_examples_py build --build-base /home/awasch/work/src/create3_examples/build/create3_examples_py/build install --prefix /home/awasch/work/src/create3_examples/install/create3_examples_py --record /home/awasch/work/src/create3_examples/build/create3_examples_py/install.log --single-version-externally-managed
[2.018s] running egg_info
[2.019s] writing ../build/create3_examples_py/create3_examples_py.egg-info/PKG-INFO
[2.020s] writing dependency_links to ../build/create3_examples_py/create3_examples_py.egg-info/dependency_links.txt
[2.021s] writing entry points to ../build/create3_examples_py/create3_examples_py.egg-info/entry_points.txt
[2.021s] writing requirements to ../build/create3_examples_py/create3_examples_py.egg-info/requires.txt
[2.022s] writing top-level names to ../build/create3_examples_py/create3_examples_py.egg-info/top_level.txt
[2.096s] reading manifest file '../build/create3_examples_py/create3_examples_py.egg-info/SOURCES.txt'
[2.098s] writing manifest file '../build/create3_examples_py/create3_examples_py.egg-info/SOURCES.txt'
[2.098s] running build
[2.098s] running build_py
[2.099s] copying create3_examples_py/dance/dance_choreograph.py -> /home/awasch/work/src/create3_examples/build/create3_examples_py/build/lib/create3_examples_py/dance
[2.099s] running install
[2.101s] running install_lib
[2.102s] copying /home/awasch/work/src/create3_examples/build/create3_examples_py/build/lib/create3_examples_py/dance/dance_choreograph.py -> /home/awasch/work/src/create3_examples/install/create3_examples_py/lib/python3.8/site-packages/create3_examples_py/dance
[2.104s] byte-compiling /home/awasch/work/src/create3_examples/install/create3_examples_py/lib/python3.8/site-packages/create3_examples_py/dance/dance_choreograph.py to dance_choreograph.cpython-38.pyc
[2.109s] running install_data
[2.110s] running install_egg_info
[2.112s] removing '/home/awasch/work/src/create3_examples/install/create3_examples_py/lib/python3.8/site-packages/create3_examples_py-0.0.1-py3.8.egg-info' (and everything under it)
[2.143s] Copying ../build/create3_examples_py/create3_examples_py.egg-info to /home/awasch/work/src/create3_examples/install/create3_examples_py/lib/python3.8/site-packages/create3_examples_py-0.0.1-py3.8.egg-info
[2.152s] running install_scripts
[2.173s] Installing create3_dance script to /home/awasch/work/src/create3_examples/install/create3_examples_py/lib/create3_examples_py
[2.173s] writing list of installed files to '/home/awasch/work/src/create3_examples/build/create3_examples_py/install.log'
[2.208s] Invoked command in '/home/awasch/work/src/create3_examples/create3_examples_py' returned '0': PYTHONPATH=/home/awasch/work/src/create3_examples/install/create3_examples_py/lib/python3.8/site-packages:${PYTHONPATH} /usr/bin/python3 setup.py egg_info --egg-base ../build/create3_examples_py build --build-base /home/awasch/work/src/create3_examples/build/create3_examples_py/build install --prefix /home/awasch/work/src/create3_examples/install/create3_examples_py --record /home/awasch/work/src/create3_examples/build/create3_examples_py/install.log --single-version-externally-managed
