-- The C compiler identification is GNU 9.4.0
-- The CXX compiler identification is GNU 9.4.0
-- Check for working C compiler: /usr/bin/cc
-- Check for working C compiler: /usr/bin/cc -- works
-- Detecting C compiler ABI info
-- Detecting C compiler ABI info - done
-- Detecting C compile features
-- Detecting C compile features - done
-- Check for working CXX compiler: /usr/bin/c++
-- Check for working CXX compiler: /usr/bin/c++ -- works
-- Detecting CXX compiler ABI info
-- Detecting CXX compiler ABI info - done
-- Detecting CXX compile features
-- Detecting CXX compile features - done
-- Found ament_cmake: 1.1.5 (/opt/ros/galactic/share/ament_cmake/cmake)
-- Found PythonInterp: /usr/bin/python3 (found suitable version "3.8.10", minimum required is "3") 
-- Using PYTHON_EXECUTABLE: /usr/bin/python3
-- Found create3_examples_msgs: 0.0.1 (/home/awasch/work/src/create3_examples/install/create3_examples_msgs/share/create3_examples_msgs/cmake)
-- Using all available rosidl_typesupport_c: rosidl_typesupport_fastrtps_c;rosidl_typesupport_introspection_c
-- Found rosidl_adapter: 2.2.2 (/opt/ros/galactic/share/rosidl_adapter/cmake)
-- Found OpenSSL: /usr/lib/x86_64-linux-gnu/libcrypto.so (found version "1.1.1f")  
-- Found FastRTPS: /opt/ros/galactic/include  
-- Using all available rosidl_typesupport_cpp: rosidl_typesupport_fastrtps_cpp;rosidl_typesupport_introspection_cpp
-- Found geometry_msgs: 2.2.4 (/opt/ros/galactic/share/geometry_msgs/cmake)
-- Found irobot_create_msgs: 1.2.4 (/opt/ros/galactic/share/irobot_create_msgs/cmake)
-- Found nav_msgs: 2.2.4 (/opt/ros/galactic/share/nav_msgs/cmake)
-- Found rclcpp: 9.2.1 (/opt/ros/galactic/share/rclcpp/cmake)
-- Found rmw_implementation_cmake: 3.3.1 (/opt/ros/galactic/share/rmw_implementation_cmake/cmake)
-- Found rmw_fastrtps_cpp: 5.0.2 (/opt/ros/galactic/share/rmw_fastrtps_cpp/cmake)
-- Using RMW implementation 'rmw_fastrtps_cpp' as default
-- Looking for pthread.h
-- Looking for pthread.h - found
-- Performing Test CMAKE_HAVE_LIBC_PTHREAD
-- Performing Test CMAKE_HAVE_LIBC_PTHREAD - Failed
-- Looking for pthread_create in pthreads
-- Looking for pthread_create in pthreads - not found
-- Looking for pthread_create in pthread
-- Looking for pthread_create in pthread - found
-- Found Threads: TRUE  
-- Found rclcpp_action: 9.2.1 (/opt/ros/galactic/share/rclcpp_action/cmake)
-- Found tf2_geometry_msgs: 0.17.4 (/opt/ros/galactic/share/tf2_geometry_msgs/cmake)
-- Found eigen3_cmake_module: 0.1.1 (/opt/ros/galactic/share/eigen3_cmake_module/cmake)
-- Found Eigen3: TRUE (found version "3.3.7") 
-- Found ament_lint_auto: 0.10.7 (/opt/ros/galactic/share/ament_lint_auto/cmake)
-- Added test 'cppcheck' to perform static code analysis on C / C++ code
-- Configured cppcheck include dirs: /home/awasch/work/src/create3_examples/create3_coverage/include
-- Configured cppcheck exclude dirs and/or files: 
-- Added test 'lint_cmake' to check CMake code style
-- Added test 'uncrustify' to check C / C++ code style
-- Configured uncrustify additional arguments: 
-- Added test 'xmllint' to check XML markup files
-- Configuring done
-- Generating done
-- Build files have been written to: /home/awasch/work/src/create3_examples/build/create3_coverage
[35m[1mScanning dependencies of target create3_coverage_core[0m
[  8%] [32mBuilding CXX object CMakeFiles/create3_coverage_core.dir/src/behaviors/drive-straight-behavior.cpp.o[0m
[ 16%] [32mBuilding CXX object CMakeFiles/create3_coverage_core.dir/src/behaviors/dock-behavior.cpp.o[0m
[ 25%] [32mBuilding CXX object CMakeFiles/create3_coverage_core.dir/src/behaviors/reflex-behavior.cpp.o[0m
[ 33%] [32mBuilding CXX object CMakeFiles/create3_coverage_core.dir/src/behaviors/rotate-behavior.cpp.o[0m
[ 41%] [32mBuilding CXX object CMakeFiles/create3_coverage_core.dir/src/behaviors/spiral-behavior.cpp.o[0m
[ 50%] [32mBuilding CXX object CMakeFiles/create3_coverage_core.dir/src/behaviors/undock-behavior.cpp.o[0m
[ 58%] [32mBuilding CXX object CMakeFiles/create3_coverage_core.dir/src/behaviors/utils.cpp.o[0m
[ 66%] [32mBuilding CXX object CMakeFiles/create3_coverage_core.dir/src/coverage_state_machine.cpp.o[0m
[ 75%] [32mBuilding CXX object CMakeFiles/create3_coverage_core.dir/src/create3_coverage_node.cpp.o[0m
[ 83%] [32m[1mLinking CXX shared library libcreate3_coverage_core.so[0m
[ 83%] Built target create3_coverage_core
[35m[1mScanning dependencies of target create3_coverage[0m
[ 91%] [32mBuilding CXX object CMakeFiles/create3_coverage.dir/src/main.cpp.o[0m
[100%] [32m[1mLinking CXX executable create3_coverage[0m
[100%] Built target create3_coverage
-- Install configuration: ""
-- Installing: /home/awasch/work/src/create3_examples/install/create3_coverage/lib/libcreate3_coverage_core.so
-- Set runtime path of "/home/awasch/work/src/create3_examples/install/create3_coverage/lib/libcreate3_coverage_core.so" to ""
-- Installing: /home/awasch/work/src/create3_examples/install/create3_coverage/lib/create3_coverage/create3_coverage
-- Set runtime path of "/home/awasch/work/src/create3_examples/install/create3_coverage/lib/create3_coverage/create3_coverage" to ""
-- Up-to-date: /home/awasch/work/src/create3_examples/install/create3_coverage/include/
-- Up-to-date: /home/awasch/work/src/create3_examples/install/create3_coverage/include//create3_coverage
-- Up-to-date: /home/awasch/work/src/create3_examples/install/create3_coverage/include//create3_coverage/behaviors
-- Installing: /home/awasch/work/src/create3_examples/install/create3_coverage/include//create3_coverage/behaviors/behavior.hpp
-- Installing: /home/awasch/work/src/create3_examples/install/create3_coverage/include//create3_coverage/behaviors/dock-behavior.hpp
-- Installing: /home/awasch/work/src/create3_examples/install/create3_coverage/include//create3_coverage/behaviors/undock-behavior.hpp
-- Installing: /home/awasch/work/src/create3_examples/install/create3_coverage/include//create3_coverage/behaviors/rotate-behavior.hpp
-- Installing: /home/awasch/work/src/create3_examples/install/create3_coverage/include//create3_coverage/behaviors/spiral-behavior.hpp
-- Installing: /home/awasch/work/src/create3_examples/install/create3_coverage/include//create3_coverage/behaviors/reflex-behavior.hpp
-- Installing: /home/awasch/work/src/create3_examples/install/create3_coverage/include//create3_coverage/behaviors/drive-straight-behavior.hpp
-- Installing: /home/awasch/work/src/create3_examples/install/create3_coverage/include//create3_coverage/create3_coverage_node.hpp
-- Installing: /home/awasch/work/src/create3_examples/install/create3_coverage/include//create3_coverage/state.hpp
-- Installing: /home/awasch/work/src/create3_examples/install/create3_coverage/include//create3_coverage/coverage_state_machine.hpp
-- Installing: /home/awasch/work/src/create3_examples/install/create3_coverage/share/create3_coverage/environment/library_path.sh
-- Installing: /home/awasch/work/src/create3_examples/install/create3_coverage/share/create3_coverage/environment/library_path.dsv
-- Installing: /home/awasch/work/src/create3_examples/install/create3_coverage/share/ament_index/resource_index/package_run_dependencies/create3_coverage
-- Installing: /home/awasch/work/src/create3_examples/install/create3_coverage/share/ament_index/resource_index/parent_prefix_path/create3_coverage
-- Installing: /home/awasch/work/src/create3_examples/install/create3_coverage/share/create3_coverage/environment/ament_prefix_path.sh
-- Installing: /home/awasch/work/src/create3_examples/install/create3_coverage/share/create3_coverage/environment/ament_prefix_path.dsv
-- Installing: /home/awasch/work/src/create3_examples/install/create3_coverage/share/create3_coverage/environment/path.sh
-- Installing: /home/awasch/work/src/create3_examples/install/create3_coverage/share/create3_coverage/environment/path.dsv
-- Installing: /home/awasch/work/src/create3_examples/install/create3_coverage/share/create3_coverage/local_setup.bash
-- Installing: /home/awasch/work/src/create3_examples/install/create3_coverage/share/create3_coverage/local_setup.sh
-- Installing: /home/awasch/work/src/create3_examples/install/create3_coverage/share/create3_coverage/local_setup.zsh
-- Installing: /home/awasch/work/src/create3_examples/install/create3_coverage/share/create3_coverage/local_setup.dsv
-- Installing: /home/awasch/work/src/create3_examples/install/create3_coverage/share/create3_coverage/package.dsv
-- Installing: /home/awasch/work/src/create3_examples/install/create3_coverage/share/ament_index/resource_index/packages/create3_coverage
-- Installing: /home/awasch/work/src/create3_examples/install/create3_coverage/share/create3_coverage/cmake/ament_cmake_export_include_directories-extras.cmake
-- Installing: /home/awasch/work/src/create3_examples/install/create3_coverage/share/create3_coverage/cmake/ament_cmake_export_libraries-extras.cmake
-- Installing: /home/awasch/work/src/create3_examples/install/create3_coverage/share/create3_coverage/cmake/ament_cmake_export_dependencies-extras.cmake
-- Installing: /home/awasch/work/src/create3_examples/install/create3_coverage/share/create3_coverage/cmake/create3_coverageConfig.cmake
-- Installing: /home/awasch/work/src/create3_examples/install/create3_coverage/share/create3_coverage/cmake/create3_coverageConfig-version.cmake
-- Installing: /home/awasch/work/src/create3_examples/install/create3_coverage/share/create3_coverage/package.xml
