[0.071s] Invoking command in '/home/awasch/work/src/create3_examples/build/create3_examples_msgs': CMAKE_PREFIX_PATH=${CMAKE_PREFIX_PATH}:/home/awasch/work/src/create3_examples/install/create3_teleop:/home/awasch/work/src/create3_examples/install/create3_examples_py:/opt/ros/galactic /usr/bin/cmake --build /home/awasch/work/src/create3_examples/build/create3_examples_msgs -- -j8 -l8
[0.775s] [  3%] Built target create3_examples_msgs__cpp
[0.777s] [ 12%] Built target create3_examples_msgs__rosidl_generator_c
[0.777s] [ 22%] Built target create3_examples_msgs__rosidl_typesupport_introspection_c
[0.778s] [ 32%] Built target create3_examples_msgs__rosidl_typesupport_introspection_cpp
[0.780s] [ 41%] Built target create3_examples_msgs__rosidl_typesupport_cpp
[0.781s] [ 51%] Built target create3_examples_msgs__rosidl_typesupport_fastrtps_cpp
[0.782s] [ 61%] Built target create3_examples_msgs__rosidl_typesupport_c
[0.783s] [ 70%] Built target create3_examples_msgs__rosidl_typesupport_fastrtps_c
[0.785s] [ 70%] Built target create3_examples_msgs
[0.786s] [ 74%] Built target create3_examples_msgs__py
[0.789s] [ 80%] Built target create3_examples_msgs__python
[0.790s] [ 87%] Built target create3_examples_msgs__rosidl_typesupport_introspection_c__pyext
[0.792s] [ 93%] Built target create3_examples_msgs__rosidl_typesupport_fastrtps_c__pyext
[0.793s] [100%] Built target create3_examples_msgs__rosidl_typesupport_c__pyext
[0.794s] Invoked command in '/home/awasch/work/src/create3_examples/build/create3_examples_msgs' returned '0': CMAKE_PREFIX_PATH=${CMAKE_PREFIX_PATH}:/home/awasch/work/src/create3_examples/install/create3_teleop:/home/awasch/work/src/create3_examples/install/create3_examples_py:/opt/ros/galactic /usr/bin/cmake --build /home/awasch/work/src/create3_examples/build/create3_examples_msgs -- -j8 -l8
[0.908s] Invoking command in '/home/awasch/work/src/create3_examples/build/create3_examples_msgs': CMAKE_PREFIX_PATH=${CMAKE_PREFIX_PATH}:/home/awasch/work/src/create3_examples/install/create3_teleop:/home/awasch/work/src/create3_examples/install/create3_examples_py:/opt/ros/galactic /usr/bin/cmake --install /home/awasch/work/src/create3_examples/build/create3_examples_msgs
[0.931s] -- Install configuration: ""
[0.931s] -- Up-to-date: /home/awasch/work/src/create3_examples/install/create3_examples_msgs/share/ament_index/resource_index/rosidl_interfaces/create3_examples_msgs
[0.931s] -- Up-to-date: /home/awasch/work/src/create3_examples/install/create3_examples_msgs/include/create3_examples_msgs
[0.931s] -- Up-to-date: /home/awasch/work/src/create3_examples/install/create3_examples_msgs/include/create3_examples_msgs/msg
[0.932s] -- Up-to-date: /home/awasch/work/src/create3_examples/install/create3_examples_msgs/include/create3_examples_msgs/msg/rosidl_generator_c__visibility_control.h
[0.932s] -- Up-to-date: /home/awasch/work/src/create3_examples/install/create3_examples_msgs/include/create3_examples_msgs/action
[0.932s] -- Up-to-date: /home/awasch/work/src/create3_examples/install/create3_examples_msgs/include/create3_examples_msgs/action/detail
[0.932s] -- Up-to-date: /home/awasch/work/src/create3_examples/install/create3_examples_msgs/include/create3_examples_msgs/action/detail/coverage__struct.h
[0.932s] -- Up-to-date: /home/awasch/work/src/create3_examples/install/create3_examples_msgs/include/create3_examples_msgs/action/detail/coverage__functions.c
[0.932s] -- Up-to-date: /home/awasch/work/src/create3_examples/install/create3_examples_msgs/include/create3_examples_msgs/action/detail/coverage__type_support.h
[0.933s] -- Up-to-date: /home/awasch/work/src/create3_examples/install/create3_examples_msgs/include/create3_examples_msgs/action/detail/coverage__functions.h
[0.933s] -- Up-to-date: /home/awasch/work/src/create3_examples/install/create3_examples_msgs/include/create3_examples_msgs/action/coverage.h
[0.933s] -- Up-to-date: /home/awasch/work/src/create3_examples/install/create3_examples_msgs/share/create3_examples_msgs/environment/library_path.sh
[0.933s] -- Up-to-date: /home/awasch/work/src/create3_examples/install/create3_examples_msgs/share/create3_examples_msgs/environment/library_path.dsv
[0.933s] -- Up-to-date: /home/awasch/work/src/create3_examples/install/create3_examples_msgs/lib/libcreate3_examples_msgs__rosidl_generator_c.so
[0.934s] -- Up-to-date: /home/awasch/work/src/create3_examples/install/create3_examples_msgs/include/create3_examples_msgs
[0.934s] -- Up-to-date: /home/awasch/work/src/create3_examples/install/create3_examples_msgs/include/create3_examples_msgs/msg
[0.934s] -- Up-to-date: /home/awasch/work/src/create3_examples/install/create3_examples_msgs/include/create3_examples_msgs/msg/rosidl_typesupport_fastrtps_c__visibility_control.h
[0.934s] -- Up-to-date: /home/awasch/work/src/create3_examples/install/create3_examples_msgs/include/create3_examples_msgs/action
[0.935s] -- Up-to-date: /home/awasch/work/src/create3_examples/install/create3_examples_msgs/include/create3_examples_msgs/action/detail
[0.935s] -- Up-to-date: /home/awasch/work/src/create3_examples/install/create3_examples_msgs/include/create3_examples_msgs/action/detail/coverage__rosidl_typesupport_fastrtps_c.h
[0.936s] -- Up-to-date: /home/awasch/work/src/create3_examples/install/create3_examples_msgs/lib/libcreate3_examples_msgs__rosidl_typesupport_fastrtps_c.so
[0.936s] -- Up-to-date: /home/awasch/work/src/create3_examples/install/create3_examples_msgs/include/create3_examples_msgs
[0.937s] -- Up-to-date: /home/awasch/work/src/create3_examples/install/create3_examples_msgs/include/create3_examples_msgs/msg
[0.937s] -- Up-to-date: /home/awasch/work/src/create3_examples/install/create3_examples_msgs/include/create3_examples_msgs/msg/rosidl_typesupport_fastrtps_cpp__visibility_control.h
[0.937s] -- Up-to-date: /home/awasch/work/src/create3_examples/install/create3_examples_msgs/include/create3_examples_msgs/action
[0.938s] -- Up-to-date: /home/awasch/work/src/create3_examples/install/create3_examples_msgs/include/create3_examples_msgs/action/detail
[0.938s] -- Up-to-date: /home/awasch/work/src/create3_examples/install/create3_examples_msgs/include/create3_examples_msgs/action/detail/coverage__rosidl_typesupport_fastrtps_cpp.hpp
[0.938s] -- Up-to-date: /home/awasch/work/src/create3_examples/install/create3_examples_msgs/include/create3_examples_msgs/action/detail/dds_fastrtps
[0.939s] -- Up-to-date: /home/awasch/work/src/create3_examples/install/create3_examples_msgs/lib/libcreate3_examples_msgs__rosidl_typesupport_fastrtps_cpp.so
[0.940s] -- Up-to-date: /home/awasch/work/src/create3_examples/install/create3_examples_msgs/include/create3_examples_msgs
[0.940s] -- Up-to-date: /home/awasch/work/src/create3_examples/install/create3_examples_msgs/include/create3_examples_msgs/msg
[0.940s] -- Up-to-date: /home/awasch/work/src/create3_examples/install/create3_examples_msgs/include/create3_examples_msgs/msg/rosidl_typesupport_introspection_c__visibility_control.h
[0.941s] -- Up-to-date: /home/awasch/work/src/create3_examples/install/create3_examples_msgs/include/create3_examples_msgs/action
[0.941s] -- Up-to-date: /home/awasch/work/src/create3_examples/install/create3_examples_msgs/include/create3_examples_msgs/action/detail
[0.941s] -- Up-to-date: /home/awasch/work/src/create3_examples/install/create3_examples_msgs/include/create3_examples_msgs/action/detail/coverage__type_support.c
[0.942s] -- Up-to-date: /home/awasch/work/src/create3_examples/install/create3_examples_msgs/include/create3_examples_msgs/action/detail/coverage__rosidl_typesupport_introspection_c.h
[0.943s] -- Up-to-date: /home/awasch/work/src/create3_examples/install/create3_examples_msgs/lib/libcreate3_examples_msgs__rosidl_typesupport_introspection_c.so
[0.944s] -- Up-to-date: /home/awasch/work/src/create3_examples/install/create3_examples_msgs/lib/libcreate3_examples_msgs__rosidl_typesupport_c.so
[0.945s] -- Up-to-date: /home/awasch/work/src/create3_examples/install/create3_examples_msgs/include/create3_examples_msgs
[0.945s] -- Up-to-date: /home/awasch/work/src/create3_examples/install/create3_examples_msgs/include/create3_examples_msgs/action
[0.945s] -- Up-to-date: /home/awasch/work/src/create3_examples/install/create3_examples_msgs/include/create3_examples_msgs/action/detail
[0.946s] -- Up-to-date: /home/awasch/work/src/create3_examples/install/create3_examples_msgs/include/create3_examples_msgs/action/detail/coverage__builder.hpp
[0.946s] -- Up-to-date: /home/awasch/work/src/create3_examples/install/create3_examples_msgs/include/create3_examples_msgs/action/detail/coverage__traits.hpp
[0.946s] -- Up-to-date: /home/awasch/work/src/create3_examples/install/create3_examples_msgs/include/create3_examples_msgs/action/detail/coverage__struct.hpp
[0.947s] -- Up-to-date: /home/awasch/work/src/create3_examples/install/create3_examples_msgs/include/create3_examples_msgs/action/coverage.hpp
[0.947s] -- Up-to-date: /home/awasch/work/src/create3_examples/install/create3_examples_msgs/include/create3_examples_msgs
[0.955s] -- Up-to-date: /home/awasch/work/src/create3_examples/install/create3_examples_msgs/include/create3_examples_msgs/action
[0.955s] -- Up-to-date: /home/awasch/work/src/create3_examples/install/create3_examples_msgs/include/create3_examples_msgs/action/detail
[0.956s] -- Up-to-date: /home/awasch/work/src/create3_examples/install/create3_examples_msgs/include/create3_examples_msgs/action/detail/coverage__rosidl_typesupport_introspection_cpp.hpp
[0.956s] -- Up-to-date: /home/awasch/work/src/create3_examples/install/create3_examples_msgs/include/create3_examples_msgs/action/detail/coverage__type_support.cpp
[0.956s] -- Up-to-date: /home/awasch/work/src/create3_examples/install/create3_examples_msgs/lib/libcreate3_examples_msgs__rosidl_typesupport_introspection_cpp.so
[0.956s] -- Up-to-date: /home/awasch/work/src/create3_examples/install/create3_examples_msgs/lib/libcreate3_examples_msgs__rosidl_typesupport_cpp.so
[0.956s] -- Up-to-date: /home/awasch/work/src/create3_examples/install/create3_examples_msgs/share/create3_examples_msgs/environment/pythonpath.sh
[0.956s] -- Up-to-date: /home/awasch/work/src/create3_examples/install/create3_examples_msgs/share/create3_examples_msgs/environment/pythonpath.dsv
[0.957s] -- Up-to-date: /home/awasch/work/src/create3_examples/install/create3_examples_msgs/lib/python3.8/site-packages/create3_examples_msgs/__init__.py
[0.996s] -- Up-to-date: /home/awasch/work/src/create3_examples/install/create3_examples_msgs/lib/python3.8/site-packages/create3_examples_msgs/action
[0.996s] -- Up-to-date: /home/awasch/work/src/create3_examples/install/create3_examples_msgs/lib/python3.8/site-packages/create3_examples_msgs/action/__init__.py
[0.996s] -- Up-to-date: /home/awasch/work/src/create3_examples/install/create3_examples_msgs/lib/python3.8/site-packages/create3_examples_msgs/action/_coverage_s.c
[0.996s] -- Up-to-date: /home/awasch/work/src/create3_examples/install/create3_examples_msgs/lib/python3.8/site-packages/create3_examples_msgs/action/_coverage.py
[0.998s] -- Up-to-date: /home/awasch/work/src/create3_examples/install/create3_examples_msgs/lib/python3.8/site-packages/create3_examples_msgs/create3_examples_msgs_s__rosidl_typesupport_fastrtps_c.cpython-38-x86_64-linux-gnu.so
[0.998s] -- Up-to-date: /home/awasch/work/src/create3_examples/install/create3_examples_msgs/lib/python3.8/site-packages/create3_examples_msgs/create3_examples_msgs_s__rosidl_typesupport_introspection_c.cpython-38-x86_64-linux-gnu.so
[0.999s] -- Up-to-date: /home/awasch/work/src/create3_examples/install/create3_examples_msgs/lib/python3.8/site-packages/create3_examples_msgs/create3_examples_msgs_s__rosidl_typesupport_c.cpython-38-x86_64-linux-gnu.so
[1.001s] -- Up-to-date: /home/awasch/work/src/create3_examples/install/create3_examples_msgs/lib/libcreate3_examples_msgs__python.so
[1.001s] -- Up-to-date: /home/awasch/work/src/create3_examples/install/create3_examples_msgs/share/create3_examples_msgs/action/Coverage.idl
[1.001s] -- Up-to-date: /home/awasch/work/src/create3_examples/install/create3_examples_msgs/share/create3_examples_msgs/action/Coverage.action
[1.001s] -- Up-to-date: /home/awasch/work/src/create3_examples/install/create3_examples_msgs/share/ament_index/resource_index/package_run_dependencies/create3_examples_msgs
[1.002s] -- Up-to-date: /home/awasch/work/src/create3_examples/install/create3_examples_msgs/share/ament_index/resource_index/parent_prefix_path/create3_examples_msgs
[1.002s] -- Up-to-date: /home/awasch/work/src/create3_examples/install/create3_examples_msgs/share/create3_examples_msgs/environment/ament_prefix_path.sh
[1.002s] -- Up-to-date: /home/awasch/work/src/create3_examples/install/create3_examples_msgs/share/create3_examples_msgs/environment/ament_prefix_path.dsv
[1.002s] -- Up-to-date: /home/awasch/work/src/create3_examples/install/create3_examples_msgs/share/create3_examples_msgs/environment/path.sh
[1.002s] -- Up-to-date: /home/awasch/work/src/create3_examples/install/create3_examples_msgs/share/create3_examples_msgs/environment/path.dsv
[1.002s] -- Up-to-date: /home/awasch/work/src/create3_examples/install/create3_examples_msgs/share/create3_examples_msgs/local_setup.bash
[1.003s] -- Up-to-date: /home/awasch/work/src/create3_examples/install/create3_examples_msgs/share/create3_examples_msgs/local_setup.sh
[1.003s] -- Up-to-date: /home/awasch/work/src/create3_examples/install/create3_examples_msgs/share/create3_examples_msgs/local_setup.zsh
[1.003s] -- Up-to-date: /home/awasch/work/src/create3_examples/install/create3_examples_msgs/share/create3_examples_msgs/local_setup.dsv
[1.003s] -- Installing: /home/awasch/work/src/create3_examples/install/create3_examples_msgs/share/create3_examples_msgs/package.dsv
[1.003s] -- Up-to-date: /home/awasch/work/src/create3_examples/install/create3_examples_msgs/share/ament_index/resource_index/packages/create3_examples_msgs
[1.003s] -- Up-to-date: /home/awasch/work/src/create3_examples/install/create3_examples_msgs/share/create3_examples_msgs/cmake/create3_examples_msgs__rosidl_generator_cExport.cmake
[1.004s] -- Up-to-date: /home/awasch/work/src/create3_examples/install/create3_examples_msgs/share/create3_examples_msgs/cmake/create3_examples_msgs__rosidl_generator_cExport-noconfig.cmake
[1.004s] -- Up-to-date: /home/awasch/work/src/create3_examples/install/create3_examples_msgs/share/create3_examples_msgs/cmake/create3_examples_msgs__rosidl_typesupport_introspection_cExport.cmake
[1.004s] -- Up-to-date: /home/awasch/work/src/create3_examples/install/create3_examples_msgs/share/create3_examples_msgs/cmake/create3_examples_msgs__rosidl_typesupport_introspection_cExport-noconfig.cmake
[1.004s] -- Up-to-date: /home/awasch/work/src/create3_examples/install/create3_examples_msgs/share/create3_examples_msgs/cmake/create3_examples_msgs__rosidl_typesupport_cExport.cmake
[1.004s] -- Up-to-date: /home/awasch/work/src/create3_examples/install/create3_examples_msgs/share/create3_examples_msgs/cmake/create3_examples_msgs__rosidl_typesupport_cExport-noconfig.cmake
[1.005s] -- Up-to-date: /home/awasch/work/src/create3_examples/install/create3_examples_msgs/share/create3_examples_msgs/cmake/create3_examples_msgs__rosidl_generator_cppExport.cmake
[1.005s] -- Up-to-date: /home/awasch/work/src/create3_examples/install/create3_examples_msgs/share/create3_examples_msgs/cmake/create3_examples_msgs__rosidl_typesupport_introspection_cppExport.cmake
[1.005s] -- Up-to-date: /home/awasch/work/src/create3_examples/install/create3_examples_msgs/share/create3_examples_msgs/cmake/create3_examples_msgs__rosidl_typesupport_introspection_cppExport-noconfig.cmake
[1.005s] -- Up-to-date: /home/awasch/work/src/create3_examples/install/create3_examples_msgs/share/create3_examples_msgs/cmake/create3_examples_msgs__rosidl_typesupport_cppExport.cmake
[1.005s] -- Up-to-date: /home/awasch/work/src/create3_examples/install/create3_examples_msgs/share/create3_examples_msgs/cmake/create3_examples_msgs__rosidl_typesupport_cppExport-noconfig.cmake
[1.006s] -- Up-to-date: /home/awasch/work/src/create3_examples/install/create3_examples_msgs/share/create3_examples_msgs/cmake/rosidl_cmake-extras.cmake
[1.006s] -- Up-to-date: /home/awasch/work/src/create3_examples/install/create3_examples_msgs/share/create3_examples_msgs/cmake/ament_cmake_export_dependencies-extras.cmake
[1.006s] -- Up-to-date: /home/awasch/work/src/create3_examples/install/create3_examples_msgs/share/create3_examples_msgs/cmake/ament_cmake_export_libraries-extras.cmake
[1.006s] -- Up-to-date: /home/awasch/work/src/create3_examples/install/create3_examples_msgs/share/create3_examples_msgs/cmake/ament_cmake_export_targets-extras.cmake
[1.006s] -- Up-to-date: /home/awasch/work/src/create3_examples/install/create3_examples_msgs/share/create3_examples_msgs/cmake/ament_cmake_export_include_directories-extras.cmake
[1.007s] -- Up-to-date: /home/awasch/work/src/create3_examples/install/create3_examples_msgs/share/create3_examples_msgs/cmake/rosidl_cmake_export_typesupport_libraries-extras.cmake
[1.007s] -- Up-to-date: /home/awasch/work/src/create3_examples/install/create3_examples_msgs/share/create3_examples_msgs/cmake/rosidl_cmake_export_typesupport_targets-extras.cmake
[1.007s] -- Up-to-date: /home/awasch/work/src/create3_examples/install/create3_examples_msgs/share/create3_examples_msgs/cmake/create3_examples_msgsConfig.cmake
[1.007s] -- Up-to-date: /home/awasch/work/src/create3_examples/install/create3_examples_msgs/share/create3_examples_msgs/cmake/create3_examples_msgsConfig-version.cmake
[1.007s] -- Up-to-date: /home/awasch/work/src/create3_examples/install/create3_examples_msgs/share/create3_examples_msgs/package.xml
[1.013s] Invoked command in '/home/awasch/work/src/create3_examples/build/create3_examples_msgs' returned '0': CMAKE_PREFIX_PATH=${CMAKE_PREFIX_PATH}:/home/awasch/work/src/create3_examples/install/create3_teleop:/home/awasch/work/src/create3_examples/install/create3_examples_py:/opt/ros/galactic /usr/bin/cmake --install /home/awasch/work/src/create3_examples/build/create3_examples_msgs
