[0.454s] Invoking command in '/home/awasch/work/src/create3_examples/build/create3_lidar': CMAKE_PREFIX_PATH=${CMAKE_PREFIX_PATH}:/home/awasch/create3_examples_ws/install/create3_teleop:/home/awasch/create3_examples_ws/install/create3_examples_py:/home/awasch/work/src/create3_examples/install/create3_teleop:/home/awasch/work/src/create3_examples/install/create3_examples_py:/opt/ros/galactic /usr/bin/cmake --build /home/awasch/work/src/create3_examples/build/create3_lidar -- -j8 -l8
[0.842s] Invoked command in '/home/awasch/work/src/create3_examples/build/create3_lidar' returned '0': CMAKE_PREFIX_PATH=${CMAKE_PREFIX_PATH}:/home/awasch/create3_examples_ws/install/create3_teleop:/home/awasch/create3_examples_ws/install/create3_examples_py:/home/awasch/work/src/create3_examples/install/create3_teleop:/home/awasch/work/src/create3_examples/install/create3_examples_py:/opt/ros/galactic /usr/bin/cmake --build /home/awasch/work/src/create3_examples/build/create3_lidar -- -j8 -l8
[0.898s] Invoking command in '/home/awasch/work/src/create3_examples/build/create3_lidar': CMAKE_PREFIX_PATH=${CMAKE_PREFIX_PATH}:/home/awasch/create3_examples_ws/install/create3_teleop:/home/awasch/create3_examples_ws/install/create3_examples_py:/home/awasch/work/src/create3_examples/install/create3_teleop:/home/awasch/work/src/create3_examples/install/create3_examples_py:/opt/ros/galactic /usr/bin/cmake --install /home/awasch/work/src/create3_examples/build/create3_lidar
[0.911s] -- Install configuration: ""
[0.912s] -- Up-to-date: /home/awasch/work/src/create3_examples/install/create3_lidar/share/create3_lidar/launch
[0.912s] -- Up-to-date: /home/awasch/work/src/create3_examples/install/create3_lidar/share/create3_lidar/launch/sensors_launch.py
[0.912s] -- Up-to-date: /home/awasch/work/src/create3_examples/install/create3_lidar/share/create3_lidar/launch/slam_toolbox_launch.py
[0.912s] -- Up-to-date: /home/awasch/work/src/create3_examples/install/create3_lidar/share/create3_lidar/config
[0.912s] -- Up-to-date: /home/awasch/work/src/create3_examples/install/create3_lidar/share/create3_lidar/config/mapper_params_online_async.yaml
[0.913s] -- Up-to-date: /home/awasch/work/src/create3_examples/install/create3_lidar/share/create3_lidar/config/rplidar_node.yaml
[0.913s] -- Up-to-date: /home/awasch/work/src/create3_examples/install/create3_lidar/share/create3_lidar/rviz
[0.913s] -- Up-to-date: /home/awasch/work/src/create3_examples/install/create3_lidar/share/create3_lidar/rviz/create3_lidar.rviz
[0.914s] -- Up-to-date: /home/awasch/work/src/create3_examples/install/create3_lidar/share/ament_index/resource_index/package_run_dependencies/create3_lidar
[0.914s] -- Up-to-date: /home/awasch/work/src/create3_examples/install/create3_lidar/share/ament_index/resource_index/parent_prefix_path/create3_lidar
[0.914s] -- Up-to-date: /home/awasch/work/src/create3_examples/install/create3_lidar/share/create3_lidar/environment/ament_prefix_path.sh
[0.914s] -- Up-to-date: /home/awasch/work/src/create3_examples/install/create3_lidar/share/create3_lidar/environment/ament_prefix_path.dsv
[0.914s] -- Up-to-date: /home/awasch/work/src/create3_examples/install/create3_lidar/share/create3_lidar/environment/path.sh
[0.915s] -- Up-to-date: /home/awasch/work/src/create3_examples/install/create3_lidar/share/create3_lidar/environment/path.dsv
[0.915s] -- Up-to-date: /home/awasch/work/src/create3_examples/install/create3_lidar/share/create3_lidar/local_setup.bash
[0.915s] -- Up-to-date: /home/awasch/work/src/create3_examples/install/create3_lidar/share/create3_lidar/local_setup.sh
[0.915s] -- Up-to-date: /home/awasch/work/src/create3_examples/install/create3_lidar/share/create3_lidar/local_setup.zsh
[0.915s] -- Up-to-date: /home/awasch/work/src/create3_examples/install/create3_lidar/share/create3_lidar/local_setup.dsv
[0.916s] -- Installing: /home/awasch/work/src/create3_examples/install/create3_lidar/share/create3_lidar/package.dsv
[0.917s] -- Up-to-date: /home/awasch/work/src/create3_examples/install/create3_lidar/share/ament_index/resource_index/packages/create3_lidar
[0.918s] -- Up-to-date: /home/awasch/work/src/create3_examples/install/create3_lidar/share/create3_lidar/cmake/create3_lidarConfig.cmake
[0.920s] -- Up-to-date: /home/awasch/work/src/create3_examples/install/create3_lidar/share/create3_lidar/cmake/create3_lidarConfig-version.cmake
[0.920s] -- Up-to-date: /home/awasch/work/src/create3_examples/install/create3_lidar/share/create3_lidar/package.xml
[0.921s] Invoked command in '/home/awasch/work/src/create3_examples/build/create3_lidar' returned '0': CMAKE_PREFIX_PATH=${CMAKE_PREFIX_PATH}:/home/awasch/create3_examples_ws/install/create3_teleop:/home/awasch/create3_examples_ws/install/create3_examples_py:/home/awasch/work/src/create3_examples/install/create3_teleop:/home/awasch/work/src/create3_examples/install/create3_examples_py:/opt/ros/galactic /usr/bin/cmake --install /home/awasch/work/src/create3_examples/build/create3_lidar
