[0.089s] Invoking command in '/home/awasch/work/src/create3_examples/build/create3_examples_msgs': CMAKE_PREFIX_PATH=${CMAKE_PREFIX_PATH}:/home/awasch/work/src/create3_examples/install/create3_teleop:/home/awasch/work/src/create3_examples/install/create3_examples_py:/opt/ros/galactic /usr/bin/cmake --build /home/awasch/work/src/create3_examples/build/create3_examples_msgs -- -j8 -l8
[0.568s] [  3%] Built target create3_examples_msgs__cpp
[0.570s] [ 12%] Built target create3_examples_msgs__rosidl_generator_c
[0.571s] [ 22%] Built target create3_examples_msgs__rosidl_typesupport_cpp
[0.571s] [ 32%] Built target create3_examples_msgs__rosidl_typesupport_introspection_cpp
[0.571s] [ 41%] Built target create3_examples_msgs__rosidl_typesupport_fastrtps_cpp
[0.572s] [ 51%] Built target create3_examples_msgs__rosidl_typesupport_c
[0.572s] [ 61%] Built target create3_examples_msgs__rosidl_typesupport_introspection_c
[0.572s] [ 70%] Built target create3_examples_msgs__rosidl_typesupport_fastrtps_c
[0.572s] [ 70%] Built target create3_examples_msgs
[0.572s] [ 74%] Built target create3_examples_msgs__py
[0.573s] [ 80%] Built target create3_examples_msgs__python
[0.573s] [ 87%] Built target create3_examples_msgs__rosidl_typesupport_c__pyext
[0.573s] [ 93%] Built target create3_examples_msgs__rosidl_typesupport_introspection_c__pyext
[0.573s] [100%] Built target create3_examples_msgs__rosidl_typesupport_fastrtps_c__pyext
[0.934s] Invoked command in '/home/awasch/work/src/create3_examples/build/create3_examples_msgs' returned '0': CMAKE_PREFIX_PATH=${CMAKE_PREFIX_PATH}:/home/awasch/work/src/create3_examples/install/create3_teleop:/home/awasch/work/src/create3_examples/install/create3_examples_py:/opt/ros/galactic /usr/bin/cmake --build /home/awasch/work/src/create3_examples/build/create3_examples_msgs -- -j8 -l8
[1.200s] Invoking command in '/home/awasch/work/src/create3_examples/build/create3_examples_msgs': CMAKE_PREFIX_PATH=${CMAKE_PREFIX_PATH}:/home/awasch/work/src/create3_examples/install/create3_teleop:/home/awasch/work/src/create3_examples/install/create3_examples_py:/opt/ros/galactic /usr/bin/cmake --install /home/awasch/work/src/create3_examples/build/create3_examples_msgs
[1.219s] -- Install configuration: ""
[1.219s] -- Up-to-date: /home/awasch/work/src/create3_examples/install/create3_examples_msgs/share/ament_index/resource_index/rosidl_interfaces/create3_examples_msgs
[1.220s] -- Up-to-date: /home/awasch/work/src/create3_examples/install/create3_examples_msgs/include/create3_examples_msgs
[1.220s] -- Up-to-date: /home/awasch/work/src/create3_examples/install/create3_examples_msgs/include/create3_examples_msgs/msg
[1.220s] -- Up-to-date: /home/awasch/work/src/create3_examples/install/create3_examples_msgs/include/create3_examples_msgs/msg/rosidl_generator_c__visibility_control.h
[1.221s] -- Up-to-date: /home/awasch/work/src/create3_examples/install/create3_examples_msgs/include/create3_examples_msgs/action
[1.221s] -- Up-to-date: /home/awasch/work/src/create3_examples/install/create3_examples_msgs/include/create3_examples_msgs/action/detail
[1.221s] -- Up-to-date: /home/awasch/work/src/create3_examples/install/create3_examples_msgs/include/create3_examples_msgs/action/detail/coverage__struct.h
[1.221s] -- Up-to-date: /home/awasch/work/src/create3_examples/install/create3_examples_msgs/include/create3_examples_msgs/action/detail/coverage__functions.c
[1.221s] -- Up-to-date: /home/awasch/work/src/create3_examples/install/create3_examples_msgs/include/create3_examples_msgs/action/detail/coverage__type_support.h
[1.221s] -- Up-to-date: /home/awasch/work/src/create3_examples/install/create3_examples_msgs/include/create3_examples_msgs/action/detail/coverage__functions.h
[1.222s] -- Up-to-date: /home/awasch/work/src/create3_examples/install/create3_examples_msgs/include/create3_examples_msgs/action/coverage.h
[1.222s] -- Up-to-date: /home/awasch/work/src/create3_examples/install/create3_examples_msgs/share/create3_examples_msgs/environment/library_path.sh
[1.222s] -- Up-to-date: /home/awasch/work/src/create3_examples/install/create3_examples_msgs/share/create3_examples_msgs/environment/library_path.dsv
[1.222s] -- Up-to-date: /home/awasch/work/src/create3_examples/install/create3_examples_msgs/lib/libcreate3_examples_msgs__rosidl_generator_c.so
[1.222s] -- Up-to-date: /home/awasch/work/src/create3_examples/install/create3_examples_msgs/include/create3_examples_msgs
[1.222s] -- Up-to-date: /home/awasch/work/src/create3_examples/install/create3_examples_msgs/include/create3_examples_msgs/msg
[1.222s] -- Up-to-date: /home/awasch/work/src/create3_examples/install/create3_examples_msgs/include/create3_examples_msgs/msg/rosidl_typesupport_fastrtps_c__visibility_control.h
[1.223s] -- Up-to-date: /home/awasch/work/src/create3_examples/install/create3_examples_msgs/include/create3_examples_msgs/action
[1.223s] -- Up-to-date: /home/awasch/work/src/create3_examples/install/create3_examples_msgs/include/create3_examples_msgs/action/detail
[1.223s] -- Up-to-date: /home/awasch/work/src/create3_examples/install/create3_examples_msgs/include/create3_examples_msgs/action/detail/coverage__rosidl_typesupport_fastrtps_c.h
[1.223s] -- Up-to-date: /home/awasch/work/src/create3_examples/install/create3_examples_msgs/lib/libcreate3_examples_msgs__rosidl_typesupport_fastrtps_c.so
[1.223s] -- Up-to-date: /home/awasch/work/src/create3_examples/install/create3_examples_msgs/include/create3_examples_msgs
[1.224s] -- Up-to-date: /home/awasch/work/src/create3_examples/install/create3_examples_msgs/include/create3_examples_msgs/msg
[1.230s] -- Up-to-date: /home/awasch/work/src/create3_examples/install/create3_examples_msgs/include/create3_examples_msgs/msg/rosidl_typesupport_fastrtps_cpp__visibility_control.h
[1.231s] -- Up-to-date: /home/awasch/work/src/create3_examples/install/create3_examples_msgs/include/create3_examples_msgs/action
[1.231s] -- Up-to-date: /home/awasch/work/src/create3_examples/install/create3_examples_msgs/include/create3_examples_msgs/action/detail
[1.231s] -- Up-to-date: /home/awasch/work/src/create3_examples/install/create3_examples_msgs/include/create3_examples_msgs/action/detail/coverage__rosidl_typesupport_fastrtps_cpp.hpp
[1.231s] -- Up-to-date: /home/awasch/work/src/create3_examples/install/create3_examples_msgs/include/create3_examples_msgs/action/detail/dds_fastrtps
[1.231s] -- Up-to-date: /home/awasch/work/src/create3_examples/install/create3_examples_msgs/lib/libcreate3_examples_msgs__rosidl_typesupport_fastrtps_cpp.so
[1.231s] -- Up-to-date: /home/awasch/work/src/create3_examples/install/create3_examples_msgs/include/create3_examples_msgs
[1.231s] -- Up-to-date: /home/awasch/work/src/create3_examples/install/create3_examples_msgs/include/create3_examples_msgs/msg
[1.232s] -- Up-to-date: /home/awasch/work/src/create3_examples/install/create3_examples_msgs/include/create3_examples_msgs/msg/rosidl_typesupport_introspection_c__visibility_control.h
[1.232s] -- Up-to-date: /home/awasch/work/src/create3_examples/install/create3_examples_msgs/include/create3_examples_msgs/action
[1.232s] -- Up-to-date: /home/awasch/work/src/create3_examples/install/create3_examples_msgs/include/create3_examples_msgs/action/detail
[1.232s] -- Up-to-date: /home/awasch/work/src/create3_examples/install/create3_examples_msgs/include/create3_examples_msgs/action/detail/coverage__type_support.c
[1.232s] -- Up-to-date: /home/awasch/work/src/create3_examples/install/create3_examples_msgs/include/create3_examples_msgs/action/detail/coverage__rosidl_typesupport_introspection_c.h
[1.232s] -- Up-to-date: /home/awasch/work/src/create3_examples/install/create3_examples_msgs/lib/libcreate3_examples_msgs__rosidl_typesupport_introspection_c.so
[1.232s] -- Up-to-date: /home/awasch/work/src/create3_examples/install/create3_examples_msgs/lib/libcreate3_examples_msgs__rosidl_typesupport_c.so
[1.233s] -- Up-to-date: /home/awasch/work/src/create3_examples/install/create3_examples_msgs/include/create3_examples_msgs
[1.233s] -- Up-to-date: /home/awasch/work/src/create3_examples/install/create3_examples_msgs/include/create3_examples_msgs/action
[1.233s] -- Up-to-date: /home/awasch/work/src/create3_examples/install/create3_examples_msgs/include/create3_examples_msgs/action/detail
[1.233s] -- Up-to-date: /home/awasch/work/src/create3_examples/install/create3_examples_msgs/include/create3_examples_msgs/action/detail/coverage__builder.hpp
[1.233s] -- Up-to-date: /home/awasch/work/src/create3_examples/install/create3_examples_msgs/include/create3_examples_msgs/action/detail/coverage__traits.hpp
[1.233s] -- Up-to-date: /home/awasch/work/src/create3_examples/install/create3_examples_msgs/include/create3_examples_msgs/action/detail/coverage__struct.hpp
[1.233s] -- Up-to-date: /home/awasch/work/src/create3_examples/install/create3_examples_msgs/include/create3_examples_msgs/action/coverage.hpp
[1.233s] -- Up-to-date: /home/awasch/work/src/create3_examples/install/create3_examples_msgs/include/create3_examples_msgs
[1.234s] -- Up-to-date: /home/awasch/work/src/create3_examples/install/create3_examples_msgs/include/create3_examples_msgs/action
[1.234s] -- Up-to-date: /home/awasch/work/src/create3_examples/install/create3_examples_msgs/include/create3_examples_msgs/action/detail
[1.234s] -- Up-to-date: /home/awasch/work/src/create3_examples/install/create3_examples_msgs/include/create3_examples_msgs/action/detail/coverage__rosidl_typesupport_introspection_cpp.hpp
[1.234s] -- Up-to-date: /home/awasch/work/src/create3_examples/install/create3_examples_msgs/include/create3_examples_msgs/action/detail/coverage__type_support.cpp
[1.234s] -- Up-to-date: /home/awasch/work/src/create3_examples/install/create3_examples_msgs/lib/libcreate3_examples_msgs__rosidl_typesupport_introspection_cpp.so
[1.234s] -- Up-to-date: /home/awasch/work/src/create3_examples/install/create3_examples_msgs/lib/libcreate3_examples_msgs__rosidl_typesupport_cpp.so
[1.235s] -- Up-to-date: /home/awasch/work/src/create3_examples/install/create3_examples_msgs/share/create3_examples_msgs/environment/pythonpath.sh
[1.235s] -- Up-to-date: /home/awasch/work/src/create3_examples/install/create3_examples_msgs/share/create3_examples_msgs/environment/pythonpath.dsv
[1.235s] -- Up-to-date: /home/awasch/work/src/create3_examples/install/create3_examples_msgs/lib/python3.8/site-packages/create3_examples_msgs/__init__.py
[1.296s] -- Up-to-date: /home/awasch/work/src/create3_examples/install/create3_examples_msgs/lib/python3.8/site-packages/create3_examples_msgs/action
[1.296s] -- Up-to-date: /home/awasch/work/src/create3_examples/install/create3_examples_msgs/lib/python3.8/site-packages/create3_examples_msgs/action/__init__.py
[1.297s] -- Up-to-date: /home/awasch/work/src/create3_examples/install/create3_examples_msgs/lib/python3.8/site-packages/create3_examples_msgs/action/_coverage_s.c
[1.297s] -- Up-to-date: /home/awasch/work/src/create3_examples/install/create3_examples_msgs/lib/python3.8/site-packages/create3_examples_msgs/action/_coverage.py
[1.297s] -- Up-to-date: /home/awasch/work/src/create3_examples/install/create3_examples_msgs/lib/python3.8/site-packages/create3_examples_msgs/create3_examples_msgs_s__rosidl_typesupport_fastrtps_c.cpython-38-x86_64-linux-gnu.so
[1.297s] -- Up-to-date: /home/awasch/work/src/create3_examples/install/create3_examples_msgs/lib/python3.8/site-packages/create3_examples_msgs/create3_examples_msgs_s__rosidl_typesupport_introspection_c.cpython-38-x86_64-linux-gnu.so
[1.298s] -- Up-to-date: /home/awasch/work/src/create3_examples/install/create3_examples_msgs/lib/python3.8/site-packages/create3_examples_msgs/create3_examples_msgs_s__rosidl_typesupport_c.cpython-38-x86_64-linux-gnu.so
[1.300s] -- Up-to-date: /home/awasch/work/src/create3_examples/install/create3_examples_msgs/lib/libcreate3_examples_msgs__python.so
[1.301s] -- Up-to-date: /home/awasch/work/src/create3_examples/install/create3_examples_msgs/share/create3_examples_msgs/action/Coverage.idl
[1.301s] -- Up-to-date: /home/awasch/work/src/create3_examples/install/create3_examples_msgs/share/create3_examples_msgs/action/Coverage.action
[1.302s] -- Up-to-date: /home/awasch/work/src/create3_examples/install/create3_examples_msgs/share/ament_index/resource_index/package_run_dependencies/create3_examples_msgs
[1.302s] -- Up-to-date: /home/awasch/work/src/create3_examples/install/create3_examples_msgs/share/ament_index/resource_index/parent_prefix_path/create3_examples_msgs
[1.303s] -- Up-to-date: /home/awasch/work/src/create3_examples/install/create3_examples_msgs/share/create3_examples_msgs/environment/ament_prefix_path.sh
[1.303s] -- Up-to-date: /home/awasch/work/src/create3_examples/install/create3_examples_msgs/share/create3_examples_msgs/environment/ament_prefix_path.dsv
[1.303s] -- Up-to-date: /home/awasch/work/src/create3_examples/install/create3_examples_msgs/share/create3_examples_msgs/environment/path.sh
[1.304s] -- Up-to-date: /home/awasch/work/src/create3_examples/install/create3_examples_msgs/share/create3_examples_msgs/environment/path.dsv
[1.304s] -- Up-to-date: /home/awasch/work/src/create3_examples/install/create3_examples_msgs/share/create3_examples_msgs/local_setup.bash
[1.305s] -- Up-to-date: /home/awasch/work/src/create3_examples/install/create3_examples_msgs/share/create3_examples_msgs/local_setup.sh
[1.305s] -- Up-to-date: /home/awasch/work/src/create3_examples/install/create3_examples_msgs/share/create3_examples_msgs/local_setup.zsh
[1.306s] -- Up-to-date: /home/awasch/work/src/create3_examples/install/create3_examples_msgs/share/create3_examples_msgs/local_setup.dsv
[1.306s] -- Installing: /home/awasch/work/src/create3_examples/install/create3_examples_msgs/share/create3_examples_msgs/package.dsv
[1.307s] -- Up-to-date: /home/awasch/work/src/create3_examples/install/create3_examples_msgs/share/ament_index/resource_index/packages/create3_examples_msgs
[1.308s] -- Up-to-date: /home/awasch/work/src/create3_examples/install/create3_examples_msgs/share/create3_examples_msgs/cmake/create3_examples_msgs__rosidl_generator_cExport.cmake
[1.308s] -- Up-to-date: /home/awasch/work/src/create3_examples/install/create3_examples_msgs/share/create3_examples_msgs/cmake/create3_examples_msgs__rosidl_generator_cExport-noconfig.cmake
[1.309s] -- Up-to-date: /home/awasch/work/src/create3_examples/install/create3_examples_msgs/share/create3_examples_msgs/cmake/create3_examples_msgs__rosidl_typesupport_introspection_cExport.cmake
[1.310s] -- Up-to-date: /home/awasch/work/src/create3_examples/install/create3_examples_msgs/share/create3_examples_msgs/cmake/create3_examples_msgs__rosidl_typesupport_introspection_cExport-noconfig.cmake
[1.311s] -- Up-to-date: /home/awasch/work/src/create3_examples/install/create3_examples_msgs/share/create3_examples_msgs/cmake/create3_examples_msgs__rosidl_typesupport_cExport.cmake
[1.311s] -- Up-to-date: /home/awasch/work/src/create3_examples/install/create3_examples_msgs/share/create3_examples_msgs/cmake/create3_examples_msgs__rosidl_typesupport_cExport-noconfig.cmake
[1.312s] -- Up-to-date: /home/awasch/work/src/create3_examples/install/create3_examples_msgs/share/create3_examples_msgs/cmake/create3_examples_msgs__rosidl_generator_cppExport.cmake
[1.313s] -- Up-to-date: /home/awasch/work/src/create3_examples/install/create3_examples_msgs/share/create3_examples_msgs/cmake/create3_examples_msgs__rosidl_typesupport_introspection_cppExport.cmake
[1.313s] -- Up-to-date: /home/awasch/work/src/create3_examples/install/create3_examples_msgs/share/create3_examples_msgs/cmake/create3_examples_msgs__rosidl_typesupport_introspection_cppExport-noconfig.cmake
[1.314s] -- Up-to-date: /home/awasch/work/src/create3_examples/install/create3_examples_msgs/share/create3_examples_msgs/cmake/create3_examples_msgs__rosidl_typesupport_cppExport.cmake
[1.314s] -- Up-to-date: /home/awasch/work/src/create3_examples/install/create3_examples_msgs/share/create3_examples_msgs/cmake/create3_examples_msgs__rosidl_typesupport_cppExport-noconfig.cmake
[1.315s] -- Up-to-date: /home/awasch/work/src/create3_examples/install/create3_examples_msgs/share/create3_examples_msgs/cmake/rosidl_cmake-extras.cmake
[1.315s] -- Up-to-date: /home/awasch/work/src/create3_examples/install/create3_examples_msgs/share/create3_examples_msgs/cmake/ament_cmake_export_dependencies-extras.cmake
[1.316s] -- Up-to-date: /home/awasch/work/src/create3_examples/install/create3_examples_msgs/share/create3_examples_msgs/cmake/ament_cmake_export_libraries-extras.cmake
[1.316s] -- Up-to-date: /home/awasch/work/src/create3_examples/install/create3_examples_msgs/share/create3_examples_msgs/cmake/ament_cmake_export_targets-extras.cmake
[1.317s] -- Up-to-date: /home/awasch/work/src/create3_examples/install/create3_examples_msgs/share/create3_examples_msgs/cmake/ament_cmake_export_include_directories-extras.cmake
[1.317s] -- Up-to-date: /home/awasch/work/src/create3_examples/install/create3_examples_msgs/share/create3_examples_msgs/cmake/rosidl_cmake_export_typesupport_libraries-extras.cmake
[1.318s] -- Up-to-date: /home/awasch/work/src/create3_examples/install/create3_examples_msgs/share/create3_examples_msgs/cmake/rosidl_cmake_export_typesupport_targets-extras.cmake
[1.318s] -- Up-to-date: /home/awasch/work/src/create3_examples/install/create3_examples_msgs/share/create3_examples_msgs/cmake/create3_examples_msgsConfig.cmake
[1.318s] -- Up-to-date: /home/awasch/work/src/create3_examples/install/create3_examples_msgs/share/create3_examples_msgs/cmake/create3_examples_msgsConfig-version.cmake
[1.319s] -- Up-to-date: /home/awasch/work/src/create3_examples/install/create3_examples_msgs/share/create3_examples_msgs/package.xml
[1.323s] Invoked command in '/home/awasch/work/src/create3_examples/build/create3_examples_msgs' returned '0': CMAKE_PREFIX_PATH=${CMAKE_PREFIX_PATH}:/home/awasch/work/src/create3_examples/install/create3_teleop:/home/awasch/work/src/create3_examples/install/create3_examples_py:/opt/ros/galactic /usr/bin/cmake --install /home/awasch/work/src/create3_examples/build/create3_examples_msgs
