[0.039s] Invoking command in '/home/awasch/work/src/create3_examples/build/create3_coverage': CMAKE_PREFIX_PATH=/home/awasch/work/src/create3_examples/install/create3_examples_msgs:/home/awasch/work/src/create3_examples/install/create3_lidar:/home/awasch/work/src/create3_examples/install/create3_coverage:/home/awasch/work/src/create3_examples/install/create3_teleop:/home/awasch/work/src/create3_examples/install/create3_examples_py:/opt/ros/galactic LD_LIBRARY_PATH=/home/awasch/work/src/create3_examples/install/create3_examples_msgs/lib:/home/awasch/work/src/create3_examples/install/create3_coverage/lib:/opt/ros/galactic/opt/yaml_cpp_vendor/lib:/opt/ros/galactic/opt/rviz_ogre_vendor/lib:/opt/ros/galactic/lib/x86_64-linux-gnu:/opt/ros/galactic/lib PYTHONPATH=/home/awasch/work/src/create3_examples/install/create3_examples_msgs/lib/python3.8/site-packages:/home/awasch/work/src/create3_examples/install/create3_teleop/lib/python3.8/site-packages:/home/awasch/work/src/create3_examples/install/create3_examples_py/lib/python3.8/site-packages:/opt/ros/galactic/lib/python3.8/site-packages /usr/bin/cmake --build /home/awasch/work/src/create3_examples/build/create3_coverage -- -j8 -l8
[0.257s] [ 83%] Built target create3_coverage_core
[0.332s] [100%] Built target create3_coverage
[0.359s] Invoked command in '/home/awasch/work/src/create3_examples/build/create3_coverage' returned '0': CMAKE_PREFIX_PATH=/home/awasch/work/src/create3_examples/install/create3_examples_msgs:/home/awasch/work/src/create3_examples/install/create3_lidar:/home/awasch/work/src/create3_examples/install/create3_coverage:/home/awasch/work/src/create3_examples/install/create3_teleop:/home/awasch/work/src/create3_examples/install/create3_examples_py:/opt/ros/galactic LD_LIBRARY_PATH=/home/awasch/work/src/create3_examples/install/create3_examples_msgs/lib:/home/awasch/work/src/create3_examples/install/create3_coverage/lib:/opt/ros/galactic/opt/yaml_cpp_vendor/lib:/opt/ros/galactic/opt/rviz_ogre_vendor/lib:/opt/ros/galactic/lib/x86_64-linux-gnu:/opt/ros/galactic/lib PYTHONPATH=/home/awasch/work/src/create3_examples/install/create3_examples_msgs/lib/python3.8/site-packages:/home/awasch/work/src/create3_examples/install/create3_teleop/lib/python3.8/site-packages:/home/awasch/work/src/create3_examples/install/create3_examples_py/lib/python3.8/site-packages:/opt/ros/galactic/lib/python3.8/site-packages /usr/bin/cmake --build /home/awasch/work/src/create3_examples/build/create3_coverage -- -j8 -l8
[0.506s] Invoking command in '/home/awasch/work/src/create3_examples/build/create3_coverage': CMAKE_PREFIX_PATH=/home/awasch/work/src/create3_examples/install/create3_examples_msgs:/home/awasch/work/src/create3_examples/install/create3_lidar:/home/awasch/work/src/create3_examples/install/create3_coverage:/home/awasch/work/src/create3_examples/install/create3_teleop:/home/awasch/work/src/create3_examples/install/create3_examples_py:/opt/ros/galactic LD_LIBRARY_PATH=/home/awasch/work/src/create3_examples/install/create3_examples_msgs/lib:/home/awasch/work/src/create3_examples/install/create3_coverage/lib:/opt/ros/galactic/opt/yaml_cpp_vendor/lib:/opt/ros/galactic/opt/rviz_ogre_vendor/lib:/opt/ros/galactic/lib/x86_64-linux-gnu:/opt/ros/galactic/lib PYTHONPATH=/home/awasch/work/src/create3_examples/install/create3_examples_msgs/lib/python3.8/site-packages:/home/awasch/work/src/create3_examples/install/create3_teleop/lib/python3.8/site-packages:/home/awasch/work/src/create3_examples/install/create3_examples_py/lib/python3.8/site-packages:/opt/ros/galactic/lib/python3.8/site-packages /usr/bin/cmake --install /home/awasch/work/src/create3_examples/build/create3_coverage
[0.519s] -- Install configuration: ""
[0.520s] -- Up-to-date: /home/awasch/work/src/create3_examples/install/create3_coverage/lib/libcreate3_coverage_core.so
[0.521s] -- Up-to-date: /home/awasch/work/src/create3_examples/install/create3_coverage/lib/create3_coverage/create3_coverage
[0.521s] -- Up-to-date: /home/awasch/work/src/create3_examples/install/create3_coverage/include/
[0.522s] -- Up-to-date: /home/awasch/work/src/create3_examples/install/create3_coverage/include//create3_coverage
[0.522s] -- Up-to-date: /home/awasch/work/src/create3_examples/install/create3_coverage/include//create3_coverage/behaviors
[0.522s] -- Up-to-date: /home/awasch/work/src/create3_examples/install/create3_coverage/include//create3_coverage/behaviors/behavior.hpp
[0.522s] -- Up-to-date: /home/awasch/work/src/create3_examples/install/create3_coverage/include//create3_coverage/behaviors/dock-behavior.hpp
[0.523s] -- Up-to-date: /home/awasch/work/src/create3_examples/install/create3_coverage/include//create3_coverage/behaviors/undock-behavior.hpp
[0.523s] -- Up-to-date: /home/awasch/work/src/create3_examples/install/create3_coverage/include//create3_coverage/behaviors/rotate-behavior.hpp
[0.523s] -- Up-to-date: /home/awasch/work/src/create3_examples/install/create3_coverage/include//create3_coverage/behaviors/spiral-behavior.hpp
[0.523s] -- Up-to-date: /home/awasch/work/src/create3_examples/install/create3_coverage/include//create3_coverage/behaviors/reflex-behavior.hpp
[0.523s] -- Up-to-date: /home/awasch/work/src/create3_examples/install/create3_coverage/include//create3_coverage/behaviors/drive-straight-behavior.hpp
[0.523s] -- Up-to-date: /home/awasch/work/src/create3_examples/install/create3_coverage/include//create3_coverage/create3_coverage_node.hpp
[0.524s] -- Up-to-date: /home/awasch/work/src/create3_examples/install/create3_coverage/include//create3_coverage/state.hpp
[0.524s] -- Up-to-date: /home/awasch/work/src/create3_examples/install/create3_coverage/include//create3_coverage/coverage_state_machine.hpp
[0.524s] -- Up-to-date: /home/awasch/work/src/create3_examples/install/create3_coverage/share/create3_coverage/environment/library_path.sh
[0.524s] -- Up-to-date: /home/awasch/work/src/create3_examples/install/create3_coverage/share/create3_coverage/environment/library_path.dsv
[0.525s] -- Up-to-date: /home/awasch/work/src/create3_examples/install/create3_coverage/share/ament_index/resource_index/package_run_dependencies/create3_coverage
[0.525s] -- Up-to-date: /home/awasch/work/src/create3_examples/install/create3_coverage/share/ament_index/resource_index/parent_prefix_path/create3_coverage
[0.525s] -- Up-to-date: /home/awasch/work/src/create3_examples/install/create3_coverage/share/create3_coverage/environment/ament_prefix_path.sh
[0.525s] -- Up-to-date: /home/awasch/work/src/create3_examples/install/create3_coverage/share/create3_coverage/environment/ament_prefix_path.dsv
[0.525s] -- Up-to-date: /home/awasch/work/src/create3_examples/install/create3_coverage/share/create3_coverage/environment/path.sh
[0.525s] -- Up-to-date: /home/awasch/work/src/create3_examples/install/create3_coverage/share/create3_coverage/environment/path.dsv
[0.525s] -- Up-to-date: /home/awasch/work/src/create3_examples/install/create3_coverage/share/create3_coverage/local_setup.bash
[0.526s] -- Up-to-date: /home/awasch/work/src/create3_examples/install/create3_coverage/share/create3_coverage/local_setup.sh
[0.526s] -- Up-to-date: /home/awasch/work/src/create3_examples/install/create3_coverage/share/create3_coverage/local_setup.zsh
[0.526s] -- Up-to-date: /home/awasch/work/src/create3_examples/install/create3_coverage/share/create3_coverage/local_setup.dsv
[0.526s] -- Installing: /home/awasch/work/src/create3_examples/install/create3_coverage/share/create3_coverage/package.dsv
[0.527s] -- Up-to-date: /home/awasch/work/src/create3_examples/install/create3_coverage/share/ament_index/resource_index/packages/create3_coverage
[0.528s] -- Up-to-date: /home/awasch/work/src/create3_examples/install/create3_coverage/share/create3_coverage/cmake/ament_cmake_export_include_directories-extras.cmake
[0.529s] -- Up-to-date: /home/awasch/work/src/create3_examples/install/create3_coverage/share/create3_coverage/cmake/ament_cmake_export_libraries-extras.cmake
[0.535s] -- Up-to-date: /home/awasch/work/src/create3_examples/install/create3_coverage/share/create3_coverage/cmake/ament_cmake_export_dependencies-extras.cmake
[0.536s] -- Up-to-date: /home/awasch/work/src/create3_examples/install/create3_coverage/share/create3_coverage/cmake/create3_coverageConfig.cmake
[0.536s] -- Up-to-date: /home/awasch/work/src/create3_examples/install/create3_coverage/share/create3_coverage/cmake/create3_coverageConfig-version.cmake
[0.537s] -- Up-to-date: /home/awasch/work/src/create3_examples/install/create3_coverage/share/create3_coverage/package.xml
[0.537s] Invoked command in '/home/awasch/work/src/create3_examples/build/create3_coverage' returned '0': CMAKE_PREFIX_PATH=/home/awasch/work/src/create3_examples/install/create3_examples_msgs:/home/awasch/work/src/create3_examples/install/create3_lidar:/home/awasch/work/src/create3_examples/install/create3_coverage:/home/awasch/work/src/create3_examples/install/create3_teleop:/home/awasch/work/src/create3_examples/install/create3_examples_py:/opt/ros/galactic LD_LIBRARY_PATH=/home/awasch/work/src/create3_examples/install/create3_examples_msgs/lib:/home/awasch/work/src/create3_examples/install/create3_coverage/lib:/opt/ros/galactic/opt/yaml_cpp_vendor/lib:/opt/ros/galactic/opt/rviz_ogre_vendor/lib:/opt/ros/galactic/lib/x86_64-linux-gnu:/opt/ros/galactic/lib PYTHONPATH=/home/awasch/work/src/create3_examples/install/create3_examples_msgs/lib/python3.8/site-packages:/home/awasch/work/src/create3_examples/install/create3_teleop/lib/python3.8/site-packages:/home/awasch/work/src/create3_examples/install/create3_examples_py/lib/python3.8/site-packages:/opt/ros/galactic/lib/python3.8/site-packages /usr/bin/cmake --install /home/awasch/work/src/create3_examples/build/create3_coverage
