[0.196s] DEBUG:colcon:Command line arguments: ['/usr/bin/colcon', 'build']
[0.196s] DEBUG:colcon:Parsed command line arguments: Namespace(allow_overriding=[], ament_cmake_args=None, base_paths=['.'], build_base='build', catkin_cmake_args=None, catkin_skip_building_tests=False, cmake_args=None, cmake_clean_cache=False, cmake_clean_first=False, cmake_force_configure=False, cmake_target=None, cmake_target_skip_unavailable=False, continue_on_error=False, event_handlers=None, executor='parallel', ignore_user_meta=False, install_base='install', log_base=None, log_level=None, main=<bound method BuildVerb.main of <colcon_core.verb.build.BuildVerb object at 0x7f343e4d5670>>, merge_install=False, metas=['./colcon.meta'], packages_above=None, packages_above_and_dependencies=None, packages_above_depth=None, packages_end=None, packages_ignore=None, packages_ignore_regex=None, packages_select=None, packages_select_build_failed=False, packages_select_by_dep=None, packages_select_regex=None, packages_select_test_failures=False, packages_skip=None, packages_skip_build_finished=False, packages_skip_by_dep=None, packages_skip_regex=None, packages_skip_test_passed=False, packages_skip_up_to=None, packages_start=None, packages_up_to=None, packages_up_to_regex=None, parallel_workers=8, paths=None, symlink_install=False, test_result_base=None, verb_extension=<colcon_core.verb.build.BuildVerb object at 0x7f343e4d5670>, verb_name='build', verb_parser=<colcon_defaults.argument_parser.defaults.DefaultArgumentsDecorator object at 0x7f343e4d5bb0>)
[0.234s] Level 1:colcon.colcon_core.package_discovery:discover_packages(colcon_meta) check parameters
[0.234s] Level 1:colcon.colcon_core.package_discovery:discover_packages(recursive) check parameters
[0.234s] Level 1:colcon.colcon_core.package_discovery:discover_packages(ignore) check parameters
[0.234s] Level 1:colcon.colcon_core.package_discovery:discover_packages(path) check parameters
[0.234s] Level 1:colcon.colcon_core.package_discovery:discover_packages(colcon_meta) discover
[0.234s] Level 1:colcon.colcon_core.package_discovery:discover_packages(recursive) discover
[0.234s] INFO:colcon.colcon_core.package_discovery:Crawling recursively for packages in '/home/awasch/work/src/create3_examples'
[0.234s] Level 1:colcon.colcon_core.package_identification:_identify(.) by extensions ['ignore', 'ignore_ament_install']
[0.235s] Level 1:colcon.colcon_core.package_identification:_identify(.) by extension 'ignore'
[0.235s] Level 1:colcon.colcon_core.package_identification:_identify(.) by extension 'ignore_ament_install'
[0.235s] Level 1:colcon.colcon_core.package_identification:_identify(.) by extensions ['colcon_pkg']
[0.235s] Level 1:colcon.colcon_core.package_identification:_identify(.) by extension 'colcon_pkg'
[0.235s] Level 1:colcon.colcon_core.package_identification:_identify(.) by extensions ['colcon_meta']
[0.235s] Level 1:colcon.colcon_core.package_identification:_identify(.) by extension 'colcon_meta'
[0.235s] Level 1:colcon.colcon_core.package_identification:_identify(.) by extensions ['ros']
[0.235s] Level 1:colcon.colcon_core.package_identification:_identify(.) by extension 'ros'
[0.282s] Level 1:colcon.colcon_core.package_identification:_identify(.) by extensions ['cmake', 'python']
[0.282s] Level 1:colcon.colcon_core.package_identification:_identify(.) by extension 'cmake'
[0.282s] Level 1:colcon.colcon_core.package_identification:_identify(.) by extension 'python'
[0.282s] Level 1:colcon.colcon_core.package_identification:_identify(.) by extensions ['python_setup_py']
[0.282s] Level 1:colcon.colcon_core.package_identification:_identify(.) by extension 'python_setup_py'
[0.282s] Level 1:colcon.colcon_core.package_identification:_identify(build) by extensions ['ignore', 'ignore_ament_install']
[0.283s] Level 1:colcon.colcon_core.package_identification:_identify(build) by extension 'ignore'
[0.283s] Level 1:colcon.colcon_core.package_identification:_identify(build) ignored
[0.283s] Level 1:colcon.colcon_core.package_identification:_identify(create3_coverage) by extensions ['ignore', 'ignore_ament_install']
[0.283s] Level 1:colcon.colcon_core.package_identification:_identify(create3_coverage) by extension 'ignore'
[0.283s] Level 1:colcon.colcon_core.package_identification:_identify(create3_coverage) by extension 'ignore_ament_install'
[0.283s] Level 1:colcon.colcon_core.package_identification:_identify(create3_coverage) by extensions ['colcon_pkg']
[0.283s] Level 1:colcon.colcon_core.package_identification:_identify(create3_coverage) by extension 'colcon_pkg'
[0.283s] Level 1:colcon.colcon_core.package_identification:_identify(create3_coverage) by extensions ['colcon_meta']
[0.283s] Level 1:colcon.colcon_core.package_identification:_identify(create3_coverage) by extension 'colcon_meta'
[0.284s] Level 1:colcon.colcon_core.package_identification:_identify(create3_coverage) by extensions ['ros']
[0.284s] Level 1:colcon.colcon_core.package_identification:_identify(create3_coverage) by extension 'ros'
[0.290s] DEBUG:colcon.colcon_core.package_identification:Package 'create3_coverage' with type 'ros.ament_cmake' and name 'create3_coverage'
[0.290s] Level 1:colcon.colcon_core.package_identification:_identify(create3_examples_msgs) by extensions ['ignore', 'ignore_ament_install']
[0.291s] Level 1:colcon.colcon_core.package_identification:_identify(create3_examples_msgs) by extension 'ignore'
[0.291s] Level 1:colcon.colcon_core.package_identification:_identify(create3_examples_msgs) by extension 'ignore_ament_install'
[0.291s] Level 1:colcon.colcon_core.package_identification:_identify(create3_examples_msgs) by extensions ['colcon_pkg']
[0.291s] Level 1:colcon.colcon_core.package_identification:_identify(create3_examples_msgs) by extension 'colcon_pkg'
[0.291s] Level 1:colcon.colcon_core.package_identification:_identify(create3_examples_msgs) by extensions ['colcon_meta']
[0.291s] Level 1:colcon.colcon_core.package_identification:_identify(create3_examples_msgs) by extension 'colcon_meta'
[0.291s] Level 1:colcon.colcon_core.package_identification:_identify(create3_examples_msgs) by extensions ['ros']
[0.291s] Level 1:colcon.colcon_core.package_identification:_identify(create3_examples_msgs) by extension 'ros'
[0.293s] DEBUG:colcon.colcon_core.package_identification:Package 'create3_examples_msgs' with type 'ros.ament_cmake' and name 'create3_examples_msgs'
[0.293s] Level 1:colcon.colcon_core.package_identification:_identify(create3_examples_py) by extensions ['ignore', 'ignore_ament_install']
[0.293s] Level 1:colcon.colcon_core.package_identification:_identify(create3_examples_py) by extension 'ignore'
[0.293s] Level 1:colcon.colcon_core.package_identification:_identify(create3_examples_py) by extension 'ignore_ament_install'
[0.293s] Level 1:colcon.colcon_core.package_identification:_identify(create3_examples_py) by extensions ['colcon_pkg']
[0.293s] Level 1:colcon.colcon_core.package_identification:_identify(create3_examples_py) by extension 'colcon_pkg'
[0.293s] Level 1:colcon.colcon_core.package_identification:_identify(create3_examples_py) by extensions ['colcon_meta']
[0.293s] Level 1:colcon.colcon_core.package_identification:_identify(create3_examples_py) by extension 'colcon_meta'
[0.293s] Level 1:colcon.colcon_core.package_identification:_identify(create3_examples_py) by extensions ['ros']
[0.293s] Level 1:colcon.colcon_core.package_identification:_identify(create3_examples_py) by extension 'ros'
[0.295s] DEBUG:colcon.colcon_core.package_identification:Package 'create3_examples_py' with type 'ros.ament_python' and name 'create3_examples_py'
[0.295s] Level 1:colcon.colcon_core.package_identification:_identify(create3_lidar) by extensions ['ignore', 'ignore_ament_install']
[0.296s] Level 1:colcon.colcon_core.package_identification:_identify(create3_lidar) by extension 'ignore'
[0.296s] Level 1:colcon.colcon_core.package_identification:_identify(create3_lidar) by extension 'ignore_ament_install'
[0.296s] Level 1:colcon.colcon_core.package_identification:_identify(create3_lidar) by extensions ['colcon_pkg']
[0.296s] Level 1:colcon.colcon_core.package_identification:_identify(create3_lidar) by extension 'colcon_pkg'
[0.296s] Level 1:colcon.colcon_core.package_identification:_identify(create3_lidar) by extensions ['colcon_meta']
[0.296s] Level 1:colcon.colcon_core.package_identification:_identify(create3_lidar) by extension 'colcon_meta'
[0.296s] Level 1:colcon.colcon_core.package_identification:_identify(create3_lidar) by extensions ['ros']
[0.296s] Level 1:colcon.colcon_core.package_identification:_identify(create3_lidar) by extension 'ros'
[0.298s] DEBUG:colcon.colcon_core.package_identification:Package 'create3_lidar' with type 'ros.ament_cmake' and name 'create3_lidar'
[0.298s] Level 1:colcon.colcon_core.package_identification:_identify(create3_teleop) by extensions ['ignore', 'ignore_ament_install']
[0.298s] Level 1:colcon.colcon_core.package_identification:_identify(create3_teleop) by extension 'ignore'
[0.298s] Level 1:colcon.colcon_core.package_identification:_identify(create3_teleop) by extension 'ignore_ament_install'
[0.298s] Level 1:colcon.colcon_core.package_identification:_identify(create3_teleop) by extensions ['colcon_pkg']
[0.298s] Level 1:colcon.colcon_core.package_identification:_identify(create3_teleop) by extension 'colcon_pkg'
[0.298s] Level 1:colcon.colcon_core.package_identification:_identify(create3_teleop) by extensions ['colcon_meta']
[0.298s] Level 1:colcon.colcon_core.package_identification:_identify(create3_teleop) by extension 'colcon_meta'
[0.298s] Level 1:colcon.colcon_core.package_identification:_identify(create3_teleop) by extensions ['ros']
[0.299s] Level 1:colcon.colcon_core.package_identification:_identify(create3_teleop) by extension 'ros'
[0.300s] DEBUG:colcon.colcon_core.package_identification:Package 'create3_teleop' with type 'ros.ament_python' and name 'create3_teleop'
[0.300s] Level 1:colcon.colcon_core.package_identification:_identify(install) by extensions ['ignore', 'ignore_ament_install']
[0.300s] Level 1:colcon.colcon_core.package_identification:_identify(install) by extension 'ignore'
[0.300s] Level 1:colcon.colcon_core.package_identification:_identify(install) ignored
[0.300s] Level 1:colcon.colcon_core.package_identification:_identify(log) by extensions ['ignore', 'ignore_ament_install']
[0.300s] Level 1:colcon.colcon_core.package_identification:_identify(log) by extension 'ignore'
[0.300s] Level 1:colcon.colcon_core.package_identification:_identify(log) ignored
[0.301s] Level 1:colcon.colcon_core.package_identification:_identify(shoebot) by extensions ['ignore', 'ignore_ament_install']
[0.301s] Level 1:colcon.colcon_core.package_identification:_identify(shoebot) by extension 'ignore'
[0.301s] Level 1:colcon.colcon_core.package_identification:_identify(shoebot) by extension 'ignore_ament_install'
[0.301s] Level 1:colcon.colcon_core.package_identification:_identify(shoebot) by extensions ['colcon_pkg']
[0.301s] Level 1:colcon.colcon_core.package_identification:_identify(shoebot) by extension 'colcon_pkg'
[0.301s] Level 1:colcon.colcon_core.package_identification:_identify(shoebot) by extensions ['colcon_meta']
[0.301s] Level 1:colcon.colcon_core.package_identification:_identify(shoebot) by extension 'colcon_meta'
[0.301s] Level 1:colcon.colcon_core.package_identification:_identify(shoebot) by extensions ['ros']
[0.301s] Level 1:colcon.colcon_core.package_identification:_identify(shoebot) by extension 'ros'
[0.301s] Level 1:colcon.colcon_core.package_identification:_identify(shoebot) by extensions ['cmake', 'python']
[0.301s] Level 1:colcon.colcon_core.package_identification:_identify(shoebot) by extension 'cmake'
[0.302s] Level 1:colcon.colcon_core.package_identification:_identify(shoebot) by extension 'python'
[0.302s] Level 1:colcon.colcon_core.package_identification:_identify(shoebot) by extensions ['python_setup_py']
[0.302s] Level 1:colcon.colcon_core.package_identification:_identify(shoebot) by extension 'python_setup_py'
[0.302s] Level 1:colcon.colcon_core.package_discovery:discover_packages(recursive) using defaults
[0.302s] Level 1:colcon.colcon_core.package_discovery:discover_packages(ignore) discover
[0.302s] Level 1:colcon.colcon_core.package_discovery:discover_packages(ignore) using defaults
[0.302s] Level 1:colcon.colcon_core.package_discovery:discover_packages(path) discover
[0.302s] Level 1:colcon.colcon_core.package_discovery:discover_packages(path) using defaults
[0.328s] Level 1:colcon.colcon_core.package_discovery:discover_packages(prefix_path) check parameters
[0.328s] Level 1:colcon.colcon_core.package_discovery:discover_packages(prefix_path) discover
[0.333s] DEBUG:colcon.colcon_installed_package_information.package_discovery:Found 279 installed packages in /opt/ros/galactic
[0.335s] Level 1:colcon.colcon_core.package_discovery:discover_packages(prefix_path) using defaults
[0.440s] Level 5:colcon.colcon_core.verb:set package 'create3_examples_msgs' build argument 'cmake_args' from command line to 'None'
[0.440s] Level 5:colcon.colcon_core.verb:set package 'create3_examples_msgs' build argument 'cmake_target' from command line to 'None'
[0.440s] Level 5:colcon.colcon_core.verb:set package 'create3_examples_msgs' build argument 'cmake_target_skip_unavailable' from command line to 'False'
[0.440s] Level 5:colcon.colcon_core.verb:set package 'create3_examples_msgs' build argument 'cmake_clean_cache' from command line to 'False'
[0.440s] Level 5:colcon.colcon_core.verb:set package 'create3_examples_msgs' build argument 'cmake_clean_first' from command line to 'False'
[0.440s] Level 5:colcon.colcon_core.verb:set package 'create3_examples_msgs' build argument 'cmake_force_configure' from command line to 'False'
[0.440s] Level 5:colcon.colcon_core.verb:set package 'create3_examples_msgs' build argument 'ament_cmake_args' from command line to 'None'
[0.440s] Level 5:colcon.colcon_core.verb:set package 'create3_examples_msgs' build argument 'catkin_cmake_args' from command line to 'None'
[0.440s] Level 5:colcon.colcon_core.verb:set package 'create3_examples_msgs' build argument 'catkin_skip_building_tests' from command line to 'False'
[0.440s] DEBUG:colcon.colcon_core.verb:Building package 'create3_examples_msgs' with the following arguments: {'ament_cmake_args': None, 'build_base': '/home/awasch/work/src/create3_examples/build/create3_examples_msgs', 'catkin_cmake_args': None, 'catkin_skip_building_tests': False, 'cmake_args': None, 'cmake_clean_cache': False, 'cmake_clean_first': False, 'cmake_force_configure': False, 'cmake_target': None, 'cmake_target_skip_unavailable': False, 'install_base': '/home/awasch/work/src/create3_examples/install/create3_examples_msgs', 'merge_install': False, 'path': '/home/awasch/work/src/create3_examples/create3_examples_msgs', 'symlink_install': False, 'test_result_base': None}
[0.442s] Level 5:colcon.colcon_core.verb:set package 'create3_examples_py' build argument 'cmake_args' from command line to 'None'
[0.442s] Level 5:colcon.colcon_core.verb:set package 'create3_examples_py' build argument 'cmake_target' from command line to 'None'
[0.442s] Level 5:colcon.colcon_core.verb:set package 'create3_examples_py' build argument 'cmake_target_skip_unavailable' from command line to 'False'
[0.442s] Level 5:colcon.colcon_core.verb:set package 'create3_examples_py' build argument 'cmake_clean_cache' from command line to 'False'
[0.442s] Level 5:colcon.colcon_core.verb:set package 'create3_examples_py' build argument 'cmake_clean_first' from command line to 'False'
[0.442s] Level 5:colcon.colcon_core.verb:set package 'create3_examples_py' build argument 'cmake_force_configure' from command line to 'False'
[0.443s] Level 5:colcon.colcon_core.verb:set package 'create3_examples_py' build argument 'ament_cmake_args' from command line to 'None'
[0.443s] Level 5:colcon.colcon_core.verb:set package 'create3_examples_py' build argument 'catkin_cmake_args' from command line to 'None'
[0.443s] Level 5:colcon.colcon_core.verb:set package 'create3_examples_py' build argument 'catkin_skip_building_tests' from command line to 'False'
[0.443s] DEBUG:colcon.colcon_core.verb:Building package 'create3_examples_py' with the following arguments: {'ament_cmake_args': None, 'build_base': '/home/awasch/work/src/create3_examples/build/create3_examples_py', 'catkin_cmake_args': None, 'catkin_skip_building_tests': False, 'cmake_args': None, 'cmake_clean_cache': False, 'cmake_clean_first': False, 'cmake_force_configure': False, 'cmake_target': None, 'cmake_target_skip_unavailable': False, 'install_base': '/home/awasch/work/src/create3_examples/install/create3_examples_py', 'merge_install': False, 'path': '/home/awasch/work/src/create3_examples/create3_examples_py', 'symlink_install': False, 'test_result_base': None}
[0.445s] Level 5:colcon.colcon_core.verb:set package 'create3_lidar' build argument 'cmake_args' from command line to 'None'
[0.445s] Level 5:colcon.colcon_core.verb:set package 'create3_lidar' build argument 'cmake_target' from command line to 'None'
[0.445s] Level 5:colcon.colcon_core.verb:set package 'create3_lidar' build argument 'cmake_target_skip_unavailable' from command line to 'False'
[0.445s] Level 5:colcon.colcon_core.verb:set package 'create3_lidar' build argument 'cmake_clean_cache' from command line to 'False'
[0.445s] Level 5:colcon.colcon_core.verb:set package 'create3_lidar' build argument 'cmake_clean_first' from command line to 'False'
[0.445s] Level 5:colcon.colcon_core.verb:set package 'create3_lidar' build argument 'cmake_force_configure' from command line to 'False'
[0.445s] Level 5:colcon.colcon_core.verb:set package 'create3_lidar' build argument 'ament_cmake_args' from command line to 'None'
[0.445s] Level 5:colcon.colcon_core.verb:set package 'create3_lidar' build argument 'catkin_cmake_args' from command line to 'None'
[0.445s] Level 5:colcon.colcon_core.verb:set package 'create3_lidar' build argument 'catkin_skip_building_tests' from command line to 'False'
[0.445s] DEBUG:colcon.colcon_core.verb:Building package 'create3_lidar' with the following arguments: {'ament_cmake_args': None, 'build_base': '/home/awasch/work/src/create3_examples/build/create3_lidar', 'catkin_cmake_args': None, 'catkin_skip_building_tests': False, 'cmake_args': None, 'cmake_clean_cache': False, 'cmake_clean_first': False, 'cmake_force_configure': False, 'cmake_target': None, 'cmake_target_skip_unavailable': False, 'install_base': '/home/awasch/work/src/create3_examples/install/create3_lidar', 'merge_install': False, 'path': '/home/awasch/work/src/create3_examples/create3_lidar', 'symlink_install': False, 'test_result_base': None}
[0.447s] Level 5:colcon.colcon_core.verb:set package 'create3_teleop' build argument 'cmake_args' from command line to 'None'
[0.447s] Level 5:colcon.colcon_core.verb:set package 'create3_teleop' build argument 'cmake_target' from command line to 'None'
[0.447s] Level 5:colcon.colcon_core.verb:set package 'create3_teleop' build argument 'cmake_target_skip_unavailable' from command line to 'False'
[0.447s] Level 5:colcon.colcon_core.verb:set package 'create3_teleop' build argument 'cmake_clean_cache' from command line to 'False'
[0.447s] Level 5:colcon.colcon_core.verb:set package 'create3_teleop' build argument 'cmake_clean_first' from command line to 'False'
[0.447s] Level 5:colcon.colcon_core.verb:set package 'create3_teleop' build argument 'cmake_force_configure' from command line to 'False'
[0.448s] Level 5:colcon.colcon_core.verb:set package 'create3_teleop' build argument 'ament_cmake_args' from command line to 'None'
[0.448s] Level 5:colcon.colcon_core.verb:set package 'create3_teleop' build argument 'catkin_cmake_args' from command line to 'None'
[0.448s] Level 5:colcon.colcon_core.verb:set package 'create3_teleop' build argument 'catkin_skip_building_tests' from command line to 'False'
[0.448s] DEBUG:colcon.colcon_core.verb:Building package 'create3_teleop' with the following arguments: {'ament_cmake_args': None, 'build_base': '/home/awasch/work/src/create3_examples/build/create3_teleop', 'catkin_cmake_args': None, 'catkin_skip_building_tests': False, 'cmake_args': None, 'cmake_clean_cache': False, 'cmake_clean_first': False, 'cmake_force_configure': False, 'cmake_target': None, 'cmake_target_skip_unavailable': False, 'install_base': '/home/awasch/work/src/create3_examples/install/create3_teleop', 'merge_install': False, 'path': '/home/awasch/work/src/create3_examples/create3_teleop', 'symlink_install': False, 'test_result_base': None}
[0.450s] Level 5:colcon.colcon_core.verb:set package 'create3_coverage' build argument 'cmake_args' from command line to 'None'
[0.450s] Level 5:colcon.colcon_core.verb:set package 'create3_coverage' build argument 'cmake_target' from command line to 'None'
[0.450s] Level 5:colcon.colcon_core.verb:set package 'create3_coverage' build argument 'cmake_target_skip_unavailable' from command line to 'False'
[0.450s] Level 5:colcon.colcon_core.verb:set package 'create3_coverage' build argument 'cmake_clean_cache' from command line to 'False'
[0.450s] Level 5:colcon.colcon_core.verb:set package 'create3_coverage' build argument 'cmake_clean_first' from command line to 'False'
[0.450s] Level 5:colcon.colcon_core.verb:set package 'create3_coverage' build argument 'cmake_force_configure' from command line to 'False'
[0.450s] Level 5:colcon.colcon_core.verb:set package 'create3_coverage' build argument 'ament_cmake_args' from command line to 'None'
[0.450s] Level 5:colcon.colcon_core.verb:set package 'create3_coverage' build argument 'catkin_cmake_args' from command line to 'None'
[0.450s] Level 5:colcon.colcon_core.verb:set package 'create3_coverage' build argument 'catkin_skip_building_tests' from command line to 'False'
[0.450s] DEBUG:colcon.colcon_core.verb:Building package 'create3_coverage' with the following arguments: {'ament_cmake_args': None, 'build_base': '/home/awasch/work/src/create3_examples/build/create3_coverage', 'catkin_cmake_args': None, 'catkin_skip_building_tests': False, 'cmake_args': None, 'cmake_clean_cache': False, 'cmake_clean_first': False, 'cmake_force_configure': False, 'cmake_target': None, 'cmake_target_skip_unavailable': False, 'install_base': '/home/awasch/work/src/create3_examples/install/create3_coverage', 'merge_install': False, 'path': '/home/awasch/work/src/create3_examples/create3_coverage', 'symlink_install': False, 'test_result_base': None}
[0.451s] INFO:colcon.colcon_core.executor:Executing jobs using 'parallel' executor
[0.459s] DEBUG:colcon.colcon_parallel_executor.executor.parallel:run_until_complete
[0.459s] INFO:colcon.colcon_ros.task.ament_cmake.build:Building ROS package in '/home/awasch/work/src/create3_examples/create3_examples_msgs' with build type 'ament_cmake'
[0.460s] INFO:colcon.colcon_cmake.task.cmake.build:Building CMake package in '/home/awasch/work/src/create3_examples/create3_examples_msgs'
[0.468s] INFO:colcon.colcon_core.plugin_system:Skipping extension 'colcon_core.shell.bat': Not used on non-Windows systems
[0.468s] INFO:colcon.colcon_core.shell:Skip shell extension 'powershell' for command environment: Not usable outside of PowerShell
[0.468s] DEBUG:colcon.colcon_core.shell:Skip shell extension 'dsv' for command environment
[0.475s] INFO:colcon.colcon_ros.task.ament_python.build:Building ROS package in '/home/awasch/work/src/create3_examples/create3_examples_py' with build type 'ament_python'
[0.476s] Level 1:colcon.colcon_core.shell:create_environment_hook('create3_examples_py', 'ament_prefix_path')
[0.478s] INFO:colcon.colcon_core.shell:Creating environment hook '/home/awasch/work/src/create3_examples/install/create3_examples_py/share/create3_examples_py/hook/ament_prefix_path.ps1'
[0.480s] INFO:colcon.colcon_core.shell:Creating environment descriptor '/home/awasch/work/src/create3_examples/install/create3_examples_py/share/create3_examples_py/hook/ament_prefix_path.dsv'
[0.481s] INFO:colcon.colcon_core.shell:Creating environment hook '/home/awasch/work/src/create3_examples/install/create3_examples_py/share/create3_examples_py/hook/ament_prefix_path.sh'
[0.483s] INFO:colcon.colcon_core.shell:Skip shell extension 'powershell' for command environment: Not usable outside of PowerShell
[0.484s] DEBUG:colcon.colcon_core.shell:Skip shell extension 'dsv' for command environment
[0.489s] INFO:colcon.colcon_ros.task.ament_cmake.build:Building ROS package in '/home/awasch/work/src/create3_examples/create3_lidar' with build type 'ament_cmake'
[0.490s] INFO:colcon.colcon_cmake.task.cmake.build:Building CMake package in '/home/awasch/work/src/create3_examples/create3_lidar'
[0.493s] INFO:colcon.colcon_core.shell:Skip shell extension 'powershell' for command environment: Not usable outside of PowerShell
[0.493s] DEBUG:colcon.colcon_core.shell:Skip shell extension 'dsv' for command environment
[0.504s] INFO:colcon.colcon_ros.task.ament_python.build:Building ROS package in '/home/awasch/work/src/create3_examples/create3_teleop' with build type 'ament_python'
[0.505s] Level 1:colcon.colcon_core.shell:create_environment_hook('create3_teleop', 'ament_prefix_path')
[0.508s] INFO:colcon.colcon_core.shell:Creating environment hook '/home/awasch/work/src/create3_examples/install/create3_teleop/share/create3_teleop/hook/ament_prefix_path.ps1'
[0.509s] INFO:colcon.colcon_core.shell:Creating environment descriptor '/home/awasch/work/src/create3_examples/install/create3_teleop/share/create3_teleop/hook/ament_prefix_path.dsv'
[0.510s] INFO:colcon.colcon_core.shell:Creating environment hook '/home/awasch/work/src/create3_examples/install/create3_teleop/share/create3_teleop/hook/ament_prefix_path.sh'
[0.513s] INFO:colcon.colcon_core.shell:Skip shell extension 'powershell' for command environment: Not usable outside of PowerShell
[0.513s] DEBUG:colcon.colcon_core.shell:Skip shell extension 'dsv' for command environment
[0.530s] DEBUG:colcon.colcon_core.event_handler.log_command:Invoking command in '/home/awasch/work/src/create3_examples/build/create3_examples_msgs': CMAKE_PREFIX_PATH=/opt/ros/galactic /usr/bin/cmake --build /home/awasch/work/src/create3_examples/build/create3_examples_msgs -- -j8 -l8
[0.911s] INFO:colcon.colcon_core.task.python.build:Building Python package in '/home/awasch/work/src/create3_examples/create3_examples_py'
[0.915s] INFO:colcon.colcon_core.shell:Skip shell extension 'powershell' for command environment: Not usable outside of PowerShell
[0.915s] DEBUG:colcon.colcon_core.shell:Skip shell extension 'dsv' for command environment
[0.931s] DEBUG:colcon.colcon_core.event_handler.log_command:Invoking command in '/home/awasch/work/src/create3_examples/build/create3_lidar': CMAKE_PREFIX_PATH=/opt/ros/galactic /usr/bin/cmake --build /home/awasch/work/src/create3_examples/build/create3_lidar -- -j8 -l8
[1.235s] INFO:colcon.colcon_core.task.python.build:Building Python package in '/home/awasch/work/src/create3_examples/create3_teleop'
[1.238s] INFO:colcon.colcon_core.shell:Skip shell extension 'powershell' for command environment: Not usable outside of PowerShell
[1.238s] DEBUG:colcon.colcon_core.shell:Skip shell extension 'dsv' for command environment
[1.264s] DEBUG:colcon.colcon_core.event_handler.log_command:Invoked command in '/home/awasch/work/src/create3_examples/build/create3_examples_msgs' returned '0': CMAKE_PREFIX_PATH=/opt/ros/galactic /usr/bin/cmake --build /home/awasch/work/src/create3_examples/build/create3_examples_msgs -- -j8 -l8
[1.265s] DEBUG:colcon.colcon_core.event_handler.log_command:Invoked command in '/home/awasch/work/src/create3_examples/build/create3_lidar' returned '0': CMAKE_PREFIX_PATH=/opt/ros/galactic /usr/bin/cmake --build /home/awasch/work/src/create3_examples/build/create3_lidar -- -j8 -l8
[1.333s] DEBUG:colcon.colcon_core.event_handler.log_command:Invoking command in '/home/awasch/work/src/create3_examples/build/create3_lidar': CMAKE_PREFIX_PATH=/opt/ros/galactic /usr/bin/cmake --install /home/awasch/work/src/create3_examples/build/create3_lidar
[1.371s] Level 1:colcon.colcon_core.environment:create_environment_scripts_only(create3_lidar)
[1.373s] DEBUG:colcon.colcon_core.event_handler.log_command:Invoked command in '/home/awasch/work/src/create3_examples/build/create3_lidar' returned '0': CMAKE_PREFIX_PATH=/opt/ros/galactic /usr/bin/cmake --install /home/awasch/work/src/create3_examples/build/create3_lidar
[1.387s] Level 1:colcon.colcon_core.environment:checking '/home/awasch/work/src/create3_examples/install/create3_lidar' for CMake module files
[1.388s] Level 1:colcon.colcon_core.environment:checking '/home/awasch/work/src/create3_examples/install/create3_lidar' for CMake config files
[1.388s] Level 1:colcon.colcon_core.shell:create_environment_hook('create3_lidar', 'cmake_prefix_path')
[1.393s] INFO:colcon.colcon_core.shell:Creating environment hook '/home/awasch/work/src/create3_examples/install/create3_lidar/share/create3_lidar/hook/cmake_prefix_path.ps1'
[1.394s] INFO:colcon.colcon_core.shell:Creating environment descriptor '/home/awasch/work/src/create3_examples/install/create3_lidar/share/create3_lidar/hook/cmake_prefix_path.dsv'
[1.394s] INFO:colcon.colcon_core.shell:Creating environment hook '/home/awasch/work/src/create3_examples/install/create3_lidar/share/create3_lidar/hook/cmake_prefix_path.sh'
[1.398s] Level 1:colcon.colcon_core.environment:checking '/home/awasch/work/src/create3_examples/install/create3_lidar/bin'
[1.398s] Level 1:colcon.colcon_core.environment:checking '/home/awasch/work/src/create3_examples/install/create3_lidar/lib/pkgconfig/create3_lidar.pc'
[1.399s] Level 1:colcon.colcon_core.environment:checking '/home/awasch/work/src/create3_examples/install/create3_lidar/lib/python3.8/site-packages'
[1.399s] Level 1:colcon.colcon_core.environment:checking '/home/awasch/work/src/create3_examples/install/create3_lidar/bin'
[1.403s] INFO:colcon.colcon_core.shell:Creating package script '/home/awasch/work/src/create3_examples/install/create3_lidar/share/create3_lidar/package.ps1'
[1.405s] INFO:colcon.colcon_core.shell:Creating package descriptor '/home/awasch/work/src/create3_examples/install/create3_lidar/share/create3_lidar/package.dsv'
[1.406s] INFO:colcon.colcon_core.shell:Creating package script '/home/awasch/work/src/create3_examples/install/create3_lidar/share/create3_lidar/package.sh'
[1.410s] INFO:colcon.colcon_core.shell:Creating package script '/home/awasch/work/src/create3_examples/install/create3_lidar/share/create3_lidar/package.bash'
[1.413s] INFO:colcon.colcon_core.shell:Creating package script '/home/awasch/work/src/create3_examples/install/create3_lidar/share/create3_lidar/package.zsh'
[1.415s] Level 1:colcon.colcon_core.environment:create_file_with_runtime_dependencies(/home/awasch/work/src/create3_examples/install/create3_lidar/share/colcon-core/packages/create3_lidar)
[1.473s] DEBUG:colcon.colcon_core.event_handler.log_command:Invoking command in '/home/awasch/work/src/create3_examples/build/create3_examples_msgs': CMAKE_PREFIX_PATH=/opt/ros/galactic /usr/bin/cmake --install /home/awasch/work/src/create3_examples/build/create3_examples_msgs
[1.480s] Level 1:colcon.colcon_core.environment:create_environment_scripts_only(create3_lidar)
[1.484s] Level 1:colcon.colcon_core.environment:checking '/home/awasch/work/src/create3_examples/install/create3_lidar' for CMake module files
[1.485s] Level 1:colcon.colcon_core.environment:checking '/home/awasch/work/src/create3_examples/install/create3_lidar' for CMake config files
[1.486s] Level 1:colcon.colcon_core.shell:create_environment_hook('create3_lidar', 'cmake_prefix_path')
[1.488s] INFO:colcon.colcon_core.shell:Creating environment hook '/home/awasch/work/src/create3_examples/install/create3_lidar/share/create3_lidar/hook/cmake_prefix_path.ps1'
[1.490s] INFO:colcon.colcon_core.shell:Creating environment descriptor '/home/awasch/work/src/create3_examples/install/create3_lidar/share/create3_lidar/hook/cmake_prefix_path.dsv'
[1.491s] INFO:colcon.colcon_core.shell:Creating environment hook '/home/awasch/work/src/create3_examples/install/create3_lidar/share/create3_lidar/hook/cmake_prefix_path.sh'
[1.492s] Level 1:colcon.colcon_core.environment:checking '/home/awasch/work/src/create3_examples/install/create3_lidar/bin'
[1.492s] Level 1:colcon.colcon_core.environment:checking '/home/awasch/work/src/create3_examples/install/create3_lidar/lib/pkgconfig/create3_lidar.pc'
[1.493s] Level 1:colcon.colcon_core.environment:checking '/home/awasch/work/src/create3_examples/install/create3_lidar/lib/python3.8/site-packages'
[1.493s] Level 1:colcon.colcon_core.environment:checking '/home/awasch/work/src/create3_examples/install/create3_lidar/bin'
[1.503s] INFO:colcon.colcon_core.shell:Creating package script '/home/awasch/work/src/create3_examples/install/create3_lidar/share/create3_lidar/package.ps1'
[1.504s] INFO:colcon.colcon_core.shell:Creating package descriptor '/home/awasch/work/src/create3_examples/install/create3_lidar/share/create3_lidar/package.dsv'
[1.505s] INFO:colcon.colcon_core.shell:Creating package script '/home/awasch/work/src/create3_examples/install/create3_lidar/share/create3_lidar/package.sh'
[1.506s] INFO:colcon.colcon_core.shell:Creating package script '/home/awasch/work/src/create3_examples/install/create3_lidar/share/create3_lidar/package.bash'
[1.507s] INFO:colcon.colcon_core.shell:Creating package script '/home/awasch/work/src/create3_examples/install/create3_lidar/share/create3_lidar/package.zsh'
[1.508s] Level 1:colcon.colcon_core.environment:create_file_with_runtime_dependencies(/home/awasch/work/src/create3_examples/install/create3_lidar/share/colcon-core/packages/create3_lidar)
[1.584s] Level 1:colcon.colcon_core.environment:create_environment_scripts_only(create3_examples_msgs)
[1.588s] Level 1:colcon.colcon_core.environment:checking '/home/awasch/work/src/create3_examples/install/create3_examples_msgs' for CMake module files
[1.589s] Level 1:colcon.colcon_core.environment:checking '/home/awasch/work/src/create3_examples/install/create3_examples_msgs' for CMake config files
[1.590s] Level 1:colcon.colcon_core.shell:create_environment_hook('create3_examples_msgs', 'cmake_prefix_path')
[1.593s] INFO:colcon.colcon_core.shell:Creating environment hook '/home/awasch/work/src/create3_examples/install/create3_examples_msgs/share/create3_examples_msgs/hook/cmake_prefix_path.ps1'
[1.593s] INFO:colcon.colcon_core.shell:Creating environment descriptor '/home/awasch/work/src/create3_examples/install/create3_examples_msgs/share/create3_examples_msgs/hook/cmake_prefix_path.dsv'
[1.594s] INFO:colcon.colcon_core.shell:Creating environment hook '/home/awasch/work/src/create3_examples/install/create3_examples_msgs/share/create3_examples_msgs/hook/cmake_prefix_path.sh'
[1.595s] Level 1:colcon.colcon_core.environment:checking '/home/awasch/work/src/create3_examples/install/create3_examples_msgs/lib'
[1.595s] Level 1:colcon.colcon_core.shell:create_environment_hook('create3_examples_msgs', 'ld_library_path_lib')
[1.598s] INFO:colcon.colcon_core.shell:Creating environment hook '/home/awasch/work/src/create3_examples/install/create3_examples_msgs/share/create3_examples_msgs/hook/ld_library_path_lib.ps1'
[1.599s] DEBUG:colcon.colcon_core.event_handler.log_command:Invoked command in '/home/awasch/work/src/create3_examples/build/create3_examples_msgs' returned '0': CMAKE_PREFIX_PATH=/opt/ros/galactic /usr/bin/cmake --install /home/awasch/work/src/create3_examples/build/create3_examples_msgs
[1.599s] INFO:colcon.colcon_core.shell:Creating environment descriptor '/home/awasch/work/src/create3_examples/install/create3_examples_msgs/share/create3_examples_msgs/hook/ld_library_path_lib.dsv'
[1.600s] INFO:colcon.colcon_core.shell:Creating environment hook '/home/awasch/work/src/create3_examples/install/create3_examples_msgs/share/create3_examples_msgs/hook/ld_library_path_lib.sh'
[1.600s] Level 1:colcon.colcon_core.environment:checking '/home/awasch/work/src/create3_examples/install/create3_examples_msgs/bin'
[1.600s] Level 1:colcon.colcon_core.environment:checking '/home/awasch/work/src/create3_examples/install/create3_examples_msgs/lib/pkgconfig/create3_examples_msgs.pc'
[1.601s] Level 1:colcon.colcon_core.environment:checking '/home/awasch/work/src/create3_examples/install/create3_examples_msgs/lib/python3.8/site-packages'
[1.601s] Level 1:colcon.colcon_core.shell:create_environment_hook('create3_examples_msgs', 'pythonpath')
[1.602s] INFO:colcon.colcon_core.shell:Creating environment hook '/home/awasch/work/src/create3_examples/install/create3_examples_msgs/share/create3_examples_msgs/hook/pythonpath.ps1'
[1.603s] INFO:colcon.colcon_core.shell:Creating environment descriptor '/home/awasch/work/src/create3_examples/install/create3_examples_msgs/share/create3_examples_msgs/hook/pythonpath.dsv'
[1.604s] INFO:colcon.colcon_core.shell:Creating environment hook '/home/awasch/work/src/create3_examples/install/create3_examples_msgs/share/create3_examples_msgs/hook/pythonpath.sh'
[1.604s] Level 1:colcon.colcon_core.environment:checking '/home/awasch/work/src/create3_examples/install/create3_examples_msgs/bin'
[1.607s] INFO:colcon.colcon_core.shell:Creating package script '/home/awasch/work/src/create3_examples/install/create3_examples_msgs/share/create3_examples_msgs/package.ps1'
[1.608s] INFO:colcon.colcon_core.shell:Creating package descriptor '/home/awasch/work/src/create3_examples/install/create3_examples_msgs/share/create3_examples_msgs/package.dsv'
[1.608s] INFO:colcon.colcon_core.shell:Creating package script '/home/awasch/work/src/create3_examples/install/create3_examples_msgs/share/create3_examples_msgs/package.sh'
[1.609s] INFO:colcon.colcon_core.shell:Creating package script '/home/awasch/work/src/create3_examples/install/create3_examples_msgs/share/create3_examples_msgs/package.bash'
[1.610s] INFO:colcon.colcon_core.shell:Creating package script '/home/awasch/work/src/create3_examples/install/create3_examples_msgs/share/create3_examples_msgs/package.zsh'
[1.610s] Level 1:colcon.colcon_core.environment:create_file_with_runtime_dependencies(/home/awasch/work/src/create3_examples/install/create3_examples_msgs/share/colcon-core/packages/create3_examples_msgs)
[1.737s] Level 1:colcon.colcon_core.environment:create_environment_scripts_only(create3_examples_msgs)
[1.741s] Level 1:colcon.colcon_core.environment:checking '/home/awasch/work/src/create3_examples/install/create3_examples_msgs' for CMake module files
[1.742s] Level 1:colcon.colcon_core.environment:checking '/home/awasch/work/src/create3_examples/install/create3_examples_msgs' for CMake config files
[1.743s] Level 1:colcon.colcon_core.shell:create_environment_hook('create3_examples_msgs', 'cmake_prefix_path')
[1.746s] INFO:colcon.colcon_core.shell:Creating environment hook '/home/awasch/work/src/create3_examples/install/create3_examples_msgs/share/create3_examples_msgs/hook/cmake_prefix_path.ps1'
[1.747s] INFO:colcon.colcon_core.shell:Creating environment descriptor '/home/awasch/work/src/create3_examples/install/create3_examples_msgs/share/create3_examples_msgs/hook/cmake_prefix_path.dsv'
[1.748s] INFO:colcon.colcon_core.shell:Creating environment hook '/home/awasch/work/src/create3_examples/install/create3_examples_msgs/share/create3_examples_msgs/hook/cmake_prefix_path.sh'
[1.749s] Level 1:colcon.colcon_core.environment:checking '/home/awasch/work/src/create3_examples/install/create3_examples_msgs/lib'
[1.749s] Level 1:colcon.colcon_core.shell:create_environment_hook('create3_examples_msgs', 'ld_library_path_lib')
[1.752s] INFO:colcon.colcon_core.shell:Creating environment hook '/home/awasch/work/src/create3_examples/install/create3_examples_msgs/share/create3_examples_msgs/hook/ld_library_path_lib.ps1'
[1.752s] INFO:colcon.colcon_core.shell:Creating environment descriptor '/home/awasch/work/src/create3_examples/install/create3_examples_msgs/share/create3_examples_msgs/hook/ld_library_path_lib.dsv'
[1.753s] INFO:colcon.colcon_core.shell:Creating environment hook '/home/awasch/work/src/create3_examples/install/create3_examples_msgs/share/create3_examples_msgs/hook/ld_library_path_lib.sh'
[1.754s] Level 1:colcon.colcon_core.environment:checking '/home/awasch/work/src/create3_examples/install/create3_examples_msgs/bin'
[1.754s] Level 1:colcon.colcon_core.environment:checking '/home/awasch/work/src/create3_examples/install/create3_examples_msgs/lib/pkgconfig/create3_examples_msgs.pc'
[1.754s] Level 1:colcon.colcon_core.environment:checking '/home/awasch/work/src/create3_examples/install/create3_examples_msgs/lib/python3.8/site-packages'
[1.754s] Level 1:colcon.colcon_core.shell:create_environment_hook('create3_examples_msgs', 'pythonpath')
[1.757s] INFO:colcon.colcon_core.shell:Creating environment hook '/home/awasch/work/src/create3_examples/install/create3_examples_msgs/share/create3_examples_msgs/hook/pythonpath.ps1'
[1.758s] INFO:colcon.colcon_core.shell:Creating environment descriptor '/home/awasch/work/src/create3_examples/install/create3_examples_msgs/share/create3_examples_msgs/hook/pythonpath.dsv'
[1.759s] INFO:colcon.colcon_core.shell:Creating environment hook '/home/awasch/work/src/create3_examples/install/create3_examples_msgs/share/create3_examples_msgs/hook/pythonpath.sh'
[1.760s] Level 1:colcon.colcon_core.environment:checking '/home/awasch/work/src/create3_examples/install/create3_examples_msgs/bin'
[1.763s] INFO:colcon.colcon_core.shell:Creating package script '/home/awasch/work/src/create3_examples/install/create3_examples_msgs/share/create3_examples_msgs/package.ps1'
[1.764s] INFO:colcon.colcon_core.shell:Creating package descriptor '/home/awasch/work/src/create3_examples/install/create3_examples_msgs/share/create3_examples_msgs/package.dsv'
[1.765s] INFO:colcon.colcon_core.shell:Creating package script '/home/awasch/work/src/create3_examples/install/create3_examples_msgs/share/create3_examples_msgs/package.sh'
[1.766s] INFO:colcon.colcon_core.shell:Creating package script '/home/awasch/work/src/create3_examples/install/create3_examples_msgs/share/create3_examples_msgs/package.bash'
[1.767s] INFO:colcon.colcon_core.shell:Creating package script '/home/awasch/work/src/create3_examples/install/create3_examples_msgs/share/create3_examples_msgs/package.zsh'
[1.768s] Level 1:colcon.colcon_core.environment:create_file_with_runtime_dependencies(/home/awasch/work/src/create3_examples/install/create3_examples_msgs/share/colcon-core/packages/create3_examples_msgs)
[1.769s] INFO:colcon.colcon_ros.task.ament_cmake.build:Building ROS package in '/home/awasch/work/src/create3_examples/create3_coverage' with build type 'ament_cmake'
[1.769s] INFO:colcon.colcon_cmake.task.cmake.build:Building CMake package in '/home/awasch/work/src/create3_examples/create3_coverage'
[1.772s] INFO:colcon.colcon_core.shell:Skip shell extension 'powershell' for command environment: Not usable outside of PowerShell
[1.772s] DEBUG:colcon.colcon_core.shell:Skip shell extension 'dsv' for command environment
[1.817s] DEBUG:colcon.colcon_core.event_handler.log_command:Invoking command in '/home/awasch/work/src/create3_examples/build/create3_coverage': AMENT_PREFIX_PATH=/home/awasch/work/src/create3_examples/install/create3_examples_msgs:${AMENT_PREFIX_PATH} CMAKE_PREFIX_PATH=/home/awasch/work/src/create3_examples/install/create3_examples_msgs:/opt/ros/galactic LD_LIBRARY_PATH=/home/awasch/work/src/create3_examples/install/create3_examples_msgs/lib:${LD_LIBRARY_PATH} PYTHONPATH=/home/awasch/work/src/create3_examples/install/create3_examples_msgs/lib/python3.8/site-packages:${PYTHONPATH} /usr/bin/cmake --build /home/awasch/work/src/create3_examples/build/create3_coverage -- -j8 -l8
[2.062s] DEBUG:colcon.colcon_core.event_handler.log_command:Invoking command in '/home/awasch/work/src/create3_examples/create3_teleop': PYTHONPATH=/home/awasch/work/src/create3_examples/install/create3_teleop/lib/python3.8/site-packages:${PYTHONPATH} /usr/bin/python3 setup.py egg_info --egg-base ../build/create3_teleop build --build-base /home/awasch/work/src/create3_examples/build/create3_teleop/build install --prefix /home/awasch/work/src/create3_examples/install/create3_teleop --record /home/awasch/work/src/create3_examples/build/create3_teleop/install.log --single-version-externally-managed
[2.066s] DEBUG:colcon.colcon_core.event_handler.log_command:Invoked command in '/home/awasch/work/src/create3_examples/build/create3_coverage' returned '0': AMENT_PREFIX_PATH=/home/awasch/work/src/create3_examples/install/create3_examples_msgs:${AMENT_PREFIX_PATH} CMAKE_PREFIX_PATH=/home/awasch/work/src/create3_examples/install/create3_examples_msgs:/opt/ros/galactic LD_LIBRARY_PATH=/home/awasch/work/src/create3_examples/install/create3_examples_msgs/lib:${LD_LIBRARY_PATH} PYTHONPATH=/home/awasch/work/src/create3_examples/install/create3_examples_msgs/lib/python3.8/site-packages:${PYTHONPATH} /usr/bin/cmake --build /home/awasch/work/src/create3_examples/build/create3_coverage -- -j8 -l8
[2.074s] DEBUG:colcon.colcon_core.event_handler.log_command:Invoking command in '/home/awasch/work/src/create3_examples/create3_examples_py': PYTHONPATH=/home/awasch/work/src/create3_examples/install/create3_examples_py/lib/python3.8/site-packages:${PYTHONPATH} /usr/bin/python3 setup.py egg_info --egg-base ../build/create3_examples_py build --build-base /home/awasch/work/src/create3_examples/build/create3_examples_py/build install --prefix /home/awasch/work/src/create3_examples/install/create3_examples_py --record /home/awasch/work/src/create3_examples/build/create3_examples_py/install.log --single-version-externally-managed
[2.158s] DEBUG:colcon.colcon_core.event_handler.log_command:Invoking command in '/home/awasch/work/src/create3_examples/build/create3_coverage': AMENT_PREFIX_PATH=/home/awasch/work/src/create3_examples/install/create3_examples_msgs:${AMENT_PREFIX_PATH} CMAKE_PREFIX_PATH=/home/awasch/work/src/create3_examples/install/create3_examples_msgs:/opt/ros/galactic LD_LIBRARY_PATH=/home/awasch/work/src/create3_examples/install/create3_examples_msgs/lib:${LD_LIBRARY_PATH} PYTHONPATH=/home/awasch/work/src/create3_examples/install/create3_examples_msgs/lib/python3.8/site-packages:${PYTHONPATH} /usr/bin/cmake --install /home/awasch/work/src/create3_examples/build/create3_coverage
[2.200s] Level 1:colcon.colcon_core.environment:create_environment_scripts_only(create3_coverage)
[2.204s] Level 1:colcon.colcon_core.environment:checking '/home/awasch/work/src/create3_examples/install/create3_coverage' for CMake module files
[2.205s] DEBUG:colcon.colcon_core.event_handler.log_command:Invoked command in '/home/awasch/work/src/create3_examples/build/create3_coverage' returned '0': AMENT_PREFIX_PATH=/home/awasch/work/src/create3_examples/install/create3_examples_msgs:${AMENT_PREFIX_PATH} CMAKE_PREFIX_PATH=/home/awasch/work/src/create3_examples/install/create3_examples_msgs:/opt/ros/galactic LD_LIBRARY_PATH=/home/awasch/work/src/create3_examples/install/create3_examples_msgs/lib:${LD_LIBRARY_PATH} PYTHONPATH=/home/awasch/work/src/create3_examples/install/create3_examples_msgs/lib/python3.8/site-packages:${PYTHONPATH} /usr/bin/cmake --install /home/awasch/work/src/create3_examples/build/create3_coverage
[2.206s] Level 1:colcon.colcon_core.environment:checking '/home/awasch/work/src/create3_examples/install/create3_coverage' for CMake config files
[2.207s] Level 1:colcon.colcon_core.shell:create_environment_hook('create3_coverage', 'cmake_prefix_path')
[2.209s] INFO:colcon.colcon_core.shell:Creating environment hook '/home/awasch/work/src/create3_examples/install/create3_coverage/share/create3_coverage/hook/cmake_prefix_path.ps1'
[2.211s] INFO:colcon.colcon_core.shell:Creating environment descriptor '/home/awasch/work/src/create3_examples/install/create3_coverage/share/create3_coverage/hook/cmake_prefix_path.dsv'
[2.211s] INFO:colcon.colcon_core.shell:Creating environment hook '/home/awasch/work/src/create3_examples/install/create3_coverage/share/create3_coverage/hook/cmake_prefix_path.sh'
[2.212s] Level 1:colcon.colcon_core.environment:checking '/home/awasch/work/src/create3_examples/install/create3_coverage/lib'
[2.212s] Level 1:colcon.colcon_core.shell:create_environment_hook('create3_coverage', 'ld_library_path_lib')
[2.213s] INFO:colcon.colcon_core.shell:Creating environment hook '/home/awasch/work/src/create3_examples/install/create3_coverage/share/create3_coverage/hook/ld_library_path_lib.ps1'
[2.214s] INFO:colcon.colcon_core.shell:Creating environment descriptor '/home/awasch/work/src/create3_examples/install/create3_coverage/share/create3_coverage/hook/ld_library_path_lib.dsv'
[2.214s] INFO:colcon.colcon_core.shell:Creating environment hook '/home/awasch/work/src/create3_examples/install/create3_coverage/share/create3_coverage/hook/ld_library_path_lib.sh'
[2.215s] Level 1:colcon.colcon_core.environment:checking '/home/awasch/work/src/create3_examples/install/create3_coverage/bin'
[2.215s] Level 1:colcon.colcon_core.environment:checking '/home/awasch/work/src/create3_examples/install/create3_coverage/lib/pkgconfig/create3_coverage.pc'
[2.215s] Level 1:colcon.colcon_core.environment:checking '/home/awasch/work/src/create3_examples/install/create3_coverage/lib/python3.8/site-packages'
[2.216s] Level 1:colcon.colcon_core.environment:checking '/home/awasch/work/src/create3_examples/install/create3_coverage/bin'
[2.217s] INFO:colcon.colcon_core.shell:Creating package script '/home/awasch/work/src/create3_examples/install/create3_coverage/share/create3_coverage/package.ps1'
[2.218s] INFO:colcon.colcon_core.shell:Creating package descriptor '/home/awasch/work/src/create3_examples/install/create3_coverage/share/create3_coverage/package.dsv'
[2.219s] INFO:colcon.colcon_core.shell:Creating package script '/home/awasch/work/src/create3_examples/install/create3_coverage/share/create3_coverage/package.sh'
[2.220s] INFO:colcon.colcon_core.shell:Creating package script '/home/awasch/work/src/create3_examples/install/create3_coverage/share/create3_coverage/package.bash'
[2.220s] INFO:colcon.colcon_core.shell:Creating package script '/home/awasch/work/src/create3_examples/install/create3_coverage/share/create3_coverage/package.zsh'
[2.220s] Level 1:colcon.colcon_core.environment:create_file_with_runtime_dependencies(/home/awasch/work/src/create3_examples/install/create3_coverage/share/colcon-core/packages/create3_coverage)
[2.278s] Level 1:colcon.colcon_core.environment:create_environment_scripts_only(create3_coverage)
[2.283s] Level 1:colcon.colcon_core.environment:checking '/home/awasch/work/src/create3_examples/install/create3_coverage' for CMake module files
[2.286s] Level 1:colcon.colcon_core.environment:checking '/home/awasch/work/src/create3_examples/install/create3_coverage' for CMake config files
[2.286s] Level 1:colcon.colcon_core.shell:create_environment_hook('create3_coverage', 'cmake_prefix_path')
[2.288s] INFO:colcon.colcon_core.shell:Creating environment hook '/home/awasch/work/src/create3_examples/install/create3_coverage/share/create3_coverage/hook/cmake_prefix_path.ps1'
[2.289s] INFO:colcon.colcon_core.shell:Creating environment descriptor '/home/awasch/work/src/create3_examples/install/create3_coverage/share/create3_coverage/hook/cmake_prefix_path.dsv'
[2.290s] INFO:colcon.colcon_core.shell:Creating environment hook '/home/awasch/work/src/create3_examples/install/create3_coverage/share/create3_coverage/hook/cmake_prefix_path.sh'
[2.291s] Level 1:colcon.colcon_core.environment:checking '/home/awasch/work/src/create3_examples/install/create3_coverage/lib'
[2.291s] Level 1:colcon.colcon_core.shell:create_environment_hook('create3_coverage', 'ld_library_path_lib')
[2.294s] INFO:colcon.colcon_core.shell:Creating environment hook '/home/awasch/work/src/create3_examples/install/create3_coverage/share/create3_coverage/hook/ld_library_path_lib.ps1'
[2.294s] INFO:colcon.colcon_core.shell:Creating environment descriptor '/home/awasch/work/src/create3_examples/install/create3_coverage/share/create3_coverage/hook/ld_library_path_lib.dsv'
[2.295s] INFO:colcon.colcon_core.shell:Creating environment hook '/home/awasch/work/src/create3_examples/install/create3_coverage/share/create3_coverage/hook/ld_library_path_lib.sh'
[2.296s] Level 1:colcon.colcon_core.environment:checking '/home/awasch/work/src/create3_examples/install/create3_coverage/bin'
[2.296s] Level 1:colcon.colcon_core.environment:checking '/home/awasch/work/src/create3_examples/install/create3_coverage/lib/pkgconfig/create3_coverage.pc'
[2.296s] Level 1:colcon.colcon_core.environment:checking '/home/awasch/work/src/create3_examples/install/create3_coverage/lib/python3.8/site-packages'
[2.297s] Level 1:colcon.colcon_core.environment:checking '/home/awasch/work/src/create3_examples/install/create3_coverage/bin'
[2.300s] INFO:colcon.colcon_core.shell:Creating package script '/home/awasch/work/src/create3_examples/install/create3_coverage/share/create3_coverage/package.ps1'
[2.301s] INFO:colcon.colcon_core.shell:Creating package descriptor '/home/awasch/work/src/create3_examples/install/create3_coverage/share/create3_coverage/package.dsv'
[2.302s] INFO:colcon.colcon_core.shell:Creating package script '/home/awasch/work/src/create3_examples/install/create3_coverage/share/create3_coverage/package.sh'
[2.303s] INFO:colcon.colcon_core.shell:Creating package script '/home/awasch/work/src/create3_examples/install/create3_coverage/share/create3_coverage/package.bash'
[2.303s] INFO:colcon.colcon_core.shell:Creating package script '/home/awasch/work/src/create3_examples/install/create3_coverage/share/create3_coverage/package.zsh'
[2.304s] Level 1:colcon.colcon_core.environment:create_file_with_runtime_dependencies(/home/awasch/work/src/create3_examples/install/create3_coverage/share/colcon-core/packages/create3_coverage)
[2.519s] Level 1:colcon.colcon_core.environment:checking '/home/awasch/work/src/create3_examples/install/create3_teleop' for CMake module files
[2.521s] DEBUG:colcon.colcon_core.event_handler.log_command:Invoked command in '/home/awasch/work/src/create3_examples/create3_teleop' returned '0': PYTHONPATH=/home/awasch/work/src/create3_examples/install/create3_teleop/lib/python3.8/site-packages:${PYTHONPATH} /usr/bin/python3 setup.py egg_info --egg-base ../build/create3_teleop build --build-base /home/awasch/work/src/create3_examples/build/create3_teleop/build install --prefix /home/awasch/work/src/create3_examples/install/create3_teleop --record /home/awasch/work/src/create3_examples/build/create3_teleop/install.log --single-version-externally-managed
[2.521s] Level 1:colcon.colcon_core.environment:checking '/home/awasch/work/src/create3_examples/install/create3_teleop' for CMake config files
[2.522s] Level 1:colcon.colcon_core.environment:checking '/home/awasch/work/src/create3_examples/install/create3_teleop/lib'
[2.522s] Level 1:colcon.colcon_core.environment:checking '/home/awasch/work/src/create3_examples/install/create3_teleop/bin'
[2.522s] Level 1:colcon.colcon_core.environment:checking '/home/awasch/work/src/create3_examples/install/create3_teleop/lib/pkgconfig/create3_teleop.pc'
[2.523s] Level 1:colcon.colcon_core.environment:checking '/home/awasch/work/src/create3_examples/install/create3_teleop/lib/python3.8/site-packages'
[2.523s] Level 1:colcon.colcon_core.shell:create_environment_hook('create3_teleop', 'pythonpath')
[2.526s] INFO:colcon.colcon_core.shell:Creating environment hook '/home/awasch/work/src/create3_examples/install/create3_teleop/share/create3_teleop/hook/pythonpath.ps1'
[2.527s] INFO:colcon.colcon_core.shell:Creating environment descriptor '/home/awasch/work/src/create3_examples/install/create3_teleop/share/create3_teleop/hook/pythonpath.dsv'
[2.528s] INFO:colcon.colcon_core.shell:Creating environment hook '/home/awasch/work/src/create3_examples/install/create3_teleop/share/create3_teleop/hook/pythonpath.sh'
[2.529s] Level 1:colcon.colcon_core.environment:checking '/home/awasch/work/src/create3_examples/install/create3_teleop/bin'
[2.529s] Level 1:colcon.colcon_core.environment:create_environment_scripts_only(create3_teleop)
[2.531s] INFO:colcon.colcon_core.shell:Creating package script '/home/awasch/work/src/create3_examples/install/create3_teleop/share/create3_teleop/package.ps1'
[2.532s] INFO:colcon.colcon_core.shell:Creating package descriptor '/home/awasch/work/src/create3_examples/install/create3_teleop/share/create3_teleop/package.dsv'
[2.533s] INFO:colcon.colcon_core.shell:Creating package script '/home/awasch/work/src/create3_examples/install/create3_teleop/share/create3_teleop/package.sh'
[2.536s] INFO:colcon.colcon_core.shell:Creating package script '/home/awasch/work/src/create3_examples/install/create3_teleop/share/create3_teleop/package.bash'
[2.537s] INFO:colcon.colcon_core.shell:Creating package script '/home/awasch/work/src/create3_examples/install/create3_teleop/share/create3_teleop/package.zsh'
[2.537s] Level 1:colcon.colcon_core.environment:create_file_with_runtime_dependencies(/home/awasch/work/src/create3_examples/install/create3_teleop/share/colcon-core/packages/create3_teleop)
[2.615s] Level 1:colcon.colcon_core.environment:checking '/home/awasch/work/src/create3_examples/install/create3_examples_py' for CMake module files
[2.616s] DEBUG:colcon.colcon_core.event_handler.log_command:Invoked command in '/home/awasch/work/src/create3_examples/create3_examples_py' returned '0': PYTHONPATH=/home/awasch/work/src/create3_examples/install/create3_examples_py/lib/python3.8/site-packages:${PYTHONPATH} /usr/bin/python3 setup.py egg_info --egg-base ../build/create3_examples_py build --build-base /home/awasch/work/src/create3_examples/build/create3_examples_py/build install --prefix /home/awasch/work/src/create3_examples/install/create3_examples_py --record /home/awasch/work/src/create3_examples/build/create3_examples_py/install.log --single-version-externally-managed
[2.616s] Level 1:colcon.colcon_core.environment:checking '/home/awasch/work/src/create3_examples/install/create3_examples_py' for CMake config files
[2.617s] Level 1:colcon.colcon_core.environment:checking '/home/awasch/work/src/create3_examples/install/create3_examples_py/lib'
[2.617s] Level 1:colcon.colcon_core.environment:checking '/home/awasch/work/src/create3_examples/install/create3_examples_py/bin'
[2.618s] Level 1:colcon.colcon_core.environment:checking '/home/awasch/work/src/create3_examples/install/create3_examples_py/lib/pkgconfig/create3_examples_py.pc'
[2.618s] Level 1:colcon.colcon_core.environment:checking '/home/awasch/work/src/create3_examples/install/create3_examples_py/lib/python3.8/site-packages'
[2.618s] Level 1:colcon.colcon_core.shell:create_environment_hook('create3_examples_py', 'pythonpath')
[2.620s] INFO:colcon.colcon_core.shell:Creating environment hook '/home/awasch/work/src/create3_examples/install/create3_examples_py/share/create3_examples_py/hook/pythonpath.ps1'
[2.620s] INFO:colcon.colcon_core.shell:Creating environment descriptor '/home/awasch/work/src/create3_examples/install/create3_examples_py/share/create3_examples_py/hook/pythonpath.dsv'
[2.621s] INFO:colcon.colcon_core.shell:Creating environment hook '/home/awasch/work/src/create3_examples/install/create3_examples_py/share/create3_examples_py/hook/pythonpath.sh'
[2.621s] Level 1:colcon.colcon_core.environment:checking '/home/awasch/work/src/create3_examples/install/create3_examples_py/bin'
[2.622s] Level 1:colcon.colcon_core.environment:create_environment_scripts_only(create3_examples_py)
[2.624s] INFO:colcon.colcon_core.shell:Creating package script '/home/awasch/work/src/create3_examples/install/create3_examples_py/share/create3_examples_py/package.ps1'
[2.625s] INFO:colcon.colcon_core.shell:Creating package descriptor '/home/awasch/work/src/create3_examples/install/create3_examples_py/share/create3_examples_py/package.dsv'
[2.626s] INFO:colcon.colcon_core.shell:Creating package script '/home/awasch/work/src/create3_examples/install/create3_examples_py/share/create3_examples_py/package.sh'
[2.626s] INFO:colcon.colcon_core.shell:Creating package script '/home/awasch/work/src/create3_examples/install/create3_examples_py/share/create3_examples_py/package.bash'
[2.627s] INFO:colcon.colcon_core.shell:Creating package script '/home/awasch/work/src/create3_examples/install/create3_examples_py/share/create3_examples_py/package.zsh'
[2.627s] Level 1:colcon.colcon_core.environment:create_file_with_runtime_dependencies(/home/awasch/work/src/create3_examples/install/create3_examples_py/share/colcon-core/packages/create3_examples_py)
[2.628s] DEBUG:colcon.colcon_parallel_executor.executor.parallel:closing loop
[2.629s] DEBUG:colcon.colcon_parallel_executor.executor.parallel:loop closed
[2.629s] DEBUG:colcon.colcon_parallel_executor.executor.parallel:run_until_complete finished with '0'
[2.629s] DEBUG:colcon.colcon_core.event_reactor:joining thread
[2.643s] INFO:colcon.colcon_core.plugin_system:Skipping extension 'colcon_notification.desktop_notification.terminal_notifier': Not used on non-Darwin systems
[2.643s] INFO:colcon.colcon_core.plugin_system:Skipping extension 'colcon_notification.desktop_notification.win32': Not used on non-Windows systems
[2.643s] INFO:colcon.colcon_notification.desktop_notification:Sending desktop notification using 'notify2'
[2.670s] DEBUG:colcon.colcon_core.event_reactor:joined thread
[2.672s] INFO:colcon.colcon_core.shell:Creating prefix script '/home/awasch/work/src/create3_examples/install/local_setup.ps1'
[2.675s] INFO:colcon.colcon_core.shell:Creating prefix util module '/home/awasch/work/src/create3_examples/install/_local_setup_util_ps1.py'
[2.678s] INFO:colcon.colcon_core.shell:Creating prefix chain script '/home/awasch/work/src/create3_examples/install/setup.ps1'
[2.680s] INFO:colcon.colcon_core.shell:Creating prefix script '/home/awasch/work/src/create3_examples/install/local_setup.sh'
[2.681s] INFO:colcon.colcon_core.shell:Creating prefix util module '/home/awasch/work/src/create3_examples/install/_local_setup_util_sh.py'
[2.682s] INFO:colcon.colcon_core.shell:Creating prefix chain script '/home/awasch/work/src/create3_examples/install/setup.sh'
[2.685s] INFO:colcon.colcon_core.shell:Creating prefix script '/home/awasch/work/src/create3_examples/install/local_setup.bash'
[2.686s] INFO:colcon.colcon_core.shell:Creating prefix chain script '/home/awasch/work/src/create3_examples/install/setup.bash'
[2.689s] INFO:colcon.colcon_core.shell:Creating prefix script '/home/awasch/work/src/create3_examples/install/local_setup.zsh'
[2.691s] INFO:colcon.colcon_core.shell:Creating prefix chain script '/home/awasch/work/src/create3_examples/install/setup.zsh'
