running egg_info
creating build/create3_examples_py/create3_examples_py.egg-info
writing build/create3_examples_py/create3_examples_py.egg-info/PKG-INFO
writing dependency_links to build/create3_examples_py/create3_examples_py.egg-info/dependency_links.txt
writing entry points to build/create3_examples_py/create3_examples_py.egg-info/entry_points.txt
writing requirements to build/create3_examples_py/create3_examples_py.egg-info/requires.txt
writing top-level names to build/create3_examples_py/create3_examples_py.egg-info/top_level.txt
writing manifest file 'build/create3_examples_py/create3_examples_py.egg-info/SOURCES.txt'
reading manifest file 'build/create3_examples_py/create3_examples_py.egg-info/SOURCES.txt'
writing manifest file 'build/create3_examples_py/create3_examples_py.egg-info/SOURCES.txt'
running build
running build_py
creating /home/awasch/work/src/create3_examples/create3_examples_py/build/create3_examples_py/build
creating /home/awasch/work/src/create3_examples/create3_examples_py/build/create3_examples_py/build/lib
creating /home/awasch/work/src/create3_examples/create3_examples_py/build/create3_examples_py/build/lib/create3_examples_py
copying create3_examples_py/__init__.py -> /home/awasch/work/src/create3_examples/create3_examples_py/build/create3_examples_py/build/lib/create3_examples_py
creating /home/awasch/work/src/create3_examples/create3_examples_py/build/create3_examples_py/build/lib/create3_examples_py/dance
copying create3_examples_py/dance/dance_choreograph.py -> /home/awasch/work/src/create3_examples/create3_examples_py/build/create3_examples_py/build/lib/create3_examples_py/dance
copying create3_examples_py/dance/__init__.py -> /home/awasch/work/src/create3_examples/create3_examples_py/build/create3_examples_py/build/lib/create3_examples_py/dance
copying create3_examples_py/dance/create3_dance.py -> /home/awasch/work/src/create3_examples/create3_examples_py/build/create3_examples_py/build/lib/create3_examples_py/dance
running install
running install_lib
running install_data
running install_egg_info
removing '/home/awasch/work/src/create3_examples/create3_examples_py/install/create3_examples_py/lib/python3.8/site-packages/create3_examples_py-0.0.1-py3.8.egg-info' (and everything under it)
Copying build/create3_examples_py/create3_examples_py.egg-info to /home/awasch/work/src/create3_examples/create3_examples_py/install/create3_examples_py/lib/python3.8/site-packages/create3_examples_py-0.0.1-py3.8.egg-info
running install_scripts
Installing create3_dance script to /home/awasch/work/src/create3_examples/create3_examples_py/install/create3_examples_py/lib/create3_examples_py
writing list of installed files to '/home/awasch/work/src/create3_examples/create3_examples_py/build/create3_examples_py/install.log'
