[0.778s] Invoking command in '/home/awasch/work/src/create3_examples/create3_examples_py': PYTHONPATH=/home/awasch/work/src/create3_examples/create3_examples_py/install/create3_examples_py/lib/python3.8/site-packages:${PYTHONPATH} /usr/bin/python3 setup.py egg_info --egg-base build/create3_examples_py build --build-base /home/awasch/work/src/create3_examples/create3_examples_py/build/create3_examples_py/build install --prefix /home/awasch/work/src/create3_examples/create3_examples_py/install/create3_examples_py --record /home/awasch/work/src/create3_examples/create3_examples_py/build/create3_examples_py/install.log --single-version-externally-managed
[1.047s] running egg_info
[1.047s] creating build/create3_examples_py/create3_examples_py.egg-info
[1.048s] writing build/create3_examples_py/create3_examples_py.egg-info/PKG-INFO
[1.048s] writing dependency_links to build/create3_examples_py/create3_examples_py.egg-info/dependency_links.txt
[1.049s] writing entry points to build/create3_examples_py/create3_examples_py.egg-info/entry_points.txt
[1.049s] writing requirements to build/create3_examples_py/create3_examples_py.egg-info/requires.txt
[1.049s] writing top-level names to build/create3_examples_py/create3_examples_py.egg-info/top_level.txt
[1.051s] writing manifest file 'build/create3_examples_py/create3_examples_py.egg-info/SOURCES.txt'
[1.083s] reading manifest file 'build/create3_examples_py/create3_examples_py.egg-info/SOURCES.txt'
[1.084s] writing manifest file 'build/create3_examples_py/create3_examples_py.egg-info/SOURCES.txt'
[1.084s] running build
[1.085s] running build_py
[1.085s] creating /home/awasch/work/src/create3_examples/create3_examples_py/build/create3_examples_py/build
[1.085s] creating /home/awasch/work/src/create3_examples/create3_examples_py/build/create3_examples_py/build/lib
[1.086s] creating /home/awasch/work/src/create3_examples/create3_examples_py/build/create3_examples_py/build/lib/create3_examples_py
[1.086s] copying create3_examples_py/__init__.py -> /home/awasch/work/src/create3_examples/create3_examples_py/build/create3_examples_py/build/lib/create3_examples_py
[1.086s] creating /home/awasch/work/src/create3_examples/create3_examples_py/build/create3_examples_py/build/lib/create3_examples_py/dance
[1.086s] copying create3_examples_py/dance/dance_choreograph.py -> /home/awasch/work/src/create3_examples/create3_examples_py/build/create3_examples_py/build/lib/create3_examples_py/dance
[1.087s] copying create3_examples_py/dance/__init__.py -> /home/awasch/work/src/create3_examples/create3_examples_py/build/create3_examples_py/build/lib/create3_examples_py/dance
[1.087s] copying create3_examples_py/dance/create3_dance.py -> /home/awasch/work/src/create3_examples/create3_examples_py/build/create3_examples_py/build/lib/create3_examples_py/dance
[1.087s] running install
[1.088s] running install_lib
[1.090s] running install_data
[1.091s] running install_egg_info
[1.093s] removing '/home/awasch/work/src/create3_examples/create3_examples_py/install/create3_examples_py/lib/python3.8/site-packages/create3_examples_py-0.0.1-py3.8.egg-info' (and everything under it)
[1.093s] Copying build/create3_examples_py/create3_examples_py.egg-info to /home/awasch/work/src/create3_examples/create3_examples_py/install/create3_examples_py/lib/python3.8/site-packages/create3_examples_py-0.0.1-py3.8.egg-info
[1.095s] running install_scripts
[1.116s] Installing create3_dance script to /home/awasch/work/src/create3_examples/create3_examples_py/install/create3_examples_py/lib/create3_examples_py
[1.117s] writing list of installed files to '/home/awasch/work/src/create3_examples/create3_examples_py/build/create3_examples_py/install.log'
[1.144s] Invoked command in '/home/awasch/work/src/create3_examples/create3_examples_py' returned '0': PYTHONPATH=/home/awasch/work/src/create3_examples/create3_examples_py/install/create3_examples_py/lib/python3.8/site-packages:${PYTHONPATH} /usr/bin/python3 setup.py egg_info --egg-base build/create3_examples_py build --build-base /home/awasch/work/src/create3_examples/create3_examples_py/build/create3_examples_py/build install --prefix /home/awasch/work/src/create3_examples/create3_examples_py/install/create3_examples_py --record /home/awasch/work/src/create3_examples/create3_examples_py/build/create3_examples_py/install.log --single-version-externally-managed
