[1.556s] Invoking command in '/home/awasch/work/src/create3_examples/create3_examples_py': PYTHONPATH=/home/awasch/work/src/create3_examples/install/create3_examples_py/lib/python3.8/site-packages:${PYTHONPATH} /usr/bin/python3 setup.py egg_info --egg-base ../build/create3_examples_py build --build-base /home/awasch/work/src/create3_examples/build/create3_examples_py/build install --prefix /home/awasch/work/src/create3_examples/install/create3_examples_py --record /home/awasch/work/src/create3_examples/build/create3_examples_py/install.log --single-version-externally-managed
[1.899s] running egg_info
[1.899s] writing ../build/create3_examples_py/create3_examples_py.egg-info/PKG-INFO
[1.900s] writing dependency_links to ../build/create3_examples_py/create3_examples_py.egg-info/dependency_links.txt
[1.900s] writing entry points to ../build/create3_examples_py/create3_examples_py.egg-info/entry_points.txt
[1.900s] writing requirements to ../build/create3_examples_py/create3_examples_py.egg-info/requires.txt
[1.900s] writing top-level names to ../build/create3_examples_py/create3_examples_py.egg-info/top_level.txt
[1.948s] reading manifest file '../build/create3_examples_py/create3_examples_py.egg-info/SOURCES.txt'
[1.949s] writing manifest file '../build/create3_examples_py/create3_examples_py.egg-info/SOURCES.txt'
[1.949s] running build
[1.950s] running build_py
[1.950s] running install
[1.952s] running install_lib
[1.954s] running install_data
[1.954s] running install_egg_info
[1.956s] removing '/home/awasch/work/src/create3_examples/install/create3_examples_py/lib/python3.8/site-packages/create3_examples_py-0.0.1-py3.8.egg-info' (and everything under it)
[1.957s] Copying ../build/create3_examples_py/create3_examples_py.egg-info to /home/awasch/work/src/create3_examples/install/create3_examples_py/lib/python3.8/site-packages/create3_examples_py-0.0.1-py3.8.egg-info
[1.958s] running install_scripts
[1.985s] Installing create3_dance script to /home/awasch/work/src/create3_examples/install/create3_examples_py/lib/create3_examples_py
[1.985s] writing list of installed files to '/home/awasch/work/src/create3_examples/build/create3_examples_py/install.log'
[2.021s] Invoked command in '/home/awasch/work/src/create3_examples/create3_examples_py' returned '0': PYTHONPATH=/home/awasch/work/src/create3_examples/install/create3_examples_py/lib/python3.8/site-packages:${PYTHONPATH} /usr/bin/python3 setup.py egg_info --egg-base ../build/create3_examples_py build --build-base /home/awasch/work/src/create3_examples/build/create3_examples_py/build install --prefix /home/awasch/work/src/create3_examples/install/create3_examples_py --record /home/awasch/work/src/create3_examples/build/create3_examples_py/install.log --single-version-externally-managed
