[0.178s] DEBUG:colcon:Command line arguments: ['/usr/bin/colcon', 'build']
[0.178s] DEBUG:colcon:Parsed command line arguments: Namespace(allow_overriding=[], ament_cmake_args=None, base_paths=['.'], build_base='build', catkin_cmake_args=None, catkin_skip_building_tests=False, cmake_args=None, cmake_clean_cache=False, cmake_clean_first=False, cmake_force_configure=False, cmake_target=None, cmake_target_skip_unavailable=False, continue_on_error=False, event_handlers=None, executor='parallel', ignore_user_meta=False, install_base='install', log_base=None, log_level=None, main=<bound method BuildVerb.main of <colcon_core.verb.build.BuildVerb object at 0x7fa9463ae550>>, merge_install=False, metas=['./colcon.meta'], packages_above=None, packages_above_and_dependencies=None, packages_above_depth=None, packages_end=None, packages_ignore=None, packages_ignore_regex=None, packages_select=None, packages_select_build_failed=False, packages_select_by_dep=None, packages_select_regex=None, packages_select_test_failures=False, packages_skip=None, packages_skip_build_finished=False, packages_skip_by_dep=None, packages_skip_regex=None, packages_skip_test_passed=False, packages_skip_up_to=None, packages_start=None, packages_up_to=None, packages_up_to_regex=None, parallel_workers=8, paths=None, symlink_install=False, test_result_base=None, verb_extension=<colcon_core.verb.build.BuildVerb object at 0x7fa9463ae550>, verb_name='build', verb_parser=<colcon_defaults.argument_parser.defaults.DefaultArgumentsDecorator object at 0x7fa9463aea90>)
[0.206s] Level 1:colcon.colcon_core.package_discovery:discover_packages(colcon_meta) check parameters
[0.207s] Level 1:colcon.colcon_core.package_discovery:discover_packages(recursive) check parameters
[0.207s] Level 1:colcon.colcon_core.package_discovery:discover_packages(ignore) check parameters
[0.207s] Level 1:colcon.colcon_core.package_discovery:discover_packages(path) check parameters
[0.207s] Level 1:colcon.colcon_core.package_discovery:discover_packages(colcon_meta) discover
[0.207s] Level 1:colcon.colcon_core.package_discovery:discover_packages(recursive) discover
[0.207s] INFO:colcon.colcon_core.package_discovery:Crawling recursively for packages in '/home/awasch/work/src/create3_examples'
[0.207s] Level 1:colcon.colcon_core.package_identification:_identify(.) by extensions ['ignore', 'ignore_ament_install']
[0.208s] Level 1:colcon.colcon_core.package_identification:_identify(.) by extension 'ignore'
[0.208s] Level 1:colcon.colcon_core.package_identification:_identify(.) by extension 'ignore_ament_install'
[0.208s] Level 1:colcon.colcon_core.package_identification:_identify(.) by extensions ['colcon_pkg']
[0.208s] Level 1:colcon.colcon_core.package_identification:_identify(.) by extension 'colcon_pkg'
[0.208s] Level 1:colcon.colcon_core.package_identification:_identify(.) by extensions ['colcon_meta']
[0.208s] Level 1:colcon.colcon_core.package_identification:_identify(.) by extension 'colcon_meta'
[0.208s] Level 1:colcon.colcon_core.package_identification:_identify(.) by extensions ['ros']
[0.208s] Level 1:colcon.colcon_core.package_identification:_identify(.) by extension 'ros'
[0.231s] Level 1:colcon.colcon_core.package_identification:_identify(.) by extensions ['cmake', 'python']
[0.231s] Level 1:colcon.colcon_core.package_identification:_identify(.) by extension 'cmake'
[0.232s] Level 1:colcon.colcon_core.package_identification:_identify(.) by extension 'python'
[0.232s] Level 1:colcon.colcon_core.package_identification:_identify(.) by extensions ['python_setup_py']
[0.232s] Level 1:colcon.colcon_core.package_identification:_identify(.) by extension 'python_setup_py'
[0.232s] Level 1:colcon.colcon_core.package_identification:_identify(build) by extensions ['ignore', 'ignore_ament_install']
[0.232s] Level 1:colcon.colcon_core.package_identification:_identify(build) by extension 'ignore'
[0.232s] Level 1:colcon.colcon_core.package_identification:_identify(build) ignored
[0.232s] Level 1:colcon.colcon_core.package_identification:_identify(create3_coverage) by extensions ['ignore', 'ignore_ament_install']
[0.232s] Level 1:colcon.colcon_core.package_identification:_identify(create3_coverage) by extension 'ignore'
[0.233s] Level 1:colcon.colcon_core.package_identification:_identify(create3_coverage) by extension 'ignore_ament_install'
[0.233s] Level 1:colcon.colcon_core.package_identification:_identify(create3_coverage) by extensions ['colcon_pkg']
[0.233s] Level 1:colcon.colcon_core.package_identification:_identify(create3_coverage) by extension 'colcon_pkg'
[0.233s] Level 1:colcon.colcon_core.package_identification:_identify(create3_coverage) by extensions ['colcon_meta']
[0.233s] Level 1:colcon.colcon_core.package_identification:_identify(create3_coverage) by extension 'colcon_meta'
[0.233s] Level 1:colcon.colcon_core.package_identification:_identify(create3_coverage) by extensions ['ros']
[0.233s] Level 1:colcon.colcon_core.package_identification:_identify(create3_coverage) by extension 'ros'
[0.237s] DEBUG:colcon.colcon_core.package_identification:Package 'create3_coverage' with type 'ros.ament_cmake' and name 'create3_coverage'
[0.237s] Level 1:colcon.colcon_core.package_identification:_identify(create3_examples_msgs) by extensions ['ignore', 'ignore_ament_install']
[0.237s] Level 1:colcon.colcon_core.package_identification:_identify(create3_examples_msgs) by extension 'ignore'
[0.237s] Level 1:colcon.colcon_core.package_identification:_identify(create3_examples_msgs) by extension 'ignore_ament_install'
[0.237s] Level 1:colcon.colcon_core.package_identification:_identify(create3_examples_msgs) by extensions ['colcon_pkg']
[0.237s] Level 1:colcon.colcon_core.package_identification:_identify(create3_examples_msgs) by extension 'colcon_pkg'
[0.237s] Level 1:colcon.colcon_core.package_identification:_identify(create3_examples_msgs) by extensions ['colcon_meta']
[0.238s] Level 1:colcon.colcon_core.package_identification:_identify(create3_examples_msgs) by extension 'colcon_meta'
[0.238s] Level 1:colcon.colcon_core.package_identification:_identify(create3_examples_msgs) by extensions ['ros']
[0.238s] Level 1:colcon.colcon_core.package_identification:_identify(create3_examples_msgs) by extension 'ros'
[0.239s] DEBUG:colcon.colcon_core.package_identification:Package 'create3_examples_msgs' with type 'ros.ament_cmake' and name 'create3_examples_msgs'
[0.239s] Level 1:colcon.colcon_core.package_identification:_identify(create3_examples_py) by extensions ['ignore', 'ignore_ament_install']
[0.239s] Level 1:colcon.colcon_core.package_identification:_identify(create3_examples_py) by extension 'ignore'
[0.239s] Level 1:colcon.colcon_core.package_identification:_identify(create3_examples_py) by extension 'ignore_ament_install'
[0.239s] Level 1:colcon.colcon_core.package_identification:_identify(create3_examples_py) by extensions ['colcon_pkg']
[0.240s] Level 1:colcon.colcon_core.package_identification:_identify(create3_examples_py) by extension 'colcon_pkg'
[0.240s] Level 1:colcon.colcon_core.package_identification:_identify(create3_examples_py) by extensions ['colcon_meta']
[0.240s] Level 1:colcon.colcon_core.package_identification:_identify(create3_examples_py) by extension 'colcon_meta'
[0.240s] Level 1:colcon.colcon_core.package_identification:_identify(create3_examples_py) by extensions ['ros']
[0.240s] Level 1:colcon.colcon_core.package_identification:_identify(create3_examples_py) by extension 'ros'
[0.241s] DEBUG:colcon.colcon_core.package_identification:Package 'create3_examples_py' with type 'ros.ament_python' and name 'create3_examples_py'
[0.242s] Level 1:colcon.colcon_core.package_identification:_identify(create3_lidar) by extensions ['ignore', 'ignore_ament_install']
[0.242s] Level 1:colcon.colcon_core.package_identification:_identify(create3_lidar) by extension 'ignore'
[0.242s] Level 1:colcon.colcon_core.package_identification:_identify(create3_lidar) by extension 'ignore_ament_install'
[0.242s] Level 1:colcon.colcon_core.package_identification:_identify(create3_lidar) by extensions ['colcon_pkg']
[0.242s] Level 1:colcon.colcon_core.package_identification:_identify(create3_lidar) by extension 'colcon_pkg'
[0.242s] Level 1:colcon.colcon_core.package_identification:_identify(create3_lidar) by extensions ['colcon_meta']
[0.242s] Level 1:colcon.colcon_core.package_identification:_identify(create3_lidar) by extension 'colcon_meta'
[0.242s] Level 1:colcon.colcon_core.package_identification:_identify(create3_lidar) by extensions ['ros']
[0.242s] Level 1:colcon.colcon_core.package_identification:_identify(create3_lidar) by extension 'ros'
[0.244s] DEBUG:colcon.colcon_core.package_identification:Package 'create3_lidar' with type 'ros.ament_cmake' and name 'create3_lidar'
[0.244s] Level 1:colcon.colcon_core.package_identification:_identify(create3_teleop) by extensions ['ignore', 'ignore_ament_install']
[0.244s] Level 1:colcon.colcon_core.package_identification:_identify(create3_teleop) by extension 'ignore'
[0.244s] Level 1:colcon.colcon_core.package_identification:_identify(create3_teleop) by extension 'ignore_ament_install'
[0.244s] Level 1:colcon.colcon_core.package_identification:_identify(create3_teleop) by extensions ['colcon_pkg']
[0.244s] Level 1:colcon.colcon_core.package_identification:_identify(create3_teleop) by extension 'colcon_pkg'
[0.244s] Level 1:colcon.colcon_core.package_identification:_identify(create3_teleop) by extensions ['colcon_meta']
[0.245s] Level 1:colcon.colcon_core.package_identification:_identify(create3_teleop) by extension 'colcon_meta'
[0.245s] Level 1:colcon.colcon_core.package_identification:_identify(create3_teleop) by extensions ['ros']
[0.245s] Level 1:colcon.colcon_core.package_identification:_identify(create3_teleop) by extension 'ros'
[0.246s] DEBUG:colcon.colcon_core.package_identification:Package 'create3_teleop' with type 'ros.ament_python' and name 'create3_teleop'
[0.246s] Level 1:colcon.colcon_core.package_identification:_identify(install) by extensions ['ignore', 'ignore_ament_install']
[0.246s] Level 1:colcon.colcon_core.package_identification:_identify(install) by extension 'ignore'
[0.246s] Level 1:colcon.colcon_core.package_identification:_identify(install) ignored
[0.246s] Level 1:colcon.colcon_core.package_identification:_identify(log) by extensions ['ignore', 'ignore_ament_install']
[0.246s] Level 1:colcon.colcon_core.package_identification:_identify(log) by extension 'ignore'
[0.246s] Level 1:colcon.colcon_core.package_identification:_identify(log) ignored
[0.247s] Level 1:colcon.colcon_core.package_identification:_identify(shoebot) by extensions ['ignore', 'ignore_ament_install']
[0.247s] Level 1:colcon.colcon_core.package_identification:_identify(shoebot) by extension 'ignore'
[0.247s] Level 1:colcon.colcon_core.package_identification:_identify(shoebot) by extension 'ignore_ament_install'
[0.247s] Level 1:colcon.colcon_core.package_identification:_identify(shoebot) by extensions ['colcon_pkg']
[0.247s] Level 1:colcon.colcon_core.package_identification:_identify(shoebot) by extension 'colcon_pkg'
[0.247s] Level 1:colcon.colcon_core.package_identification:_identify(shoebot) by extensions ['colcon_meta']
[0.247s] Level 1:colcon.colcon_core.package_identification:_identify(shoebot) by extension 'colcon_meta'
[0.247s] Level 1:colcon.colcon_core.package_identification:_identify(shoebot) by extensions ['ros']
[0.247s] Level 1:colcon.colcon_core.package_identification:_identify(shoebot) by extension 'ros'
[0.247s] Level 1:colcon.colcon_core.package_identification:_identify(shoebot) by extensions ['cmake', 'python']
[0.247s] Level 1:colcon.colcon_core.package_identification:_identify(shoebot) by extension 'cmake'
[0.248s] Level 1:colcon.colcon_core.package_identification:_identify(shoebot) by extension 'python'
[0.248s] Level 1:colcon.colcon_core.package_identification:_identify(shoebot) by extensions ['python_setup_py']
[0.248s] Level 1:colcon.colcon_core.package_identification:_identify(shoebot) by extension 'python_setup_py'
[0.248s] Level 1:colcon.colcon_core.package_discovery:discover_packages(recursive) using defaults
[0.248s] Level 1:colcon.colcon_core.package_discovery:discover_packages(ignore) discover
[0.248s] Level 1:colcon.colcon_core.package_discovery:discover_packages(ignore) using defaults
[0.248s] Level 1:colcon.colcon_core.package_discovery:discover_packages(path) discover
[0.248s] Level 1:colcon.colcon_core.package_discovery:discover_packages(path) using defaults
[0.272s] Level 1:colcon.colcon_core.package_discovery:discover_packages(prefix_path) check parameters
[0.273s] Level 1:colcon.colcon_core.package_discovery:discover_packages(prefix_path) discover
[0.276s] DEBUG:colcon.colcon_installed_package_information.package_discovery:Found 5 installed packages in /home/awasch/work/src/create3_examples/install
[0.278s] DEBUG:colcon.colcon_installed_package_information.package_discovery:Found 279 installed packages in /opt/ros/galactic
[0.281s] Level 1:colcon.colcon_core.package_discovery:discover_packages(prefix_path) using defaults
[0.380s] Level 5:colcon.colcon_core.verb:set package 'create3_examples_msgs' build argument 'cmake_args' from command line to 'None'
[0.380s] Level 5:colcon.colcon_core.verb:set package 'create3_examples_msgs' build argument 'cmake_target' from command line to 'None'
[0.380s] Level 5:colcon.colcon_core.verb:set package 'create3_examples_msgs' build argument 'cmake_target_skip_unavailable' from command line to 'False'
[0.381s] Level 5:colcon.colcon_core.verb:set package 'create3_examples_msgs' build argument 'cmake_clean_cache' from command line to 'False'
[0.381s] Level 5:colcon.colcon_core.verb:set package 'create3_examples_msgs' build argument 'cmake_clean_first' from command line to 'False'
[0.381s] Level 5:colcon.colcon_core.verb:set package 'create3_examples_msgs' build argument 'cmake_force_configure' from command line to 'False'
[0.381s] Level 5:colcon.colcon_core.verb:set package 'create3_examples_msgs' build argument 'ament_cmake_args' from command line to 'None'
[0.381s] Level 5:colcon.colcon_core.verb:set package 'create3_examples_msgs' build argument 'catkin_cmake_args' from command line to 'None'
[0.381s] Level 5:colcon.colcon_core.verb:set package 'create3_examples_msgs' build argument 'catkin_skip_building_tests' from command line to 'False'
[0.381s] DEBUG:colcon.colcon_core.verb:Building package 'create3_examples_msgs' with the following arguments: {'ament_cmake_args': None, 'build_base': '/home/awasch/work/src/create3_examples/build/create3_examples_msgs', 'catkin_cmake_args': None, 'catkin_skip_building_tests': False, 'cmake_args': None, 'cmake_clean_cache': False, 'cmake_clean_first': False, 'cmake_force_configure': False, 'cmake_target': None, 'cmake_target_skip_unavailable': False, 'install_base': '/home/awasch/work/src/create3_examples/install/create3_examples_msgs', 'merge_install': False, 'path': '/home/awasch/work/src/create3_examples/create3_examples_msgs', 'symlink_install': False, 'test_result_base': None}
[0.382s] Level 5:colcon.colcon_core.verb:set package 'create3_examples_py' build argument 'cmake_args' from command line to 'None'
[0.382s] Level 5:colcon.colcon_core.verb:set package 'create3_examples_py' build argument 'cmake_target' from command line to 'None'
[0.382s] Level 5:colcon.colcon_core.verb:set package 'create3_examples_py' build argument 'cmake_target_skip_unavailable' from command line to 'False'
[0.382s] Level 5:colcon.colcon_core.verb:set package 'create3_examples_py' build argument 'cmake_clean_cache' from command line to 'False'
[0.382s] Level 5:colcon.colcon_core.verb:set package 'create3_examples_py' build argument 'cmake_clean_first' from command line to 'False'
[0.383s] Level 5:colcon.colcon_core.verb:set package 'create3_examples_py' build argument 'cmake_force_configure' from command line to 'False'
[0.383s] Level 5:colcon.colcon_core.verb:set package 'create3_examples_py' build argument 'ament_cmake_args' from command line to 'None'
[0.383s] Level 5:colcon.colcon_core.verb:set package 'create3_examples_py' build argument 'catkin_cmake_args' from command line to 'None'
[0.383s] Level 5:colcon.colcon_core.verb:set package 'create3_examples_py' build argument 'catkin_skip_building_tests' from command line to 'False'
[0.383s] DEBUG:colcon.colcon_core.verb:Building package 'create3_examples_py' with the following arguments: {'ament_cmake_args': None, 'build_base': '/home/awasch/work/src/create3_examples/build/create3_examples_py', 'catkin_cmake_args': None, 'catkin_skip_building_tests': False, 'cmake_args': None, 'cmake_clean_cache': False, 'cmake_clean_first': False, 'cmake_force_configure': False, 'cmake_target': None, 'cmake_target_skip_unavailable': False, 'install_base': '/home/awasch/work/src/create3_examples/install/create3_examples_py', 'merge_install': False, 'path': '/home/awasch/work/src/create3_examples/create3_examples_py', 'symlink_install': False, 'test_result_base': None}
[0.384s] Level 5:colcon.colcon_core.verb:set package 'create3_lidar' build argument 'cmake_args' from command line to 'None'
[0.384s] Level 5:colcon.colcon_core.verb:set package 'create3_lidar' build argument 'cmake_target' from command line to 'None'
[0.384s] Level 5:colcon.colcon_core.verb:set package 'create3_lidar' build argument 'cmake_target_skip_unavailable' from command line to 'False'
[0.384s] Level 5:colcon.colcon_core.verb:set package 'create3_lidar' build argument 'cmake_clean_cache' from command line to 'False'
[0.384s] Level 5:colcon.colcon_core.verb:set package 'create3_lidar' build argument 'cmake_clean_first' from command line to 'False'
[0.384s] Level 5:colcon.colcon_core.verb:set package 'create3_lidar' build argument 'cmake_force_configure' from command line to 'False'
[0.384s] Level 5:colcon.colcon_core.verb:set package 'create3_lidar' build argument 'ament_cmake_args' from command line to 'None'
[0.384s] Level 5:colcon.colcon_core.verb:set package 'create3_lidar' build argument 'catkin_cmake_args' from command line to 'None'
[0.384s] Level 5:colcon.colcon_core.verb:set package 'create3_lidar' build argument 'catkin_skip_building_tests' from command line to 'False'
[0.384s] DEBUG:colcon.colcon_core.verb:Building package 'create3_lidar' with the following arguments: {'ament_cmake_args': None, 'build_base': '/home/awasch/work/src/create3_examples/build/create3_lidar', 'catkin_cmake_args': None, 'catkin_skip_building_tests': False, 'cmake_args': None, 'cmake_clean_cache': False, 'cmake_clean_first': False, 'cmake_force_configure': False, 'cmake_target': None, 'cmake_target_skip_unavailable': False, 'install_base': '/home/awasch/work/src/create3_examples/install/create3_lidar', 'merge_install': False, 'path': '/home/awasch/work/src/create3_examples/create3_lidar', 'symlink_install': False, 'test_result_base': None}
[0.385s] Level 5:colcon.colcon_core.verb:set package 'create3_teleop' build argument 'cmake_args' from command line to 'None'
[0.386s] Level 5:colcon.colcon_core.verb:set package 'create3_teleop' build argument 'cmake_target' from command line to 'None'
[0.386s] Level 5:colcon.colcon_core.verb:set package 'create3_teleop' build argument 'cmake_target_skip_unavailable' from command line to 'False'
[0.386s] Level 5:colcon.colcon_core.verb:set package 'create3_teleop' build argument 'cmake_clean_cache' from command line to 'False'
[0.386s] Level 5:colcon.colcon_core.verb:set package 'create3_teleop' build argument 'cmake_clean_first' from command line to 'False'
[0.386s] Level 5:colcon.colcon_core.verb:set package 'create3_teleop' build argument 'cmake_force_configure' from command line to 'False'
[0.386s] Level 5:colcon.colcon_core.verb:set package 'create3_teleop' build argument 'ament_cmake_args' from command line to 'None'
[0.386s] Level 5:colcon.colcon_core.verb:set package 'create3_teleop' build argument 'catkin_cmake_args' from command line to 'None'
[0.386s] Level 5:colcon.colcon_core.verb:set package 'create3_teleop' build argument 'catkin_skip_building_tests' from command line to 'False'
[0.386s] DEBUG:colcon.colcon_core.verb:Building package 'create3_teleop' with the following arguments: {'ament_cmake_args': None, 'build_base': '/home/awasch/work/src/create3_examples/build/create3_teleop', 'catkin_cmake_args': None, 'catkin_skip_building_tests': False, 'cmake_args': None, 'cmake_clean_cache': False, 'cmake_clean_first': False, 'cmake_force_configure': False, 'cmake_target': None, 'cmake_target_skip_unavailable': False, 'install_base': '/home/awasch/work/src/create3_examples/install/create3_teleop', 'merge_install': False, 'path': '/home/awasch/work/src/create3_examples/create3_teleop', 'symlink_install': False, 'test_result_base': None}
[0.387s] Level 5:colcon.colcon_core.verb:set package 'create3_coverage' build argument 'cmake_args' from command line to 'None'
[0.387s] Level 5:colcon.colcon_core.verb:set package 'create3_coverage' build argument 'cmake_target' from command line to 'None'
[0.387s] Level 5:colcon.colcon_core.verb:set package 'create3_coverage' build argument 'cmake_target_skip_unavailable' from command line to 'False'
[0.387s] Level 5:colcon.colcon_core.verb:set package 'create3_coverage' build argument 'cmake_clean_cache' from command line to 'False'
[0.387s] Level 5:colcon.colcon_core.verb:set package 'create3_coverage' build argument 'cmake_clean_first' from command line to 'False'
[0.387s] Level 5:colcon.colcon_core.verb:set package 'create3_coverage' build argument 'cmake_force_configure' from command line to 'False'
[0.387s] Level 5:colcon.colcon_core.verb:set package 'create3_coverage' build argument 'ament_cmake_args' from command line to 'None'
[0.387s] Level 5:colcon.colcon_core.verb:set package 'create3_coverage' build argument 'catkin_cmake_args' from command line to 'None'
[0.387s] Level 5:colcon.colcon_core.verb:set package 'create3_coverage' build argument 'catkin_skip_building_tests' from command line to 'False'
[0.387s] DEBUG:colcon.colcon_core.verb:Building package 'create3_coverage' with the following arguments: {'ament_cmake_args': None, 'build_base': '/home/awasch/work/src/create3_examples/build/create3_coverage', 'catkin_cmake_args': None, 'catkin_skip_building_tests': False, 'cmake_args': None, 'cmake_clean_cache': False, 'cmake_clean_first': False, 'cmake_force_configure': False, 'cmake_target': None, 'cmake_target_skip_unavailable': False, 'install_base': '/home/awasch/work/src/create3_examples/install/create3_coverage', 'merge_install': False, 'path': '/home/awasch/work/src/create3_examples/create3_coverage', 'symlink_install': False, 'test_result_base': None}
[0.388s] INFO:colcon.colcon_core.executor:Executing jobs using 'parallel' executor
[0.393s] DEBUG:colcon.colcon_parallel_executor.executor.parallel:run_until_complete
[0.393s] INFO:colcon.colcon_ros.task.ament_cmake.build:Building ROS package in '/home/awasch/work/src/create3_examples/create3_examples_msgs' with build type 'ament_cmake'
[0.393s] INFO:colcon.colcon_cmake.task.cmake.build:Building CMake package in '/home/awasch/work/src/create3_examples/create3_examples_msgs'
[0.400s] INFO:colcon.colcon_core.plugin_system:Skipping extension 'colcon_core.shell.bat': Not used on non-Windows systems
[0.400s] INFO:colcon.colcon_core.shell:Skip shell extension 'powershell' for command environment: Not usable outside of PowerShell
[0.400s] DEBUG:colcon.colcon_core.shell:Skip shell extension 'dsv' for command environment
[0.410s] INFO:colcon.colcon_ros.task.ament_python.build:Building ROS package in '/home/awasch/work/src/create3_examples/create3_examples_py' with build type 'ament_python'
[0.411s] Level 1:colcon.colcon_core.shell:create_environment_hook('create3_examples_py', 'ament_prefix_path')
[0.415s] INFO:colcon.colcon_core.shell:Creating environment hook '/home/awasch/work/src/create3_examples/install/create3_examples_py/share/create3_examples_py/hook/ament_prefix_path.ps1'
[0.417s] INFO:colcon.colcon_core.shell:Creating environment descriptor '/home/awasch/work/src/create3_examples/install/create3_examples_py/share/create3_examples_py/hook/ament_prefix_path.dsv'
[0.417s] INFO:colcon.colcon_core.shell:Creating environment hook '/home/awasch/work/src/create3_examples/install/create3_examples_py/share/create3_examples_py/hook/ament_prefix_path.sh'
[0.422s] INFO:colcon.colcon_core.shell:Skip shell extension 'powershell' for command environment: Not usable outside of PowerShell
[0.422s] DEBUG:colcon.colcon_core.shell:Skip shell extension 'dsv' for command environment
[0.436s] INFO:colcon.colcon_ros.task.ament_cmake.build:Building ROS package in '/home/awasch/work/src/create3_examples/create3_lidar' with build type 'ament_cmake'
[0.437s] INFO:colcon.colcon_cmake.task.cmake.build:Building CMake package in '/home/awasch/work/src/create3_examples/create3_lidar'
[0.440s] INFO:colcon.colcon_core.shell:Skip shell extension 'powershell' for command environment: Not usable outside of PowerShell
[0.440s] DEBUG:colcon.colcon_core.shell:Skip shell extension 'dsv' for command environment
[0.452s] INFO:colcon.colcon_ros.task.ament_python.build:Building ROS package in '/home/awasch/work/src/create3_examples/create3_teleop' with build type 'ament_python'
[0.453s] Level 1:colcon.colcon_core.shell:create_environment_hook('create3_teleop', 'ament_prefix_path')
[0.457s] INFO:colcon.colcon_core.shell:Creating environment hook '/home/awasch/work/src/create3_examples/install/create3_teleop/share/create3_teleop/hook/ament_prefix_path.ps1'
[0.458s] INFO:colcon.colcon_core.shell:Creating environment descriptor '/home/awasch/work/src/create3_examples/install/create3_teleop/share/create3_teleop/hook/ament_prefix_path.dsv'
[0.459s] INFO:colcon.colcon_core.shell:Creating environment hook '/home/awasch/work/src/create3_examples/install/create3_teleop/share/create3_teleop/hook/ament_prefix_path.sh'
[0.462s] INFO:colcon.colcon_core.shell:Skip shell extension 'powershell' for command environment: Not usable outside of PowerShell
[0.462s] DEBUG:colcon.colcon_core.shell:Skip shell extension 'dsv' for command environment
[0.485s] DEBUG:colcon.colcon_core.event_handler.log_command:Invoking command in '/home/awasch/work/src/create3_examples/build/create3_examples_msgs': CMAKE_PREFIX_PATH=${CMAKE_PREFIX_PATH}:/home/awasch/work/src/create3_examples/install/create3_teleop:/home/awasch/work/src/create3_examples/install/create3_examples_py:/opt/ros/galactic /usr/bin/cmake --build /home/awasch/work/src/create3_examples/build/create3_examples_msgs -- -j8 -l8
[0.924s] INFO:colcon.colcon_core.task.python.build:Building Python package in '/home/awasch/work/src/create3_examples/create3_examples_py'
[0.929s] INFO:colcon.colcon_core.shell:Skip shell extension 'powershell' for command environment: Not usable outside of PowerShell
[0.929s] DEBUG:colcon.colcon_core.shell:Skip shell extension 'dsv' for command environment
[0.963s] DEBUG:colcon.colcon_core.event_handler.log_command:Invoking command in '/home/awasch/work/src/create3_examples/build/create3_lidar': CMAKE_PREFIX_PATH=${CMAKE_PREFIX_PATH}:/home/awasch/work/src/create3_examples/install/create3_teleop:/home/awasch/work/src/create3_examples/install/create3_examples_py:/opt/ros/galactic /usr/bin/cmake --build /home/awasch/work/src/create3_examples/build/create3_lidar -- -j8 -l8
[1.300s] INFO:colcon.colcon_core.task.python.build:Building Python package in '/home/awasch/work/src/create3_examples/create3_teleop'
[1.303s] INFO:colcon.colcon_core.shell:Skip shell extension 'powershell' for command environment: Not usable outside of PowerShell
[1.303s] DEBUG:colcon.colcon_core.shell:Skip shell extension 'dsv' for command environment
[1.319s] DEBUG:colcon.colcon_core.event_handler.log_command:Invoked command in '/home/awasch/work/src/create3_examples/build/create3_examples_msgs' returned '0': CMAKE_PREFIX_PATH=${CMAKE_PREFIX_PATH}:/home/awasch/work/src/create3_examples/install/create3_teleop:/home/awasch/work/src/create3_examples/install/create3_examples_py:/opt/ros/galactic /usr/bin/cmake --build /home/awasch/work/src/create3_examples/build/create3_examples_msgs -- -j8 -l8
[1.332s] DEBUG:colcon.colcon_core.event_handler.log_command:Invoked command in '/home/awasch/work/src/create3_examples/build/create3_lidar' returned '0': CMAKE_PREFIX_PATH=${CMAKE_PREFIX_PATH}:/home/awasch/work/src/create3_examples/install/create3_teleop:/home/awasch/work/src/create3_examples/install/create3_examples_py:/opt/ros/galactic /usr/bin/cmake --build /home/awasch/work/src/create3_examples/build/create3_lidar -- -j8 -l8
[1.429s] DEBUG:colcon.colcon_core.event_handler.log_command:Invoking command in '/home/awasch/work/src/create3_examples/build/create3_lidar': CMAKE_PREFIX_PATH=${CMAKE_PREFIX_PATH}:/home/awasch/work/src/create3_examples/install/create3_teleop:/home/awasch/work/src/create3_examples/install/create3_examples_py:/opt/ros/galactic /usr/bin/cmake --install /home/awasch/work/src/create3_examples/build/create3_lidar
[1.457s] Level 1:colcon.colcon_core.environment:create_environment_scripts_only(create3_lidar)
[1.468s] Level 1:colcon.colcon_core.environment:checking '/home/awasch/work/src/create3_examples/install/create3_lidar' for CMake module files
[1.469s] Level 1:colcon.colcon_core.environment:checking '/home/awasch/work/src/create3_examples/install/create3_lidar' for CMake config files
[1.470s] Level 1:colcon.colcon_core.shell:create_environment_hook('create3_lidar', 'cmake_prefix_path')
[1.472s] INFO:colcon.colcon_core.shell:Creating environment hook '/home/awasch/work/src/create3_examples/install/create3_lidar/share/create3_lidar/hook/cmake_prefix_path.ps1'
[1.473s] DEBUG:colcon.colcon_core.event_handler.log_command:Invoked command in '/home/awasch/work/src/create3_examples/build/create3_lidar' returned '0': CMAKE_PREFIX_PATH=${CMAKE_PREFIX_PATH}:/home/awasch/work/src/create3_examples/install/create3_teleop:/home/awasch/work/src/create3_examples/install/create3_examples_py:/opt/ros/galactic /usr/bin/cmake --install /home/awasch/work/src/create3_examples/build/create3_lidar
[1.474s] INFO:colcon.colcon_core.shell:Creating environment descriptor '/home/awasch/work/src/create3_examples/install/create3_lidar/share/create3_lidar/hook/cmake_prefix_path.dsv'
[1.475s] INFO:colcon.colcon_core.shell:Creating environment hook '/home/awasch/work/src/create3_examples/install/create3_lidar/share/create3_lidar/hook/cmake_prefix_path.sh'
[1.476s] Level 1:colcon.colcon_core.environment:checking '/home/awasch/work/src/create3_examples/install/create3_lidar/bin'
[1.476s] Level 1:colcon.colcon_core.environment:checking '/home/awasch/work/src/create3_examples/install/create3_lidar/lib/pkgconfig/create3_lidar.pc'
[1.476s] Level 1:colcon.colcon_core.environment:checking '/home/awasch/work/src/create3_examples/install/create3_lidar/lib/python3.8/site-packages'
[1.476s] Level 1:colcon.colcon_core.environment:checking '/home/awasch/work/src/create3_examples/install/create3_lidar/bin'
[1.479s] INFO:colcon.colcon_core.shell:Creating package script '/home/awasch/work/src/create3_examples/install/create3_lidar/share/create3_lidar/package.ps1'
[1.481s] INFO:colcon.colcon_core.shell:Creating package descriptor '/home/awasch/work/src/create3_examples/install/create3_lidar/share/create3_lidar/package.dsv'
[1.481s] INFO:colcon.colcon_core.shell:Creating package script '/home/awasch/work/src/create3_examples/install/create3_lidar/share/create3_lidar/package.sh'
[1.483s] INFO:colcon.colcon_core.shell:Creating package script '/home/awasch/work/src/create3_examples/install/create3_lidar/share/create3_lidar/package.bash'
[1.484s] INFO:colcon.colcon_core.shell:Creating package script '/home/awasch/work/src/create3_examples/install/create3_lidar/share/create3_lidar/package.zsh'
[1.485s] Level 1:colcon.colcon_core.environment:create_file_with_runtime_dependencies(/home/awasch/work/src/create3_examples/install/create3_lidar/share/colcon-core/packages/create3_lidar)
[1.531s] DEBUG:colcon.colcon_core.event_handler.log_command:Invoking command in '/home/awasch/work/src/create3_examples/build/create3_examples_msgs': CMAKE_PREFIX_PATH=${CMAKE_PREFIX_PATH}:/home/awasch/work/src/create3_examples/install/create3_teleop:/home/awasch/work/src/create3_examples/install/create3_examples_py:/opt/ros/galactic /usr/bin/cmake --install /home/awasch/work/src/create3_examples/build/create3_examples_msgs
[1.565s] Level 1:colcon.colcon_core.environment:create_environment_scripts_only(create3_lidar)
[1.569s] Level 1:colcon.colcon_core.environment:checking '/home/awasch/work/src/create3_examples/install/create3_lidar' for CMake module files
[1.572s] Level 1:colcon.colcon_core.environment:checking '/home/awasch/work/src/create3_examples/install/create3_lidar' for CMake config files
[1.574s] Level 1:colcon.colcon_core.shell:create_environment_hook('create3_lidar', 'cmake_prefix_path')
[1.577s] INFO:colcon.colcon_core.shell:Creating environment hook '/home/awasch/work/src/create3_examples/install/create3_lidar/share/create3_lidar/hook/cmake_prefix_path.ps1'
[1.578s] INFO:colcon.colcon_core.shell:Creating environment descriptor '/home/awasch/work/src/create3_examples/install/create3_lidar/share/create3_lidar/hook/cmake_prefix_path.dsv'
[1.580s] INFO:colcon.colcon_core.shell:Creating environment hook '/home/awasch/work/src/create3_examples/install/create3_lidar/share/create3_lidar/hook/cmake_prefix_path.sh'
[1.581s] Level 1:colcon.colcon_core.environment:checking '/home/awasch/work/src/create3_examples/install/create3_lidar/bin'
[1.582s] Level 1:colcon.colcon_core.environment:checking '/home/awasch/work/src/create3_examples/install/create3_lidar/lib/pkgconfig/create3_lidar.pc'
[1.582s] Level 1:colcon.colcon_core.environment:checking '/home/awasch/work/src/create3_examples/install/create3_lidar/lib/python3.8/site-packages'
[1.583s] Level 1:colcon.colcon_core.environment:checking '/home/awasch/work/src/create3_examples/install/create3_lidar/bin'
[1.586s] INFO:colcon.colcon_core.shell:Creating package script '/home/awasch/work/src/create3_examples/install/create3_lidar/share/create3_lidar/package.ps1'
[1.587s] INFO:colcon.colcon_core.shell:Creating package descriptor '/home/awasch/work/src/create3_examples/install/create3_lidar/share/create3_lidar/package.dsv'
[1.589s] INFO:colcon.colcon_core.shell:Creating package script '/home/awasch/work/src/create3_examples/install/create3_lidar/share/create3_lidar/package.sh'
[1.590s] INFO:colcon.colcon_core.shell:Creating package script '/home/awasch/work/src/create3_examples/install/create3_lidar/share/create3_lidar/package.bash'
[1.591s] INFO:colcon.colcon_core.shell:Creating package script '/home/awasch/work/src/create3_examples/install/create3_lidar/share/create3_lidar/package.zsh'
[1.592s] Level 1:colcon.colcon_core.environment:create_file_with_runtime_dependencies(/home/awasch/work/src/create3_examples/install/create3_lidar/share/colcon-core/packages/create3_lidar)
[1.638s] Level 1:colcon.colcon_core.environment:create_environment_scripts_only(create3_examples_msgs)
[1.641s] Level 1:colcon.colcon_core.environment:checking '/home/awasch/work/src/create3_examples/install/create3_examples_msgs' for CMake module files
[1.643s] DEBUG:colcon.colcon_core.event_handler.log_command:Invoked command in '/home/awasch/work/src/create3_examples/build/create3_examples_msgs' returned '0': CMAKE_PREFIX_PATH=${CMAKE_PREFIX_PATH}:/home/awasch/work/src/create3_examples/install/create3_teleop:/home/awasch/work/src/create3_examples/install/create3_examples_py:/opt/ros/galactic /usr/bin/cmake --install /home/awasch/work/src/create3_examples/build/create3_examples_msgs
[1.643s] Level 1:colcon.colcon_core.environment:checking '/home/awasch/work/src/create3_examples/install/create3_examples_msgs' for CMake config files
[1.644s] Level 1:colcon.colcon_core.shell:create_environment_hook('create3_examples_msgs', 'cmake_prefix_path')
[1.646s] INFO:colcon.colcon_core.shell:Creating environment hook '/home/awasch/work/src/create3_examples/install/create3_examples_msgs/share/create3_examples_msgs/hook/cmake_prefix_path.ps1'
[1.647s] INFO:colcon.colcon_core.shell:Creating environment descriptor '/home/awasch/work/src/create3_examples/install/create3_examples_msgs/share/create3_examples_msgs/hook/cmake_prefix_path.dsv'
[1.648s] INFO:colcon.colcon_core.shell:Creating environment hook '/home/awasch/work/src/create3_examples/install/create3_examples_msgs/share/create3_examples_msgs/hook/cmake_prefix_path.sh'
[1.648s] Level 1:colcon.colcon_core.environment:checking '/home/awasch/work/src/create3_examples/install/create3_examples_msgs/lib'
[1.649s] Level 1:colcon.colcon_core.shell:create_environment_hook('create3_examples_msgs', 'ld_library_path_lib')
[1.651s] INFO:colcon.colcon_core.shell:Creating environment hook '/home/awasch/work/src/create3_examples/install/create3_examples_msgs/share/create3_examples_msgs/hook/ld_library_path_lib.ps1'
[1.652s] INFO:colcon.colcon_core.shell:Creating environment descriptor '/home/awasch/work/src/create3_examples/install/create3_examples_msgs/share/create3_examples_msgs/hook/ld_library_path_lib.dsv'
[1.653s] INFO:colcon.colcon_core.shell:Creating environment hook '/home/awasch/work/src/create3_examples/install/create3_examples_msgs/share/create3_examples_msgs/hook/ld_library_path_lib.sh'
[1.653s] Level 1:colcon.colcon_core.environment:checking '/home/awasch/work/src/create3_examples/install/create3_examples_msgs/bin'
[1.653s] Level 1:colcon.colcon_core.environment:checking '/home/awasch/work/src/create3_examples/install/create3_examples_msgs/lib/pkgconfig/create3_examples_msgs.pc'
[1.654s] Level 1:colcon.colcon_core.environment:checking '/home/awasch/work/src/create3_examples/install/create3_examples_msgs/lib/python3.8/site-packages'
[1.654s] Level 1:colcon.colcon_core.shell:create_environment_hook('create3_examples_msgs', 'pythonpath')
[1.657s] INFO:colcon.colcon_core.shell:Creating environment hook '/home/awasch/work/src/create3_examples/install/create3_examples_msgs/share/create3_examples_msgs/hook/pythonpath.ps1'
[1.658s] INFO:colcon.colcon_core.shell:Creating environment descriptor '/home/awasch/work/src/create3_examples/install/create3_examples_msgs/share/create3_examples_msgs/hook/pythonpath.dsv'
[1.658s] INFO:colcon.colcon_core.shell:Creating environment hook '/home/awasch/work/src/create3_examples/install/create3_examples_msgs/share/create3_examples_msgs/hook/pythonpath.sh'
[1.659s] Level 1:colcon.colcon_core.environment:checking '/home/awasch/work/src/create3_examples/install/create3_examples_msgs/bin'
[1.662s] INFO:colcon.colcon_core.shell:Creating package script '/home/awasch/work/src/create3_examples/install/create3_examples_msgs/share/create3_examples_msgs/package.ps1'
[1.663s] INFO:colcon.colcon_core.shell:Creating package descriptor '/home/awasch/work/src/create3_examples/install/create3_examples_msgs/share/create3_examples_msgs/package.dsv'
[1.664s] INFO:colcon.colcon_core.shell:Creating package script '/home/awasch/work/src/create3_examples/install/create3_examples_msgs/share/create3_examples_msgs/package.sh'
[1.664s] INFO:colcon.colcon_core.shell:Creating package script '/home/awasch/work/src/create3_examples/install/create3_examples_msgs/share/create3_examples_msgs/package.bash'
[1.665s] INFO:colcon.colcon_core.shell:Creating package script '/home/awasch/work/src/create3_examples/install/create3_examples_msgs/share/create3_examples_msgs/package.zsh'
[1.665s] Level 1:colcon.colcon_core.environment:create_file_with_runtime_dependencies(/home/awasch/work/src/create3_examples/install/create3_examples_msgs/share/colcon-core/packages/create3_examples_msgs)
[1.882s] Level 1:colcon.colcon_core.environment:create_environment_scripts_only(create3_examples_msgs)
[1.886s] Level 1:colcon.colcon_core.environment:checking '/home/awasch/work/src/create3_examples/install/create3_examples_msgs' for CMake module files
[1.887s] Level 1:colcon.colcon_core.environment:checking '/home/awasch/work/src/create3_examples/install/create3_examples_msgs' for CMake config files
[1.888s] Level 1:colcon.colcon_core.shell:create_environment_hook('create3_examples_msgs', 'cmake_prefix_path')
[1.891s] INFO:colcon.colcon_core.shell:Creating environment hook '/home/awasch/work/src/create3_examples/install/create3_examples_msgs/share/create3_examples_msgs/hook/cmake_prefix_path.ps1'
[1.892s] INFO:colcon.colcon_core.shell:Creating environment descriptor '/home/awasch/work/src/create3_examples/install/create3_examples_msgs/share/create3_examples_msgs/hook/cmake_prefix_path.dsv'
[1.892s] INFO:colcon.colcon_core.shell:Creating environment hook '/home/awasch/work/src/create3_examples/install/create3_examples_msgs/share/create3_examples_msgs/hook/cmake_prefix_path.sh'
[1.894s] Level 1:colcon.colcon_core.environment:checking '/home/awasch/work/src/create3_examples/install/create3_examples_msgs/lib'
[1.894s] Level 1:colcon.colcon_core.shell:create_environment_hook('create3_examples_msgs', 'ld_library_path_lib')
[1.897s] INFO:colcon.colcon_core.shell:Creating environment hook '/home/awasch/work/src/create3_examples/install/create3_examples_msgs/share/create3_examples_msgs/hook/ld_library_path_lib.ps1'
[1.897s] INFO:colcon.colcon_core.shell:Creating environment descriptor '/home/awasch/work/src/create3_examples/install/create3_examples_msgs/share/create3_examples_msgs/hook/ld_library_path_lib.dsv'
[1.898s] INFO:colcon.colcon_core.shell:Creating environment hook '/home/awasch/work/src/create3_examples/install/create3_examples_msgs/share/create3_examples_msgs/hook/ld_library_path_lib.sh'
[1.899s] Level 1:colcon.colcon_core.environment:checking '/home/awasch/work/src/create3_examples/install/create3_examples_msgs/bin'
[1.899s] Level 1:colcon.colcon_core.environment:checking '/home/awasch/work/src/create3_examples/install/create3_examples_msgs/lib/pkgconfig/create3_examples_msgs.pc'
[1.900s] Level 1:colcon.colcon_core.environment:checking '/home/awasch/work/src/create3_examples/install/create3_examples_msgs/lib/python3.8/site-packages'
[1.900s] Level 1:colcon.colcon_core.shell:create_environment_hook('create3_examples_msgs', 'pythonpath')
[1.902s] INFO:colcon.colcon_core.shell:Creating environment hook '/home/awasch/work/src/create3_examples/install/create3_examples_msgs/share/create3_examples_msgs/hook/pythonpath.ps1'
[1.903s] INFO:colcon.colcon_core.shell:Creating environment descriptor '/home/awasch/work/src/create3_examples/install/create3_examples_msgs/share/create3_examples_msgs/hook/pythonpath.dsv'
[1.904s] INFO:colcon.colcon_core.shell:Creating environment hook '/home/awasch/work/src/create3_examples/install/create3_examples_msgs/share/create3_examples_msgs/hook/pythonpath.sh'
[1.905s] Level 1:colcon.colcon_core.environment:checking '/home/awasch/work/src/create3_examples/install/create3_examples_msgs/bin'
[1.909s] INFO:colcon.colcon_core.shell:Creating package script '/home/awasch/work/src/create3_examples/install/create3_examples_msgs/share/create3_examples_msgs/package.ps1'
[1.910s] INFO:colcon.colcon_core.shell:Creating package descriptor '/home/awasch/work/src/create3_examples/install/create3_examples_msgs/share/create3_examples_msgs/package.dsv'
[1.911s] INFO:colcon.colcon_core.shell:Creating package script '/home/awasch/work/src/create3_examples/install/create3_examples_msgs/share/create3_examples_msgs/package.sh'
[1.913s] INFO:colcon.colcon_core.shell:Creating package script '/home/awasch/work/src/create3_examples/install/create3_examples_msgs/share/create3_examples_msgs/package.bash'
[1.914s] INFO:colcon.colcon_core.shell:Creating package script '/home/awasch/work/src/create3_examples/install/create3_examples_msgs/share/create3_examples_msgs/package.zsh'
[1.914s] Level 1:colcon.colcon_core.environment:create_file_with_runtime_dependencies(/home/awasch/work/src/create3_examples/install/create3_examples_msgs/share/colcon-core/packages/create3_examples_msgs)
[1.916s] INFO:colcon.colcon_ros.task.ament_cmake.build:Building ROS package in '/home/awasch/work/src/create3_examples/create3_coverage' with build type 'ament_cmake'
[1.916s] INFO:colcon.colcon_cmake.task.cmake.build:Building CMake package in '/home/awasch/work/src/create3_examples/create3_coverage'
[1.919s] INFO:colcon.colcon_core.shell:Skip shell extension 'powershell' for command environment: Not usable outside of PowerShell
[1.919s] DEBUG:colcon.colcon_core.shell:Skip shell extension 'dsv' for command environment
[1.954s] DEBUG:colcon.colcon_core.event_handler.log_command:Invoking command in '/home/awasch/work/src/create3_examples/build/create3_coverage': CMAKE_PREFIX_PATH=/home/awasch/work/src/create3_examples/install/create3_examples_msgs:/home/awasch/work/src/create3_examples/install/create3_lidar:/home/awasch/work/src/create3_examples/install/create3_coverage:/home/awasch/work/src/create3_examples/install/create3_teleop:/home/awasch/work/src/create3_examples/install/create3_examples_py:/opt/ros/galactic LD_LIBRARY_PATH=/home/awasch/work/src/create3_examples/install/create3_examples_msgs/lib:/home/awasch/work/src/create3_examples/install/create3_coverage/lib:/opt/ros/galactic/opt/yaml_cpp_vendor/lib:/opt/ros/galactic/opt/rviz_ogre_vendor/lib:/opt/ros/galactic/lib/x86_64-linux-gnu:/opt/ros/galactic/lib PYTHONPATH=/home/awasch/work/src/create3_examples/install/create3_examples_msgs/lib/python3.8/site-packages:/home/awasch/work/src/create3_examples/install/create3_teleop/lib/python3.8/site-packages:/home/awasch/work/src/create3_examples/install/create3_examples_py/lib/python3.8/site-packages:/opt/ros/galactic/lib/python3.8/site-packages /usr/bin/cmake --build /home/awasch/work/src/create3_examples/build/create3_coverage -- -j8 -l8
[2.081s] DEBUG:colcon.colcon_core.event_handler.log_command:Invoking command in '/home/awasch/work/src/create3_examples/create3_examples_py': PYTHONPATH=/home/awasch/work/src/create3_examples/install/create3_examples_py/lib/python3.8/site-packages:${PYTHONPATH} /usr/bin/python3 setup.py egg_info --egg-base ../build/create3_examples_py build --build-base /home/awasch/work/src/create3_examples/build/create3_examples_py/build install --prefix /home/awasch/work/src/create3_examples/install/create3_examples_py --record /home/awasch/work/src/create3_examples/build/create3_examples_py/install.log --single-version-externally-managed
[2.093s] DEBUG:colcon.colcon_core.event_handler.log_command:Invoking command in '/home/awasch/work/src/create3_examples/create3_teleop': PYTHONPATH=/home/awasch/work/src/create3_examples/install/create3_teleop/lib/python3.8/site-packages:${PYTHONPATH} /usr/bin/python3 setup.py egg_info --egg-base ../build/create3_teleop build --build-base /home/awasch/work/src/create3_examples/build/create3_teleop/build install --prefix /home/awasch/work/src/create3_examples/install/create3_teleop --record /home/awasch/work/src/create3_examples/build/create3_teleop/install.log --single-version-externally-managed
[2.257s] DEBUG:colcon.colcon_core.event_handler.log_command:Invoked command in '/home/awasch/work/src/create3_examples/build/create3_coverage' returned '0': CMAKE_PREFIX_PATH=/home/awasch/work/src/create3_examples/install/create3_examples_msgs:/home/awasch/work/src/create3_examples/install/create3_lidar:/home/awasch/work/src/create3_examples/install/create3_coverage:/home/awasch/work/src/create3_examples/install/create3_teleop:/home/awasch/work/src/create3_examples/install/create3_examples_py:/opt/ros/galactic LD_LIBRARY_PATH=/home/awasch/work/src/create3_examples/install/create3_examples_msgs/lib:/home/awasch/work/src/create3_examples/install/create3_coverage/lib:/opt/ros/galactic/opt/yaml_cpp_vendor/lib:/opt/ros/galactic/opt/rviz_ogre_vendor/lib:/opt/ros/galactic/lib/x86_64-linux-gnu:/opt/ros/galactic/lib PYTHONPATH=/home/awasch/work/src/create3_examples/install/create3_examples_msgs/lib/python3.8/site-packages:/home/awasch/work/src/create3_examples/install/create3_teleop/lib/python3.8/site-packages:/home/awasch/work/src/create3_examples/install/create3_examples_py/lib/python3.8/site-packages:/opt/ros/galactic/lib/python3.8/site-packages /usr/bin/cmake --build /home/awasch/work/src/create3_examples/build/create3_coverage -- -j8 -l8
[2.431s] DEBUG:colcon.colcon_core.event_handler.log_command:Invoking command in '/home/awasch/work/src/create3_examples/build/create3_coverage': CMAKE_PREFIX_PATH=/home/awasch/work/src/create3_examples/install/create3_examples_msgs:/home/awasch/work/src/create3_examples/install/create3_lidar:/home/awasch/work/src/create3_examples/install/create3_coverage:/home/awasch/work/src/create3_examples/install/create3_teleop:/home/awasch/work/src/create3_examples/install/create3_examples_py:/opt/ros/galactic LD_LIBRARY_PATH=/home/awasch/work/src/create3_examples/install/create3_examples_msgs/lib:/home/awasch/work/src/create3_examples/install/create3_coverage/lib:/opt/ros/galactic/opt/yaml_cpp_vendor/lib:/opt/ros/galactic/opt/rviz_ogre_vendor/lib:/opt/ros/galactic/lib/x86_64-linux-gnu:/opt/ros/galactic/lib PYTHONPATH=/home/awasch/work/src/create3_examples/install/create3_examples_msgs/lib/python3.8/site-packages:/home/awasch/work/src/create3_examples/install/create3_teleop/lib/python3.8/site-packages:/home/awasch/work/src/create3_examples/install/create3_examples_py/lib/python3.8/site-packages:/opt/ros/galactic/lib/python3.8/site-packages /usr/bin/cmake --install /home/awasch/work/src/create3_examples/build/create3_coverage
[2.457s] Level 1:colcon.colcon_core.environment:create_environment_scripts_only(create3_coverage)
[2.462s] Level 1:colcon.colcon_core.environment:checking '/home/awasch/work/src/create3_examples/install/create3_coverage' for CMake module files
[2.463s] Level 1:colcon.colcon_core.environment:checking '/home/awasch/work/src/create3_examples/install/create3_coverage' for CMake config files
[2.463s] Level 1:colcon.colcon_core.shell:create_environment_hook('create3_coverage', 'cmake_prefix_path')
[2.466s] INFO:colcon.colcon_core.shell:Creating environment hook '/home/awasch/work/src/create3_examples/install/create3_coverage/share/create3_coverage/hook/cmake_prefix_path.ps1'
[2.473s] INFO:colcon.colcon_core.shell:Creating environment descriptor '/home/awasch/work/src/create3_examples/install/create3_coverage/share/create3_coverage/hook/cmake_prefix_path.dsv'
[2.474s] INFO:colcon.colcon_core.shell:Creating environment hook '/home/awasch/work/src/create3_examples/install/create3_coverage/share/create3_coverage/hook/cmake_prefix_path.sh'
[2.476s] DEBUG:colcon.colcon_core.event_handler.log_command:Invoked command in '/home/awasch/work/src/create3_examples/build/create3_coverage' returned '0': CMAKE_PREFIX_PATH=/home/awasch/work/src/create3_examples/install/create3_examples_msgs:/home/awasch/work/src/create3_examples/install/create3_lidar:/home/awasch/work/src/create3_examples/install/create3_coverage:/home/awasch/work/src/create3_examples/install/create3_teleop:/home/awasch/work/src/create3_examples/install/create3_examples_py:/opt/ros/galactic LD_LIBRARY_PATH=/home/awasch/work/src/create3_examples/install/create3_examples_msgs/lib:/home/awasch/work/src/create3_examples/install/create3_coverage/lib:/opt/ros/galactic/opt/yaml_cpp_vendor/lib:/opt/ros/galactic/opt/rviz_ogre_vendor/lib:/opt/ros/galactic/lib/x86_64-linux-gnu:/opt/ros/galactic/lib PYTHONPATH=/home/awasch/work/src/create3_examples/install/create3_examples_msgs/lib/python3.8/site-packages:/home/awasch/work/src/create3_examples/install/create3_teleop/lib/python3.8/site-packages:/home/awasch/work/src/create3_examples/install/create3_examples_py/lib/python3.8/site-packages:/opt/ros/galactic/lib/python3.8/site-packages /usr/bin/cmake --install /home/awasch/work/src/create3_examples/build/create3_coverage
[2.476s] Level 1:colcon.colcon_core.environment:checking '/home/awasch/work/src/create3_examples/install/create3_coverage/lib'
[2.477s] Level 1:colcon.colcon_core.shell:create_environment_hook('create3_coverage', 'ld_library_path_lib')
[2.480s] INFO:colcon.colcon_core.shell:Creating environment hook '/home/awasch/work/src/create3_examples/install/create3_coverage/share/create3_coverage/hook/ld_library_path_lib.ps1'
[2.481s] INFO:colcon.colcon_core.shell:Creating environment descriptor '/home/awasch/work/src/create3_examples/install/create3_coverage/share/create3_coverage/hook/ld_library_path_lib.dsv'
[2.481s] INFO:colcon.colcon_core.shell:Creating environment hook '/home/awasch/work/src/create3_examples/install/create3_coverage/share/create3_coverage/hook/ld_library_path_lib.sh'
[2.482s] Level 1:colcon.colcon_core.environment:checking '/home/awasch/work/src/create3_examples/install/create3_coverage/bin'
[2.482s] Level 1:colcon.colcon_core.environment:checking '/home/awasch/work/src/create3_examples/install/create3_coverage/lib/pkgconfig/create3_coverage.pc'
[2.483s] Level 1:colcon.colcon_core.environment:checking '/home/awasch/work/src/create3_examples/install/create3_coverage/lib/python3.8/site-packages'
[2.483s] Level 1:colcon.colcon_core.environment:checking '/home/awasch/work/src/create3_examples/install/create3_coverage/bin'
[2.487s] INFO:colcon.colcon_core.shell:Creating package script '/home/awasch/work/src/create3_examples/install/create3_coverage/share/create3_coverage/package.ps1'
[2.488s] INFO:colcon.colcon_core.shell:Creating package descriptor '/home/awasch/work/src/create3_examples/install/create3_coverage/share/create3_coverage/package.dsv'
[2.489s] INFO:colcon.colcon_core.shell:Creating package script '/home/awasch/work/src/create3_examples/install/create3_coverage/share/create3_coverage/package.sh'
[2.490s] INFO:colcon.colcon_core.shell:Creating package script '/home/awasch/work/src/create3_examples/install/create3_coverage/share/create3_coverage/package.bash'
[2.491s] INFO:colcon.colcon_core.shell:Creating package script '/home/awasch/work/src/create3_examples/install/create3_coverage/share/create3_coverage/package.zsh'
[2.491s] Level 1:colcon.colcon_core.environment:create_file_with_runtime_dependencies(/home/awasch/work/src/create3_examples/install/create3_coverage/share/colcon-core/packages/create3_coverage)
[2.626s] Level 1:colcon.colcon_core.environment:checking '/home/awasch/work/src/create3_examples/install/create3_teleop' for CMake module files
[2.627s] DEBUG:colcon.colcon_core.event_handler.log_command:Invoked command in '/home/awasch/work/src/create3_examples/create3_teleop' returned '0': PYTHONPATH=/home/awasch/work/src/create3_examples/install/create3_teleop/lib/python3.8/site-packages:${PYTHONPATH} /usr/bin/python3 setup.py egg_info --egg-base ../build/create3_teleop build --build-base /home/awasch/work/src/create3_examples/build/create3_teleop/build install --prefix /home/awasch/work/src/create3_examples/install/create3_teleop --record /home/awasch/work/src/create3_examples/build/create3_teleop/install.log --single-version-externally-managed
[2.628s] Level 1:colcon.colcon_core.environment:checking '/home/awasch/work/src/create3_examples/install/create3_teleop' for CMake config files
[2.630s] Level 1:colcon.colcon_core.environment:checking '/home/awasch/work/src/create3_examples/install/create3_teleop/lib'
[2.630s] Level 1:colcon.colcon_core.environment:checking '/home/awasch/work/src/create3_examples/install/create3_teleop/bin'
[2.630s] Level 1:colcon.colcon_core.environment:checking '/home/awasch/work/src/create3_examples/install/create3_teleop/lib/pkgconfig/create3_teleop.pc'
[2.631s] Level 1:colcon.colcon_core.environment:checking '/home/awasch/work/src/create3_examples/install/create3_teleop/lib/python3.8/site-packages'
[2.631s] Level 1:colcon.colcon_core.shell:create_environment_hook('create3_teleop', 'pythonpath')
[2.635s] INFO:colcon.colcon_core.shell:Creating environment hook '/home/awasch/work/src/create3_examples/install/create3_teleop/share/create3_teleop/hook/pythonpath.ps1'
[2.636s] INFO:colcon.colcon_core.shell:Creating environment descriptor '/home/awasch/work/src/create3_examples/install/create3_teleop/share/create3_teleop/hook/pythonpath.dsv'
[2.637s] INFO:colcon.colcon_core.shell:Creating environment hook '/home/awasch/work/src/create3_examples/install/create3_teleop/share/create3_teleop/hook/pythonpath.sh'
[2.638s] Level 1:colcon.colcon_core.environment:checking '/home/awasch/work/src/create3_examples/install/create3_teleop/bin'
[2.638s] Level 1:colcon.colcon_core.environment:create_environment_scripts_only(create3_teleop)
[2.641s] INFO:colcon.colcon_core.shell:Creating package script '/home/awasch/work/src/create3_examples/install/create3_teleop/share/create3_teleop/package.ps1'
[2.642s] INFO:colcon.colcon_core.shell:Creating package descriptor '/home/awasch/work/src/create3_examples/install/create3_teleop/share/create3_teleop/package.dsv'
[2.643s] INFO:colcon.colcon_core.shell:Creating package script '/home/awasch/work/src/create3_examples/install/create3_teleop/share/create3_teleop/package.sh'
[2.644s] INFO:colcon.colcon_core.shell:Creating package script '/home/awasch/work/src/create3_examples/install/create3_teleop/share/create3_teleop/package.bash'
[2.644s] INFO:colcon.colcon_core.shell:Creating package script '/home/awasch/work/src/create3_examples/install/create3_teleop/share/create3_teleop/package.zsh'
[2.645s] Level 1:colcon.colcon_core.environment:create_file_with_runtime_dependencies(/home/awasch/work/src/create3_examples/install/create3_teleop/share/colcon-core/packages/create3_teleop)
[2.659s] Level 1:colcon.colcon_core.environment:create_environment_scripts_only(create3_coverage)
[2.663s] Level 1:colcon.colcon_core.environment:checking '/home/awasch/work/src/create3_examples/install/create3_coverage' for CMake module files
[2.665s] Level 1:colcon.colcon_core.environment:checking '/home/awasch/work/src/create3_examples/install/create3_coverage' for CMake config files
[2.665s] Level 1:colcon.colcon_core.shell:create_environment_hook('create3_coverage', 'cmake_prefix_path')
[2.668s] INFO:colcon.colcon_core.shell:Creating environment hook '/home/awasch/work/src/create3_examples/install/create3_coverage/share/create3_coverage/hook/cmake_prefix_path.ps1'
[2.668s] INFO:colcon.colcon_core.shell:Creating environment descriptor '/home/awasch/work/src/create3_examples/install/create3_coverage/share/create3_coverage/hook/cmake_prefix_path.dsv'
[2.669s] INFO:colcon.colcon_core.shell:Creating environment hook '/home/awasch/work/src/create3_examples/install/create3_coverage/share/create3_coverage/hook/cmake_prefix_path.sh'
[2.670s] Level 1:colcon.colcon_core.environment:checking '/home/awasch/work/src/create3_examples/install/create3_coverage/lib'
[2.670s] Level 1:colcon.colcon_core.shell:create_environment_hook('create3_coverage', 'ld_library_path_lib')
[2.673s] INFO:colcon.colcon_core.shell:Creating environment hook '/home/awasch/work/src/create3_examples/install/create3_coverage/share/create3_coverage/hook/ld_library_path_lib.ps1'
[2.674s] INFO:colcon.colcon_core.shell:Creating environment descriptor '/home/awasch/work/src/create3_examples/install/create3_coverage/share/create3_coverage/hook/ld_library_path_lib.dsv'
[2.674s] INFO:colcon.colcon_core.shell:Creating environment hook '/home/awasch/work/src/create3_examples/install/create3_coverage/share/create3_coverage/hook/ld_library_path_lib.sh'
[2.675s] Level 1:colcon.colcon_core.environment:checking '/home/awasch/work/src/create3_examples/install/create3_coverage/bin'
[2.675s] Level 1:colcon.colcon_core.environment:checking '/home/awasch/work/src/create3_examples/install/create3_coverage/lib/pkgconfig/create3_coverage.pc'
[2.675s] Level 1:colcon.colcon_core.environment:checking '/home/awasch/work/src/create3_examples/install/create3_coverage/lib/python3.8/site-packages'
[2.675s] Level 1:colcon.colcon_core.environment:checking '/home/awasch/work/src/create3_examples/install/create3_coverage/bin'
[2.678s] INFO:colcon.colcon_core.shell:Creating package script '/home/awasch/work/src/create3_examples/install/create3_coverage/share/create3_coverage/package.ps1'
[2.679s] INFO:colcon.colcon_core.shell:Creating package descriptor '/home/awasch/work/src/create3_examples/install/create3_coverage/share/create3_coverage/package.dsv'
[2.680s] INFO:colcon.colcon_core.shell:Creating package script '/home/awasch/work/src/create3_examples/install/create3_coverage/share/create3_coverage/package.sh'
[2.681s] INFO:colcon.colcon_core.shell:Creating package script '/home/awasch/work/src/create3_examples/install/create3_coverage/share/create3_coverage/package.bash'
[2.681s] INFO:colcon.colcon_core.shell:Creating package script '/home/awasch/work/src/create3_examples/install/create3_coverage/share/create3_coverage/package.zsh'
[2.682s] Level 1:colcon.colcon_core.environment:create_file_with_runtime_dependencies(/home/awasch/work/src/create3_examples/install/create3_coverage/share/colcon-core/packages/create3_coverage)
[2.704s] Level 1:colcon.colcon_core.environment:checking '/home/awasch/work/src/create3_examples/install/create3_examples_py' for CMake module files
[2.705s] DEBUG:colcon.colcon_core.event_handler.log_command:Invoked command in '/home/awasch/work/src/create3_examples/create3_examples_py' returned '0': PYTHONPATH=/home/awasch/work/src/create3_examples/install/create3_examples_py/lib/python3.8/site-packages:${PYTHONPATH} /usr/bin/python3 setup.py egg_info --egg-base ../build/create3_examples_py build --build-base /home/awasch/work/src/create3_examples/build/create3_examples_py/build install --prefix /home/awasch/work/src/create3_examples/install/create3_examples_py --record /home/awasch/work/src/create3_examples/build/create3_examples_py/install.log --single-version-externally-managed
[2.705s] Level 1:colcon.colcon_core.environment:checking '/home/awasch/work/src/create3_examples/install/create3_examples_py' for CMake config files
[2.706s] Level 1:colcon.colcon_core.environment:checking '/home/awasch/work/src/create3_examples/install/create3_examples_py/lib'
[2.707s] Level 1:colcon.colcon_core.environment:checking '/home/awasch/work/src/create3_examples/install/create3_examples_py/bin'
[2.707s] Level 1:colcon.colcon_core.environment:checking '/home/awasch/work/src/create3_examples/install/create3_examples_py/lib/pkgconfig/create3_examples_py.pc'
[2.707s] Level 1:colcon.colcon_core.environment:checking '/home/awasch/work/src/create3_examples/install/create3_examples_py/lib/python3.8/site-packages'
[2.707s] Level 1:colcon.colcon_core.shell:create_environment_hook('create3_examples_py', 'pythonpath')
[2.710s] INFO:colcon.colcon_core.shell:Creating environment hook '/home/awasch/work/src/create3_examples/install/create3_examples_py/share/create3_examples_py/hook/pythonpath.ps1'
[2.711s] INFO:colcon.colcon_core.shell:Creating environment descriptor '/home/awasch/work/src/create3_examples/install/create3_examples_py/share/create3_examples_py/hook/pythonpath.dsv'
[2.711s] INFO:colcon.colcon_core.shell:Creating environment hook '/home/awasch/work/src/create3_examples/install/create3_examples_py/share/create3_examples_py/hook/pythonpath.sh'
[2.712s] Level 1:colcon.colcon_core.environment:checking '/home/awasch/work/src/create3_examples/install/create3_examples_py/bin'
[2.712s] Level 1:colcon.colcon_core.environment:create_environment_scripts_only(create3_examples_py)
[2.715s] INFO:colcon.colcon_core.shell:Creating package script '/home/awasch/work/src/create3_examples/install/create3_examples_py/share/create3_examples_py/package.ps1'
[2.716s] INFO:colcon.colcon_core.shell:Creating package descriptor '/home/awasch/work/src/create3_examples/install/create3_examples_py/share/create3_examples_py/package.dsv'
[2.717s] INFO:colcon.colcon_core.shell:Creating package script '/home/awasch/work/src/create3_examples/install/create3_examples_py/share/create3_examples_py/package.sh'
[2.717s] INFO:colcon.colcon_core.shell:Creating package script '/home/awasch/work/src/create3_examples/install/create3_examples_py/share/create3_examples_py/package.bash'
[2.718s] INFO:colcon.colcon_core.shell:Creating package script '/home/awasch/work/src/create3_examples/install/create3_examples_py/share/create3_examples_py/package.zsh'
[2.718s] Level 1:colcon.colcon_core.environment:create_file_with_runtime_dependencies(/home/awasch/work/src/create3_examples/install/create3_examples_py/share/colcon-core/packages/create3_examples_py)
[2.719s] DEBUG:colcon.colcon_parallel_executor.executor.parallel:closing loop
[2.719s] DEBUG:colcon.colcon_parallel_executor.executor.parallel:loop closed
[2.720s] DEBUG:colcon.colcon_parallel_executor.executor.parallel:run_until_complete finished with '0'
[2.720s] DEBUG:colcon.colcon_core.event_reactor:joining thread
[2.733s] INFO:colcon.colcon_core.plugin_system:Skipping extension 'colcon_notification.desktop_notification.terminal_notifier': Not used on non-Darwin systems
[2.733s] INFO:colcon.colcon_core.plugin_system:Skipping extension 'colcon_notification.desktop_notification.win32': Not used on non-Windows systems
[2.733s] INFO:colcon.colcon_notification.desktop_notification:Sending desktop notification using 'notify2'
[2.756s] DEBUG:colcon.colcon_core.event_reactor:joined thread
[2.758s] INFO:colcon.colcon_core.shell:Creating prefix script '/home/awasch/work/src/create3_examples/install/local_setup.ps1'
[2.759s] INFO:colcon.colcon_core.shell:Creating prefix util module '/home/awasch/work/src/create3_examples/install/_local_setup_util_ps1.py'
[2.760s] INFO:colcon.colcon_core.shell:Creating prefix chain script '/home/awasch/work/src/create3_examples/install/setup.ps1'
[2.763s] INFO:colcon.colcon_core.shell:Creating prefix script '/home/awasch/work/src/create3_examples/install/local_setup.sh'
[2.763s] INFO:colcon.colcon_core.shell:Creating prefix util module '/home/awasch/work/src/create3_examples/install/_local_setup_util_sh.py'
[2.764s] INFO:colcon.colcon_core.shell:Creating prefix chain script '/home/awasch/work/src/create3_examples/install/setup.sh'
[2.767s] INFO:colcon.colcon_core.shell:Creating prefix script '/home/awasch/work/src/create3_examples/install/local_setup.bash'
[2.768s] INFO:colcon.colcon_core.shell:Creating prefix chain script '/home/awasch/work/src/create3_examples/install/setup.bash'
[2.772s] INFO:colcon.colcon_core.shell:Creating prefix script '/home/awasch/work/src/create3_examples/install/local_setup.zsh'
[2.773s] INFO:colcon.colcon_core.shell:Creating prefix chain script '/home/awasch/work/src/create3_examples/install/setup.zsh'
