[0.411s] Invoking command in '/home/awasch/work/src/create3_examples/build/create3_lidar': CMAKE_PREFIX_PATH=${CMAKE_PREFIX_PATH}:/home/awasch/create3_examples_ws/install/create3_teleop:/home/awasch/create3_examples_ws/install/create3_examples_py:/opt/ros/galactic /usr/bin/cmake /home/awasch/work/src/create3_examples/create3_lidar -DCMAKE_INSTALL_PREFIX=/home/awasch/work/src/create3_examples/install/create3_lidar
[0.494s] -- The C compiler identification is GNU 9.4.0
[0.588s] -- The CXX compiler identification is GNU 9.4.0
[0.598s] -- Check for working C compiler: /usr/bin/cc
[0.701s] -- Check for working C compiler: /usr/bin/cc -- works
[0.702s] -- Detecting C compiler ABI info
[0.812s] -- Detecting C compiler ABI info - done
[0.827s] -- Detecting C compile features
[0.828s] -- Detecting C compile features - done
[0.832s] -- Check for working CXX compiler: /usr/bin/c++
[0.991s] -- Check for working CXX compiler: /usr/bin/c++ -- works
[0.992s] -- Detecting CXX compiler ABI info
[1.154s] -- Detecting CXX compiler ABI info - done
[1.193s] -- Detecting CXX compile features
[1.194s] -- Detecting CXX compile features - done
[1.212s] -- Found ament_cmake: 1.1.5 (/opt/ros/galactic/share/ament_cmake/cmake)
[1.255s] -- Found PythonInterp: /usr/bin/python3 (found suitable version "3.8.10", minimum required is "3") 
[1.256s] -- Using PYTHON_EXECUTABLE: /usr/bin/python3
[1.517s] -- Configuring done
[1.528s] -- Generating done
[1.528s] -- Build files have been written to: /home/awasch/work/src/create3_examples/build/create3_lidar
[1.529s] Invoked command in '/home/awasch/work/src/create3_examples/build/create3_lidar' returned '0': CMAKE_PREFIX_PATH=${CMAKE_PREFIX_PATH}:/home/awasch/create3_examples_ws/install/create3_teleop:/home/awasch/create3_examples_ws/install/create3_examples_py:/opt/ros/galactic /usr/bin/cmake /home/awasch/work/src/create3_examples/create3_lidar -DCMAKE_INSTALL_PREFIX=/home/awasch/work/src/create3_examples/install/create3_lidar
[1.535s] Invoking command in '/home/awasch/work/src/create3_examples/build/create3_lidar': CMAKE_PREFIX_PATH=${CMAKE_PREFIX_PATH}:/home/awasch/create3_examples_ws/install/create3_teleop:/home/awasch/create3_examples_ws/install/create3_examples_py:/opt/ros/galactic /usr/bin/cmake --build /home/awasch/work/src/create3_examples/build/create3_lidar -- -j8 -l8
[1.589s] Invoked command in '/home/awasch/work/src/create3_examples/build/create3_lidar' returned '0': CMAKE_PREFIX_PATH=${CMAKE_PREFIX_PATH}:/home/awasch/create3_examples_ws/install/create3_teleop:/home/awasch/create3_examples_ws/install/create3_examples_py:/opt/ros/galactic /usr/bin/cmake --build /home/awasch/work/src/create3_examples/build/create3_lidar -- -j8 -l8
[1.638s] Invoking command in '/home/awasch/work/src/create3_examples/build/create3_lidar': CMAKE_PREFIX_PATH=${CMAKE_PREFIX_PATH}:/home/awasch/create3_examples_ws/install/create3_teleop:/home/awasch/create3_examples_ws/install/create3_examples_py:/opt/ros/galactic /usr/bin/cmake --install /home/awasch/work/src/create3_examples/build/create3_lidar
[1.649s] -- Install configuration: ""
[1.650s] -- Up-to-date: /home/awasch/work/src/create3_examples/install/create3_lidar/share/create3_lidar/launch
[1.650s] -- Installing: /home/awasch/work/src/create3_examples/install/create3_lidar/share/create3_lidar/launch/sensors_launch.py
[1.650s] -- Installing: /home/awasch/work/src/create3_examples/install/create3_lidar/share/create3_lidar/launch/slam_toolbox_launch.py
[1.650s] -- Up-to-date: /home/awasch/work/src/create3_examples/install/create3_lidar/share/create3_lidar/config
[1.650s] -- Installing: /home/awasch/work/src/create3_examples/install/create3_lidar/share/create3_lidar/config/mapper_params_online_async.yaml
[1.650s] -- Installing: /home/awasch/work/src/create3_examples/install/create3_lidar/share/create3_lidar/config/rplidar_node.yaml
[1.651s] -- Up-to-date: /home/awasch/work/src/create3_examples/install/create3_lidar/share/create3_lidar/rviz
[1.651s] -- Installing: /home/awasch/work/src/create3_examples/install/create3_lidar/share/create3_lidar/rviz/create3_lidar.rviz
[1.651s] -- Installing: /home/awasch/work/src/create3_examples/install/create3_lidar/share/ament_index/resource_index/package_run_dependencies/create3_lidar
[1.651s] -- Installing: /home/awasch/work/src/create3_examples/install/create3_lidar/share/ament_index/resource_index/parent_prefix_path/create3_lidar
[1.651s] -- Installing: /home/awasch/work/src/create3_examples/install/create3_lidar/share/create3_lidar/environment/ament_prefix_path.sh
[1.651s] -- Installing: /home/awasch/work/src/create3_examples/install/create3_lidar/share/create3_lidar/environment/ament_prefix_path.dsv
[1.652s] -- Installing: /home/awasch/work/src/create3_examples/install/create3_lidar/share/create3_lidar/environment/path.sh
[1.652s] -- Installing: /home/awasch/work/src/create3_examples/install/create3_lidar/share/create3_lidar/environment/path.dsv
[1.652s] -- Installing: /home/awasch/work/src/create3_examples/install/create3_lidar/share/create3_lidar/local_setup.bash
[1.652s] -- Installing: /home/awasch/work/src/create3_examples/install/create3_lidar/share/create3_lidar/local_setup.sh
[1.652s] -- Installing: /home/awasch/work/src/create3_examples/install/create3_lidar/share/create3_lidar/local_setup.zsh
[1.653s] -- Installing: /home/awasch/work/src/create3_examples/install/create3_lidar/share/create3_lidar/local_setup.dsv
[1.653s] -- Installing: /home/awasch/work/src/create3_examples/install/create3_lidar/share/create3_lidar/package.dsv
[1.653s] -- Installing: /home/awasch/work/src/create3_examples/install/create3_lidar/share/ament_index/resource_index/packages/create3_lidar
[1.653s] -- Installing: /home/awasch/work/src/create3_examples/install/create3_lidar/share/create3_lidar/cmake/create3_lidarConfig.cmake
[1.654s] -- Installing: /home/awasch/work/src/create3_examples/install/create3_lidar/share/create3_lidar/cmake/create3_lidarConfig-version.cmake
[1.654s] -- Installing: /home/awasch/work/src/create3_examples/install/create3_lidar/share/create3_lidar/package.xml
[1.657s] Invoked command in '/home/awasch/work/src/create3_examples/build/create3_lidar' returned '0': CMAKE_PREFIX_PATH=${CMAKE_PREFIX_PATH}:/home/awasch/create3_examples_ws/install/create3_teleop:/home/awasch/create3_examples_ws/install/create3_examples_py:/opt/ros/galactic /usr/bin/cmake --install /home/awasch/work/src/create3_examples/build/create3_lidar
