[1.484s] Invoking command in '/home/awasch/work/src/create3_examples/create3_examples_py': PYTHONPATH=/home/awasch/work/src/create3_examples/install/create3_examples_py/lib/python3.8/site-packages:${PYTHONPATH} /usr/bin/python3 setup.py egg_info --egg-base ../build/create3_examples_py build --build-base /home/awasch/work/src/create3_examples/build/create3_examples_py/build install --prefix /home/awasch/work/src/create3_examples/install/create3_examples_py --record /home/awasch/work/src/create3_examples/build/create3_examples_py/install.log --single-version-externally-managed
[1.819s] running egg_info
[1.820s] writing ../build/create3_examples_py/create3_examples_py.egg-info/PKG-INFO
[1.821s] writing dependency_links to ../build/create3_examples_py/create3_examples_py.egg-info/dependency_links.txt
[1.821s] writing entry points to ../build/create3_examples_py/create3_examples_py.egg-info/entry_points.txt
[1.821s] writing requirements to ../build/create3_examples_py/create3_examples_py.egg-info/requires.txt
[1.821s] writing top-level names to ../build/create3_examples_py/create3_examples_py.egg-info/top_level.txt
[1.867s] reading manifest file '../build/create3_examples_py/create3_examples_py.egg-info/SOURCES.txt'
[1.868s] writing manifest file '../build/create3_examples_py/create3_examples_py.egg-info/SOURCES.txt'
[1.868s] running build
[1.869s] running build_py
[1.869s] copying create3_examples_py/dance/create3_dance.py -> /home/awasch/work/src/create3_examples/build/create3_examples_py/build/lib/create3_examples_py/dance
[1.869s] running install
[1.870s] running install_lib
[1.871s] copying /home/awasch/work/src/create3_examples/build/create3_examples_py/build/lib/create3_examples_py/dance/create3_dance.py -> /home/awasch/work/src/create3_examples/install/create3_examples_py/lib/python3.8/site-packages/create3_examples_py/dance
[1.872s] byte-compiling /home/awasch/work/src/create3_examples/install/create3_examples_py/lib/python3.8/site-packages/create3_examples_py/dance/create3_dance.py to create3_dance.cpython-38.pyc
[1.874s] running install_data
[1.874s] running install_egg_info
[1.877s] removing '/home/awasch/work/src/create3_examples/install/create3_examples_py/lib/python3.8/site-packages/create3_examples_py-0.0.1-py3.8.egg-info' (and everything under it)
[1.878s] Copying ../build/create3_examples_py/create3_examples_py.egg-info to /home/awasch/work/src/create3_examples/install/create3_examples_py/lib/python3.8/site-packages/create3_examples_py-0.0.1-py3.8.egg-info
[1.879s] running install_scripts
[1.905s] Installing create3_dance script to /home/awasch/work/src/create3_examples/install/create3_examples_py/lib/create3_examples_py
[1.905s] writing list of installed files to '/home/awasch/work/src/create3_examples/build/create3_examples_py/install.log'
[1.937s] Invoked command in '/home/awasch/work/src/create3_examples/create3_examples_py' returned '0': PYTHONPATH=/home/awasch/work/src/create3_examples/install/create3_examples_py/lib/python3.8/site-packages:${PYTHONPATH} /usr/bin/python3 setup.py egg_info --egg-base ../build/create3_examples_py build --build-base /home/awasch/work/src/create3_examples/build/create3_examples_py/build install --prefix /home/awasch/work/src/create3_examples/install/create3_examples_py --record /home/awasch/work/src/create3_examples/build/create3_examples_py/install.log --single-version-externally-managed
