[0.152s] DEBUG:colcon:Command line arguments: ['/usr/bin/colcon', 'build']
[0.152s] DEBUG:colcon:Parsed command line arguments: Namespace(allow_overriding=[], ament_cmake_args=None, base_paths=['.'], build_base='build', catkin_cmake_args=None, catkin_skip_building_tests=False, cmake_args=None, cmake_clean_cache=False, cmake_clean_first=False, cmake_force_configure=False, cmake_target=None, cmake_target_skip_unavailable=False, continue_on_error=False, event_handlers=None, executor='parallel', ignore_user_meta=False, install_base='install', log_base=None, log_level=None, main=<bound method BuildVerb.main of <colcon_core.verb.build.BuildVerb object at 0x7f183c1e28e0>>, merge_install=False, metas=['./colcon.meta'], packages_above=None, packages_above_and_dependencies=None, packages_above_depth=None, packages_end=None, packages_ignore=None, packages_ignore_regex=None, packages_select=None, packages_select_build_failed=False, packages_select_by_dep=None, packages_select_regex=None, packages_select_test_failures=False, packages_skip=None, packages_skip_build_finished=False, packages_skip_by_dep=None, packages_skip_regex=None, packages_skip_test_passed=False, packages_skip_up_to=None, packages_start=None, packages_up_to=None, packages_up_to_regex=None, parallel_workers=8, paths=None, symlink_install=False, test_result_base=None, verb_extension=<colcon_core.verb.build.BuildVerb object at 0x7f183c1e28e0>, verb_name='build', verb_parser=<colcon_defaults.argument_parser.defaults.DefaultArgumentsDecorator object at 0x7f183c1e2e50>)
[0.178s] Level 1:colcon.colcon_core.package_discovery:discover_packages(colcon_meta) check parameters
[0.178s] Level 1:colcon.colcon_core.package_discovery:discover_packages(recursive) check parameters
[0.178s] Level 1:colcon.colcon_core.package_discovery:discover_packages(ignore) check parameters
[0.178s] Level 1:colcon.colcon_core.package_discovery:discover_packages(path) check parameters
[0.178s] Level 1:colcon.colcon_core.package_discovery:discover_packages(colcon_meta) discover
[0.178s] Level 1:colcon.colcon_core.package_discovery:discover_packages(recursive) discover
[0.178s] INFO:colcon.colcon_core.package_discovery:Crawling recursively for packages in '/home/awasch/work/src/create3_examples'
[0.179s] Level 1:colcon.colcon_core.package_identification:_identify(.) by extensions ['ignore', 'ignore_ament_install']
[0.179s] Level 1:colcon.colcon_core.package_identification:_identify(.) by extension 'ignore'
[0.179s] Level 1:colcon.colcon_core.package_identification:_identify(.) by extension 'ignore_ament_install'
[0.179s] Level 1:colcon.colcon_core.package_identification:_identify(.) by extensions ['colcon_pkg']
[0.179s] Level 1:colcon.colcon_core.package_identification:_identify(.) by extension 'colcon_pkg'
[0.179s] Level 1:colcon.colcon_core.package_identification:_identify(.) by extensions ['colcon_meta']
[0.179s] Level 1:colcon.colcon_core.package_identification:_identify(.) by extension 'colcon_meta'
[0.179s] Level 1:colcon.colcon_core.package_identification:_identify(.) by extensions ['ros']
[0.179s] Level 1:colcon.colcon_core.package_identification:_identify(.) by extension 'ros'
[0.198s] Level 1:colcon.colcon_core.package_identification:_identify(.) by extensions ['cmake', 'python']
[0.198s] Level 1:colcon.colcon_core.package_identification:_identify(.) by extension 'cmake'
[0.198s] Level 1:colcon.colcon_core.package_identification:_identify(.) by extension 'python'
[0.199s] Level 1:colcon.colcon_core.package_identification:_identify(.) by extensions ['python_setup_py']
[0.199s] Level 1:colcon.colcon_core.package_identification:_identify(.) by extension 'python_setup_py'
[0.199s] Level 1:colcon.colcon_core.package_identification:_identify(build) by extensions ['ignore', 'ignore_ament_install']
[0.199s] Level 1:colcon.colcon_core.package_identification:_identify(build) by extension 'ignore'
[0.199s] Level 1:colcon.colcon_core.package_identification:_identify(build) ignored
[0.199s] Level 1:colcon.colcon_core.package_identification:_identify(create3_coverage) by extensions ['ignore', 'ignore_ament_install']
[0.199s] Level 1:colcon.colcon_core.package_identification:_identify(create3_coverage) by extension 'ignore'
[0.199s] Level 1:colcon.colcon_core.package_identification:_identify(create3_coverage) by extension 'ignore_ament_install'
[0.199s] Level 1:colcon.colcon_core.package_identification:_identify(create3_coverage) by extensions ['colcon_pkg']
[0.199s] Level 1:colcon.colcon_core.package_identification:_identify(create3_coverage) by extension 'colcon_pkg'
[0.199s] Level 1:colcon.colcon_core.package_identification:_identify(create3_coverage) by extensions ['colcon_meta']
[0.199s] Level 1:colcon.colcon_core.package_identification:_identify(create3_coverage) by extension 'colcon_meta'
[0.199s] Level 1:colcon.colcon_core.package_identification:_identify(create3_coverage) by extensions ['ros']
[0.200s] Level 1:colcon.colcon_core.package_identification:_identify(create3_coverage) by extension 'ros'
[0.203s] DEBUG:colcon.colcon_core.package_identification:Package 'create3_coverage' with type 'ros.ament_cmake' and name 'create3_coverage'
[0.203s] Level 1:colcon.colcon_core.package_identification:_identify(create3_examples_msgs) by extensions ['ignore', 'ignore_ament_install']
[0.203s] Level 1:colcon.colcon_core.package_identification:_identify(create3_examples_msgs) by extension 'ignore'
[0.203s] Level 1:colcon.colcon_core.package_identification:_identify(create3_examples_msgs) by extension 'ignore_ament_install'
[0.203s] Level 1:colcon.colcon_core.package_identification:_identify(create3_examples_msgs) by extensions ['colcon_pkg']
[0.203s] Level 1:colcon.colcon_core.package_identification:_identify(create3_examples_msgs) by extension 'colcon_pkg'
[0.203s] Level 1:colcon.colcon_core.package_identification:_identify(create3_examples_msgs) by extensions ['colcon_meta']
[0.203s] Level 1:colcon.colcon_core.package_identification:_identify(create3_examples_msgs) by extension 'colcon_meta'
[0.203s] Level 1:colcon.colcon_core.package_identification:_identify(create3_examples_msgs) by extensions ['ros']
[0.203s] Level 1:colcon.colcon_core.package_identification:_identify(create3_examples_msgs) by extension 'ros'
[0.204s] DEBUG:colcon.colcon_core.package_identification:Package 'create3_examples_msgs' with type 'ros.ament_cmake' and name 'create3_examples_msgs'
[0.204s] Level 1:colcon.colcon_core.package_identification:_identify(create3_examples_py) by extensions ['ignore', 'ignore_ament_install']
[0.204s] Level 1:colcon.colcon_core.package_identification:_identify(create3_examples_py) by extension 'ignore'
[0.204s] Level 1:colcon.colcon_core.package_identification:_identify(create3_examples_py) by extension 'ignore_ament_install'
[0.204s] Level 1:colcon.colcon_core.package_identification:_identify(create3_examples_py) by extensions ['colcon_pkg']
[0.204s] Level 1:colcon.colcon_core.package_identification:_identify(create3_examples_py) by extension 'colcon_pkg'
[0.204s] Level 1:colcon.colcon_core.package_identification:_identify(create3_examples_py) by extensions ['colcon_meta']
[0.204s] Level 1:colcon.colcon_core.package_identification:_identify(create3_examples_py) by extension 'colcon_meta'
[0.204s] Level 1:colcon.colcon_core.package_identification:_identify(create3_examples_py) by extensions ['ros']
[0.204s] Level 1:colcon.colcon_core.package_identification:_identify(create3_examples_py) by extension 'ros'
[0.205s] DEBUG:colcon.colcon_core.package_identification:Package 'create3_examples_py' with type 'ros.ament_python' and name 'create3_examples_py'
[0.205s] Level 1:colcon.colcon_core.package_identification:_identify(create3_lidar) by extensions ['ignore', 'ignore_ament_install']
[0.205s] Level 1:colcon.colcon_core.package_identification:_identify(create3_lidar) by extension 'ignore'
[0.206s] Level 1:colcon.colcon_core.package_identification:_identify(create3_lidar) by extension 'ignore_ament_install'
[0.206s] Level 1:colcon.colcon_core.package_identification:_identify(create3_lidar) by extensions ['colcon_pkg']
[0.206s] Level 1:colcon.colcon_core.package_identification:_identify(create3_lidar) by extension 'colcon_pkg'
[0.206s] Level 1:colcon.colcon_core.package_identification:_identify(create3_lidar) by extensions ['colcon_meta']
[0.206s] Level 1:colcon.colcon_core.package_identification:_identify(create3_lidar) by extension 'colcon_meta'
[0.206s] Level 1:colcon.colcon_core.package_identification:_identify(create3_lidar) by extensions ['ros']
[0.206s] Level 1:colcon.colcon_core.package_identification:_identify(create3_lidar) by extension 'ros'
[0.207s] DEBUG:colcon.colcon_core.package_identification:Package 'create3_lidar' with type 'ros.ament_cmake' and name 'create3_lidar'
[0.207s] Level 1:colcon.colcon_core.package_identification:_identify(create3_teleop) by extensions ['ignore', 'ignore_ament_install']
[0.207s] Level 1:colcon.colcon_core.package_identification:_identify(create3_teleop) by extension 'ignore'
[0.207s] Level 1:colcon.colcon_core.package_identification:_identify(create3_teleop) by extension 'ignore_ament_install'
[0.207s] Level 1:colcon.colcon_core.package_identification:_identify(create3_teleop) by extensions ['colcon_pkg']
[0.207s] Level 1:colcon.colcon_core.package_identification:_identify(create3_teleop) by extension 'colcon_pkg'
[0.207s] Level 1:colcon.colcon_core.package_identification:_identify(create3_teleop) by extensions ['colcon_meta']
[0.207s] Level 1:colcon.colcon_core.package_identification:_identify(create3_teleop) by extension 'colcon_meta'
[0.207s] Level 1:colcon.colcon_core.package_identification:_identify(create3_teleop) by extensions ['ros']
[0.207s] Level 1:colcon.colcon_core.package_identification:_identify(create3_teleop) by extension 'ros'
[0.208s] DEBUG:colcon.colcon_core.package_identification:Package 'create3_teleop' with type 'ros.ament_python' and name 'create3_teleop'
[0.208s] Level 1:colcon.colcon_core.package_identification:_identify(install) by extensions ['ignore', 'ignore_ament_install']
[0.208s] Level 1:colcon.colcon_core.package_identification:_identify(install) by extension 'ignore'
[0.208s] Level 1:colcon.colcon_core.package_identification:_identify(install) ignored
[0.208s] Level 1:colcon.colcon_core.package_identification:_identify(log) by extensions ['ignore', 'ignore_ament_install']
[0.208s] Level 1:colcon.colcon_core.package_identification:_identify(log) by extension 'ignore'
[0.208s] Level 1:colcon.colcon_core.package_identification:_identify(log) ignored
[0.208s] Level 1:colcon.colcon_core.package_identification:_identify(shoebot) by extensions ['ignore', 'ignore_ament_install']
[0.209s] Level 1:colcon.colcon_core.package_identification:_identify(shoebot) by extension 'ignore'
[0.209s] Level 1:colcon.colcon_core.package_identification:_identify(shoebot) by extension 'ignore_ament_install'
[0.209s] Level 1:colcon.colcon_core.package_identification:_identify(shoebot) by extensions ['colcon_pkg']
[0.209s] Level 1:colcon.colcon_core.package_identification:_identify(shoebot) by extension 'colcon_pkg'
[0.209s] Level 1:colcon.colcon_core.package_identification:_identify(shoebot) by extensions ['colcon_meta']
[0.209s] Level 1:colcon.colcon_core.package_identification:_identify(shoebot) by extension 'colcon_meta'
[0.209s] Level 1:colcon.colcon_core.package_identification:_identify(shoebot) by extensions ['ros']
[0.209s] Level 1:colcon.colcon_core.package_identification:_identify(shoebot) by extension 'ros'
[0.209s] Level 1:colcon.colcon_core.package_identification:_identify(shoebot) by extensions ['cmake', 'python']
[0.209s] Level 1:colcon.colcon_core.package_identification:_identify(shoebot) by extension 'cmake'
[0.209s] Level 1:colcon.colcon_core.package_identification:_identify(shoebot) by extension 'python'
[0.209s] Level 1:colcon.colcon_core.package_identification:_identify(shoebot) by extensions ['python_setup_py']
[0.209s] Level 1:colcon.colcon_core.package_identification:_identify(shoebot) by extension 'python_setup_py'
[0.209s] Level 1:colcon.colcon_core.package_discovery:discover_packages(recursive) using defaults
[0.209s] Level 1:colcon.colcon_core.package_discovery:discover_packages(ignore) discover
[0.209s] Level 1:colcon.colcon_core.package_discovery:discover_packages(ignore) using defaults
[0.209s] Level 1:colcon.colcon_core.package_discovery:discover_packages(path) discover
[0.209s] Level 1:colcon.colcon_core.package_discovery:discover_packages(path) using defaults
[0.230s] Level 1:colcon.colcon_core.package_discovery:discover_packages(prefix_path) check parameters
[0.230s] Level 1:colcon.colcon_core.package_discovery:discover_packages(prefix_path) discover
[0.233s] DEBUG:colcon.colcon_installed_package_information.package_discovery:Found 5 installed packages in /home/awasch/work/src/create3_examples/install
[0.235s] DEBUG:colcon.colcon_installed_package_information.package_discovery:Found 279 installed packages in /opt/ros/galactic
[0.237s] Level 1:colcon.colcon_core.package_discovery:discover_packages(prefix_path) using defaults
[0.318s] Level 5:colcon.colcon_core.verb:set package 'create3_examples_msgs' build argument 'cmake_args' from command line to 'None'
[0.318s] Level 5:colcon.colcon_core.verb:set package 'create3_examples_msgs' build argument 'cmake_target' from command line to 'None'
[0.318s] Level 5:colcon.colcon_core.verb:set package 'create3_examples_msgs' build argument 'cmake_target_skip_unavailable' from command line to 'False'
[0.318s] Level 5:colcon.colcon_core.verb:set package 'create3_examples_msgs' build argument 'cmake_clean_cache' from command line to 'False'
[0.318s] Level 5:colcon.colcon_core.verb:set package 'create3_examples_msgs' build argument 'cmake_clean_first' from command line to 'False'
[0.318s] Level 5:colcon.colcon_core.verb:set package 'create3_examples_msgs' build argument 'cmake_force_configure' from command line to 'False'
[0.318s] Level 5:colcon.colcon_core.verb:set package 'create3_examples_msgs' build argument 'ament_cmake_args' from command line to 'None'
[0.318s] Level 5:colcon.colcon_core.verb:set package 'create3_examples_msgs' build argument 'catkin_cmake_args' from command line to 'None'
[0.318s] Level 5:colcon.colcon_core.verb:set package 'create3_examples_msgs' build argument 'catkin_skip_building_tests' from command line to 'False'
[0.319s] DEBUG:colcon.colcon_core.verb:Building package 'create3_examples_msgs' with the following arguments: {'ament_cmake_args': None, 'build_base': '/home/awasch/work/src/create3_examples/build/create3_examples_msgs', 'catkin_cmake_args': None, 'catkin_skip_building_tests': False, 'cmake_args': None, 'cmake_clean_cache': False, 'cmake_clean_first': False, 'cmake_force_configure': False, 'cmake_target': None, 'cmake_target_skip_unavailable': False, 'install_base': '/home/awasch/work/src/create3_examples/install/create3_examples_msgs', 'merge_install': False, 'path': '/home/awasch/work/src/create3_examples/create3_examples_msgs', 'symlink_install': False, 'test_result_base': None}
[0.320s] Level 5:colcon.colcon_core.verb:set package 'create3_examples_py' build argument 'cmake_args' from command line to 'None'
[0.320s] Level 5:colcon.colcon_core.verb:set package 'create3_examples_py' build argument 'cmake_target' from command line to 'None'
[0.320s] Level 5:colcon.colcon_core.verb:set package 'create3_examples_py' build argument 'cmake_target_skip_unavailable' from command line to 'False'
[0.320s] Level 5:colcon.colcon_core.verb:set package 'create3_examples_py' build argument 'cmake_clean_cache' from command line to 'False'
[0.320s] Level 5:colcon.colcon_core.verb:set package 'create3_examples_py' build argument 'cmake_clean_first' from command line to 'False'
[0.320s] Level 5:colcon.colcon_core.verb:set package 'create3_examples_py' build argument 'cmake_force_configure' from command line to 'False'
[0.320s] Level 5:colcon.colcon_core.verb:set package 'create3_examples_py' build argument 'ament_cmake_args' from command line to 'None'
[0.320s] Level 5:colcon.colcon_core.verb:set package 'create3_examples_py' build argument 'catkin_cmake_args' from command line to 'None'
[0.320s] Level 5:colcon.colcon_core.verb:set package 'create3_examples_py' build argument 'catkin_skip_building_tests' from command line to 'False'
[0.320s] DEBUG:colcon.colcon_core.verb:Building package 'create3_examples_py' with the following arguments: {'ament_cmake_args': None, 'build_base': '/home/awasch/work/src/create3_examples/build/create3_examples_py', 'catkin_cmake_args': None, 'catkin_skip_building_tests': False, 'cmake_args': None, 'cmake_clean_cache': False, 'cmake_clean_first': False, 'cmake_force_configure': False, 'cmake_target': None, 'cmake_target_skip_unavailable': False, 'install_base': '/home/awasch/work/src/create3_examples/install/create3_examples_py', 'merge_install': False, 'path': '/home/awasch/work/src/create3_examples/create3_examples_py', 'symlink_install': False, 'test_result_base': None}
[0.321s] Level 5:colcon.colcon_core.verb:set package 'create3_lidar' build argument 'cmake_args' from command line to 'None'
[0.321s] Level 5:colcon.colcon_core.verb:set package 'create3_lidar' build argument 'cmake_target' from command line to 'None'
[0.321s] Level 5:colcon.colcon_core.verb:set package 'create3_lidar' build argument 'cmake_target_skip_unavailable' from command line to 'False'
[0.321s] Level 5:colcon.colcon_core.verb:set package 'create3_lidar' build argument 'cmake_clean_cache' from command line to 'False'
[0.321s] Level 5:colcon.colcon_core.verb:set package 'create3_lidar' build argument 'cmake_clean_first' from command line to 'False'
[0.321s] Level 5:colcon.colcon_core.verb:set package 'create3_lidar' build argument 'cmake_force_configure' from command line to 'False'
[0.321s] Level 5:colcon.colcon_core.verb:set package 'create3_lidar' build argument 'ament_cmake_args' from command line to 'None'
[0.321s] Level 5:colcon.colcon_core.verb:set package 'create3_lidar' build argument 'catkin_cmake_args' from command line to 'None'
[0.321s] Level 5:colcon.colcon_core.verb:set package 'create3_lidar' build argument 'catkin_skip_building_tests' from command line to 'False'
[0.321s] DEBUG:colcon.colcon_core.verb:Building package 'create3_lidar' with the following arguments: {'ament_cmake_args': None, 'build_base': '/home/awasch/work/src/create3_examples/build/create3_lidar', 'catkin_cmake_args': None, 'catkin_skip_building_tests': False, 'cmake_args': None, 'cmake_clean_cache': False, 'cmake_clean_first': False, 'cmake_force_configure': False, 'cmake_target': None, 'cmake_target_skip_unavailable': False, 'install_base': '/home/awasch/work/src/create3_examples/install/create3_lidar', 'merge_install': False, 'path': '/home/awasch/work/src/create3_examples/create3_lidar', 'symlink_install': False, 'test_result_base': None}
[0.322s] Level 5:colcon.colcon_core.verb:set package 'create3_teleop' build argument 'cmake_args' from command line to 'None'
[0.322s] Level 5:colcon.colcon_core.verb:set package 'create3_teleop' build argument 'cmake_target' from command line to 'None'
[0.322s] Level 5:colcon.colcon_core.verb:set package 'create3_teleop' build argument 'cmake_target_skip_unavailable' from command line to 'False'
[0.323s] Level 5:colcon.colcon_core.verb:set package 'create3_teleop' build argument 'cmake_clean_cache' from command line to 'False'
[0.323s] Level 5:colcon.colcon_core.verb:set package 'create3_teleop' build argument 'cmake_clean_first' from command line to 'False'
[0.323s] Level 5:colcon.colcon_core.verb:set package 'create3_teleop' build argument 'cmake_force_configure' from command line to 'False'
[0.323s] Level 5:colcon.colcon_core.verb:set package 'create3_teleop' build argument 'ament_cmake_args' from command line to 'None'
[0.323s] Level 5:colcon.colcon_core.verb:set package 'create3_teleop' build argument 'catkin_cmake_args' from command line to 'None'
[0.323s] Level 5:colcon.colcon_core.verb:set package 'create3_teleop' build argument 'catkin_skip_building_tests' from command line to 'False'
[0.323s] DEBUG:colcon.colcon_core.verb:Building package 'create3_teleop' with the following arguments: {'ament_cmake_args': None, 'build_base': '/home/awasch/work/src/create3_examples/build/create3_teleop', 'catkin_cmake_args': None, 'catkin_skip_building_tests': False, 'cmake_args': None, 'cmake_clean_cache': False, 'cmake_clean_first': False, 'cmake_force_configure': False, 'cmake_target': None, 'cmake_target_skip_unavailable': False, 'install_base': '/home/awasch/work/src/create3_examples/install/create3_teleop', 'merge_install': False, 'path': '/home/awasch/work/src/create3_examples/create3_teleop', 'symlink_install': False, 'test_result_base': None}
[0.324s] Level 5:colcon.colcon_core.verb:set package 'create3_coverage' build argument 'cmake_args' from command line to 'None'
[0.324s] Level 5:colcon.colcon_core.verb:set package 'create3_coverage' build argument 'cmake_target' from command line to 'None'
[0.324s] Level 5:colcon.colcon_core.verb:set package 'create3_coverage' build argument 'cmake_target_skip_unavailable' from command line to 'False'
[0.324s] Level 5:colcon.colcon_core.verb:set package 'create3_coverage' build argument 'cmake_clean_cache' from command line to 'False'
[0.324s] Level 5:colcon.colcon_core.verb:set package 'create3_coverage' build argument 'cmake_clean_first' from command line to 'False'
[0.324s] Level 5:colcon.colcon_core.verb:set package 'create3_coverage' build argument 'cmake_force_configure' from command line to 'False'
[0.324s] Level 5:colcon.colcon_core.verb:set package 'create3_coverage' build argument 'ament_cmake_args' from command line to 'None'
[0.324s] Level 5:colcon.colcon_core.verb:set package 'create3_coverage' build argument 'catkin_cmake_args' from command line to 'None'
[0.324s] Level 5:colcon.colcon_core.verb:set package 'create3_coverage' build argument 'catkin_skip_building_tests' from command line to 'False'
[0.324s] DEBUG:colcon.colcon_core.verb:Building package 'create3_coverage' with the following arguments: {'ament_cmake_args': None, 'build_base': '/home/awasch/work/src/create3_examples/build/create3_coverage', 'catkin_cmake_args': None, 'catkin_skip_building_tests': False, 'cmake_args': None, 'cmake_clean_cache': False, 'cmake_clean_first': False, 'cmake_force_configure': False, 'cmake_target': None, 'cmake_target_skip_unavailable': False, 'install_base': '/home/awasch/work/src/create3_examples/install/create3_coverage', 'merge_install': False, 'path': '/home/awasch/work/src/create3_examples/create3_coverage', 'symlink_install': False, 'test_result_base': None}
[0.325s] INFO:colcon.colcon_core.executor:Executing jobs using 'parallel' executor
[0.329s] DEBUG:colcon.colcon_parallel_executor.executor.parallel:run_until_complete
[0.329s] INFO:colcon.colcon_ros.task.ament_cmake.build:Building ROS package in '/home/awasch/work/src/create3_examples/create3_examples_msgs' with build type 'ament_cmake'
[0.329s] INFO:colcon.colcon_cmake.task.cmake.build:Building CMake package in '/home/awasch/work/src/create3_examples/create3_examples_msgs'
[0.335s] INFO:colcon.colcon_core.plugin_system:Skipping extension 'colcon_core.shell.bat': Not used on non-Windows systems
[0.335s] INFO:colcon.colcon_core.shell:Skip shell extension 'powershell' for command environment: Not usable outside of PowerShell
[0.336s] DEBUG:colcon.colcon_core.shell:Skip shell extension 'dsv' for command environment
[0.346s] INFO:colcon.colcon_ros.task.ament_python.build:Building ROS package in '/home/awasch/work/src/create3_examples/create3_examples_py' with build type 'ament_python'
[0.347s] Level 1:colcon.colcon_core.shell:create_environment_hook('create3_examples_py', 'ament_prefix_path')
[0.351s] INFO:colcon.colcon_core.shell:Creating environment hook '/home/awasch/work/src/create3_examples/install/create3_examples_py/share/create3_examples_py/hook/ament_prefix_path.ps1'
[0.353s] INFO:colcon.colcon_core.shell:Creating environment descriptor '/home/awasch/work/src/create3_examples/install/create3_examples_py/share/create3_examples_py/hook/ament_prefix_path.dsv'
[0.353s] INFO:colcon.colcon_core.shell:Creating environment hook '/home/awasch/work/src/create3_examples/install/create3_examples_py/share/create3_examples_py/hook/ament_prefix_path.sh'
[0.357s] INFO:colcon.colcon_core.shell:Skip shell extension 'powershell' for command environment: Not usable outside of PowerShell
[0.357s] DEBUG:colcon.colcon_core.shell:Skip shell extension 'dsv' for command environment
[0.368s] INFO:colcon.colcon_ros.task.ament_cmake.build:Building ROS package in '/home/awasch/work/src/create3_examples/create3_lidar' with build type 'ament_cmake'
[0.369s] INFO:colcon.colcon_cmake.task.cmake.build:Building CMake package in '/home/awasch/work/src/create3_examples/create3_lidar'
[0.372s] INFO:colcon.colcon_core.shell:Skip shell extension 'powershell' for command environment: Not usable outside of PowerShell
[0.373s] DEBUG:colcon.colcon_core.shell:Skip shell extension 'dsv' for command environment
[0.382s] INFO:colcon.colcon_ros.task.ament_python.build:Building ROS package in '/home/awasch/work/src/create3_examples/create3_teleop' with build type 'ament_python'
[0.383s] Level 1:colcon.colcon_core.shell:create_environment_hook('create3_teleop', 'ament_prefix_path')
[0.386s] INFO:colcon.colcon_core.shell:Creating environment hook '/home/awasch/work/src/create3_examples/install/create3_teleop/share/create3_teleop/hook/ament_prefix_path.ps1'
[0.387s] INFO:colcon.colcon_core.shell:Creating environment descriptor '/home/awasch/work/src/create3_examples/install/create3_teleop/share/create3_teleop/hook/ament_prefix_path.dsv'
[0.387s] INFO:colcon.colcon_core.shell:Creating environment hook '/home/awasch/work/src/create3_examples/install/create3_teleop/share/create3_teleop/hook/ament_prefix_path.sh'
[0.390s] INFO:colcon.colcon_core.shell:Skip shell extension 'powershell' for command environment: Not usable outside of PowerShell
[0.390s] DEBUG:colcon.colcon_core.shell:Skip shell extension 'dsv' for command environment
[0.409s] DEBUG:colcon.colcon_core.event_handler.log_command:Invoking command in '/home/awasch/work/src/create3_examples/build/create3_examples_msgs': CMAKE_PREFIX_PATH=${CMAKE_PREFIX_PATH}:/home/awasch/work/src/create3_examples/install/create3_teleop:/home/awasch/work/src/create3_examples/install/create3_examples_py:/opt/ros/galactic /usr/bin/cmake --build /home/awasch/work/src/create3_examples/build/create3_examples_msgs -- -j8 -l8
[0.742s] INFO:colcon.colcon_core.task.python.build:Building Python package in '/home/awasch/work/src/create3_examples/create3_examples_py'
[0.746s] INFO:colcon.colcon_core.shell:Skip shell extension 'powershell' for command environment: Not usable outside of PowerShell
[0.746s] DEBUG:colcon.colcon_core.shell:Skip shell extension 'dsv' for command environment
[0.768s] DEBUG:colcon.colcon_core.event_handler.log_command:Invoking command in '/home/awasch/work/src/create3_examples/build/create3_lidar': CMAKE_PREFIX_PATH=${CMAKE_PREFIX_PATH}:/home/awasch/work/src/create3_examples/install/create3_teleop:/home/awasch/work/src/create3_examples/install/create3_examples_py:/opt/ros/galactic /usr/bin/cmake --build /home/awasch/work/src/create3_examples/build/create3_lidar -- -j8 -l8
[1.121s] INFO:colcon.colcon_core.task.python.build:Building Python package in '/home/awasch/work/src/create3_examples/create3_teleop'
[1.124s] INFO:colcon.colcon_core.shell:Skip shell extension 'powershell' for command environment: Not usable outside of PowerShell
[1.124s] DEBUG:colcon.colcon_core.shell:Skip shell extension 'dsv' for command environment
[1.152s] DEBUG:colcon.colcon_core.event_handler.log_command:Invoked command in '/home/awasch/work/src/create3_examples/build/create3_examples_msgs' returned '0': CMAKE_PREFIX_PATH=${CMAKE_PREFIX_PATH}:/home/awasch/work/src/create3_examples/install/create3_teleop:/home/awasch/work/src/create3_examples/install/create3_examples_py:/opt/ros/galactic /usr/bin/cmake --build /home/awasch/work/src/create3_examples/build/create3_examples_msgs -- -j8 -l8
[1.155s] DEBUG:colcon.colcon_core.event_handler.log_command:Invoked command in '/home/awasch/work/src/create3_examples/build/create3_lidar' returned '0': CMAKE_PREFIX_PATH=${CMAKE_PREFIX_PATH}:/home/awasch/work/src/create3_examples/install/create3_teleop:/home/awasch/work/src/create3_examples/install/create3_examples_py:/opt/ros/galactic /usr/bin/cmake --build /home/awasch/work/src/create3_examples/build/create3_lidar -- -j8 -l8
[1.214s] DEBUG:colcon.colcon_core.event_handler.log_command:Invoking command in '/home/awasch/work/src/create3_examples/build/create3_lidar': CMAKE_PREFIX_PATH=${CMAKE_PREFIX_PATH}:/home/awasch/work/src/create3_examples/install/create3_teleop:/home/awasch/work/src/create3_examples/install/create3_examples_py:/opt/ros/galactic /usr/bin/cmake --install /home/awasch/work/src/create3_examples/build/create3_lidar
[1.243s] DEBUG:colcon.colcon_core.event_handler.log_command:Invoking command in '/home/awasch/work/src/create3_examples/build/create3_examples_msgs': CMAKE_PREFIX_PATH=${CMAKE_PREFIX_PATH}:/home/awasch/work/src/create3_examples/install/create3_teleop:/home/awasch/work/src/create3_examples/install/create3_examples_py:/opt/ros/galactic /usr/bin/cmake --install /home/awasch/work/src/create3_examples/build/create3_examples_msgs
[1.245s] Level 1:colcon.colcon_core.environment:create_environment_scripts_only(create3_lidar)
[1.246s] DEBUG:colcon.colcon_core.event_handler.log_command:Invoked command in '/home/awasch/work/src/create3_examples/build/create3_lidar' returned '0': CMAKE_PREFIX_PATH=${CMAKE_PREFIX_PATH}:/home/awasch/work/src/create3_examples/install/create3_teleop:/home/awasch/work/src/create3_examples/install/create3_examples_py:/opt/ros/galactic /usr/bin/cmake --install /home/awasch/work/src/create3_examples/build/create3_lidar
[1.258s] Level 1:colcon.colcon_core.environment:checking '/home/awasch/work/src/create3_examples/install/create3_lidar' for CMake module files
[1.259s] Level 1:colcon.colcon_core.environment:checking '/home/awasch/work/src/create3_examples/install/create3_lidar' for CMake config files
[1.260s] Level 1:colcon.colcon_core.shell:create_environment_hook('create3_lidar', 'cmake_prefix_path')
[1.263s] INFO:colcon.colcon_core.shell:Creating environment hook '/home/awasch/work/src/create3_examples/install/create3_lidar/share/create3_lidar/hook/cmake_prefix_path.ps1'
[1.265s] INFO:colcon.colcon_core.shell:Creating environment descriptor '/home/awasch/work/src/create3_examples/install/create3_lidar/share/create3_lidar/hook/cmake_prefix_path.dsv'
[1.267s] INFO:colcon.colcon_core.shell:Creating environment hook '/home/awasch/work/src/create3_examples/install/create3_lidar/share/create3_lidar/hook/cmake_prefix_path.sh'
[1.269s] Level 1:colcon.colcon_core.environment:checking '/home/awasch/work/src/create3_examples/install/create3_lidar/bin'
[1.269s] Level 1:colcon.colcon_core.environment:checking '/home/awasch/work/src/create3_examples/install/create3_lidar/lib/pkgconfig/create3_lidar.pc'
[1.270s] Level 1:colcon.colcon_core.environment:checking '/home/awasch/work/src/create3_examples/install/create3_lidar/lib/python3.8/site-packages'
[1.270s] Level 1:colcon.colcon_core.environment:checking '/home/awasch/work/src/create3_examples/install/create3_lidar/bin'
[1.273s] INFO:colcon.colcon_core.shell:Creating package script '/home/awasch/work/src/create3_examples/install/create3_lidar/share/create3_lidar/package.ps1'
[1.279s] INFO:colcon.colcon_core.shell:Creating package descriptor '/home/awasch/work/src/create3_examples/install/create3_lidar/share/create3_lidar/package.dsv'
[1.280s] INFO:colcon.colcon_core.shell:Creating package script '/home/awasch/work/src/create3_examples/install/create3_lidar/share/create3_lidar/package.sh'
[1.281s] INFO:colcon.colcon_core.shell:Creating package script '/home/awasch/work/src/create3_examples/install/create3_lidar/share/create3_lidar/package.bash'
[1.283s] INFO:colcon.colcon_core.shell:Creating package script '/home/awasch/work/src/create3_examples/install/create3_lidar/share/create3_lidar/package.zsh'
[1.285s] Level 1:colcon.colcon_core.environment:create_file_with_runtime_dependencies(/home/awasch/work/src/create3_examples/install/create3_lidar/share/colcon-core/packages/create3_lidar)
[1.331s] Level 1:colcon.colcon_core.environment:create_environment_scripts_only(create3_lidar)
[1.336s] Level 1:colcon.colcon_core.environment:checking '/home/awasch/work/src/create3_examples/install/create3_lidar' for CMake module files
[1.339s] Level 1:colcon.colcon_core.environment:checking '/home/awasch/work/src/create3_examples/install/create3_lidar' for CMake config files
[1.339s] Level 1:colcon.colcon_core.shell:create_environment_hook('create3_lidar', 'cmake_prefix_path')
[1.342s] INFO:colcon.colcon_core.shell:Creating environment hook '/home/awasch/work/src/create3_examples/install/create3_lidar/share/create3_lidar/hook/cmake_prefix_path.ps1'
[1.346s] INFO:colcon.colcon_core.shell:Creating environment descriptor '/home/awasch/work/src/create3_examples/install/create3_lidar/share/create3_lidar/hook/cmake_prefix_path.dsv'
[1.346s] INFO:colcon.colcon_core.shell:Creating environment hook '/home/awasch/work/src/create3_examples/install/create3_lidar/share/create3_lidar/hook/cmake_prefix_path.sh'
[1.347s] Level 1:colcon.colcon_core.environment:checking '/home/awasch/work/src/create3_examples/install/create3_lidar/bin'
[1.348s] Level 1:colcon.colcon_core.environment:checking '/home/awasch/work/src/create3_examples/install/create3_lidar/lib/pkgconfig/create3_lidar.pc'
[1.348s] Level 1:colcon.colcon_core.environment:checking '/home/awasch/work/src/create3_examples/install/create3_lidar/lib/python3.8/site-packages'
[1.348s] Level 1:colcon.colcon_core.environment:checking '/home/awasch/work/src/create3_examples/install/create3_lidar/bin'
[1.351s] INFO:colcon.colcon_core.shell:Creating package script '/home/awasch/work/src/create3_examples/install/create3_lidar/share/create3_lidar/package.ps1'
[1.352s] INFO:colcon.colcon_core.shell:Creating package descriptor '/home/awasch/work/src/create3_examples/install/create3_lidar/share/create3_lidar/package.dsv'
[1.356s] INFO:colcon.colcon_core.shell:Creating package script '/home/awasch/work/src/create3_examples/install/create3_lidar/share/create3_lidar/package.sh'
[1.357s] INFO:colcon.colcon_core.shell:Creating package script '/home/awasch/work/src/create3_examples/install/create3_lidar/share/create3_lidar/package.bash'
[1.357s] INFO:colcon.colcon_core.shell:Creating package script '/home/awasch/work/src/create3_examples/install/create3_lidar/share/create3_lidar/package.zsh'
[1.358s] Level 1:colcon.colcon_core.environment:create_file_with_runtime_dependencies(/home/awasch/work/src/create3_examples/install/create3_lidar/share/colcon-core/packages/create3_lidar)
[1.362s] Level 1:colcon.colcon_core.environment:create_environment_scripts_only(create3_examples_msgs)
[1.363s] DEBUG:colcon.colcon_core.event_handler.log_command:Invoked command in '/home/awasch/work/src/create3_examples/build/create3_examples_msgs' returned '0': CMAKE_PREFIX_PATH=${CMAKE_PREFIX_PATH}:/home/awasch/work/src/create3_examples/install/create3_teleop:/home/awasch/work/src/create3_examples/install/create3_examples_py:/opt/ros/galactic /usr/bin/cmake --install /home/awasch/work/src/create3_examples/build/create3_examples_msgs
[1.367s] Level 1:colcon.colcon_core.environment:checking '/home/awasch/work/src/create3_examples/install/create3_examples_msgs' for CMake module files
[1.369s] Level 1:colcon.colcon_core.environment:checking '/home/awasch/work/src/create3_examples/install/create3_examples_msgs' for CMake config files
[1.370s] Level 1:colcon.colcon_core.shell:create_environment_hook('create3_examples_msgs', 'cmake_prefix_path')
[1.372s] INFO:colcon.colcon_core.shell:Creating environment hook '/home/awasch/work/src/create3_examples/install/create3_examples_msgs/share/create3_examples_msgs/hook/cmake_prefix_path.ps1'
[1.374s] INFO:colcon.colcon_core.shell:Creating environment descriptor '/home/awasch/work/src/create3_examples/install/create3_examples_msgs/share/create3_examples_msgs/hook/cmake_prefix_path.dsv'
[1.374s] INFO:colcon.colcon_core.shell:Creating environment hook '/home/awasch/work/src/create3_examples/install/create3_examples_msgs/share/create3_examples_msgs/hook/cmake_prefix_path.sh'
[1.375s] Level 1:colcon.colcon_core.environment:checking '/home/awasch/work/src/create3_examples/install/create3_examples_msgs/lib'
[1.376s] Level 1:colcon.colcon_core.shell:create_environment_hook('create3_examples_msgs', 'ld_library_path_lib')
[1.378s] INFO:colcon.colcon_core.shell:Creating environment hook '/home/awasch/work/src/create3_examples/install/create3_examples_msgs/share/create3_examples_msgs/hook/ld_library_path_lib.ps1'
[1.379s] INFO:colcon.colcon_core.shell:Creating environment descriptor '/home/awasch/work/src/create3_examples/install/create3_examples_msgs/share/create3_examples_msgs/hook/ld_library_path_lib.dsv'
[1.379s] INFO:colcon.colcon_core.shell:Creating environment hook '/home/awasch/work/src/create3_examples/install/create3_examples_msgs/share/create3_examples_msgs/hook/ld_library_path_lib.sh'
[1.380s] Level 1:colcon.colcon_core.environment:checking '/home/awasch/work/src/create3_examples/install/create3_examples_msgs/bin'
[1.380s] Level 1:colcon.colcon_core.environment:checking '/home/awasch/work/src/create3_examples/install/create3_examples_msgs/lib/pkgconfig/create3_examples_msgs.pc'
[1.380s] Level 1:colcon.colcon_core.environment:checking '/home/awasch/work/src/create3_examples/install/create3_examples_msgs/lib/python3.8/site-packages'
[1.380s] Level 1:colcon.colcon_core.shell:create_environment_hook('create3_examples_msgs', 'pythonpath')
[1.383s] INFO:colcon.colcon_core.shell:Creating environment hook '/home/awasch/work/src/create3_examples/install/create3_examples_msgs/share/create3_examples_msgs/hook/pythonpath.ps1'
[1.383s] INFO:colcon.colcon_core.shell:Creating environment descriptor '/home/awasch/work/src/create3_examples/install/create3_examples_msgs/share/create3_examples_msgs/hook/pythonpath.dsv'
[1.384s] INFO:colcon.colcon_core.shell:Creating environment hook '/home/awasch/work/src/create3_examples/install/create3_examples_msgs/share/create3_examples_msgs/hook/pythonpath.sh'
[1.385s] Level 1:colcon.colcon_core.environment:checking '/home/awasch/work/src/create3_examples/install/create3_examples_msgs/bin'
[1.388s] INFO:colcon.colcon_core.shell:Creating package script '/home/awasch/work/src/create3_examples/install/create3_examples_msgs/share/create3_examples_msgs/package.ps1'
[1.389s] INFO:colcon.colcon_core.shell:Creating package descriptor '/home/awasch/work/src/create3_examples/install/create3_examples_msgs/share/create3_examples_msgs/package.dsv'
[1.390s] INFO:colcon.colcon_core.shell:Creating package script '/home/awasch/work/src/create3_examples/install/create3_examples_msgs/share/create3_examples_msgs/package.sh'
[1.391s] INFO:colcon.colcon_core.shell:Creating package script '/home/awasch/work/src/create3_examples/install/create3_examples_msgs/share/create3_examples_msgs/package.bash'
[1.391s] INFO:colcon.colcon_core.shell:Creating package script '/home/awasch/work/src/create3_examples/install/create3_examples_msgs/share/create3_examples_msgs/package.zsh'
[1.392s] Level 1:colcon.colcon_core.environment:create_file_with_runtime_dependencies(/home/awasch/work/src/create3_examples/install/create3_examples_msgs/share/colcon-core/packages/create3_examples_msgs)
[1.600s] Level 1:colcon.colcon_core.environment:create_environment_scripts_only(create3_examples_msgs)
[1.604s] Level 1:colcon.colcon_core.environment:checking '/home/awasch/work/src/create3_examples/install/create3_examples_msgs' for CMake module files
[1.606s] Level 1:colcon.colcon_core.environment:checking '/home/awasch/work/src/create3_examples/install/create3_examples_msgs' for CMake config files
[1.606s] Level 1:colcon.colcon_core.shell:create_environment_hook('create3_examples_msgs', 'cmake_prefix_path')
[1.609s] INFO:colcon.colcon_core.shell:Creating environment hook '/home/awasch/work/src/create3_examples/install/create3_examples_msgs/share/create3_examples_msgs/hook/cmake_prefix_path.ps1'
[1.610s] INFO:colcon.colcon_core.shell:Creating environment descriptor '/home/awasch/work/src/create3_examples/install/create3_examples_msgs/share/create3_examples_msgs/hook/cmake_prefix_path.dsv'
[1.611s] INFO:colcon.colcon_core.shell:Creating environment hook '/home/awasch/work/src/create3_examples/install/create3_examples_msgs/share/create3_examples_msgs/hook/cmake_prefix_path.sh'
[1.611s] Level 1:colcon.colcon_core.environment:checking '/home/awasch/work/src/create3_examples/install/create3_examples_msgs/lib'
[1.612s] Level 1:colcon.colcon_core.shell:create_environment_hook('create3_examples_msgs', 'ld_library_path_lib')
[1.614s] INFO:colcon.colcon_core.shell:Creating environment hook '/home/awasch/work/src/create3_examples/install/create3_examples_msgs/share/create3_examples_msgs/hook/ld_library_path_lib.ps1'
[1.615s] INFO:colcon.colcon_core.shell:Creating environment descriptor '/home/awasch/work/src/create3_examples/install/create3_examples_msgs/share/create3_examples_msgs/hook/ld_library_path_lib.dsv'
[1.615s] INFO:colcon.colcon_core.shell:Creating environment hook '/home/awasch/work/src/create3_examples/install/create3_examples_msgs/share/create3_examples_msgs/hook/ld_library_path_lib.sh'
[1.616s] Level 1:colcon.colcon_core.environment:checking '/home/awasch/work/src/create3_examples/install/create3_examples_msgs/bin'
[1.617s] Level 1:colcon.colcon_core.environment:checking '/home/awasch/work/src/create3_examples/install/create3_examples_msgs/lib/pkgconfig/create3_examples_msgs.pc'
[1.617s] Level 1:colcon.colcon_core.environment:checking '/home/awasch/work/src/create3_examples/install/create3_examples_msgs/lib/python3.8/site-packages'
[1.617s] Level 1:colcon.colcon_core.shell:create_environment_hook('create3_examples_msgs', 'pythonpath')
[1.620s] INFO:colcon.colcon_core.shell:Creating environment hook '/home/awasch/work/src/create3_examples/install/create3_examples_msgs/share/create3_examples_msgs/hook/pythonpath.ps1'
[1.620s] INFO:colcon.colcon_core.shell:Creating environment descriptor '/home/awasch/work/src/create3_examples/install/create3_examples_msgs/share/create3_examples_msgs/hook/pythonpath.dsv'
[1.621s] INFO:colcon.colcon_core.shell:Creating environment hook '/home/awasch/work/src/create3_examples/install/create3_examples_msgs/share/create3_examples_msgs/hook/pythonpath.sh'
[1.622s] Level 1:colcon.colcon_core.environment:checking '/home/awasch/work/src/create3_examples/install/create3_examples_msgs/bin'
[1.624s] INFO:colcon.colcon_core.shell:Creating package script '/home/awasch/work/src/create3_examples/install/create3_examples_msgs/share/create3_examples_msgs/package.ps1'
[1.625s] INFO:colcon.colcon_core.shell:Creating package descriptor '/home/awasch/work/src/create3_examples/install/create3_examples_msgs/share/create3_examples_msgs/package.dsv'
[1.626s] INFO:colcon.colcon_core.shell:Creating package script '/home/awasch/work/src/create3_examples/install/create3_examples_msgs/share/create3_examples_msgs/package.sh'
[1.627s] INFO:colcon.colcon_core.shell:Creating package script '/home/awasch/work/src/create3_examples/install/create3_examples_msgs/share/create3_examples_msgs/package.bash'
[1.628s] INFO:colcon.colcon_core.shell:Creating package script '/home/awasch/work/src/create3_examples/install/create3_examples_msgs/share/create3_examples_msgs/package.zsh'
[1.628s] Level 1:colcon.colcon_core.environment:create_file_with_runtime_dependencies(/home/awasch/work/src/create3_examples/install/create3_examples_msgs/share/colcon-core/packages/create3_examples_msgs)
[1.629s] INFO:colcon.colcon_ros.task.ament_cmake.build:Building ROS package in '/home/awasch/work/src/create3_examples/create3_coverage' with build type 'ament_cmake'
[1.629s] INFO:colcon.colcon_cmake.task.cmake.build:Building CMake package in '/home/awasch/work/src/create3_examples/create3_coverage'
[1.632s] INFO:colcon.colcon_core.shell:Skip shell extension 'powershell' for command environment: Not usable outside of PowerShell
[1.632s] DEBUG:colcon.colcon_core.shell:Skip shell extension 'dsv' for command environment
[1.666s] DEBUG:colcon.colcon_core.event_handler.log_command:Invoking command in '/home/awasch/work/src/create3_examples/build/create3_coverage': CMAKE_PREFIX_PATH=/home/awasch/work/src/create3_examples/install/create3_examples_msgs:/home/awasch/work/src/create3_examples/install/create3_lidar:/home/awasch/work/src/create3_examples/install/create3_coverage:/home/awasch/work/src/create3_examples/install/create3_teleop:/home/awasch/work/src/create3_examples/install/create3_examples_py:/opt/ros/galactic LD_LIBRARY_PATH=/home/awasch/work/src/create3_examples/install/create3_examples_msgs/lib:/home/awasch/work/src/create3_examples/install/create3_coverage/lib:/opt/ros/galactic/opt/yaml_cpp_vendor/lib:/opt/ros/galactic/opt/rviz_ogre_vendor/lib:/opt/ros/galactic/lib/x86_64-linux-gnu:/opt/ros/galactic/lib PYTHONPATH=/home/awasch/work/src/create3_examples/install/create3_examples_msgs/lib/python3.8/site-packages:/home/awasch/work/src/create3_examples/install/create3_teleop/lib/python3.8/site-packages:/home/awasch/work/src/create3_examples/install/create3_examples_py/lib/python3.8/site-packages:/opt/ros/galactic/lib/python3.8/site-packages /usr/bin/cmake --build /home/awasch/work/src/create3_examples/build/create3_coverage -- -j8 -l8
[1.854s] DEBUG:colcon.colcon_core.event_handler.log_command:Invoking command in '/home/awasch/work/src/create3_examples/create3_examples_py': PYTHONPATH=/home/awasch/work/src/create3_examples/install/create3_examples_py/lib/python3.8/site-packages:${PYTHONPATH} /usr/bin/python3 setup.py egg_info --egg-base ../build/create3_examples_py build --build-base /home/awasch/work/src/create3_examples/build/create3_examples_py/build install --prefix /home/awasch/work/src/create3_examples/install/create3_examples_py --record /home/awasch/work/src/create3_examples/build/create3_examples_py/install.log --single-version-externally-managed
[1.869s] DEBUG:colcon.colcon_core.event_handler.log_command:Invoking command in '/home/awasch/work/src/create3_examples/create3_teleop': PYTHONPATH=/home/awasch/work/src/create3_examples/install/create3_teleop/lib/python3.8/site-packages:${PYTHONPATH} /usr/bin/python3 setup.py egg_info --egg-base ../build/create3_teleop build --build-base /home/awasch/work/src/create3_examples/build/create3_teleop/build install --prefix /home/awasch/work/src/create3_examples/install/create3_teleop --record /home/awasch/work/src/create3_examples/build/create3_teleop/install.log --single-version-externally-managed
[1.878s] DEBUG:colcon.colcon_core.event_handler.log_command:Invoked command in '/home/awasch/work/src/create3_examples/build/create3_coverage' returned '0': CMAKE_PREFIX_PATH=/home/awasch/work/src/create3_examples/install/create3_examples_msgs:/home/awasch/work/src/create3_examples/install/create3_lidar:/home/awasch/work/src/create3_examples/install/create3_coverage:/home/awasch/work/src/create3_examples/install/create3_teleop:/home/awasch/work/src/create3_examples/install/create3_examples_py:/opt/ros/galactic LD_LIBRARY_PATH=/home/awasch/work/src/create3_examples/install/create3_examples_msgs/lib:/home/awasch/work/src/create3_examples/install/create3_coverage/lib:/opt/ros/galactic/opt/yaml_cpp_vendor/lib:/opt/ros/galactic/opt/rviz_ogre_vendor/lib:/opt/ros/galactic/lib/x86_64-linux-gnu:/opt/ros/galactic/lib PYTHONPATH=/home/awasch/work/src/create3_examples/install/create3_examples_msgs/lib/python3.8/site-packages:/home/awasch/work/src/create3_examples/install/create3_teleop/lib/python3.8/site-packages:/home/awasch/work/src/create3_examples/install/create3_examples_py/lib/python3.8/site-packages:/opt/ros/galactic/lib/python3.8/site-packages /usr/bin/cmake --build /home/awasch/work/src/create3_examples/build/create3_coverage -- -j8 -l8
[1.934s] DEBUG:colcon.colcon_core.event_handler.log_command:Invoking command in '/home/awasch/work/src/create3_examples/build/create3_coverage': CMAKE_PREFIX_PATH=/home/awasch/work/src/create3_examples/install/create3_examples_msgs:/home/awasch/work/src/create3_examples/install/create3_lidar:/home/awasch/work/src/create3_examples/install/create3_coverage:/home/awasch/work/src/create3_examples/install/create3_teleop:/home/awasch/work/src/create3_examples/install/create3_examples_py:/opt/ros/galactic LD_LIBRARY_PATH=/home/awasch/work/src/create3_examples/install/create3_examples_msgs/lib:/home/awasch/work/src/create3_examples/install/create3_coverage/lib:/opt/ros/galactic/opt/yaml_cpp_vendor/lib:/opt/ros/galactic/opt/rviz_ogre_vendor/lib:/opt/ros/galactic/lib/x86_64-linux-gnu:/opt/ros/galactic/lib PYTHONPATH=/home/awasch/work/src/create3_examples/install/create3_examples_msgs/lib/python3.8/site-packages:/home/awasch/work/src/create3_examples/install/create3_teleop/lib/python3.8/site-packages:/home/awasch/work/src/create3_examples/install/create3_examples_py/lib/python3.8/site-packages:/opt/ros/galactic/lib/python3.8/site-packages /usr/bin/cmake --install /home/awasch/work/src/create3_examples/build/create3_coverage
[1.959s] Level 1:colcon.colcon_core.environment:create_environment_scripts_only(create3_coverage)
[1.964s] Level 1:colcon.colcon_core.environment:checking '/home/awasch/work/src/create3_examples/install/create3_coverage' for CMake module files
[1.965s] Level 1:colcon.colcon_core.environment:checking '/home/awasch/work/src/create3_examples/install/create3_coverage' for CMake config files
[1.965s] Level 1:colcon.colcon_core.shell:create_environment_hook('create3_coverage', 'cmake_prefix_path')
[1.968s] INFO:colcon.colcon_core.shell:Creating environment hook '/home/awasch/work/src/create3_examples/install/create3_coverage/share/create3_coverage/hook/cmake_prefix_path.ps1'
[1.969s] INFO:colcon.colcon_core.shell:Creating environment descriptor '/home/awasch/work/src/create3_examples/install/create3_coverage/share/create3_coverage/hook/cmake_prefix_path.dsv'
[1.969s] INFO:colcon.colcon_core.shell:Creating environment hook '/home/awasch/work/src/create3_examples/install/create3_coverage/share/create3_coverage/hook/cmake_prefix_path.sh'
[1.971s] DEBUG:colcon.colcon_core.event_handler.log_command:Invoked command in '/home/awasch/work/src/create3_examples/build/create3_coverage' returned '0': CMAKE_PREFIX_PATH=/home/awasch/work/src/create3_examples/install/create3_examples_msgs:/home/awasch/work/src/create3_examples/install/create3_lidar:/home/awasch/work/src/create3_examples/install/create3_coverage:/home/awasch/work/src/create3_examples/install/create3_teleop:/home/awasch/work/src/create3_examples/install/create3_examples_py:/opt/ros/galactic LD_LIBRARY_PATH=/home/awasch/work/src/create3_examples/install/create3_examples_msgs/lib:/home/awasch/work/src/create3_examples/install/create3_coverage/lib:/opt/ros/galactic/opt/yaml_cpp_vendor/lib:/opt/ros/galactic/opt/rviz_ogre_vendor/lib:/opt/ros/galactic/lib/x86_64-linux-gnu:/opt/ros/galactic/lib PYTHONPATH=/home/awasch/work/src/create3_examples/install/create3_examples_msgs/lib/python3.8/site-packages:/home/awasch/work/src/create3_examples/install/create3_teleop/lib/python3.8/site-packages:/home/awasch/work/src/create3_examples/install/create3_examples_py/lib/python3.8/site-packages:/opt/ros/galactic/lib/python3.8/site-packages /usr/bin/cmake --install /home/awasch/work/src/create3_examples/build/create3_coverage
[1.972s] Level 1:colcon.colcon_core.environment:checking '/home/awasch/work/src/create3_examples/install/create3_coverage/lib'
[1.972s] Level 1:colcon.colcon_core.shell:create_environment_hook('create3_coverage', 'ld_library_path_lib')
[1.974s] INFO:colcon.colcon_core.shell:Creating environment hook '/home/awasch/work/src/create3_examples/install/create3_coverage/share/create3_coverage/hook/ld_library_path_lib.ps1'
[1.975s] INFO:colcon.colcon_core.shell:Creating environment descriptor '/home/awasch/work/src/create3_examples/install/create3_coverage/share/create3_coverage/hook/ld_library_path_lib.dsv'
[1.975s] INFO:colcon.colcon_core.shell:Creating environment hook '/home/awasch/work/src/create3_examples/install/create3_coverage/share/create3_coverage/hook/ld_library_path_lib.sh'
[1.976s] Level 1:colcon.colcon_core.environment:checking '/home/awasch/work/src/create3_examples/install/create3_coverage/bin'
[1.976s] Level 1:colcon.colcon_core.environment:checking '/home/awasch/work/src/create3_examples/install/create3_coverage/lib/pkgconfig/create3_coverage.pc'
[1.976s] Level 1:colcon.colcon_core.environment:checking '/home/awasch/work/src/create3_examples/install/create3_coverage/lib/python3.8/site-packages'
[1.977s] Level 1:colcon.colcon_core.environment:checking '/home/awasch/work/src/create3_examples/install/create3_coverage/bin'
[1.979s] INFO:colcon.colcon_core.shell:Creating package script '/home/awasch/work/src/create3_examples/install/create3_coverage/share/create3_coverage/package.ps1'
[1.980s] INFO:colcon.colcon_core.shell:Creating package descriptor '/home/awasch/work/src/create3_examples/install/create3_coverage/share/create3_coverage/package.dsv'
[1.980s] INFO:colcon.colcon_core.shell:Creating package script '/home/awasch/work/src/create3_examples/install/create3_coverage/share/create3_coverage/package.sh'
[1.981s] INFO:colcon.colcon_core.shell:Creating package script '/home/awasch/work/src/create3_examples/install/create3_coverage/share/create3_coverage/package.bash'
[1.982s] INFO:colcon.colcon_core.shell:Creating package script '/home/awasch/work/src/create3_examples/install/create3_coverage/share/create3_coverage/package.zsh'
[1.982s] Level 1:colcon.colcon_core.environment:create_file_with_runtime_dependencies(/home/awasch/work/src/create3_examples/install/create3_coverage/share/colcon-core/packages/create3_coverage)
[2.043s] Level 1:colcon.colcon_core.environment:create_environment_scripts_only(create3_coverage)
[2.049s] Level 1:colcon.colcon_core.environment:checking '/home/awasch/work/src/create3_examples/install/create3_coverage' for CMake module files
[2.050s] Level 1:colcon.colcon_core.environment:checking '/home/awasch/work/src/create3_examples/install/create3_coverage' for CMake config files
[2.050s] Level 1:colcon.colcon_core.shell:create_environment_hook('create3_coverage', 'cmake_prefix_path')
[2.055s] INFO:colcon.colcon_core.shell:Creating environment hook '/home/awasch/work/src/create3_examples/install/create3_coverage/share/create3_coverage/hook/cmake_prefix_path.ps1'
[2.056s] INFO:colcon.colcon_core.shell:Creating environment descriptor '/home/awasch/work/src/create3_examples/install/create3_coverage/share/create3_coverage/hook/cmake_prefix_path.dsv'
[2.057s] INFO:colcon.colcon_core.shell:Creating environment hook '/home/awasch/work/src/create3_examples/install/create3_coverage/share/create3_coverage/hook/cmake_prefix_path.sh'
[2.058s] Level 1:colcon.colcon_core.environment:checking '/home/awasch/work/src/create3_examples/install/create3_coverage/lib'
[2.058s] Level 1:colcon.colcon_core.shell:create_environment_hook('create3_coverage', 'ld_library_path_lib')
[2.061s] INFO:colcon.colcon_core.shell:Creating environment hook '/home/awasch/work/src/create3_examples/install/create3_coverage/share/create3_coverage/hook/ld_library_path_lib.ps1'
[2.062s] INFO:colcon.colcon_core.shell:Creating environment descriptor '/home/awasch/work/src/create3_examples/install/create3_coverage/share/create3_coverage/hook/ld_library_path_lib.dsv'
[2.062s] INFO:colcon.colcon_core.shell:Creating environment hook '/home/awasch/work/src/create3_examples/install/create3_coverage/share/create3_coverage/hook/ld_library_path_lib.sh'
[2.063s] Level 1:colcon.colcon_core.environment:checking '/home/awasch/work/src/create3_examples/install/create3_coverage/bin'
[2.063s] Level 1:colcon.colcon_core.environment:checking '/home/awasch/work/src/create3_examples/install/create3_coverage/lib/pkgconfig/create3_coverage.pc'
[2.064s] Level 1:colcon.colcon_core.environment:checking '/home/awasch/work/src/create3_examples/install/create3_coverage/lib/python3.8/site-packages'
[2.064s] Level 1:colcon.colcon_core.environment:checking '/home/awasch/work/src/create3_examples/install/create3_coverage/bin'
[2.066s] INFO:colcon.colcon_core.shell:Creating package script '/home/awasch/work/src/create3_examples/install/create3_coverage/share/create3_coverage/package.ps1'
[2.067s] INFO:colcon.colcon_core.shell:Creating package descriptor '/home/awasch/work/src/create3_examples/install/create3_coverage/share/create3_coverage/package.dsv'
[2.068s] INFO:colcon.colcon_core.shell:Creating package script '/home/awasch/work/src/create3_examples/install/create3_coverage/share/create3_coverage/package.sh'
[2.069s] INFO:colcon.colcon_core.shell:Creating package script '/home/awasch/work/src/create3_examples/install/create3_coverage/share/create3_coverage/package.bash'
[2.069s] INFO:colcon.colcon_core.shell:Creating package script '/home/awasch/work/src/create3_examples/install/create3_coverage/share/create3_coverage/package.zsh'
[2.070s] Level 1:colcon.colcon_core.environment:create_file_with_runtime_dependencies(/home/awasch/work/src/create3_examples/install/create3_coverage/share/colcon-core/packages/create3_coverage)
[2.341s] Level 1:colcon.colcon_core.environment:checking '/home/awasch/work/src/create3_examples/install/create3_examples_py' for CMake module files
[2.342s] DEBUG:colcon.colcon_core.event_handler.log_command:Invoked command in '/home/awasch/work/src/create3_examples/create3_examples_py' returned '0': PYTHONPATH=/home/awasch/work/src/create3_examples/install/create3_examples_py/lib/python3.8/site-packages:${PYTHONPATH} /usr/bin/python3 setup.py egg_info --egg-base ../build/create3_examples_py build --build-base /home/awasch/work/src/create3_examples/build/create3_examples_py/build install --prefix /home/awasch/work/src/create3_examples/install/create3_examples_py --record /home/awasch/work/src/create3_examples/build/create3_examples_py/install.log --single-version-externally-managed
[2.343s] Level 1:colcon.colcon_core.environment:checking '/home/awasch/work/src/create3_examples/install/create3_examples_py' for CMake config files
[2.344s] Level 1:colcon.colcon_core.environment:checking '/home/awasch/work/src/create3_examples/install/create3_examples_py/lib'
[2.344s] Level 1:colcon.colcon_core.environment:checking '/home/awasch/work/src/create3_examples/install/create3_examples_py/bin'
[2.344s] Level 1:colcon.colcon_core.environment:checking '/home/awasch/work/src/create3_examples/install/create3_examples_py/lib/pkgconfig/create3_examples_py.pc'
[2.345s] Level 1:colcon.colcon_core.environment:checking '/home/awasch/work/src/create3_examples/install/create3_examples_py/lib/python3.8/site-packages'
[2.345s] Level 1:colcon.colcon_core.shell:create_environment_hook('create3_examples_py', 'pythonpath')
[2.348s] INFO:colcon.colcon_core.shell:Creating environment hook '/home/awasch/work/src/create3_examples/install/create3_examples_py/share/create3_examples_py/hook/pythonpath.ps1'
[2.348s] INFO:colcon.colcon_core.shell:Creating environment descriptor '/home/awasch/work/src/create3_examples/install/create3_examples_py/share/create3_examples_py/hook/pythonpath.dsv'
[2.349s] INFO:colcon.colcon_core.shell:Creating environment hook '/home/awasch/work/src/create3_examples/install/create3_examples_py/share/create3_examples_py/hook/pythonpath.sh'
[2.350s] Level 1:colcon.colcon_core.environment:checking '/home/awasch/work/src/create3_examples/install/create3_examples_py/bin'
[2.350s] Level 1:colcon.colcon_core.environment:create_environment_scripts_only(create3_examples_py)
[2.353s] INFO:colcon.colcon_core.shell:Creating package script '/home/awasch/work/src/create3_examples/install/create3_examples_py/share/create3_examples_py/package.ps1'
[2.354s] INFO:colcon.colcon_core.shell:Creating package descriptor '/home/awasch/work/src/create3_examples/install/create3_examples_py/share/create3_examples_py/package.dsv'
[2.354s] INFO:colcon.colcon_core.shell:Creating package script '/home/awasch/work/src/create3_examples/install/create3_examples_py/share/create3_examples_py/package.sh'
[2.355s] INFO:colcon.colcon_core.shell:Creating package script '/home/awasch/work/src/create3_examples/install/create3_examples_py/share/create3_examples_py/package.bash'
[2.356s] INFO:colcon.colcon_core.shell:Creating package script '/home/awasch/work/src/create3_examples/install/create3_examples_py/share/create3_examples_py/package.zsh'
[2.356s] Level 1:colcon.colcon_core.environment:create_file_with_runtime_dependencies(/home/awasch/work/src/create3_examples/install/create3_examples_py/share/colcon-core/packages/create3_examples_py)
[2.361s] Level 1:colcon.colcon_core.environment:checking '/home/awasch/work/src/create3_examples/install/create3_teleop' for CMake module files
[2.362s] DEBUG:colcon.colcon_core.event_handler.log_command:Invoked command in '/home/awasch/work/src/create3_examples/create3_teleop' returned '0': PYTHONPATH=/home/awasch/work/src/create3_examples/install/create3_teleop/lib/python3.8/site-packages:${PYTHONPATH} /usr/bin/python3 setup.py egg_info --egg-base ../build/create3_teleop build --build-base /home/awasch/work/src/create3_examples/build/create3_teleop/build install --prefix /home/awasch/work/src/create3_examples/install/create3_teleop --record /home/awasch/work/src/create3_examples/build/create3_teleop/install.log --single-version-externally-managed
[2.363s] Level 1:colcon.colcon_core.environment:checking '/home/awasch/work/src/create3_examples/install/create3_teleop' for CMake config files
[2.364s] Level 1:colcon.colcon_core.environment:checking '/home/awasch/work/src/create3_examples/install/create3_teleop/lib'
[2.364s] Level 1:colcon.colcon_core.environment:checking '/home/awasch/work/src/create3_examples/install/create3_teleop/bin'
[2.364s] Level 1:colcon.colcon_core.environment:checking '/home/awasch/work/src/create3_examples/install/create3_teleop/lib/pkgconfig/create3_teleop.pc'
[2.364s] Level 1:colcon.colcon_core.environment:checking '/home/awasch/work/src/create3_examples/install/create3_teleop/lib/python3.8/site-packages'
[2.365s] Level 1:colcon.colcon_core.shell:create_environment_hook('create3_teleop', 'pythonpath')
[2.367s] INFO:colcon.colcon_core.shell:Creating environment hook '/home/awasch/work/src/create3_examples/install/create3_teleop/share/create3_teleop/hook/pythonpath.ps1'
[2.367s] INFO:colcon.colcon_core.shell:Creating environment descriptor '/home/awasch/work/src/create3_examples/install/create3_teleop/share/create3_teleop/hook/pythonpath.dsv'
[2.368s] INFO:colcon.colcon_core.shell:Creating environment hook '/home/awasch/work/src/create3_examples/install/create3_teleop/share/create3_teleop/hook/pythonpath.sh'
[2.369s] Level 1:colcon.colcon_core.environment:checking '/home/awasch/work/src/create3_examples/install/create3_teleop/bin'
[2.369s] Level 1:colcon.colcon_core.environment:create_environment_scripts_only(create3_teleop)
[2.371s] INFO:colcon.colcon_core.shell:Creating package script '/home/awasch/work/src/create3_examples/install/create3_teleop/share/create3_teleop/package.ps1'
[2.372s] INFO:colcon.colcon_core.shell:Creating package descriptor '/home/awasch/work/src/create3_examples/install/create3_teleop/share/create3_teleop/package.dsv'
[2.373s] INFO:colcon.colcon_core.shell:Creating package script '/home/awasch/work/src/create3_examples/install/create3_teleop/share/create3_teleop/package.sh'
[2.373s] INFO:colcon.colcon_core.shell:Creating package script '/home/awasch/work/src/create3_examples/install/create3_teleop/share/create3_teleop/package.bash'
[2.374s] INFO:colcon.colcon_core.shell:Creating package script '/home/awasch/work/src/create3_examples/install/create3_teleop/share/create3_teleop/package.zsh'
[2.374s] Level 1:colcon.colcon_core.environment:create_file_with_runtime_dependencies(/home/awasch/work/src/create3_examples/install/create3_teleop/share/colcon-core/packages/create3_teleop)
[2.375s] DEBUG:colcon.colcon_parallel_executor.executor.parallel:closing loop
[2.375s] DEBUG:colcon.colcon_parallel_executor.executor.parallel:loop closed
[2.375s] DEBUG:colcon.colcon_parallel_executor.executor.parallel:run_until_complete finished with '0'
[2.376s] DEBUG:colcon.colcon_core.event_reactor:joining thread
[2.387s] INFO:colcon.colcon_core.plugin_system:Skipping extension 'colcon_notification.desktop_notification.terminal_notifier': Not used on non-Darwin systems
[2.388s] INFO:colcon.colcon_core.plugin_system:Skipping extension 'colcon_notification.desktop_notification.win32': Not used on non-Windows systems
[2.388s] INFO:colcon.colcon_notification.desktop_notification:Sending desktop notification using 'notify2'
[2.409s] DEBUG:colcon.colcon_core.event_reactor:joined thread
[2.412s] INFO:colcon.colcon_core.shell:Creating prefix script '/home/awasch/work/src/create3_examples/install/local_setup.ps1'
[2.414s] INFO:colcon.colcon_core.shell:Creating prefix util module '/home/awasch/work/src/create3_examples/install/_local_setup_util_ps1.py'
[2.416s] INFO:colcon.colcon_core.shell:Creating prefix chain script '/home/awasch/work/src/create3_examples/install/setup.ps1'
[2.419s] INFO:colcon.colcon_core.shell:Creating prefix script '/home/awasch/work/src/create3_examples/install/local_setup.sh'
[2.420s] INFO:colcon.colcon_core.shell:Creating prefix util module '/home/awasch/work/src/create3_examples/install/_local_setup_util_sh.py'
[2.420s] INFO:colcon.colcon_core.shell:Creating prefix chain script '/home/awasch/work/src/create3_examples/install/setup.sh'
[2.422s] INFO:colcon.colcon_core.shell:Creating prefix script '/home/awasch/work/src/create3_examples/install/local_setup.bash'
[2.423s] INFO:colcon.colcon_core.shell:Creating prefix chain script '/home/awasch/work/src/create3_examples/install/setup.bash'
[2.426s] INFO:colcon.colcon_core.shell:Creating prefix script '/home/awasch/work/src/create3_examples/install/local_setup.zsh'
[2.426s] INFO:colcon.colcon_core.shell:Creating prefix chain script '/home/awasch/work/src/create3_examples/install/setup.zsh'
