[0.068s] Invoking command in '/home/awasch/work/src/create3_examples/build/create3_examples_msgs': CMAKE_PREFIX_PATH=${CMAKE_PREFIX_PATH}:/home/awasch/work/src/create3_examples/install/create3_teleop:/home/awasch/work/src/create3_examples/install/create3_examples_py:/opt/ros/galactic /usr/bin/cmake --build /home/awasch/work/src/create3_examples/build/create3_examples_msgs -- -j8 -l8
[0.457s] [  3%] Built target create3_examples_msgs__cpp
[0.460s] [ 12%] Built target create3_examples_msgs__rosidl_generator_c
[0.460s] [ 32%] Built target create3_examples_msgs__rosidl_typesupport_introspection_cpp
[0.461s] [ 32%] Built target create3_examples_msgs__rosidl_typesupport_cpp
[0.461s] [ 41%] Built target create3_examples_msgs__rosidl_typesupport_fastrtps_cpp
[0.461s] [ 61%] Built target create3_examples_msgs__rosidl_typesupport_c
[0.461s] [ 61%] Built target create3_examples_msgs__rosidl_typesupport_introspection_c
[0.461s] [ 70%] Built target create3_examples_msgs__rosidl_typesupport_fastrtps_c
[0.461s] [ 70%] Built target create3_examples_msgs
[0.461s] [ 74%] Built target create3_examples_msgs__py
[0.462s] [35m[1mScanning dependencies of target create3_examples_msgs__python[0m
[0.462s] [ 77%] [32mBuilding C object CMakeFiles/create3_examples_msgs__python.dir/rosidl_generator_py/create3_examples_msgs/action/_coverage_s.c.o[0m
[0.557s] [ 80%] [32m[1mLinking C shared library rosidl_generator_py/create3_examples_msgs/libcreate3_examples_msgs__python.so[0m
[0.647s] [ 80%] Built target create3_examples_msgs__python
[0.691s] [ 83%] [32m[1mLinking C shared library rosidl_generator_py/create3_examples_msgs/create3_examples_msgs_s__rosidl_typesupport_introspection_c.cpython-38-x86_64-linux-gnu.so[0m
[0.698s] [ 90%] [32m[1mLinking C shared library rosidl_generator_py/create3_examples_msgs/create3_examples_msgs_s__rosidl_typesupport_c.cpython-38-x86_64-linux-gnu.so[0m
[0.699s] [ 90%] [32m[1mLinking CXX shared library rosidl_generator_py/create3_examples_msgs/create3_examples_msgs_s__rosidl_typesupport_fastrtps_c.cpython-38-x86_64-linux-gnu.so[0m
[0.792s] [ 93%] Built target create3_examples_msgs__rosidl_typesupport_introspection_c__pyext
[0.797s] [ 96%] Built target create3_examples_msgs__rosidl_typesupport_c__pyext
[0.872s] [100%] Built target create3_examples_msgs__rosidl_typesupport_fastrtps_c__pyext
[0.910s] Invoked command in '/home/awasch/work/src/create3_examples/build/create3_examples_msgs' returned '0': CMAKE_PREFIX_PATH=${CMAKE_PREFIX_PATH}:/home/awasch/work/src/create3_examples/install/create3_teleop:/home/awasch/work/src/create3_examples/install/create3_examples_py:/opt/ros/galactic /usr/bin/cmake --build /home/awasch/work/src/create3_examples/build/create3_examples_msgs -- -j8 -l8
[1.003s] Invoking command in '/home/awasch/work/src/create3_examples/build/create3_examples_msgs': CMAKE_PREFIX_PATH=${CMAKE_PREFIX_PATH}:/home/awasch/work/src/create3_examples/install/create3_teleop:/home/awasch/work/src/create3_examples/install/create3_examples_py:/opt/ros/galactic /usr/bin/cmake --install /home/awasch/work/src/create3_examples/build/create3_examples_msgs
[1.013s] -- Install configuration: ""
[1.013s] -- Up-to-date: /home/awasch/work/src/create3_examples/install/create3_examples_msgs/share/ament_index/resource_index/rosidl_interfaces/create3_examples_msgs
[1.013s] -- Up-to-date: /home/awasch/work/src/create3_examples/install/create3_examples_msgs/include/create3_examples_msgs
[1.013s] -- Up-to-date: /home/awasch/work/src/create3_examples/install/create3_examples_msgs/include/create3_examples_msgs/msg
[1.013s] -- Up-to-date: /home/awasch/work/src/create3_examples/install/create3_examples_msgs/include/create3_examples_msgs/msg/rosidl_generator_c__visibility_control.h
[1.014s] -- Up-to-date: /home/awasch/work/src/create3_examples/install/create3_examples_msgs/include/create3_examples_msgs/action
[1.014s] -- Up-to-date: /home/awasch/work/src/create3_examples/install/create3_examples_msgs/include/create3_examples_msgs/action/detail
[1.014s] -- Up-to-date: /home/awasch/work/src/create3_examples/install/create3_examples_msgs/include/create3_examples_msgs/action/detail/coverage__struct.h
[1.014s] -- Up-to-date: /home/awasch/work/src/create3_examples/install/create3_examples_msgs/include/create3_examples_msgs/action/detail/coverage__functions.c
[1.014s] -- Up-to-date: /home/awasch/work/src/create3_examples/install/create3_examples_msgs/include/create3_examples_msgs/action/detail/coverage__type_support.h
[1.014s] -- Up-to-date: /home/awasch/work/src/create3_examples/install/create3_examples_msgs/include/create3_examples_msgs/action/detail/coverage__functions.h
[1.014s] -- Up-to-date: /home/awasch/work/src/create3_examples/install/create3_examples_msgs/include/create3_examples_msgs/action/coverage.h
[1.014s] -- Up-to-date: /home/awasch/work/src/create3_examples/install/create3_examples_msgs/share/create3_examples_msgs/environment/library_path.sh
[1.015s] -- Up-to-date: /home/awasch/work/src/create3_examples/install/create3_examples_msgs/share/create3_examples_msgs/environment/library_path.dsv
[1.015s] -- Up-to-date: /home/awasch/work/src/create3_examples/install/create3_examples_msgs/lib/libcreate3_examples_msgs__rosidl_generator_c.so
[1.015s] -- Up-to-date: /home/awasch/work/src/create3_examples/install/create3_examples_msgs/include/create3_examples_msgs
[1.015s] -- Up-to-date: /home/awasch/work/src/create3_examples/install/create3_examples_msgs/include/create3_examples_msgs/msg
[1.015s] -- Up-to-date: /home/awasch/work/src/create3_examples/install/create3_examples_msgs/include/create3_examples_msgs/msg/rosidl_typesupport_fastrtps_c__visibility_control.h
[1.015s] -- Up-to-date: /home/awasch/work/src/create3_examples/install/create3_examples_msgs/include/create3_examples_msgs/action
[1.017s] -- Up-to-date: /home/awasch/work/src/create3_examples/install/create3_examples_msgs/include/create3_examples_msgs/action/detail
[1.018s] -- Up-to-date: /home/awasch/work/src/create3_examples/install/create3_examples_msgs/include/create3_examples_msgs/action/detail/coverage__rosidl_typesupport_fastrtps_c.h
[1.018s] -- Up-to-date: /home/awasch/work/src/create3_examples/install/create3_examples_msgs/lib/libcreate3_examples_msgs__rosidl_typesupport_fastrtps_c.so
[1.018s] -- Up-to-date: /home/awasch/work/src/create3_examples/install/create3_examples_msgs/include/create3_examples_msgs
[1.018s] -- Up-to-date: /home/awasch/work/src/create3_examples/install/create3_examples_msgs/include/create3_examples_msgs/msg
[1.018s] -- Up-to-date: /home/awasch/work/src/create3_examples/install/create3_examples_msgs/include/create3_examples_msgs/msg/rosidl_typesupport_fastrtps_cpp__visibility_control.h
[1.018s] -- Up-to-date: /home/awasch/work/src/create3_examples/install/create3_examples_msgs/include/create3_examples_msgs/action
[1.018s] -- Up-to-date: /home/awasch/work/src/create3_examples/install/create3_examples_msgs/include/create3_examples_msgs/action/detail
[1.018s] -- Up-to-date: /home/awasch/work/src/create3_examples/install/create3_examples_msgs/include/create3_examples_msgs/action/detail/coverage__rosidl_typesupport_fastrtps_cpp.hpp
[1.019s] -- Up-to-date: /home/awasch/work/src/create3_examples/install/create3_examples_msgs/include/create3_examples_msgs/action/detail/dds_fastrtps
[1.019s] -- Up-to-date: /home/awasch/work/src/create3_examples/install/create3_examples_msgs/lib/libcreate3_examples_msgs__rosidl_typesupport_fastrtps_cpp.so
[1.019s] -- Up-to-date: /home/awasch/work/src/create3_examples/install/create3_examples_msgs/include/create3_examples_msgs
[1.019s] -- Up-to-date: /home/awasch/work/src/create3_examples/install/create3_examples_msgs/include/create3_examples_msgs/msg
[1.019s] -- Up-to-date: /home/awasch/work/src/create3_examples/install/create3_examples_msgs/include/create3_examples_msgs/msg/rosidl_typesupport_introspection_c__visibility_control.h
[1.019s] -- Up-to-date: /home/awasch/work/src/create3_examples/install/create3_examples_msgs/include/create3_examples_msgs/action
[1.019s] -- Up-to-date: /home/awasch/work/src/create3_examples/install/create3_examples_msgs/include/create3_examples_msgs/action/detail
[1.019s] -- Up-to-date: /home/awasch/work/src/create3_examples/install/create3_examples_msgs/include/create3_examples_msgs/action/detail/coverage__type_support.c
[1.020s] -- Up-to-date: /home/awasch/work/src/create3_examples/install/create3_examples_msgs/include/create3_examples_msgs/action/detail/coverage__rosidl_typesupport_introspection_c.h
[1.029s] -- Up-to-date: /home/awasch/work/src/create3_examples/install/create3_examples_msgs/lib/libcreate3_examples_msgs__rosidl_typesupport_introspection_c.so
[1.029s] -- Up-to-date: /home/awasch/work/src/create3_examples/install/create3_examples_msgs/lib/libcreate3_examples_msgs__rosidl_typesupport_c.so
[1.029s] -- Up-to-date: /home/awasch/work/src/create3_examples/install/create3_examples_msgs/include/create3_examples_msgs
[1.029s] -- Up-to-date: /home/awasch/work/src/create3_examples/install/create3_examples_msgs/include/create3_examples_msgs/action
[1.030s] -- Up-to-date: /home/awasch/work/src/create3_examples/install/create3_examples_msgs/include/create3_examples_msgs/action/detail
[1.030s] -- Up-to-date: /home/awasch/work/src/create3_examples/install/create3_examples_msgs/include/create3_examples_msgs/action/detail/coverage__builder.hpp
[1.030s] -- Up-to-date: /home/awasch/work/src/create3_examples/install/create3_examples_msgs/include/create3_examples_msgs/action/detail/coverage__traits.hpp
[1.030s] -- Up-to-date: /home/awasch/work/src/create3_examples/install/create3_examples_msgs/include/create3_examples_msgs/action/detail/coverage__struct.hpp
[1.030s] -- Up-to-date: /home/awasch/work/src/create3_examples/install/create3_examples_msgs/include/create3_examples_msgs/action/coverage.hpp
[1.030s] -- Up-to-date: /home/awasch/work/src/create3_examples/install/create3_examples_msgs/include/create3_examples_msgs
[1.030s] -- Up-to-date: /home/awasch/work/src/create3_examples/install/create3_examples_msgs/include/create3_examples_msgs/action
[1.030s] -- Up-to-date: /home/awasch/work/src/create3_examples/install/create3_examples_msgs/include/create3_examples_msgs/action/detail
[1.031s] -- Up-to-date: /home/awasch/work/src/create3_examples/install/create3_examples_msgs/include/create3_examples_msgs/action/detail/coverage__rosidl_typesupport_introspection_cpp.hpp
[1.031s] -- Up-to-date: /home/awasch/work/src/create3_examples/install/create3_examples_msgs/include/create3_examples_msgs/action/detail/coverage__type_support.cpp
[1.031s] -- Up-to-date: /home/awasch/work/src/create3_examples/install/create3_examples_msgs/lib/libcreate3_examples_msgs__rosidl_typesupport_introspection_cpp.so
[1.031s] -- Up-to-date: /home/awasch/work/src/create3_examples/install/create3_examples_msgs/lib/libcreate3_examples_msgs__rosidl_typesupport_cpp.so
[1.031s] -- Up-to-date: /home/awasch/work/src/create3_examples/install/create3_examples_msgs/share/create3_examples_msgs/environment/pythonpath.sh
[1.031s] -- Up-to-date: /home/awasch/work/src/create3_examples/install/create3_examples_msgs/share/create3_examples_msgs/environment/pythonpath.dsv
[1.032s] -- Up-to-date: /home/awasch/work/src/create3_examples/install/create3_examples_msgs/lib/python3.8/site-packages/create3_examples_msgs/__init__.py
[1.078s] -- Up-to-date: /home/awasch/work/src/create3_examples/install/create3_examples_msgs/lib/python3.8/site-packages/create3_examples_msgs/action
[1.078s] -- Up-to-date: /home/awasch/work/src/create3_examples/install/create3_examples_msgs/lib/python3.8/site-packages/create3_examples_msgs/action/__init__.py
[1.078s] -- Up-to-date: /home/awasch/work/src/create3_examples/install/create3_examples_msgs/lib/python3.8/site-packages/create3_examples_msgs/action/_coverage_s.c
[1.078s] -- Up-to-date: /home/awasch/work/src/create3_examples/install/create3_examples_msgs/lib/python3.8/site-packages/create3_examples_msgs/action/_coverage.py
[1.079s] -- Installing: /home/awasch/work/src/create3_examples/install/create3_examples_msgs/lib/python3.8/site-packages/create3_examples_msgs/create3_examples_msgs_s__rosidl_typesupport_fastrtps_c.cpython-38-x86_64-linux-gnu.so
[1.080s] -- Set runtime path of "/home/awasch/work/src/create3_examples/install/create3_examples_msgs/lib/python3.8/site-packages/create3_examples_msgs/create3_examples_msgs_s__rosidl_typesupport_fastrtps_c.cpython-38-x86_64-linux-gnu.so" to ""
[1.080s] -- Installing: /home/awasch/work/src/create3_examples/install/create3_examples_msgs/lib/python3.8/site-packages/create3_examples_msgs/create3_examples_msgs_s__rosidl_typesupport_introspection_c.cpython-38-x86_64-linux-gnu.so
[1.081s] -- Set runtime path of "/home/awasch/work/src/create3_examples/install/create3_examples_msgs/lib/python3.8/site-packages/create3_examples_msgs/create3_examples_msgs_s__rosidl_typesupport_introspection_c.cpython-38-x86_64-linux-gnu.so" to ""
[1.082s] -- Installing: /home/awasch/work/src/create3_examples/install/create3_examples_msgs/lib/python3.8/site-packages/create3_examples_msgs/create3_examples_msgs_s__rosidl_typesupport_c.cpython-38-x86_64-linux-gnu.so
[1.083s] -- Set runtime path of "/home/awasch/work/src/create3_examples/install/create3_examples_msgs/lib/python3.8/site-packages/create3_examples_msgs/create3_examples_msgs_s__rosidl_typesupport_c.cpython-38-x86_64-linux-gnu.so" to ""
[1.083s] -- Installing: /home/awasch/work/src/create3_examples/install/create3_examples_msgs/lib/libcreate3_examples_msgs__python.so
[1.084s] -- Set runtime path of "/home/awasch/work/src/create3_examples/install/create3_examples_msgs/lib/libcreate3_examples_msgs__python.so" to ""
[1.085s] -- Up-to-date: /home/awasch/work/src/create3_examples/install/create3_examples_msgs/share/create3_examples_msgs/action/Coverage.idl
[1.085s] -- Up-to-date: /home/awasch/work/src/create3_examples/install/create3_examples_msgs/share/create3_examples_msgs/action/Coverage.action
[1.085s] -- Up-to-date: /home/awasch/work/src/create3_examples/install/create3_examples_msgs/share/ament_index/resource_index/package_run_dependencies/create3_examples_msgs
[1.085s] -- Up-to-date: /home/awasch/work/src/create3_examples/install/create3_examples_msgs/share/ament_index/resource_index/parent_prefix_path/create3_examples_msgs
[1.085s] -- Up-to-date: /home/awasch/work/src/create3_examples/install/create3_examples_msgs/share/create3_examples_msgs/environment/ament_prefix_path.sh
[1.086s] -- Up-to-date: /home/awasch/work/src/create3_examples/install/create3_examples_msgs/share/create3_examples_msgs/environment/ament_prefix_path.dsv
[1.086s] -- Up-to-date: /home/awasch/work/src/create3_examples/install/create3_examples_msgs/share/create3_examples_msgs/environment/path.sh
[1.086s] -- Up-to-date: /home/awasch/work/src/create3_examples/install/create3_examples_msgs/share/create3_examples_msgs/environment/path.dsv
[1.088s] -- Up-to-date: /home/awasch/work/src/create3_examples/install/create3_examples_msgs/share/create3_examples_msgs/local_setup.bash
[1.088s] -- Up-to-date: /home/awasch/work/src/create3_examples/install/create3_examples_msgs/share/create3_examples_msgs/local_setup.sh
[1.089s] -- Up-to-date: /home/awasch/work/src/create3_examples/install/create3_examples_msgs/share/create3_examples_msgs/local_setup.zsh
[1.090s] -- Up-to-date: /home/awasch/work/src/create3_examples/install/create3_examples_msgs/share/create3_examples_msgs/local_setup.dsv
[1.090s] -- Installing: /home/awasch/work/src/create3_examples/install/create3_examples_msgs/share/create3_examples_msgs/package.dsv
[1.090s] -- Up-to-date: /home/awasch/work/src/create3_examples/install/create3_examples_msgs/share/ament_index/resource_index/packages/create3_examples_msgs
[1.090s] -- Up-to-date: /home/awasch/work/src/create3_examples/install/create3_examples_msgs/share/create3_examples_msgs/cmake/create3_examples_msgs__rosidl_generator_cExport.cmake
[1.091s] -- Up-to-date: /home/awasch/work/src/create3_examples/install/create3_examples_msgs/share/create3_examples_msgs/cmake/create3_examples_msgs__rosidl_generator_cExport-noconfig.cmake
[1.091s] -- Up-to-date: /home/awasch/work/src/create3_examples/install/create3_examples_msgs/share/create3_examples_msgs/cmake/create3_examples_msgs__rosidl_typesupport_introspection_cExport.cmake
[1.097s] -- Up-to-date: /home/awasch/work/src/create3_examples/install/create3_examples_msgs/share/create3_examples_msgs/cmake/create3_examples_msgs__rosidl_typesupport_introspection_cExport-noconfig.cmake
[1.099s] -- Up-to-date: /home/awasch/work/src/create3_examples/install/create3_examples_msgs/share/create3_examples_msgs/cmake/create3_examples_msgs__rosidl_typesupport_cExport.cmake
[1.099s] -- Up-to-date: /home/awasch/work/src/create3_examples/install/create3_examples_msgs/share/create3_examples_msgs/cmake/create3_examples_msgs__rosidl_typesupport_cExport-noconfig.cmake
[1.100s] -- Up-to-date: /home/awasch/work/src/create3_examples/install/create3_examples_msgs/share/create3_examples_msgs/cmake/create3_examples_msgs__rosidl_generator_cppExport.cmake
[1.100s] -- Up-to-date: /home/awasch/work/src/create3_examples/install/create3_examples_msgs/share/create3_examples_msgs/cmake/create3_examples_msgs__rosidl_typesupport_introspection_cppExport.cmake
[1.100s] -- Up-to-date: /home/awasch/work/src/create3_examples/install/create3_examples_msgs/share/create3_examples_msgs/cmake/create3_examples_msgs__rosidl_typesupport_introspection_cppExport-noconfig.cmake
[1.100s] -- Up-to-date: /home/awasch/work/src/create3_examples/install/create3_examples_msgs/share/create3_examples_msgs/cmake/create3_examples_msgs__rosidl_typesupport_cppExport.cmake
[1.100s] -- Up-to-date: /home/awasch/work/src/create3_examples/install/create3_examples_msgs/share/create3_examples_msgs/cmake/create3_examples_msgs__rosidl_typesupport_cppExport-noconfig.cmake
[1.100s] -- Up-to-date: /home/awasch/work/src/create3_examples/install/create3_examples_msgs/share/create3_examples_msgs/cmake/rosidl_cmake-extras.cmake
[1.101s] -- Up-to-date: /home/awasch/work/src/create3_examples/install/create3_examples_msgs/share/create3_examples_msgs/cmake/ament_cmake_export_dependencies-extras.cmake
[1.101s] -- Up-to-date: /home/awasch/work/src/create3_examples/install/create3_examples_msgs/share/create3_examples_msgs/cmake/ament_cmake_export_libraries-extras.cmake
[1.101s] -- Up-to-date: /home/awasch/work/src/create3_examples/install/create3_examples_msgs/share/create3_examples_msgs/cmake/ament_cmake_export_targets-extras.cmake
[1.101s] -- Up-to-date: /home/awasch/work/src/create3_examples/install/create3_examples_msgs/share/create3_examples_msgs/cmake/ament_cmake_export_include_directories-extras.cmake
[1.101s] -- Up-to-date: /home/awasch/work/src/create3_examples/install/create3_examples_msgs/share/create3_examples_msgs/cmake/rosidl_cmake_export_typesupport_libraries-extras.cmake
[1.102s] -- Up-to-date: /home/awasch/work/src/create3_examples/install/create3_examples_msgs/share/create3_examples_msgs/cmake/rosidl_cmake_export_typesupport_targets-extras.cmake
[1.102s] -- Up-to-date: /home/awasch/work/src/create3_examples/install/create3_examples_msgs/share/create3_examples_msgs/cmake/create3_examples_msgsConfig.cmake
[1.102s] -- Up-to-date: /home/awasch/work/src/create3_examples/install/create3_examples_msgs/share/create3_examples_msgs/cmake/create3_examples_msgsConfig-version.cmake
[1.102s] -- Up-to-date: /home/awasch/work/src/create3_examples/install/create3_examples_msgs/share/create3_examples_msgs/package.xml
[1.122s] Invoked command in '/home/awasch/work/src/create3_examples/build/create3_examples_msgs' returned '0': CMAKE_PREFIX_PATH=${CMAKE_PREFIX_PATH}:/home/awasch/work/src/create3_examples/install/create3_teleop:/home/awasch/work/src/create3_examples/install/create3_examples_py:/opt/ros/galactic /usr/bin/cmake --install /home/awasch/work/src/create3_examples/build/create3_examples_msgs
