[0.157s] DEBUG:colcon:Command line arguments: ['/usr/bin/colcon', 'build']
[0.157s] DEBUG:colcon:Parsed command line arguments: Namespace(allow_overriding=[], ament_cmake_args=None, base_paths=['.'], build_base='build', catkin_cmake_args=None, catkin_skip_building_tests=False, cmake_args=None, cmake_clean_cache=False, cmake_clean_first=False, cmake_force_configure=False, cmake_target=None, cmake_target_skip_unavailable=False, continue_on_error=False, event_handlers=None, executor='parallel', ignore_user_meta=False, install_base='install', log_base=None, log_level=None, main=<bound method BuildVerb.main of <colcon_core.verb.build.BuildVerb object at 0x7fab54316190>>, merge_install=False, metas=['./colcon.meta'], packages_above=None, packages_above_and_dependencies=None, packages_above_depth=None, packages_end=None, packages_ignore=None, packages_ignore_regex=None, packages_select=None, packages_select_build_failed=False, packages_select_by_dep=None, packages_select_regex=None, packages_select_test_failures=False, packages_skip=None, packages_skip_build_finished=False, packages_skip_by_dep=None, packages_skip_regex=None, packages_skip_test_passed=False, packages_skip_up_to=None, packages_start=None, packages_up_to=None, packages_up_to_regex=None, parallel_workers=8, paths=None, symlink_install=False, test_result_base=None, verb_extension=<colcon_core.verb.build.BuildVerb object at 0x7fab54316190>, verb_name='build', verb_parser=<colcon_defaults.argument_parser.defaults.DefaultArgumentsDecorator object at 0x7fab543166d0>)
[0.183s] Level 1:colcon.colcon_core.package_discovery:discover_packages(colcon_meta) check parameters
[0.183s] Level 1:colcon.colcon_core.package_discovery:discover_packages(recursive) check parameters
[0.183s] Level 1:colcon.colcon_core.package_discovery:discover_packages(ignore) check parameters
[0.183s] Level 1:colcon.colcon_core.package_discovery:discover_packages(path) check parameters
[0.183s] Level 1:colcon.colcon_core.package_discovery:discover_packages(colcon_meta) discover
[0.183s] Level 1:colcon.colcon_core.package_discovery:discover_packages(recursive) discover
[0.184s] INFO:colcon.colcon_core.package_discovery:Crawling recursively for packages in '/home/awasch/work/src/create3_examples'
[0.184s] Level 1:colcon.colcon_core.package_identification:_identify(.) by extensions ['ignore', 'ignore_ament_install']
[0.184s] Level 1:colcon.colcon_core.package_identification:_identify(.) by extension 'ignore'
[0.184s] Level 1:colcon.colcon_core.package_identification:_identify(.) by extension 'ignore_ament_install'
[0.184s] Level 1:colcon.colcon_core.package_identification:_identify(.) by extensions ['colcon_pkg']
[0.184s] Level 1:colcon.colcon_core.package_identification:_identify(.) by extension 'colcon_pkg'
[0.184s] Level 1:colcon.colcon_core.package_identification:_identify(.) by extensions ['colcon_meta']
[0.184s] Level 1:colcon.colcon_core.package_identification:_identify(.) by extension 'colcon_meta'
[0.184s] Level 1:colcon.colcon_core.package_identification:_identify(.) by extensions ['ros']
[0.185s] Level 1:colcon.colcon_core.package_identification:_identify(.) by extension 'ros'
[0.204s] Level 1:colcon.colcon_core.package_identification:_identify(.) by extensions ['cmake', 'python']
[0.204s] Level 1:colcon.colcon_core.package_identification:_identify(.) by extension 'cmake'
[0.204s] Level 1:colcon.colcon_core.package_identification:_identify(.) by extension 'python'
[0.204s] Level 1:colcon.colcon_core.package_identification:_identify(.) by extensions ['python_setup_py']
[0.204s] Level 1:colcon.colcon_core.package_identification:_identify(.) by extension 'python_setup_py'
[0.204s] Level 1:colcon.colcon_core.package_identification:_identify(build) by extensions ['ignore', 'ignore_ament_install']
[0.204s] Level 1:colcon.colcon_core.package_identification:_identify(build) by extension 'ignore'
[0.204s] Level 1:colcon.colcon_core.package_identification:_identify(build) ignored
[0.204s] Level 1:colcon.colcon_core.package_identification:_identify(create3_coverage) by extensions ['ignore', 'ignore_ament_install']
[0.205s] Level 1:colcon.colcon_core.package_identification:_identify(create3_coverage) by extension 'ignore'
[0.205s] Level 1:colcon.colcon_core.package_identification:_identify(create3_coverage) by extension 'ignore_ament_install'
[0.205s] Level 1:colcon.colcon_core.package_identification:_identify(create3_coverage) by extensions ['colcon_pkg']
[0.205s] Level 1:colcon.colcon_core.package_identification:_identify(create3_coverage) by extension 'colcon_pkg'
[0.205s] Level 1:colcon.colcon_core.package_identification:_identify(create3_coverage) by extensions ['colcon_meta']
[0.205s] Level 1:colcon.colcon_core.package_identification:_identify(create3_coverage) by extension 'colcon_meta'
[0.205s] Level 1:colcon.colcon_core.package_identification:_identify(create3_coverage) by extensions ['ros']
[0.205s] Level 1:colcon.colcon_core.package_identification:_identify(create3_coverage) by extension 'ros'
[0.208s] DEBUG:colcon.colcon_core.package_identification:Package 'create3_coverage' with type 'ros.ament_cmake' and name 'create3_coverage'
[0.208s] Level 1:colcon.colcon_core.package_identification:_identify(create3_examples_msgs) by extensions ['ignore', 'ignore_ament_install']
[0.208s] Level 1:colcon.colcon_core.package_identification:_identify(create3_examples_msgs) by extension 'ignore'
[0.208s] Level 1:colcon.colcon_core.package_identification:_identify(create3_examples_msgs) by extension 'ignore_ament_install'
[0.208s] Level 1:colcon.colcon_core.package_identification:_identify(create3_examples_msgs) by extensions ['colcon_pkg']
[0.208s] Level 1:colcon.colcon_core.package_identification:_identify(create3_examples_msgs) by extension 'colcon_pkg'
[0.209s] Level 1:colcon.colcon_core.package_identification:_identify(create3_examples_msgs) by extensions ['colcon_meta']
[0.209s] Level 1:colcon.colcon_core.package_identification:_identify(create3_examples_msgs) by extension 'colcon_meta'
[0.209s] Level 1:colcon.colcon_core.package_identification:_identify(create3_examples_msgs) by extensions ['ros']
[0.209s] Level 1:colcon.colcon_core.package_identification:_identify(create3_examples_msgs) by extension 'ros'
[0.209s] DEBUG:colcon.colcon_core.package_identification:Package 'create3_examples_msgs' with type 'ros.ament_cmake' and name 'create3_examples_msgs'
[0.209s] Level 1:colcon.colcon_core.package_identification:_identify(create3_examples_py) by extensions ['ignore', 'ignore_ament_install']
[0.210s] Level 1:colcon.colcon_core.package_identification:_identify(create3_examples_py) by extension 'ignore'
[0.210s] Level 1:colcon.colcon_core.package_identification:_identify(create3_examples_py) by extension 'ignore_ament_install'
[0.210s] Level 1:colcon.colcon_core.package_identification:_identify(create3_examples_py) by extensions ['colcon_pkg']
[0.210s] Level 1:colcon.colcon_core.package_identification:_identify(create3_examples_py) by extension 'colcon_pkg'
[0.210s] Level 1:colcon.colcon_core.package_identification:_identify(create3_examples_py) by extensions ['colcon_meta']
[0.210s] Level 1:colcon.colcon_core.package_identification:_identify(create3_examples_py) by extension 'colcon_meta'
[0.210s] Level 1:colcon.colcon_core.package_identification:_identify(create3_examples_py) by extensions ['ros']
[0.210s] Level 1:colcon.colcon_core.package_identification:_identify(create3_examples_py) by extension 'ros'
[0.211s] DEBUG:colcon.colcon_core.package_identification:Package 'create3_examples_py' with type 'ros.ament_python' and name 'create3_examples_py'
[0.211s] Level 1:colcon.colcon_core.package_identification:_identify(create3_lidar) by extensions ['ignore', 'ignore_ament_install']
[0.211s] Level 1:colcon.colcon_core.package_identification:_identify(create3_lidar) by extension 'ignore'
[0.211s] Level 1:colcon.colcon_core.package_identification:_identify(create3_lidar) by extension 'ignore_ament_install'
[0.211s] Level 1:colcon.colcon_core.package_identification:_identify(create3_lidar) by extensions ['colcon_pkg']
[0.211s] Level 1:colcon.colcon_core.package_identification:_identify(create3_lidar) by extension 'colcon_pkg'
[0.211s] Level 1:colcon.colcon_core.package_identification:_identify(create3_lidar) by extensions ['colcon_meta']
[0.211s] Level 1:colcon.colcon_core.package_identification:_identify(create3_lidar) by extension 'colcon_meta'
[0.211s] Level 1:colcon.colcon_core.package_identification:_identify(create3_lidar) by extensions ['ros']
[0.211s] Level 1:colcon.colcon_core.package_identification:_identify(create3_lidar) by extension 'ros'
[0.212s] DEBUG:colcon.colcon_core.package_identification:Package 'create3_lidar' with type 'ros.ament_cmake' and name 'create3_lidar'
[0.212s] Level 1:colcon.colcon_core.package_identification:_identify(create3_teleop) by extensions ['ignore', 'ignore_ament_install']
[0.212s] Level 1:colcon.colcon_core.package_identification:_identify(create3_teleop) by extension 'ignore'
[0.212s] Level 1:colcon.colcon_core.package_identification:_identify(create3_teleop) by extension 'ignore_ament_install'
[0.212s] Level 1:colcon.colcon_core.package_identification:_identify(create3_teleop) by extensions ['colcon_pkg']
[0.212s] Level 1:colcon.colcon_core.package_identification:_identify(create3_teleop) by extension 'colcon_pkg'
[0.212s] Level 1:colcon.colcon_core.package_identification:_identify(create3_teleop) by extensions ['colcon_meta']
[0.212s] Level 1:colcon.colcon_core.package_identification:_identify(create3_teleop) by extension 'colcon_meta'
[0.213s] Level 1:colcon.colcon_core.package_identification:_identify(create3_teleop) by extensions ['ros']
[0.213s] Level 1:colcon.colcon_core.package_identification:_identify(create3_teleop) by extension 'ros'
[0.213s] DEBUG:colcon.colcon_core.package_identification:Package 'create3_teleop' with type 'ros.ament_python' and name 'create3_teleop'
[0.213s] Level 1:colcon.colcon_core.package_identification:_identify(install) by extensions ['ignore', 'ignore_ament_install']
[0.213s] Level 1:colcon.colcon_core.package_identification:_identify(install) by extension 'ignore'
[0.213s] Level 1:colcon.colcon_core.package_identification:_identify(install) ignored
[0.213s] Level 1:colcon.colcon_core.package_identification:_identify(log) by extensions ['ignore', 'ignore_ament_install']
[0.214s] Level 1:colcon.colcon_core.package_identification:_identify(log) by extension 'ignore'
[0.214s] Level 1:colcon.colcon_core.package_identification:_identify(log) ignored
[0.214s] Level 1:colcon.colcon_core.package_discovery:discover_packages(recursive) using defaults
[0.214s] Level 1:colcon.colcon_core.package_discovery:discover_packages(ignore) discover
[0.214s] Level 1:colcon.colcon_core.package_discovery:discover_packages(ignore) using defaults
[0.214s] Level 1:colcon.colcon_core.package_discovery:discover_packages(path) discover
[0.214s] Level 1:colcon.colcon_core.package_discovery:discover_packages(path) using defaults
[0.235s] Level 1:colcon.colcon_core.package_discovery:discover_packages(prefix_path) check parameters
[0.235s] Level 1:colcon.colcon_core.package_discovery:discover_packages(prefix_path) discover
[0.238s] DEBUG:colcon.colcon_installed_package_information.package_discovery:Found 5 installed packages in /home/awasch/create3_examples_ws/install
[0.239s] DEBUG:colcon.colcon_installed_package_information.package_discovery:Found 5 installed packages in /home/awasch/work/src/create3_examples/install
[0.242s] DEBUG:colcon.colcon_installed_package_information.package_discovery:Found 279 installed packages in /opt/ros/galactic
[0.244s] Level 1:colcon.colcon_core.package_discovery:discover_packages(prefix_path) using defaults
[0.324s] Level 5:colcon.colcon_core.verb:set package 'create3_examples_msgs' build argument 'cmake_args' from command line to 'None'
[0.324s] Level 5:colcon.colcon_core.verb:set package 'create3_examples_msgs' build argument 'cmake_target' from command line to 'None'
[0.324s] Level 5:colcon.colcon_core.verb:set package 'create3_examples_msgs' build argument 'cmake_target_skip_unavailable' from command line to 'False'
[0.324s] Level 5:colcon.colcon_core.verb:set package 'create3_examples_msgs' build argument 'cmake_clean_cache' from command line to 'False'
[0.324s] Level 5:colcon.colcon_core.verb:set package 'create3_examples_msgs' build argument 'cmake_clean_first' from command line to 'False'
[0.325s] Level 5:colcon.colcon_core.verb:set package 'create3_examples_msgs' build argument 'cmake_force_configure' from command line to 'False'
[0.325s] Level 5:colcon.colcon_core.verb:set package 'create3_examples_msgs' build argument 'ament_cmake_args' from command line to 'None'
[0.325s] Level 5:colcon.colcon_core.verb:set package 'create3_examples_msgs' build argument 'catkin_cmake_args' from command line to 'None'
[0.325s] Level 5:colcon.colcon_core.verb:set package 'create3_examples_msgs' build argument 'catkin_skip_building_tests' from command line to 'False'
[0.325s] DEBUG:colcon.colcon_core.verb:Building package 'create3_examples_msgs' with the following arguments: {'ament_cmake_args': None, 'build_base': '/home/awasch/work/src/create3_examples/build/create3_examples_msgs', 'catkin_cmake_args': None, 'catkin_skip_building_tests': False, 'cmake_args': None, 'cmake_clean_cache': False, 'cmake_clean_first': False, 'cmake_force_configure': False, 'cmake_target': None, 'cmake_target_skip_unavailable': False, 'install_base': '/home/awasch/work/src/create3_examples/install/create3_examples_msgs', 'merge_install': False, 'path': '/home/awasch/work/src/create3_examples/create3_examples_msgs', 'symlink_install': False, 'test_result_base': None}
[0.326s] Level 5:colcon.colcon_core.verb:set package 'create3_examples_py' build argument 'cmake_args' from command line to 'None'
[0.326s] Level 5:colcon.colcon_core.verb:set package 'create3_examples_py' build argument 'cmake_target' from command line to 'None'
[0.326s] Level 5:colcon.colcon_core.verb:set package 'create3_examples_py' build argument 'cmake_target_skip_unavailable' from command line to 'False'
[0.326s] Level 5:colcon.colcon_core.verb:set package 'create3_examples_py' build argument 'cmake_clean_cache' from command line to 'False'
[0.326s] Level 5:colcon.colcon_core.verb:set package 'create3_examples_py' build argument 'cmake_clean_first' from command line to 'False'
[0.326s] Level 5:colcon.colcon_core.verb:set package 'create3_examples_py' build argument 'cmake_force_configure' from command line to 'False'
[0.326s] Level 5:colcon.colcon_core.verb:set package 'create3_examples_py' build argument 'ament_cmake_args' from command line to 'None'
[0.326s] Level 5:colcon.colcon_core.verb:set package 'create3_examples_py' build argument 'catkin_cmake_args' from command line to 'None'
[0.326s] Level 5:colcon.colcon_core.verb:set package 'create3_examples_py' build argument 'catkin_skip_building_tests' from command line to 'False'
[0.326s] DEBUG:colcon.colcon_core.verb:Building package 'create3_examples_py' with the following arguments: {'ament_cmake_args': None, 'build_base': '/home/awasch/work/src/create3_examples/build/create3_examples_py', 'catkin_cmake_args': None, 'catkin_skip_building_tests': False, 'cmake_args': None, 'cmake_clean_cache': False, 'cmake_clean_first': False, 'cmake_force_configure': False, 'cmake_target': None, 'cmake_target_skip_unavailable': False, 'install_base': '/home/awasch/work/src/create3_examples/install/create3_examples_py', 'merge_install': False, 'path': '/home/awasch/work/src/create3_examples/create3_examples_py', 'symlink_install': False, 'test_result_base': None}
[0.328s] Level 5:colcon.colcon_core.verb:set package 'create3_lidar' build argument 'cmake_args' from command line to 'None'
[0.328s] Level 5:colcon.colcon_core.verb:set package 'create3_lidar' build argument 'cmake_target' from command line to 'None'
[0.328s] Level 5:colcon.colcon_core.verb:set package 'create3_lidar' build argument 'cmake_target_skip_unavailable' from command line to 'False'
[0.328s] Level 5:colcon.colcon_core.verb:set package 'create3_lidar' build argument 'cmake_clean_cache' from command line to 'False'
[0.328s] Level 5:colcon.colcon_core.verb:set package 'create3_lidar' build argument 'cmake_clean_first' from command line to 'False'
[0.328s] Level 5:colcon.colcon_core.verb:set package 'create3_lidar' build argument 'cmake_force_configure' from command line to 'False'
[0.328s] Level 5:colcon.colcon_core.verb:set package 'create3_lidar' build argument 'ament_cmake_args' from command line to 'None'
[0.328s] Level 5:colcon.colcon_core.verb:set package 'create3_lidar' build argument 'catkin_cmake_args' from command line to 'None'
[0.328s] Level 5:colcon.colcon_core.verb:set package 'create3_lidar' build argument 'catkin_skip_building_tests' from command line to 'False'
[0.328s] DEBUG:colcon.colcon_core.verb:Building package 'create3_lidar' with the following arguments: {'ament_cmake_args': None, 'build_base': '/home/awasch/work/src/create3_examples/build/create3_lidar', 'catkin_cmake_args': None, 'catkin_skip_building_tests': False, 'cmake_args': None, 'cmake_clean_cache': False, 'cmake_clean_first': False, 'cmake_force_configure': False, 'cmake_target': None, 'cmake_target_skip_unavailable': False, 'install_base': '/home/awasch/work/src/create3_examples/install/create3_lidar', 'merge_install': False, 'path': '/home/awasch/work/src/create3_examples/create3_lidar', 'symlink_install': False, 'test_result_base': None}
[0.329s] Level 5:colcon.colcon_core.verb:set package 'create3_teleop' build argument 'cmake_args' from command line to 'None'
[0.329s] Level 5:colcon.colcon_core.verb:set package 'create3_teleop' build argument 'cmake_target' from command line to 'None'
[0.329s] Level 5:colcon.colcon_core.verb:set package 'create3_teleop' build argument 'cmake_target_skip_unavailable' from command line to 'False'
[0.329s] Level 5:colcon.colcon_core.verb:set package 'create3_teleop' build argument 'cmake_clean_cache' from command line to 'False'
[0.329s] Level 5:colcon.colcon_core.verb:set package 'create3_teleop' build argument 'cmake_clean_first' from command line to 'False'
[0.329s] Level 5:colcon.colcon_core.verb:set package 'create3_teleop' build argument 'cmake_force_configure' from command line to 'False'
[0.329s] Level 5:colcon.colcon_core.verb:set package 'create3_teleop' build argument 'ament_cmake_args' from command line to 'None'
[0.329s] Level 5:colcon.colcon_core.verb:set package 'create3_teleop' build argument 'catkin_cmake_args' from command line to 'None'
[0.329s] Level 5:colcon.colcon_core.verb:set package 'create3_teleop' build argument 'catkin_skip_building_tests' from command line to 'False'
[0.329s] DEBUG:colcon.colcon_core.verb:Building package 'create3_teleop' with the following arguments: {'ament_cmake_args': None, 'build_base': '/home/awasch/work/src/create3_examples/build/create3_teleop', 'catkin_cmake_args': None, 'catkin_skip_building_tests': False, 'cmake_args': None, 'cmake_clean_cache': False, 'cmake_clean_first': False, 'cmake_force_configure': False, 'cmake_target': None, 'cmake_target_skip_unavailable': False, 'install_base': '/home/awasch/work/src/create3_examples/install/create3_teleop', 'merge_install': False, 'path': '/home/awasch/work/src/create3_examples/create3_teleop', 'symlink_install': False, 'test_result_base': None}
[0.330s] Level 5:colcon.colcon_core.verb:set package 'create3_coverage' build argument 'cmake_args' from command line to 'None'
[0.330s] Level 5:colcon.colcon_core.verb:set package 'create3_coverage' build argument 'cmake_target' from command line to 'None'
[0.330s] Level 5:colcon.colcon_core.verb:set package 'create3_coverage' build argument 'cmake_target_skip_unavailable' from command line to 'False'
[0.330s] Level 5:colcon.colcon_core.verb:set package 'create3_coverage' build argument 'cmake_clean_cache' from command line to 'False'
[0.330s] Level 5:colcon.colcon_core.verb:set package 'create3_coverage' build argument 'cmake_clean_first' from command line to 'False'
[0.330s] Level 5:colcon.colcon_core.verb:set package 'create3_coverage' build argument 'cmake_force_configure' from command line to 'False'
[0.330s] Level 5:colcon.colcon_core.verb:set package 'create3_coverage' build argument 'ament_cmake_args' from command line to 'None'
[0.330s] Level 5:colcon.colcon_core.verb:set package 'create3_coverage' build argument 'catkin_cmake_args' from command line to 'None'
[0.330s] Level 5:colcon.colcon_core.verb:set package 'create3_coverage' build argument 'catkin_skip_building_tests' from command line to 'False'
[0.331s] DEBUG:colcon.colcon_core.verb:Building package 'create3_coverage' with the following arguments: {'ament_cmake_args': None, 'build_base': '/home/awasch/work/src/create3_examples/build/create3_coverage', 'catkin_cmake_args': None, 'catkin_skip_building_tests': False, 'cmake_args': None, 'cmake_clean_cache': False, 'cmake_clean_first': False, 'cmake_force_configure': False, 'cmake_target': None, 'cmake_target_skip_unavailable': False, 'install_base': '/home/awasch/work/src/create3_examples/install/create3_coverage', 'merge_install': False, 'path': '/home/awasch/work/src/create3_examples/create3_coverage', 'symlink_install': False, 'test_result_base': None}
[0.331s] INFO:colcon.colcon_core.executor:Executing jobs using 'parallel' executor
[0.336s] DEBUG:colcon.colcon_parallel_executor.executor.parallel:run_until_complete
[0.336s] INFO:colcon.colcon_ros.task.ament_cmake.build:Building ROS package in '/home/awasch/work/src/create3_examples/create3_examples_msgs' with build type 'ament_cmake'
[0.336s] INFO:colcon.colcon_cmake.task.cmake.build:Building CMake package in '/home/awasch/work/src/create3_examples/create3_examples_msgs'
[0.343s] INFO:colcon.colcon_core.plugin_system:Skipping extension 'colcon_core.shell.bat': Not used on non-Windows systems
[0.343s] INFO:colcon.colcon_core.shell:Skip shell extension 'powershell' for command environment: Not usable outside of PowerShell
[0.344s] DEBUG:colcon.colcon_core.shell:Skip shell extension 'dsv' for command environment
[0.358s] INFO:colcon.colcon_ros.task.ament_python.build:Building ROS package in '/home/awasch/work/src/create3_examples/create3_examples_py' with build type 'ament_python'
[0.358s] Level 1:colcon.colcon_core.shell:create_environment_hook('create3_examples_py', 'ament_prefix_path')
[0.362s] INFO:colcon.colcon_core.shell:Creating environment hook '/home/awasch/work/src/create3_examples/install/create3_examples_py/share/create3_examples_py/hook/ament_prefix_path.ps1'
[0.364s] INFO:colcon.colcon_core.shell:Creating environment descriptor '/home/awasch/work/src/create3_examples/install/create3_examples_py/share/create3_examples_py/hook/ament_prefix_path.dsv'
[0.364s] INFO:colcon.colcon_core.shell:Creating environment hook '/home/awasch/work/src/create3_examples/install/create3_examples_py/share/create3_examples_py/hook/ament_prefix_path.sh'
[0.367s] INFO:colcon.colcon_core.shell:Skip shell extension 'powershell' for command environment: Not usable outside of PowerShell
[0.367s] DEBUG:colcon.colcon_core.shell:Skip shell extension 'dsv' for command environment
[0.375s] INFO:colcon.colcon_ros.task.ament_cmake.build:Building ROS package in '/home/awasch/work/src/create3_examples/create3_lidar' with build type 'ament_cmake'
[0.376s] INFO:colcon.colcon_cmake.task.cmake.build:Building CMake package in '/home/awasch/work/src/create3_examples/create3_lidar'
[0.378s] INFO:colcon.colcon_core.shell:Skip shell extension 'powershell' for command environment: Not usable outside of PowerShell
[0.378s] DEBUG:colcon.colcon_core.shell:Skip shell extension 'dsv' for command environment
[0.389s] INFO:colcon.colcon_ros.task.ament_python.build:Building ROS package in '/home/awasch/work/src/create3_examples/create3_teleop' with build type 'ament_python'
[0.390s] Level 1:colcon.colcon_core.shell:create_environment_hook('create3_teleop', 'ament_prefix_path')
[0.393s] INFO:colcon.colcon_core.shell:Creating environment hook '/home/awasch/work/src/create3_examples/install/create3_teleop/share/create3_teleop/hook/ament_prefix_path.ps1'
[0.395s] INFO:colcon.colcon_core.shell:Creating environment descriptor '/home/awasch/work/src/create3_examples/install/create3_teleop/share/create3_teleop/hook/ament_prefix_path.dsv'
[0.395s] INFO:colcon.colcon_core.shell:Creating environment hook '/home/awasch/work/src/create3_examples/install/create3_teleop/share/create3_teleop/hook/ament_prefix_path.sh'
[0.398s] INFO:colcon.colcon_core.shell:Skip shell extension 'powershell' for command environment: Not usable outside of PowerShell
[0.398s] DEBUG:colcon.colcon_core.shell:Skip shell extension 'dsv' for command environment
[0.422s] DEBUG:colcon.colcon_core.event_handler.log_command:Invoking command in '/home/awasch/work/src/create3_examples/build/create3_examples_msgs': CMAKE_PREFIX_PATH=${CMAKE_PREFIX_PATH}:/home/awasch/create3_examples_ws/install/create3_teleop:/home/awasch/create3_examples_ws/install/create3_examples_py:/home/awasch/work/src/create3_examples/install/create3_teleop:/home/awasch/work/src/create3_examples/install/create3_examples_py:/opt/ros/galactic /usr/bin/cmake --build /home/awasch/work/src/create3_examples/build/create3_examples_msgs -- -j8 -l8
[0.834s] INFO:colcon.colcon_core.task.python.build:Building Python package in '/home/awasch/work/src/create3_examples/create3_examples_py'
[0.836s] INFO:colcon.colcon_core.shell:Skip shell extension 'powershell' for command environment: Not usable outside of PowerShell
[0.837s] DEBUG:colcon.colcon_core.shell:Skip shell extension 'dsv' for command environment
[0.858s] DEBUG:colcon.colcon_core.event_handler.log_command:Invoking command in '/home/awasch/work/src/create3_examples/build/create3_lidar': CMAKE_PREFIX_PATH=${CMAKE_PREFIX_PATH}:/home/awasch/create3_examples_ws/install/create3_teleop:/home/awasch/create3_examples_ws/install/create3_examples_py:/home/awasch/work/src/create3_examples/install/create3_teleop:/home/awasch/work/src/create3_examples/install/create3_examples_py:/opt/ros/galactic /usr/bin/cmake --build /home/awasch/work/src/create3_examples/build/create3_lidar -- -j8 -l8
[1.210s] INFO:colcon.colcon_core.task.python.build:Building Python package in '/home/awasch/work/src/create3_examples/create3_teleop'
[1.212s] INFO:colcon.colcon_core.shell:Skip shell extension 'powershell' for command environment: Not usable outside of PowerShell
[1.212s] DEBUG:colcon.colcon_core.shell:Skip shell extension 'dsv' for command environment
[1.224s] DEBUG:colcon.colcon_core.event_handler.log_command:Invoked command in '/home/awasch/work/src/create3_examples/build/create3_examples_msgs' returned '0': CMAKE_PREFIX_PATH=${CMAKE_PREFIX_PATH}:/home/awasch/create3_examples_ws/install/create3_teleop:/home/awasch/create3_examples_ws/install/create3_examples_py:/home/awasch/work/src/create3_examples/install/create3_teleop:/home/awasch/work/src/create3_examples/install/create3_examples_py:/opt/ros/galactic /usr/bin/cmake --build /home/awasch/work/src/create3_examples/build/create3_examples_msgs -- -j8 -l8
[1.231s] DEBUG:colcon.colcon_core.event_handler.log_command:Invoked command in '/home/awasch/work/src/create3_examples/build/create3_lidar' returned '0': CMAKE_PREFIX_PATH=${CMAKE_PREFIX_PATH}:/home/awasch/create3_examples_ws/install/create3_teleop:/home/awasch/create3_examples_ws/install/create3_examples_py:/home/awasch/work/src/create3_examples/install/create3_teleop:/home/awasch/work/src/create3_examples/install/create3_examples_py:/opt/ros/galactic /usr/bin/cmake --build /home/awasch/work/src/create3_examples/build/create3_lidar -- -j8 -l8
[1.315s] DEBUG:colcon.colcon_core.event_handler.log_command:Invoking command in '/home/awasch/work/src/create3_examples/build/create3_lidar': CMAKE_PREFIX_PATH=${CMAKE_PREFIX_PATH}:/home/awasch/create3_examples_ws/install/create3_teleop:/home/awasch/create3_examples_ws/install/create3_examples_py:/home/awasch/work/src/create3_examples/install/create3_teleop:/home/awasch/work/src/create3_examples/install/create3_examples_py:/opt/ros/galactic /usr/bin/cmake --install /home/awasch/work/src/create3_examples/build/create3_lidar
[1.340s] Level 1:colcon.colcon_core.environment:create_environment_scripts_only(create3_lidar)
[1.346s] DEBUG:colcon.colcon_core.event_handler.log_command:Invoked command in '/home/awasch/work/src/create3_examples/build/create3_lidar' returned '0': CMAKE_PREFIX_PATH=${CMAKE_PREFIX_PATH}:/home/awasch/create3_examples_ws/install/create3_teleop:/home/awasch/create3_examples_ws/install/create3_examples_py:/home/awasch/work/src/create3_examples/install/create3_teleop:/home/awasch/work/src/create3_examples/install/create3_examples_py:/opt/ros/galactic /usr/bin/cmake --install /home/awasch/work/src/create3_examples/build/create3_lidar
[1.350s] Level 1:colcon.colcon_core.environment:checking '/home/awasch/work/src/create3_examples/install/create3_lidar' for CMake module files
[1.351s] Level 1:colcon.colcon_core.environment:checking '/home/awasch/work/src/create3_examples/install/create3_lidar' for CMake config files
[1.351s] Level 1:colcon.colcon_core.shell:create_environment_hook('create3_lidar', 'cmake_prefix_path')
[1.354s] INFO:colcon.colcon_core.shell:Creating environment hook '/home/awasch/work/src/create3_examples/install/create3_lidar/share/create3_lidar/hook/cmake_prefix_path.ps1'
[1.354s] INFO:colcon.colcon_core.shell:Creating environment descriptor '/home/awasch/work/src/create3_examples/install/create3_lidar/share/create3_lidar/hook/cmake_prefix_path.dsv'
[1.355s] INFO:colcon.colcon_core.shell:Creating environment hook '/home/awasch/work/src/create3_examples/install/create3_lidar/share/create3_lidar/hook/cmake_prefix_path.sh'
[1.356s] Level 1:colcon.colcon_core.environment:checking '/home/awasch/work/src/create3_examples/install/create3_lidar/bin'
[1.356s] Level 1:colcon.colcon_core.environment:checking '/home/awasch/work/src/create3_examples/install/create3_lidar/lib/pkgconfig/create3_lidar.pc'
[1.357s] Level 1:colcon.colcon_core.environment:checking '/home/awasch/work/src/create3_examples/install/create3_lidar/lib/python3.8/site-packages'
[1.357s] Level 1:colcon.colcon_core.environment:checking '/home/awasch/work/src/create3_examples/install/create3_lidar/bin'
[1.360s] INFO:colcon.colcon_core.shell:Creating package script '/home/awasch/work/src/create3_examples/install/create3_lidar/share/create3_lidar/package.ps1'
[1.361s] INFO:colcon.colcon_core.shell:Creating package descriptor '/home/awasch/work/src/create3_examples/install/create3_lidar/share/create3_lidar/package.dsv'
[1.362s] INFO:colcon.colcon_core.shell:Creating package script '/home/awasch/work/src/create3_examples/install/create3_lidar/share/create3_lidar/package.sh'
[1.364s] INFO:colcon.colcon_core.shell:Creating package script '/home/awasch/work/src/create3_examples/install/create3_lidar/share/create3_lidar/package.bash'
[1.366s] INFO:colcon.colcon_core.shell:Creating package script '/home/awasch/work/src/create3_examples/install/create3_lidar/share/create3_lidar/package.zsh'
[1.367s] Level 1:colcon.colcon_core.environment:create_file_with_runtime_dependencies(/home/awasch/work/src/create3_examples/install/create3_lidar/share/colcon-core/packages/create3_lidar)
[1.390s] DEBUG:colcon.colcon_core.event_handler.log_command:Invoking command in '/home/awasch/work/src/create3_examples/build/create3_examples_msgs': CMAKE_PREFIX_PATH=${CMAKE_PREFIX_PATH}:/home/awasch/create3_examples_ws/install/create3_teleop:/home/awasch/create3_examples_ws/install/create3_examples_py:/home/awasch/work/src/create3_examples/install/create3_teleop:/home/awasch/work/src/create3_examples/install/create3_examples_py:/opt/ros/galactic /usr/bin/cmake --install /home/awasch/work/src/create3_examples/build/create3_examples_msgs
[1.449s] Level 1:colcon.colcon_core.environment:create_environment_scripts_only(create3_lidar)
[1.453s] Level 1:colcon.colcon_core.environment:checking '/home/awasch/work/src/create3_examples/install/create3_lidar' for CMake module files
[1.454s] Level 1:colcon.colcon_core.environment:checking '/home/awasch/work/src/create3_examples/install/create3_lidar' for CMake config files
[1.454s] Level 1:colcon.colcon_core.shell:create_environment_hook('create3_lidar', 'cmake_prefix_path')
[1.457s] INFO:colcon.colcon_core.shell:Creating environment hook '/home/awasch/work/src/create3_examples/install/create3_lidar/share/create3_lidar/hook/cmake_prefix_path.ps1'
[1.458s] INFO:colcon.colcon_core.shell:Creating environment descriptor '/home/awasch/work/src/create3_examples/install/create3_lidar/share/create3_lidar/hook/cmake_prefix_path.dsv'
[1.459s] INFO:colcon.colcon_core.shell:Creating environment hook '/home/awasch/work/src/create3_examples/install/create3_lidar/share/create3_lidar/hook/cmake_prefix_path.sh'
[1.460s] Level 1:colcon.colcon_core.environment:checking '/home/awasch/work/src/create3_examples/install/create3_lidar/bin'
[1.460s] Level 1:colcon.colcon_core.environment:checking '/home/awasch/work/src/create3_examples/install/create3_lidar/lib/pkgconfig/create3_lidar.pc'
[1.460s] Level 1:colcon.colcon_core.environment:checking '/home/awasch/work/src/create3_examples/install/create3_lidar/lib/python3.8/site-packages'
[1.460s] Level 1:colcon.colcon_core.environment:checking '/home/awasch/work/src/create3_examples/install/create3_lidar/bin'
[1.464s] INFO:colcon.colcon_core.shell:Creating package script '/home/awasch/work/src/create3_examples/install/create3_lidar/share/create3_lidar/package.ps1'
[1.464s] INFO:colcon.colcon_core.shell:Creating package descriptor '/home/awasch/work/src/create3_examples/install/create3_lidar/share/create3_lidar/package.dsv'
[1.465s] INFO:colcon.colcon_core.shell:Creating package script '/home/awasch/work/src/create3_examples/install/create3_lidar/share/create3_lidar/package.sh'
[1.466s] INFO:colcon.colcon_core.shell:Creating package script '/home/awasch/work/src/create3_examples/install/create3_lidar/share/create3_lidar/package.bash'
[1.466s] INFO:colcon.colcon_core.shell:Creating package script '/home/awasch/work/src/create3_examples/install/create3_lidar/share/create3_lidar/package.zsh'
[1.467s] Level 1:colcon.colcon_core.environment:create_file_with_runtime_dependencies(/home/awasch/work/src/create3_examples/install/create3_lidar/share/colcon-core/packages/create3_lidar)
[1.503s] Level 1:colcon.colcon_core.environment:create_environment_scripts_only(create3_examples_msgs)
[1.507s] Level 1:colcon.colcon_core.environment:checking '/home/awasch/work/src/create3_examples/install/create3_examples_msgs' for CMake module files
[1.508s] DEBUG:colcon.colcon_core.event_handler.log_command:Invoked command in '/home/awasch/work/src/create3_examples/build/create3_examples_msgs' returned '0': CMAKE_PREFIX_PATH=${CMAKE_PREFIX_PATH}:/home/awasch/create3_examples_ws/install/create3_teleop:/home/awasch/create3_examples_ws/install/create3_examples_py:/home/awasch/work/src/create3_examples/install/create3_teleop:/home/awasch/work/src/create3_examples/install/create3_examples_py:/opt/ros/galactic /usr/bin/cmake --install /home/awasch/work/src/create3_examples/build/create3_examples_msgs
[1.509s] Level 1:colcon.colcon_core.environment:checking '/home/awasch/work/src/create3_examples/install/create3_examples_msgs' for CMake config files
[1.510s] Level 1:colcon.colcon_core.shell:create_environment_hook('create3_examples_msgs', 'cmake_prefix_path')
[1.512s] INFO:colcon.colcon_core.shell:Creating environment hook '/home/awasch/work/src/create3_examples/install/create3_examples_msgs/share/create3_examples_msgs/hook/cmake_prefix_path.ps1'
[1.513s] INFO:colcon.colcon_core.shell:Creating environment descriptor '/home/awasch/work/src/create3_examples/install/create3_examples_msgs/share/create3_examples_msgs/hook/cmake_prefix_path.dsv'
[1.514s] INFO:colcon.colcon_core.shell:Creating environment hook '/home/awasch/work/src/create3_examples/install/create3_examples_msgs/share/create3_examples_msgs/hook/cmake_prefix_path.sh'
[1.515s] Level 1:colcon.colcon_core.environment:checking '/home/awasch/work/src/create3_examples/install/create3_examples_msgs/lib'
[1.515s] Level 1:colcon.colcon_core.shell:create_environment_hook('create3_examples_msgs', 'ld_library_path_lib')
[1.518s] INFO:colcon.colcon_core.shell:Creating environment hook '/home/awasch/work/src/create3_examples/install/create3_examples_msgs/share/create3_examples_msgs/hook/ld_library_path_lib.ps1'
[1.519s] INFO:colcon.colcon_core.shell:Creating environment descriptor '/home/awasch/work/src/create3_examples/install/create3_examples_msgs/share/create3_examples_msgs/hook/ld_library_path_lib.dsv'
[1.519s] INFO:colcon.colcon_core.shell:Creating environment hook '/home/awasch/work/src/create3_examples/install/create3_examples_msgs/share/create3_examples_msgs/hook/ld_library_path_lib.sh'
[1.520s] Level 1:colcon.colcon_core.environment:checking '/home/awasch/work/src/create3_examples/install/create3_examples_msgs/bin'
[1.520s] Level 1:colcon.colcon_core.environment:checking '/home/awasch/work/src/create3_examples/install/create3_examples_msgs/lib/pkgconfig/create3_examples_msgs.pc'
[1.520s] Level 1:colcon.colcon_core.environment:checking '/home/awasch/work/src/create3_examples/install/create3_examples_msgs/lib/python3.8/site-packages'
[1.520s] Level 1:colcon.colcon_core.shell:create_environment_hook('create3_examples_msgs', 'pythonpath')
[1.523s] INFO:colcon.colcon_core.shell:Creating environment hook '/home/awasch/work/src/create3_examples/install/create3_examples_msgs/share/create3_examples_msgs/hook/pythonpath.ps1'
[1.524s] INFO:colcon.colcon_core.shell:Creating environment descriptor '/home/awasch/work/src/create3_examples/install/create3_examples_msgs/share/create3_examples_msgs/hook/pythonpath.dsv'
[1.524s] INFO:colcon.colcon_core.shell:Creating environment hook '/home/awasch/work/src/create3_examples/install/create3_examples_msgs/share/create3_examples_msgs/hook/pythonpath.sh'
[1.525s] Level 1:colcon.colcon_core.environment:checking '/home/awasch/work/src/create3_examples/install/create3_examples_msgs/bin'
[1.528s] INFO:colcon.colcon_core.shell:Creating package script '/home/awasch/work/src/create3_examples/install/create3_examples_msgs/share/create3_examples_msgs/package.ps1'
[1.529s] INFO:colcon.colcon_core.shell:Creating package descriptor '/home/awasch/work/src/create3_examples/install/create3_examples_msgs/share/create3_examples_msgs/package.dsv'
[1.530s] INFO:colcon.colcon_core.shell:Creating package script '/home/awasch/work/src/create3_examples/install/create3_examples_msgs/share/create3_examples_msgs/package.sh'
[1.531s] INFO:colcon.colcon_core.shell:Creating package script '/home/awasch/work/src/create3_examples/install/create3_examples_msgs/share/create3_examples_msgs/package.bash'
[1.532s] INFO:colcon.colcon_core.shell:Creating package script '/home/awasch/work/src/create3_examples/install/create3_examples_msgs/share/create3_examples_msgs/package.zsh'
[1.532s] Level 1:colcon.colcon_core.environment:create_file_with_runtime_dependencies(/home/awasch/work/src/create3_examples/install/create3_examples_msgs/share/colcon-core/packages/create3_examples_msgs)
[1.681s] Level 1:colcon.colcon_core.environment:create_environment_scripts_only(create3_examples_msgs)
[1.685s] Level 1:colcon.colcon_core.environment:checking '/home/awasch/work/src/create3_examples/install/create3_examples_msgs' for CMake module files
[1.687s] Level 1:colcon.colcon_core.environment:checking '/home/awasch/work/src/create3_examples/install/create3_examples_msgs' for CMake config files
[1.687s] Level 1:colcon.colcon_core.shell:create_environment_hook('create3_examples_msgs', 'cmake_prefix_path')
[1.690s] INFO:colcon.colcon_core.shell:Creating environment hook '/home/awasch/work/src/create3_examples/install/create3_examples_msgs/share/create3_examples_msgs/hook/cmake_prefix_path.ps1'
[1.691s] INFO:colcon.colcon_core.shell:Creating environment descriptor '/home/awasch/work/src/create3_examples/install/create3_examples_msgs/share/create3_examples_msgs/hook/cmake_prefix_path.dsv'
[1.691s] INFO:colcon.colcon_core.shell:Creating environment hook '/home/awasch/work/src/create3_examples/install/create3_examples_msgs/share/create3_examples_msgs/hook/cmake_prefix_path.sh'
[1.692s] Level 1:colcon.colcon_core.environment:checking '/home/awasch/work/src/create3_examples/install/create3_examples_msgs/lib'
[1.692s] Level 1:colcon.colcon_core.shell:create_environment_hook('create3_examples_msgs', 'ld_library_path_lib')
[1.695s] INFO:colcon.colcon_core.shell:Creating environment hook '/home/awasch/work/src/create3_examples/install/create3_examples_msgs/share/create3_examples_msgs/hook/ld_library_path_lib.ps1'
[1.695s] INFO:colcon.colcon_core.shell:Creating environment descriptor '/home/awasch/work/src/create3_examples/install/create3_examples_msgs/share/create3_examples_msgs/hook/ld_library_path_lib.dsv'
[1.696s] INFO:colcon.colcon_core.shell:Creating environment hook '/home/awasch/work/src/create3_examples/install/create3_examples_msgs/share/create3_examples_msgs/hook/ld_library_path_lib.sh'
[1.697s] Level 1:colcon.colcon_core.environment:checking '/home/awasch/work/src/create3_examples/install/create3_examples_msgs/bin'
[1.697s] Level 1:colcon.colcon_core.environment:checking '/home/awasch/work/src/create3_examples/install/create3_examples_msgs/lib/pkgconfig/create3_examples_msgs.pc'
[1.697s] Level 1:colcon.colcon_core.environment:checking '/home/awasch/work/src/create3_examples/install/create3_examples_msgs/lib/python3.8/site-packages'
[1.697s] Level 1:colcon.colcon_core.shell:create_environment_hook('create3_examples_msgs', 'pythonpath')
[1.700s] INFO:colcon.colcon_core.shell:Creating environment hook '/home/awasch/work/src/create3_examples/install/create3_examples_msgs/share/create3_examples_msgs/hook/pythonpath.ps1'
[1.701s] INFO:colcon.colcon_core.shell:Creating environment descriptor '/home/awasch/work/src/create3_examples/install/create3_examples_msgs/share/create3_examples_msgs/hook/pythonpath.dsv'
[1.701s] INFO:colcon.colcon_core.shell:Creating environment hook '/home/awasch/work/src/create3_examples/install/create3_examples_msgs/share/create3_examples_msgs/hook/pythonpath.sh'
[1.702s] Level 1:colcon.colcon_core.environment:checking '/home/awasch/work/src/create3_examples/install/create3_examples_msgs/bin'
[1.705s] INFO:colcon.colcon_core.shell:Creating package script '/home/awasch/work/src/create3_examples/install/create3_examples_msgs/share/create3_examples_msgs/package.ps1'
[1.707s] INFO:colcon.colcon_core.shell:Creating package descriptor '/home/awasch/work/src/create3_examples/install/create3_examples_msgs/share/create3_examples_msgs/package.dsv'
[1.708s] INFO:colcon.colcon_core.shell:Creating package script '/home/awasch/work/src/create3_examples/install/create3_examples_msgs/share/create3_examples_msgs/package.sh'
[1.709s] INFO:colcon.colcon_core.shell:Creating package script '/home/awasch/work/src/create3_examples/install/create3_examples_msgs/share/create3_examples_msgs/package.bash'
[1.709s] INFO:colcon.colcon_core.shell:Creating package script '/home/awasch/work/src/create3_examples/install/create3_examples_msgs/share/create3_examples_msgs/package.zsh'
[1.710s] Level 1:colcon.colcon_core.environment:create_file_with_runtime_dependencies(/home/awasch/work/src/create3_examples/install/create3_examples_msgs/share/colcon-core/packages/create3_examples_msgs)
[1.711s] INFO:colcon.colcon_ros.task.ament_cmake.build:Building ROS package in '/home/awasch/work/src/create3_examples/create3_coverage' with build type 'ament_cmake'
[1.712s] INFO:colcon.colcon_cmake.task.cmake.build:Building CMake package in '/home/awasch/work/src/create3_examples/create3_coverage'
[1.715s] INFO:colcon.colcon_core.shell:Skip shell extension 'powershell' for command environment: Not usable outside of PowerShell
[1.715s] DEBUG:colcon.colcon_core.shell:Skip shell extension 'dsv' for command environment
[1.751s] DEBUG:colcon.colcon_core.event_handler.log_command:Invoking command in '/home/awasch/work/src/create3_examples/build/create3_coverage': CMAKE_PREFIX_PATH=/home/awasch/work/src/create3_examples/install/create3_examples_msgs:/home/awasch/create3_examples_ws/install/create3_lidar:/home/awasch/create3_examples_ws/install/create3_coverage:/home/awasch/create3_examples_ws/install/create3_examples_msgs:/home/awasch/work/src/create3_examples/install/create3_lidar:/home/awasch/work/src/create3_examples/install/create3_coverage:/home/awasch/create3_examples_ws/install/create3_teleop:/home/awasch/create3_examples_ws/install/create3_examples_py:/home/awasch/work/src/create3_examples/install/create3_teleop:/home/awasch/work/src/create3_examples/install/create3_examples_py:/opt/ros/galactic LD_LIBRARY_PATH=/home/awasch/work/src/create3_examples/install/create3_examples_msgs/lib:/home/awasch/create3_examples_ws/install/create3_coverage/lib:/home/awasch/create3_examples_ws/install/create3_examples_msgs/lib:/home/awasch/work/src/create3_examples/install/create3_coverage/lib:/opt/ros/galactic/opt/yaml_cpp_vendor/lib:/opt/ros/galactic/opt/rviz_ogre_vendor/lib:/opt/ros/galactic/lib/x86_64-linux-gnu:/opt/ros/galactic/lib PYTHONPATH=/home/awasch/work/src/create3_examples/install/create3_examples_msgs/lib/python3.8/site-packages:/home/awasch/create3_examples_ws/install/create3_teleop/lib/python3.8/site-packages:/home/awasch/create3_examples_ws/install/create3_examples_py/lib/python3.8/site-packages:/home/awasch/create3_examples_ws/install/create3_examples_msgs/lib/python3.8/site-packages:/home/awasch/work/src/create3_examples/install/create3_teleop/lib/python3.8/site-packages:/home/awasch/work/src/create3_examples/install/create3_examples_py/lib/python3.8/site-packages:/opt/ros/galactic/lib/python3.8/site-packages /usr/bin/cmake --build /home/awasch/work/src/create3_examples/build/create3_coverage -- -j8 -l8
[1.934s] DEBUG:colcon.colcon_core.event_handler.log_command:Invoking command in '/home/awasch/work/src/create3_examples/create3_examples_py': PYTHONPATH=/home/awasch/work/src/create3_examples/install/create3_examples_py/lib/python3.8/site-packages:${PYTHONPATH} /usr/bin/python3 setup.py egg_info --egg-base ../build/create3_examples_py build --build-base /home/awasch/work/src/create3_examples/build/create3_examples_py/build install --prefix /home/awasch/work/src/create3_examples/install/create3_examples_py --record /home/awasch/work/src/create3_examples/build/create3_examples_py/install.log --single-version-externally-managed
[1.941s] DEBUG:colcon.colcon_core.event_handler.log_command:Invoking command in '/home/awasch/work/src/create3_examples/create3_teleop': PYTHONPATH=/home/awasch/work/src/create3_examples/install/create3_teleop/lib/python3.8/site-packages:${PYTHONPATH} /usr/bin/python3 setup.py egg_info --egg-base ../build/create3_teleop build --build-base /home/awasch/work/src/create3_examples/build/create3_teleop/build install --prefix /home/awasch/work/src/create3_examples/install/create3_teleop --record /home/awasch/work/src/create3_examples/build/create3_teleop/install.log --single-version-externally-managed
[1.990s] DEBUG:colcon.colcon_core.event_handler.log_command:Invoked command in '/home/awasch/work/src/create3_examples/build/create3_coverage' returned '0': CMAKE_PREFIX_PATH=/home/awasch/work/src/create3_examples/install/create3_examples_msgs:/home/awasch/create3_examples_ws/install/create3_lidar:/home/awasch/create3_examples_ws/install/create3_coverage:/home/awasch/create3_examples_ws/install/create3_examples_msgs:/home/awasch/work/src/create3_examples/install/create3_lidar:/home/awasch/work/src/create3_examples/install/create3_coverage:/home/awasch/create3_examples_ws/install/create3_teleop:/home/awasch/create3_examples_ws/install/create3_examples_py:/home/awasch/work/src/create3_examples/install/create3_teleop:/home/awasch/work/src/create3_examples/install/create3_examples_py:/opt/ros/galactic LD_LIBRARY_PATH=/home/awasch/work/src/create3_examples/install/create3_examples_msgs/lib:/home/awasch/create3_examples_ws/install/create3_coverage/lib:/home/awasch/create3_examples_ws/install/create3_examples_msgs/lib:/home/awasch/work/src/create3_examples/install/create3_coverage/lib:/opt/ros/galactic/opt/yaml_cpp_vendor/lib:/opt/ros/galactic/opt/rviz_ogre_vendor/lib:/opt/ros/galactic/lib/x86_64-linux-gnu:/opt/ros/galactic/lib PYTHONPATH=/home/awasch/work/src/create3_examples/install/create3_examples_msgs/lib/python3.8/site-packages:/home/awasch/create3_examples_ws/install/create3_teleop/lib/python3.8/site-packages:/home/awasch/create3_examples_ws/install/create3_examples_py/lib/python3.8/site-packages:/home/awasch/create3_examples_ws/install/create3_examples_msgs/lib/python3.8/site-packages:/home/awasch/work/src/create3_examples/install/create3_teleop/lib/python3.8/site-packages:/home/awasch/work/src/create3_examples/install/create3_examples_py/lib/python3.8/site-packages:/opt/ros/galactic/lib/python3.8/site-packages /usr/bin/cmake --build /home/awasch/work/src/create3_examples/build/create3_coverage -- -j8 -l8
[2.064s] DEBUG:colcon.colcon_core.event_handler.log_command:Invoking command in '/home/awasch/work/src/create3_examples/build/create3_coverage': CMAKE_PREFIX_PATH=/home/awasch/work/src/create3_examples/install/create3_examples_msgs:/home/awasch/create3_examples_ws/install/create3_lidar:/home/awasch/create3_examples_ws/install/create3_coverage:/home/awasch/create3_examples_ws/install/create3_examples_msgs:/home/awasch/work/src/create3_examples/install/create3_lidar:/home/awasch/work/src/create3_examples/install/create3_coverage:/home/awasch/create3_examples_ws/install/create3_teleop:/home/awasch/create3_examples_ws/install/create3_examples_py:/home/awasch/work/src/create3_examples/install/create3_teleop:/home/awasch/work/src/create3_examples/install/create3_examples_py:/opt/ros/galactic LD_LIBRARY_PATH=/home/awasch/work/src/create3_examples/install/create3_examples_msgs/lib:/home/awasch/create3_examples_ws/install/create3_coverage/lib:/home/awasch/create3_examples_ws/install/create3_examples_msgs/lib:/home/awasch/work/src/create3_examples/install/create3_coverage/lib:/opt/ros/galactic/opt/yaml_cpp_vendor/lib:/opt/ros/galactic/opt/rviz_ogre_vendor/lib:/opt/ros/galactic/lib/x86_64-linux-gnu:/opt/ros/galactic/lib PYTHONPATH=/home/awasch/work/src/create3_examples/install/create3_examples_msgs/lib/python3.8/site-packages:/home/awasch/create3_examples_ws/install/create3_teleop/lib/python3.8/site-packages:/home/awasch/create3_examples_ws/install/create3_examples_py/lib/python3.8/site-packages:/home/awasch/create3_examples_ws/install/create3_examples_msgs/lib/python3.8/site-packages:/home/awasch/work/src/create3_examples/install/create3_teleop/lib/python3.8/site-packages:/home/awasch/work/src/create3_examples/install/create3_examples_py/lib/python3.8/site-packages:/opt/ros/galactic/lib/python3.8/site-packages /usr/bin/cmake --install /home/awasch/work/src/create3_examples/build/create3_coverage
[2.091s] Level 1:colcon.colcon_core.environment:create_environment_scripts_only(create3_coverage)
[2.095s] Level 1:colcon.colcon_core.environment:checking '/home/awasch/work/src/create3_examples/install/create3_coverage' for CMake module files
[2.096s] Level 1:colcon.colcon_core.environment:checking '/home/awasch/work/src/create3_examples/install/create3_coverage' for CMake config files
[2.096s] Level 1:colcon.colcon_core.shell:create_environment_hook('create3_coverage', 'cmake_prefix_path')
[2.098s] INFO:colcon.colcon_core.shell:Creating environment hook '/home/awasch/work/src/create3_examples/install/create3_coverage/share/create3_coverage/hook/cmake_prefix_path.ps1'
[2.099s] INFO:colcon.colcon_core.shell:Creating environment descriptor '/home/awasch/work/src/create3_examples/install/create3_coverage/share/create3_coverage/hook/cmake_prefix_path.dsv'
[2.100s] INFO:colcon.colcon_core.shell:Creating environment hook '/home/awasch/work/src/create3_examples/install/create3_coverage/share/create3_coverage/hook/cmake_prefix_path.sh'
[2.100s] Level 1:colcon.colcon_core.environment:checking '/home/awasch/work/src/create3_examples/install/create3_coverage/lib'
[2.100s] Level 1:colcon.colcon_core.shell:create_environment_hook('create3_coverage', 'ld_library_path_lib')
[2.102s] INFO:colcon.colcon_core.shell:Creating environment hook '/home/awasch/work/src/create3_examples/install/create3_coverage/share/create3_coverage/hook/ld_library_path_lib.ps1'
[2.103s] INFO:colcon.colcon_core.shell:Creating environment descriptor '/home/awasch/work/src/create3_examples/install/create3_coverage/share/create3_coverage/hook/ld_library_path_lib.dsv'
[2.104s] INFO:colcon.colcon_core.shell:Creating environment hook '/home/awasch/work/src/create3_examples/install/create3_coverage/share/create3_coverage/hook/ld_library_path_lib.sh'
[2.105s] DEBUG:colcon.colcon_core.event_handler.log_command:Invoked command in '/home/awasch/work/src/create3_examples/build/create3_coverage' returned '0': CMAKE_PREFIX_PATH=/home/awasch/work/src/create3_examples/install/create3_examples_msgs:/home/awasch/create3_examples_ws/install/create3_lidar:/home/awasch/create3_examples_ws/install/create3_coverage:/home/awasch/create3_examples_ws/install/create3_examples_msgs:/home/awasch/work/src/create3_examples/install/create3_lidar:/home/awasch/work/src/create3_examples/install/create3_coverage:/home/awasch/create3_examples_ws/install/create3_teleop:/home/awasch/create3_examples_ws/install/create3_examples_py:/home/awasch/work/src/create3_examples/install/create3_teleop:/home/awasch/work/src/create3_examples/install/create3_examples_py:/opt/ros/galactic LD_LIBRARY_PATH=/home/awasch/work/src/create3_examples/install/create3_examples_msgs/lib:/home/awasch/create3_examples_ws/install/create3_coverage/lib:/home/awasch/create3_examples_ws/install/create3_examples_msgs/lib:/home/awasch/work/src/create3_examples/install/create3_coverage/lib:/opt/ros/galactic/opt/yaml_cpp_vendor/lib:/opt/ros/galactic/opt/rviz_ogre_vendor/lib:/opt/ros/galactic/lib/x86_64-linux-gnu:/opt/ros/galactic/lib PYTHONPATH=/home/awasch/work/src/create3_examples/install/create3_examples_msgs/lib/python3.8/site-packages:/home/awasch/create3_examples_ws/install/create3_teleop/lib/python3.8/site-packages:/home/awasch/create3_examples_ws/install/create3_examples_py/lib/python3.8/site-packages:/home/awasch/create3_examples_ws/install/create3_examples_msgs/lib/python3.8/site-packages:/home/awasch/work/src/create3_examples/install/create3_teleop/lib/python3.8/site-packages:/home/awasch/work/src/create3_examples/install/create3_examples_py/lib/python3.8/site-packages:/opt/ros/galactic/lib/python3.8/site-packages /usr/bin/cmake --install /home/awasch/work/src/create3_examples/build/create3_coverage
[2.105s] Level 1:colcon.colcon_core.environment:checking '/home/awasch/work/src/create3_examples/install/create3_coverage/bin'
[2.105s] Level 1:colcon.colcon_core.environment:checking '/home/awasch/work/src/create3_examples/install/create3_coverage/lib/pkgconfig/create3_coverage.pc'
[2.106s] Level 1:colcon.colcon_core.environment:checking '/home/awasch/work/src/create3_examples/install/create3_coverage/lib/python3.8/site-packages'
[2.106s] Level 1:colcon.colcon_core.environment:checking '/home/awasch/work/src/create3_examples/install/create3_coverage/bin'
[2.109s] INFO:colcon.colcon_core.shell:Creating package script '/home/awasch/work/src/create3_examples/install/create3_coverage/share/create3_coverage/package.ps1'
[2.110s] INFO:colcon.colcon_core.shell:Creating package descriptor '/home/awasch/work/src/create3_examples/install/create3_coverage/share/create3_coverage/package.dsv'
[2.111s] INFO:colcon.colcon_core.shell:Creating package script '/home/awasch/work/src/create3_examples/install/create3_coverage/share/create3_coverage/package.sh'
[2.111s] INFO:colcon.colcon_core.shell:Creating package script '/home/awasch/work/src/create3_examples/install/create3_coverage/share/create3_coverage/package.bash'
[2.112s] INFO:colcon.colcon_core.shell:Creating package script '/home/awasch/work/src/create3_examples/install/create3_coverage/share/create3_coverage/package.zsh'
[2.112s] Level 1:colcon.colcon_core.environment:create_file_with_runtime_dependencies(/home/awasch/work/src/create3_examples/install/create3_coverage/share/colcon-core/packages/create3_coverage)
[2.195s] Level 1:colcon.colcon_core.environment:create_environment_scripts_only(create3_coverage)
[2.199s] Level 1:colcon.colcon_core.environment:checking '/home/awasch/work/src/create3_examples/install/create3_coverage' for CMake module files
[2.200s] Level 1:colcon.colcon_core.environment:checking '/home/awasch/work/src/create3_examples/install/create3_coverage' for CMake config files
[2.200s] Level 1:colcon.colcon_core.shell:create_environment_hook('create3_coverage', 'cmake_prefix_path')
[2.203s] INFO:colcon.colcon_core.shell:Creating environment hook '/home/awasch/work/src/create3_examples/install/create3_coverage/share/create3_coverage/hook/cmake_prefix_path.ps1'
[2.204s] INFO:colcon.colcon_core.shell:Creating environment descriptor '/home/awasch/work/src/create3_examples/install/create3_coverage/share/create3_coverage/hook/cmake_prefix_path.dsv'
[2.205s] INFO:colcon.colcon_core.shell:Creating environment hook '/home/awasch/work/src/create3_examples/install/create3_coverage/share/create3_coverage/hook/cmake_prefix_path.sh'
[2.206s] Level 1:colcon.colcon_core.environment:checking '/home/awasch/work/src/create3_examples/install/create3_coverage/lib'
[2.206s] Level 1:colcon.colcon_core.shell:create_environment_hook('create3_coverage', 'ld_library_path_lib')
[2.208s] INFO:colcon.colcon_core.shell:Creating environment hook '/home/awasch/work/src/create3_examples/install/create3_coverage/share/create3_coverage/hook/ld_library_path_lib.ps1'
[2.209s] INFO:colcon.colcon_core.shell:Creating environment descriptor '/home/awasch/work/src/create3_examples/install/create3_coverage/share/create3_coverage/hook/ld_library_path_lib.dsv'
[2.210s] INFO:colcon.colcon_core.shell:Creating environment hook '/home/awasch/work/src/create3_examples/install/create3_coverage/share/create3_coverage/hook/ld_library_path_lib.sh'
[2.210s] Level 1:colcon.colcon_core.environment:checking '/home/awasch/work/src/create3_examples/install/create3_coverage/bin'
[2.210s] Level 1:colcon.colcon_core.environment:checking '/home/awasch/work/src/create3_examples/install/create3_coverage/lib/pkgconfig/create3_coverage.pc'
[2.211s] Level 1:colcon.colcon_core.environment:checking '/home/awasch/work/src/create3_examples/install/create3_coverage/lib/python3.8/site-packages'
[2.211s] Level 1:colcon.colcon_core.environment:checking '/home/awasch/work/src/create3_examples/install/create3_coverage/bin'
[2.214s] INFO:colcon.colcon_core.shell:Creating package script '/home/awasch/work/src/create3_examples/install/create3_coverage/share/create3_coverage/package.ps1'
[2.215s] INFO:colcon.colcon_core.shell:Creating package descriptor '/home/awasch/work/src/create3_examples/install/create3_coverage/share/create3_coverage/package.dsv'
[2.216s] INFO:colcon.colcon_core.shell:Creating package script '/home/awasch/work/src/create3_examples/install/create3_coverage/share/create3_coverage/package.sh'
[2.216s] INFO:colcon.colcon_core.shell:Creating package script '/home/awasch/work/src/create3_examples/install/create3_coverage/share/create3_coverage/package.bash'
[2.217s] INFO:colcon.colcon_core.shell:Creating package script '/home/awasch/work/src/create3_examples/install/create3_coverage/share/create3_coverage/package.zsh'
[2.218s] Level 1:colcon.colcon_core.environment:create_file_with_runtime_dependencies(/home/awasch/work/src/create3_examples/install/create3_coverage/share/colcon-core/packages/create3_coverage)
[2.404s] Level 1:colcon.colcon_core.environment:checking '/home/awasch/work/src/create3_examples/install/create3_teleop' for CMake module files
[2.405s] DEBUG:colcon.colcon_core.event_handler.log_command:Invoked command in '/home/awasch/work/src/create3_examples/create3_teleop' returned '0': PYTHONPATH=/home/awasch/work/src/create3_examples/install/create3_teleop/lib/python3.8/site-packages:${PYTHONPATH} /usr/bin/python3 setup.py egg_info --egg-base ../build/create3_teleop build --build-base /home/awasch/work/src/create3_examples/build/create3_teleop/build install --prefix /home/awasch/work/src/create3_examples/install/create3_teleop --record /home/awasch/work/src/create3_examples/build/create3_teleop/install.log --single-version-externally-managed
[2.405s] Level 1:colcon.colcon_core.environment:checking '/home/awasch/work/src/create3_examples/install/create3_teleop' for CMake config files
[2.406s] Level 1:colcon.colcon_core.environment:checking '/home/awasch/work/src/create3_examples/install/create3_teleop/lib'
[2.406s] Level 1:colcon.colcon_core.environment:checking '/home/awasch/work/src/create3_examples/install/create3_teleop/bin'
[2.406s] Level 1:colcon.colcon_core.environment:checking '/home/awasch/work/src/create3_examples/install/create3_teleop/lib/pkgconfig/create3_teleop.pc'
[2.407s] Level 1:colcon.colcon_core.environment:checking '/home/awasch/work/src/create3_examples/install/create3_teleop/lib/python3.8/site-packages'
[2.407s] Level 1:colcon.colcon_core.shell:create_environment_hook('create3_teleop', 'pythonpath')
[2.408s] INFO:colcon.colcon_core.shell:Creating environment hook '/home/awasch/work/src/create3_examples/install/create3_teleop/share/create3_teleop/hook/pythonpath.ps1'
[2.409s] INFO:colcon.colcon_core.shell:Creating environment descriptor '/home/awasch/work/src/create3_examples/install/create3_teleop/share/create3_teleop/hook/pythonpath.dsv'
[2.410s] INFO:colcon.colcon_core.shell:Creating environment hook '/home/awasch/work/src/create3_examples/install/create3_teleop/share/create3_teleop/hook/pythonpath.sh'
[2.410s] Level 1:colcon.colcon_core.environment:checking '/home/awasch/work/src/create3_examples/install/create3_teleop/bin'
[2.411s] Level 1:colcon.colcon_core.environment:create_environment_scripts_only(create3_teleop)
[2.414s] INFO:colcon.colcon_core.shell:Creating package script '/home/awasch/work/src/create3_examples/install/create3_teleop/share/create3_teleop/package.ps1'
[2.414s] INFO:colcon.colcon_core.shell:Creating package descriptor '/home/awasch/work/src/create3_examples/install/create3_teleop/share/create3_teleop/package.dsv'
[2.415s] INFO:colcon.colcon_core.shell:Creating package script '/home/awasch/work/src/create3_examples/install/create3_teleop/share/create3_teleop/package.sh'
[2.415s] INFO:colcon.colcon_core.shell:Creating package script '/home/awasch/work/src/create3_examples/install/create3_teleop/share/create3_teleop/package.bash'
[2.416s] INFO:colcon.colcon_core.shell:Creating package script '/home/awasch/work/src/create3_examples/install/create3_teleop/share/create3_teleop/package.zsh'
[2.416s] Level 1:colcon.colcon_core.environment:create_file_with_runtime_dependencies(/home/awasch/work/src/create3_examples/install/create3_teleop/share/colcon-core/packages/create3_teleop)
[2.437s] Level 1:colcon.colcon_core.environment:checking '/home/awasch/work/src/create3_examples/install/create3_examples_py' for CMake module files
[2.437s] Level 1:colcon.colcon_core.environment:checking '/home/awasch/work/src/create3_examples/install/create3_examples_py' for CMake config files
[2.438s] DEBUG:colcon.colcon_core.event_handler.log_command:Invoked command in '/home/awasch/work/src/create3_examples/create3_examples_py' returned '0': PYTHONPATH=/home/awasch/work/src/create3_examples/install/create3_examples_py/lib/python3.8/site-packages:${PYTHONPATH} /usr/bin/python3 setup.py egg_info --egg-base ../build/create3_examples_py build --build-base /home/awasch/work/src/create3_examples/build/create3_examples_py/build install --prefix /home/awasch/work/src/create3_examples/install/create3_examples_py --record /home/awasch/work/src/create3_examples/build/create3_examples_py/install.log --single-version-externally-managed
[2.439s] Level 1:colcon.colcon_core.environment:checking '/home/awasch/work/src/create3_examples/install/create3_examples_py/lib'
[2.440s] Level 1:colcon.colcon_core.environment:checking '/home/awasch/work/src/create3_examples/install/create3_examples_py/bin'
[2.440s] Level 1:colcon.colcon_core.environment:checking '/home/awasch/work/src/create3_examples/install/create3_examples_py/lib/pkgconfig/create3_examples_py.pc'
[2.440s] Level 1:colcon.colcon_core.environment:checking '/home/awasch/work/src/create3_examples/install/create3_examples_py/lib/python3.8/site-packages'
[2.440s] Level 1:colcon.colcon_core.shell:create_environment_hook('create3_examples_py', 'pythonpath')
[2.442s] INFO:colcon.colcon_core.shell:Creating environment hook '/home/awasch/work/src/create3_examples/install/create3_examples_py/share/create3_examples_py/hook/pythonpath.ps1'
[2.443s] INFO:colcon.colcon_core.shell:Creating environment descriptor '/home/awasch/work/src/create3_examples/install/create3_examples_py/share/create3_examples_py/hook/pythonpath.dsv'
[2.443s] INFO:colcon.colcon_core.shell:Creating environment hook '/home/awasch/work/src/create3_examples/install/create3_examples_py/share/create3_examples_py/hook/pythonpath.sh'
[2.444s] Level 1:colcon.colcon_core.environment:checking '/home/awasch/work/src/create3_examples/install/create3_examples_py/bin'
[2.444s] Level 1:colcon.colcon_core.environment:create_environment_scripts_only(create3_examples_py)
[2.446s] INFO:colcon.colcon_core.shell:Creating package script '/home/awasch/work/src/create3_examples/install/create3_examples_py/share/create3_examples_py/package.ps1'
[2.447s] INFO:colcon.colcon_core.shell:Creating package descriptor '/home/awasch/work/src/create3_examples/install/create3_examples_py/share/create3_examples_py/package.dsv'
[2.447s] INFO:colcon.colcon_core.shell:Creating package script '/home/awasch/work/src/create3_examples/install/create3_examples_py/share/create3_examples_py/package.sh'
[2.448s] INFO:colcon.colcon_core.shell:Creating package script '/home/awasch/work/src/create3_examples/install/create3_examples_py/share/create3_examples_py/package.bash'
[2.448s] INFO:colcon.colcon_core.shell:Creating package script '/home/awasch/work/src/create3_examples/install/create3_examples_py/share/create3_examples_py/package.zsh'
[2.449s] Level 1:colcon.colcon_core.environment:create_file_with_runtime_dependencies(/home/awasch/work/src/create3_examples/install/create3_examples_py/share/colcon-core/packages/create3_examples_py)
[2.450s] DEBUG:colcon.colcon_parallel_executor.executor.parallel:closing loop
[2.450s] DEBUG:colcon.colcon_parallel_executor.executor.parallel:loop closed
[2.451s] DEBUG:colcon.colcon_parallel_executor.executor.parallel:run_until_complete finished with '0'
[2.451s] DEBUG:colcon.colcon_core.event_reactor:joining thread
[2.463s] INFO:colcon.colcon_core.plugin_system:Skipping extension 'colcon_notification.desktop_notification.terminal_notifier': Not used on non-Darwin systems
[2.463s] INFO:colcon.colcon_core.plugin_system:Skipping extension 'colcon_notification.desktop_notification.win32': Not used on non-Windows systems
[2.464s] INFO:colcon.colcon_notification.desktop_notification:Sending desktop notification using 'notify2'
[2.485s] DEBUG:colcon.colcon_core.event_reactor:joined thread
[2.488s] INFO:colcon.colcon_core.shell:Creating prefix script '/home/awasch/work/src/create3_examples/install/local_setup.ps1'
[2.489s] INFO:colcon.colcon_core.shell:Creating prefix util module '/home/awasch/work/src/create3_examples/install/_local_setup_util_ps1.py'
[2.490s] INFO:colcon.colcon_core.shell:Creating prefix chain script '/home/awasch/work/src/create3_examples/install/setup.ps1'
[2.492s] INFO:colcon.colcon_core.shell:Creating prefix script '/home/awasch/work/src/create3_examples/install/local_setup.sh'
[2.493s] INFO:colcon.colcon_core.shell:Creating prefix util module '/home/awasch/work/src/create3_examples/install/_local_setup_util_sh.py'
[2.493s] INFO:colcon.colcon_core.shell:Creating prefix chain script '/home/awasch/work/src/create3_examples/install/setup.sh'
[2.497s] INFO:colcon.colcon_core.shell:Creating prefix script '/home/awasch/work/src/create3_examples/install/local_setup.bash'
[2.497s] INFO:colcon.colcon_core.shell:Creating prefix chain script '/home/awasch/work/src/create3_examples/install/setup.bash'
[2.501s] INFO:colcon.colcon_core.shell:Creating prefix script '/home/awasch/work/src/create3_examples/install/local_setup.zsh'
[2.502s] INFO:colcon.colcon_core.shell:Creating prefix chain script '/home/awasch/work/src/create3_examples/install/setup.zsh'
